                                               Cluster
  Run  Product Compare     Pop   Edges Clusters   Size Leesalee  Slope  %Urban   Xmean   Ymean     Rad  Fmatch Diff  Brd Sprd  Slp   RG
    0  0.01140 0.15703 0.83698 0.79927 0.88398 0.75000 0.29175 0.97137 0.83698 0.98037 0.87110 0.89149 0.90605   25   50    1    1    1
    1  0.01549 0.16405 0.88188 0.85241 0.92882 0.75000 0.29134 0.91572 0.88188 0.99043 0.92166 0.92667 0.90583   25   50    1    1   25
    2  0.01437 0.16424 0.89480 0.87301 0.94736 0.75000 0.29092 0.87571 0.89480 0.99667 0.81752 0.93725 0.90580   25   50    1    1   50
    3  0.01715 0.16548 0.91021 0.89127 0.95801 0.75000 0.29082 0.88328 0.91021 0.99891 0.88543 0.94910 0.90575   25   50    1    1   75
    4  0.01715 0.16548 0.91021 0.89127 0.95801 0.75000 0.29082 0.88328 0.91021 0.99891 0.88543 0.94910 0.90575   25   50    1    1  100
    5  0.00000 0.13777 0.92423 0.91269 0.96174 0.00000 0.29767 0.84077 0.92423 0.98546 0.90148 0.96287 0.90747   25   50    1   25    1
    6  0.00000 0.14286 0.93125 0.91621 0.98546 0.00000 0.29462 0.80905 0.93125 0.98676 0.86505 0.96774 0.90716   25   50    1   25   25
    7  0.00000 0.14628 0.82228 0.72282 0.75013 0.00000 0.29324 0.97678 0.82228 0.99981 0.67546 0.88254 0.90717   25   50    1   25   50
    8  0.01006 0.15313 0.83501 0.78953 0.86562 0.75000 0.29174 0.95494 0.83501 0.86353 0.94670 0.89001 0.90688   25   50    1   25   75
    9  0.01006 0.15313 0.83501 0.78953 0.86562 0.75000 0.29174 0.95494 0.83501 0.86353 0.94670 0.89001 0.90688   25   50    1   25  100
   10  0.00000 0.13450 0.92675 0.91977 0.95485 0.00000 0.29959 0.85092 0.92675 0.97171 0.93736 0.96467 0.90776   25   50    1   50    1
   11  0.00000 0.13539 0.92805 0.91337 0.95386 0.00000 0.29890 0.84179 0.92805 0.98438 0.87865 0.96559 0.90763   25   50    1   50   25
   12  0.00000 0.13577 0.92833 0.90880 0.97997 0.00000 0.29862 0.83776 0.92833 0.99276 0.85409 0.96579 0.90760   25   50    1   50   50
   13  0.00000 0.13542 0.92895 0.91869 0.98471 0.00000 0.29887 0.86305 0.92895 0.90472 0.84670 0.96624 0.90774   25   50    1   50   75
   14  0.00000 0.13542 0.92895 0.91869 0.98471 0.00000 0.29887 0.86305 0.92895 0.90472 0.84670 0.96624 0.90774   25   50    1   50  100
   15  0.00000 0.13388 0.91955 0.87920 0.94782 0.00000 0.29944 0.88888 0.91955 0.92328 0.93155 0.95957 0.90774   25   50    1   75    1
   16  0.00000 0.13432 0.92973 0.87770 0.98730 0.00000 0.29926 0.81607 0.92973 0.99694 0.93649 0.96682 0.90769   25   50    1   75   25
   17  0.00000 0.13409 0.93121 0.92673 0.98735 0.00000 0.29939 0.81907 0.93121 0.94250 0.92158 0.96784 0.90770   25   50    1   75   50
   18  0.00000 0.13410 0.93851 0.93376 0.98382 0.00000 0.29941 0.78121 0.93851 0.95828 0.90296 0.97285 0.90769   25   50    1   75   75
   19  0.00000 0.13410 0.93851 0.93376 0.98382 0.00000 0.29941 0.78121 0.93851 0.95828 0.90296 0.97285 0.90769   25   50    1   75  100
   20  0.00000 0.13359 0.92688 0.90708 0.96702 0.00000 0.29956 0.85872 0.92688 0.51587 0.91880 0.96483 0.90768   25   50    1  100    1
   21  0.00000 0.13356 0.93673 0.93560 0.99294 0.00000 0.29950 0.84705 0.93673 0.99049 0.93276 0.97168 0.90770   25   50    1  100   25
   22  0.00000 0.13355 0.91855 0.90010 0.98282 0.00000 0.29940 0.89980 0.91855 0.94087 0.77474 0.95887 0.90770   25   50    1  100   50
   23  0.00000 0.13359 0.92151 0.88943 0.92115 0.00000 0.29943 0.83001 0.92151 1.00000 0.82252 0.96100 0.90765   25   50    1  100   75
   24  0.00000 0.13359 0.92151 0.88943 0.92115 0.00000 0.29943 0.83001 0.92151 1.00000 0.82252 0.96100 0.90765   25   50    1  100  100
   25  0.06397 0.35513 0.96583 0.95970 0.98574 1.00000 0.30839 0.84602 0.96583 0.99599 0.88705 0.98108 0.90260   25   50   25    1    1
   26  0.06245 0.35948 0.96694 0.95923 0.98332 0.99590 0.30819 0.83341 0.96694 0.99474 0.87358 0.98172 0.90276   25   50   25    1   25
   27  0.06386 0.35909 0.96685 0.96013 0.98525 0.99590 0.30821 0.83853 0.96685 0.99909 0.88257 0.98168 0.90270   25   50   25    1   50
   28  0.06372 0.35965 0.96695 0.96141 0.98599 1.00000 0.30783 0.83323 0.96695 0.99574 0.88344 0.98176 0.90242   25   50   25    1   75
   29  0.06200 0.35987 0.96665 0.95976 0.98358 1.00000 0.30806 0.83248 0.96665 0.99530 0.86408 0.98148 0.90232   25   50   25    1  100
   30  0.05994 0.32837 0.96614 0.96069 0.98771 1.00000 0.30957 0.85429 0.96614 0.99404 0.88361 0.98192 0.90358   25   50   25   25    1
   31  0.06041 0.33178 0.96573 0.95964 0.98565 1.00000 0.30936 0.85051 0.96573 0.99439 0.88968 0.98149 0.90346   25   50   25   25   25
   32  0.05989 0.33245 0.96635 0.96052 0.98318 1.00000 0.30907 0.84220 0.96635 0.99568 0.88867 0.98194 0.90321   25   50   25   25   50
   33  0.06048 0.33259 0.96674 0.96028 0.98808 1.00000 0.30923 0.84655 0.96674 0.99564 0.88675 0.98222 0.90334   25   50   25   25   75
   34  0.06048 0.33259 0.96674 0.96028 0.98808 1.00000 0.30923 0.84655 0.96674 0.99564 0.88675 0.98222 0.90334   25   50   25   25  100
   35  0.05462 0.30230 0.96451 0.95840 0.98068 0.99324 0.31040 0.85485 0.96451 0.98612 0.89527 0.98154 0.90484   25   50   25   50    1
   36  0.05556 0.30441 0.96415 0.95641 0.98700 0.99324 0.30947 0.85576 0.96415 0.99750 0.89317 0.98122 0.90457   25   50   25   50   25
   37  0.05527 0.30516 0.96436 0.95800 0.98411 0.99324 0.30985 0.85224 0.96436 0.99256 0.89395 0.98131 0.90458   25   50   25   50   50
   38  0.05673 0.30472 0.96481 0.95885 0.98471 0.99324 0.30967 0.86417 0.96481 0.99523 0.90160 0.98168 0.90473   25   50   25   50   75
   39  0.05673 0.30472 0.96481 0.95885 0.98471 0.99324 0.30967 0.86417 0.96481 0.99523 0.90160 0.98168 0.90473   25   50   25   50  100
   40  0.03850 0.27973 0.96152 0.95516 0.98523 0.75000 0.30952 0.85932 0.96152 0.99238 0.90035 0.98020 0.90551   25   50   25   75    1
   41  0.03837 0.28038 0.96102 0.95782 0.98637 0.75000 0.30996 0.86311 0.96102 0.98547 0.89422 0.97980 0.90529   25   50   25   75   25
   42  0.03916 0.28086 0.96203 0.95726 0.98382 0.75000 0.30960 0.86653 0.96203 0.99478 0.90037 0.98050 0.90528   25   50   25   75   50
   43  0.03871 0.28056 0.96164 0.95799 0.98327 0.75000 0.30960 0.85908 0.96164 0.99718 0.89719 0.98023 0.90553   25   50   25   75   75
   44  0.03871 0.28056 0.96164 0.95799 0.98327 0.75000 0.30960 0.85908 0.96164 0.99718 0.89719 0.98023 0.90553   25   50   25   75  100
   45  0.03658 0.25934 0.95923 0.95264 0.98075 0.75000 0.30977 0.86715 0.95923 0.99515 0.92229 0.97933 0.90610   25   50   25  100    1
   46  0.04227 0.26172 0.95927 0.95455 0.98227 0.89286 0.30947 0.86073 0.95927 0.98691 0.89885 0.97928 0.90609   25   50   25  100   25
   47  0.04241 0.26188 0.95932 0.95537 0.97849 0.89286 0.30957 0.86231 0.95932 0.97828 0.91002 0.97931 0.90599   25   50   25  100   50
   48  0.04121 0.26195 0.96094 0.95417 0.98992 0.89286 0.30977 0.86451 0.96094 0.98897 0.85879 0.98045 0.90598   25   50   25  100   75
   49  0.04198 0.26199 0.96028 0.95323 0.98928 0.89286 0.30975 0.86124 0.96028 0.99318 0.87734 0.97999 0.90604   25   50   25  100  100
   50  0.09818 0.62365 0.97637 0.95782 0.97373 0.99324 0.29712 0.84051 0.97637 0.99948 0.81564 0.98419 0.88974   25   50   50    1    1
   51  0.10286 0.62604 0.97646 0.96164 0.99348 0.99324 0.29748 0.84331 0.97646 0.99878 0.82763 0.98422 0.88976   25   50   50    1   25
   52  0.10176 0.62863 0.97621 0.95699 0.98063 0.99324 0.29691 0.85892 0.97621 0.99724 0.81866 0.98399 0.88955   25   50   50    1   50
   53  0.10240 0.62840 0.97660 0.95879 0.98443 0.99324 0.29677 0.84894 0.97660 0.99188 0.83306 0.98428 0.88944   25   50   50    1   75
   54  0.10247 0.63104 0.97649 0.95831 0.98441 0.99645 0.29620 0.85057 0.97649 0.99667 0.82394 0.98416 0.88972   25   50   50    1  100
   55  0.09581 0.56422 0.97685 0.96197 0.99154 0.99324 0.30214 0.84524 0.97685 0.99961 0.83629 0.98528 0.89298   25   50   50   25    1
   56  0.09679 0.56586 0.97673 0.96179 0.99179 0.99830 0.30227 0.85237 0.97673 0.99778 0.83262 0.98512 0.89291   25   50   50   25   25
   57  0.09764 0.56815 0.97772 0.96357 0.98727 0.99590 0.30216 0.86033 0.97772 0.99972 0.82986 0.98588 0.89245   25   50   50   25   50
   58  0.09734 0.56902 0.97750 0.96091 0.98342 0.99590 0.30285 0.84741 0.97750 0.99828 0.84344 0.98565 0.89315   25   50   50   25   75
   59  0.09924 0.56983 0.97762 0.96164 0.99234 0.99590 0.30250 0.85595 0.97762 0.99783 0.84299 0.98573 0.89314   25   50   50   25  100
   60  0.08835 0.49997 0.97477 0.96156 0.99058 0.99324 0.30661 0.84731 0.97477 0.99942 0.85759 0.98461 0.89660   25   50   50   50    1
   61  0.08918 0.49975 0.97455 0.96203 0.98681 0.99725 0.30669 0.85384 0.97455 0.99747 0.86037 0.98444 0.89709   25   50   50   50   25
   62  0.08592 0.50016 0.97522 0.96197 0.98950 0.98684 0.30658 0.84712 0.97522 0.99999 0.83834 0.98497 0.89661   25   50   50   50   50
   63  0.08947 0.50425 0.97559 0.96231 0.98689 0.98684 0.30625 0.85850 0.97559 0.99663 0.85961 0.98519 0.89639   25   50   50   50   75
   64  0.08946 0.50275 0.97521 0.96067 0.98816 0.98684 0.30657 0.86014 0.97521 0.99424 0.86274 0.98490 0.89652   25   50   50   50  100
   65  0.08180 0.44215 0.97331 0.96100 0.99136 0.99176 0.31005 0.86213 0.97331 0.99936 0.87396 0.98456 0.89924   25   50   50   75    1
   66  0.07774 0.44444 0.97275 0.96007 0.98320 0.98684 0.30981 0.85601 0.97275 0.99994 0.84561 0.98406 0.89925   25   50   50   75   25
   67  0.08201 0.44209 0.97286 0.96218 0.98999 0.99668 0.31014 0.86230 0.97286 0.99999 0.87206 0.98419 0.89951   25   50   50   75   50
   68  0.08017 0.44529 0.97298 0.95984 0.99070 0.98684 0.31008 0.86339 0.97298 0.99953 0.85556 0.98424 0.89934   25   50   50   75   75
   69  0.08072 0.44510 0.97317 0.96181 0.99278 0.99176 0.30998 0.86276 0.97317 0.99996 0.85405 0.98439 0.89935   25   50   50   75  100
   70  0.07671 0.39858 0.97114 0.96307 0.99266 1.00000 0.31176 0.87391 0.97114 0.99915 0.88400 0.98392 0.90155   25   50   50  100    1
   71  0.07365 0.40152 0.97088 0.96062 0.98713 1.00000 0.31182 0.86039 0.97088 0.99933 0.86347 0.98362 0.90127   25   50   50  100   25
   72  0.07447 0.40062 0.97005 0.96058 0.99073 1.00000 0.31221 0.86506 0.97005 1.00000 0.86711 0.98300 0.90170   25   50   50  100   50
   73  0.07550 0.40149 0.97056 0.95908 0.99016 1.00000 0.31159 0.86465 0.97056 0.99926 0.88107 0.98335 0.90122   25   50   50  100   75
   74  0.07357 0.40104 0.97056 0.96133 0.99201 1.00000 0.31181 0.86725 0.97056 0.99996 0.85214 0.98335 0.90125   25   50   50  100  100
   75  0.12687 0.93501 0.97837 0.95270 0.98299 1.00000 0.27392 0.87201 0.97837 0.98098 0.75378 0.98293 0.87188   25   50   75    1    1
   76  0.12764 0.94005 0.97864 0.95148 0.97319 0.99954 0.27454 0.87513 0.97864 0.96700 0.76939 0.98311 0.87165   25   50   75    1   25
   77  0.12936 0.95736 0.97883 0.95099 0.97706 1.00000 0.27275 0.87569 0.97883 0.97153 0.76469 0.98309 0.87009   25   50   75    1   50
   78  0.12515 0.95782 0.97858 0.95126 0.97498 0.99989 0.27277 0.87348 0.97858 0.96618 0.74819 0.98286 0.86919   25   50   75    1   75
   79  0.12697 0.96328 0.97861 0.94912 0.97864 0.99990 0.27181 0.87798 0.97861 0.95885 0.75783 0.98284 0.86952   25   50   75    1  100
   80  0.12742 0.85348 0.98013 0.95560 0.98139 0.99482 0.28252 0.87591 0.98013 0.98541 0.79106 0.98486 0.87678   25   50   75   25    1
   81  0.12619 0.85251 0.98041 0.95729 0.98165 0.99083 0.28244 0.88045 0.98041 0.97359 0.79101 0.98511 0.87669   25   50   75   25   25
   82  0.12176 0.85481 0.98051 0.95649 0.97396 0.99083 0.28241 0.87478 0.98051 0.96126 0.78316 0.98518 0.87605   25   50   75   25   50
   83  0.12434 0.85987 0.98052 0.95535 0.98133 0.99083 0.28185 0.87445 0.98052 0.96099 0.79234 0.98511 0.87582   25   50   75   25   75
   84  0.12704 0.86535 0.98059 0.95504 0.97420 0.98888 0.28118 0.88050 0.98059 0.98613 0.78725 0.98512 0.87640   25   50   75   25  100
   85  0.11549 0.73221 0.97912 0.95740 0.98260 0.99980 0.29152 0.86811 0.97912 0.99589 0.79737 0.98515 0.88356   25   50   75   50    1
   86  0.11880 0.73733 0.97872 0.95836 0.98537 0.99924 0.29065 0.87104 0.97872 0.99047 0.81670 0.98476 0.88386   25   50   75   50   25
   87  0.11658 0.73600 0.97892 0.95856 0.98745 0.99924 0.29094 0.86971 0.97892 0.99242 0.79989 0.98495 0.88330   25   50   75   50   50
   88  0.11881 0.74544 0.97961 0.95858 0.98087 0.99980 0.29034 0.87753 0.97961 0.98123 0.81228 0.98538 0.88296   25   50   75   50   75
   89  0.11735 0.74245 0.97868 0.95467 0.98056 0.99924 0.29049 0.88207 0.97868 0.98764 0.80135 0.98466 0.88352   25   50   75   50  100
   90  0.10949 0.64227 0.97689 0.95664 0.98925 0.99590 0.29784 0.87740 0.97689 0.99798 0.83043 0.98439 0.88907   25   50   75   75    1
   91  0.10661 0.64427 0.97736 0.95832 0.98658 0.99973 0.29820 0.86874 0.97736 0.98618 0.81926 0.98470 0.88922   25   50   75   75   25
   92  0.10671 0.64399 0.97714 0.95844 0.98374 0.99973 0.29808 0.87303 0.97714 0.99170 0.81464 0.98453 0.88948   25   50   75   75   50
   93  0.10679 0.64482 0.97772 0.95738 0.98275 0.99756 0.29807 0.86948 0.97772 0.98631 0.82495 0.98497 0.88867   25   50   75   75   75
   94  0.10815 0.64459 0.97708 0.95780 0.98647 0.99897 0.29845 0.87411 0.97708 0.97629 0.83528 0.98445 0.88905   25   50   75   75  100
   95  0.10252 0.56235 0.97514 0.95555 0.99727 0.99852 0.30418 0.87441 0.97514 0.99386 0.86722 0.98404 0.89315   25   50   75  100    1
   96  0.09581 0.56554 0.97553 0.95555 0.98926 0.98684 0.30380 0.87275 0.97553 0.98397 0.83167 0.98429 0.89358   25   50   75  100   25
   97  0.09989 0.56637 0.97562 0.96026 0.99432 1.00000 0.30353 0.88058 0.97562 0.98578 0.83729 0.98434 0.89368   25   50   75  100   50
   98  0.09950 0.56595 0.97568 0.95874 0.98624 0.99645 0.30351 0.87798 0.97568 0.98359 0.85085 0.98441 0.89284   25   50   75  100   75
   99  0.09925 0.56718 0.97605 0.95903 0.99166 0.99960 0.30406 0.87301 0.97605 0.97340 0.85020 0.98469 0.89323   25   50   75  100  100
  100  0.09799 0.89182 0.97365 0.94257 0.96028 0.99815 0.25750 0.89145 0.97365 0.94621 0.70101 0.97831 0.86129   25   50  100    1    1
  101  0.09480 0.87556 0.97377 0.94194 0.97478 0.99825 0.25577 0.89331 0.97377 0.92653 0.69926 0.97816 0.86033   25   50  100    1   25
  102  0.09427 0.86928 0.97405 0.93940 0.96411 0.99825 0.25556 0.89522 0.97405 0.95643 0.68807 0.97834 0.85825   25   50  100    1   50
  103  0.09283 0.87355 0.97396 0.94034 0.95023 0.99658 0.25574 0.89631 0.97396 0.96138 0.67922 0.97828 0.85918   25   50  100    1   75
  104  0.09741 0.86736 0.97310 0.93660 0.95142 0.99677 0.25458 0.90476 0.97310 0.98725 0.69954 0.97751 0.85872   25   50  100    1  100
  105  0.12502 0.98384 0.97573 0.94873 0.97819 0.99852 0.26699 0.89540 0.97573 0.96677 0.73340 0.98053 0.86662   25   50  100   25    1
  106  0.13040 0.97583 0.97695 0.94910 0.97529 0.99777 0.26634 0.89714 0.97695 0.97281 0.76695 0.98147 0.86641   25   50  100   25   25
  107  0.12565 0.96753 0.97674 0.94681 0.97102 0.99590 0.26575 0.89995 0.97674 0.96812 0.75648 0.98117 0.86512   25   50  100   25   50
  108  0.12428 0.97186 0.97652 0.94774 0.97534 0.99790 0.26566 0.89675 0.97652 0.95649 0.75153 0.98104 0.86537   25   50  100   25   75
  109  0.12397 0.95643 0.97612 0.94462 0.97402 0.99689 0.26413 0.90541 0.97612 0.98503 0.74192 0.98059 0.86544   25   50  100   25  100
  110  0.12693 0.87802 0.97517 0.95112 0.99304 0.99803 0.27736 0.89028 0.97517 0.96697 0.78633 0.98114 0.87544   25   50  100   50    1
  111  0.12614 0.88113 0.97488 0.94992 0.98391 0.99803 0.27717 0.89763 0.97488 0.97435 0.77568 0.98082 0.87560   25   50  100   50   25
  112  0.12605 0.89054 0.97557 0.94814 0.98821 0.99885 0.27628 0.89983 0.97557 0.95717 0.77754 0.98126 0.87532   25   50  100   50   50
  113  0.12334 0.88868 0.97574 0.95199 0.98288 0.99803 0.27641 0.89043 0.97574 0.97082 0.76137 0.98146 0.87429   25   50  100   50   75
  114  0.12253 0.89405 0.97478 0.94847 0.98345 0.99803 0.27551 0.89227 0.97478 0.92738 0.79279 0.98060 0.87419   25   50  100   50  100
  115  0.11612 0.76122 0.97332 0.95089 0.99097 0.99931 0.28609 0.88861 0.97332 0.95478 0.81419 0.98066 0.88235   25   50  100   75    1
  116  0.11807 0.76156 0.97373 0.95173 0.98921 0.99725 0.28628 0.88870 0.97373 0.98928 0.79972 0.98103 0.88203   25   50  100   75   25
  117  0.11472 0.76753 0.97381 0.94839 0.98025 0.99725 0.28622 0.89133 0.97381 0.95920 0.80331 0.98097 0.88160   25   50  100   75   50
  118  0.11827 0.76690 0.97370 0.95017 0.99280 0.99725 0.28609 0.88707 0.97370 0.96135 0.81876 0.98088 0.88246   25   50  100   75   75
  119  0.11293 0.77559 0.97363 0.95075 0.98280 0.99725 0.28528 0.88761 0.97363 0.94510 0.79640 0.98071 0.88189   25   50  100   75  100
  120  0.10901 0.66379 0.97151 0.95103 0.99701 1.00000 0.29428 0.88480 0.97151 0.98583 0.82134 0.98028 0.88787   25   50  100  100    1
  121  0.10848 0.67023 0.97218 0.95105 0.99126 1.00000 0.29372 0.88780 0.97218 0.97408 0.82208 0.98080 0.88699   25   50  100  100   25
  122  0.10837 0.66305 0.97207 0.95227 0.99233 0.99978 0.29444 0.88368 0.97207 0.97403 0.82954 0.98078 0.88790   25   50  100  100   50
  123  0.10799 0.66929 0.97214 0.94971 0.98129 1.00000 0.29387 0.88519 0.97214 0.97547 0.82945 0.98073 0.88754   25   50  100  100   75
  124  0.10537 0.66365 0.97208 0.94858 0.99178 1.00000 0.29460 0.88086 0.97208 0.96529 0.81863 0.98076 0.88801   25   50  100  100  100
