                                               Cluster
  Run  Product Compare     Pop   Edges Clusters   Size Leesalee  Slope  %Urban   Xmean   Ymean     Rad  Fmatch Diff  Brd Sprd  Slp   RG
    0  0.00000 0.13431 0.92856 0.92930 0.98168 0.00000 0.30030 0.67145 0.92856 0.98808 0.92123 0.96587 0.90779    1    1    1    1    1
    1  0.00000 0.13422 0.92586 0.90184 0.96297 0.00000 0.30048 0.72400 0.92586 0.96557 0.83500 0.96396 0.90782    1    1    1    1  100
    3  0.00000 0.13266 0.92255 0.97630 0.99993 0.00000 0.30013 0.88725 0.92255 0.99346 0.99287 0.96175 0.90777    1    1    1  100    1
    2  0.00000 0.13264 0.93603 0.92472 0.96340 0.00000 0.29995 0.86129 0.93603 0.99990 0.95728 0.97121 0.90776    1    1    1  100  100
    5  0.10696 0.74237 0.94737 0.88436 0.96513 0.99982 0.28720 0.89405 0.94737 0.98985 0.86143 0.96204 0.89312    1    1  100    1    1
    4  0.10758 0.74372 0.94796 0.88923 0.96237 0.99982 0.28728 0.89563 0.94796 0.98812 0.86089 0.96247 0.89306    1    1  100    1  100
    7  0.08290 0.50567 0.95052 0.89969 0.90778 1.00000 0.31253 0.90641 0.95052 0.99976 0.89734 0.96734 0.90372    1    1  100  100    1
    6  0.08329 0.50582 0.95116 0.90195 0.91631 1.00000 0.31257 0.89350 0.95116 0.99524 0.90582 0.96783 0.90372    1    1  100  100  100
    9  0.00000 0.13462 0.92412 0.95416 0.99982 0.00000 0.30033 0.93739 0.92412 0.89331 0.93961 0.96271 0.90779    1  100    1    1    1
    8  0.00000 0.13489 0.93501 0.90624 0.99076 0.00000 0.30028 0.77241 0.93501 0.99928 0.86358 0.97034 0.90780    1  100    1    1  100
   11  0.00000 0.13296 0.92697 0.96362 0.94544 0.00000 0.30005 0.85080 0.92697 0.99970 0.99487 0.96491 0.90778    1  100    1  100    1
   10  0.00000 0.13287 0.93591 0.92458 0.99178 0.00000 0.29990 0.83255 0.93591 0.05258 0.98671 0.97113 0.90776    1  100    1  100  100
   13  0.11414 0.78487 0.95273 0.91988 0.94033 0.99982 0.28419 0.89147 0.95273 0.98712 0.86136 0.96555 0.89069    1  100  100    1    1
   12  0.11687 0.80934 0.95324 0.91380 0.93680 1.00000 0.28109 0.89835 0.95324 0.99243 0.86247 0.96559 0.88947    1  100  100    1  100
   14  0.09012 0.52387 0.95458 0.90439 0.95979 1.00000 0.31101 0.89931 0.95458 0.99965 0.88825 0.97003 0.90273    1  100  100  100    1
   15  0.09124 0.52790 0.95285 0.91653 0.95748 0.99769 0.31101 0.90166 0.95285 0.99282 0.89338 0.96855 0.90253    1  100  100  100  100
   17  0.02080 0.17906 0.92837 0.91498 0.97724 0.75000 0.28514 0.88279 0.92837 0.99672 0.91999 0.96208 0.90519  100    1    1    1    1
   16  0.01905 0.17926 0.92677 0.91068 0.97547 0.75000 0.28516 0.87873 0.92677 0.99496 0.85661 0.96089 0.90516  100    1    1    1  100
   18  0.00000 0.15824 0.84322 0.81627 0.90892 0.00000 0.28948 0.94964 0.84322 0.97460 0.88652 0.89627 0.90596  100    1    1  100  100
   19  0.00000 0.15940 0.83300 0.80692 0.90045 0.00000 0.28900 0.95869 0.83300 0.99814 0.87936 0.88788 0.90589  100    1    1  100    1
   20  0.11493 0.82499 0.95199 0.90430 0.96535 0.98684 0.27693 0.89121 0.95199 0.99489 0.84772 0.96495 0.88841  100    1  100    1    1
   21  0.11404 0.82936 0.95197 0.90153 0.96521 0.98684 0.27663 0.89522 0.95197 0.97772 0.85155 0.96487 0.88812  100    1  100    1  100
   22  0.09645 0.55117 0.95316 0.91559 0.98102 1.00000 0.30372 0.89879 0.95316 0.99957 0.90034 0.96873 0.90109  100    1  100  100  100
   23  0.09250 0.55394 0.95362 0.90809 0.97676 0.96429 0.30375 0.91336 0.95362 0.99597 0.88993 0.96903 0.90095  100    1  100  100    1
   25  0.02762 0.28434 0.93343 0.91915 0.97628 0.75000 0.25775 0.88729 0.93343 0.99548 0.84227 0.96090 0.89912  100  100    1    1  100
   24  0.02919 0.27976 0.92993 0.91500 0.97504 0.75000 0.25830 0.89810 0.92993 0.99670 0.90474 0.95837 0.89935  100  100    1    1    1
   26  0.00000 0.22853 0.93136 0.91718 0.97767 0.00000 0.26988 0.89596 0.93136 0.85842 0.90109 0.96143 0.90196  100  100    1  100    1
   27  0.00000 0.23215 0.92842 0.91399 0.97363 0.00000 0.26938 0.90348 0.92842 0.99701 0.81115 0.95903 0.90187  100  100    1  100  100
   29  0.00350 0.34434 0.97214 0.83845 0.15165 0.97351 0.17714 0.95244 0.97214 0.72355 0.96889 0.96839 0.75900  100  100  100    1    1
   28  0.00373 0.34150 0.97128 0.83374 0.14074 0.97197 0.17593 0.95223 0.97128 0.99474 0.83325 0.96765 0.75579  100  100  100    1  100
   31  0.00218 0.65299 0.98406 0.93938 0.87576 0.98684 0.22705 0.96889 0.98406 0.26124 0.08949 0.98340 0.83942  100  100  100  100    1
   30  0.00743 0.64033 0.98377 0.93517 0.85065 0.98329 0.22468 0.96930 0.98377 0.99740 0.08570 0.98302 0.83759  100  100  100  100  100
