                                               Cluster
  Run  Product Compare     Pop   Edges Clusters   Size Leesalee  Slope  %Urban   Xmean   Ymean     Rad  Fmatch Diff  Brd Sprd  Slp   RG
    0  0.00000 0.13435 0.92670 0.86737 0.93446 0.00000 0.30053 0.94758 0.92670 0.78341 0.93875 0.96455 0.90782    1    1    1    1    1
    1  0.00000 0.13437 0.93365 0.92709 0.99933 0.00000 0.30028 0.81761 0.93365 0.97352 0.93351 0.96941 0.90780    1    1    1    1  100
    3  0.00000 0.13274 0.92861 0.92225 0.81727 0.00000 0.30007 0.87599 0.92861 0.84644 0.97403 0.96606 0.90776    1    1    1  100    1
    2  0.00000 0.13279 0.93464 0.89234 0.94544 0.00000 0.30005 0.85085 0.93464 0.92268 0.91291 0.97025 0.90776    1    1    1  100  100
    5  0.10630 0.74263 0.94727 0.87958 0.96604 0.99982 0.28709 0.89216 0.94727 0.99102 0.86094 0.96204 0.89311    1    1  100    1    1
    4  0.10247 0.74642 0.94757 0.88711 0.92726 1.00000 0.28661 0.88112 0.94757 0.98995 0.86525 0.96223 0.89301    1    1  100    1  100
    7  0.08974 0.50522 0.95011 0.90712 0.98381 1.00000 0.31246 0.89930 0.95011 0.99996 0.89789 0.96701 0.90372    1    1  100  100    1
    6  0.08620 0.50644 0.95091 0.90204 0.95165 1.00000 0.31245 0.89748 0.95091 0.99842 0.89558 0.96766 0.90375    1    1  100  100  100
    8  0.00000 0.13476 0.92328 0.88272 0.99782 0.00000 0.30025 0.81780 0.92328 0.99479 0.82703 0.96211 0.90781    1  100    1    1  100
    9  0.00000 0.13466 0.94185 0.94701 0.99926 0.00000 0.30027 0.85448 0.94185 0.80260 0.91829 0.97499 0.90780    1  100    1    1    1
   11  0.00000 0.13299 0.92858 0.89961 0.98094 0.00000 0.29995 0.87889 0.92858 0.89237 0.76646 0.96603 0.90774    1  100    1  100  100
   10  0.00000 0.13286 0.94503 0.90478 0.96817 0.00000 0.30010 0.85963 0.94503 0.95504 0.95633 0.97723 0.90776    1  100    1  100    1
   12  0.11624 0.78343 0.95286 0.90261 0.98830 1.00000 0.28426 0.89446 0.95286 0.96669 0.86668 0.96564 0.89056    1  100  100    1    1
   13  0.12312 0.81913 0.95408 0.91581 0.99408 0.99937 0.28031 0.88936 0.95408 0.97721 0.86761 0.96615 0.88874    1  100  100    1  100
   15  0.09070 0.52320 0.95315 0.92211 0.95514 1.00000 0.31143 0.89682 0.95315 0.99537 0.89067 0.96893 0.90306    1  100  100  100    1
   14  0.07461 0.53072 0.95572 0.91576 0.78547 1.00000 0.31044 0.89001 0.95572 0.99338 0.88991 0.97078 0.90235    1  100  100  100  100
   17  0.01719 0.17899 0.92744 0.91399 0.97566 0.75000 0.28504 0.87661 0.92744 0.97394 0.78853 0.96137 0.90513  100    1    1    1    1
   16  0.01868 0.17915 0.92522 0.91077 0.97526 0.75000 0.28494 0.87659 0.92522 0.99920 0.84344 0.95974 0.90515  100    1    1    1  100
   19  0.00000 0.15921 0.83404 0.80100 0.89937 0.00000 0.28925 0.94484 0.83404 0.99917 0.86037 0.88938 0.90612  100    1    1  100    1
   18  0.00000 0.16008 0.85506 0.82942 0.92136 0.00000 0.28918 0.94093 0.85506 0.91195 0.75719 0.90626 0.90596  100    1    1  100  100
   21  0.11492 0.82291 0.95234 0.89885 0.96445 0.98684 0.27718 0.89191 0.95234 0.99396 0.85373 0.96529 0.88880  100    1  100    1    1
   20  0.11408 0.82749 0.95175 0.90436 0.96663 0.98684 0.27661 0.88867 0.95175 0.98398 0.85091 0.96471 0.88856  100    1  100    1  100
   23  0.09078 0.55053 0.95327 0.91029 0.97157 0.96429 0.30396 0.89979 0.95327 0.99793 0.89300 0.96891 0.90106  100    1  100  100    1
   22  0.09168 0.55201 0.95341 0.91177 0.97716 0.96429 0.30346 0.90049 0.95341 0.99921 0.89228 0.96899 0.90087  100    1  100  100  100
   24  0.02278 0.28524 0.92869 0.91393 0.97321 0.75000 0.25753 0.89292 0.92869 0.99724 0.70326 0.95721 0.89906  100  100    1    1  100
   25  0.02849 0.27969 0.93102 0.91687 0.97467 0.75000 0.25860 0.89164 0.93102 0.98615 0.89400 0.95923 0.89928  100  100    1    1    1
   26  0.00000 0.22923 0.93275 0.91857 0.97757 0.00000 0.26975 0.89248 0.93275 0.99786 0.94611 0.96246 0.90202  100  100    1  100    1
   27  0.00000 0.23259 0.93139 0.91706 0.97869 0.00000 0.26902 0.89451 0.93139 0.98460 0.97451 0.96128 0.90183  100  100    1  100  100
   29  0.00147 0.34356 0.97222 0.83649 0.07978 0.97351 0.17730 0.94851 0.97222 0.63737 0.88348 0.96844 0.75756  100  100  100    1    1
   28  0.00544 0.34084 0.97096 0.82830 0.20447 0.96889 0.17638 0.95267 0.97096 0.97033 0.86577 0.96732 0.75620  100  100  100    1  100
   31  0.00296 0.65851 0.98402 0.93922 0.88613 0.98684 0.22745 0.96813 0.98402 0.77973 0.03984 0.98345 0.83968  100  100  100  100    1
   30  0.01327 0.63962 0.98364 0.93500 0.85839 0.98329 0.22499 0.97260 0.98364 0.99981 0.15090 0.98294 0.83706  100  100  100  100  100
