                                               Cluster
  Run  Product Compare     Pop   Edges Clusters   Size Leesalee  Slope  %Urban   Xmean   Ymean     Rad  Fmatch Diff  Brd Sprd  Slp   RG
    0  0.02334 0.19950 0.94009 0.92694 0.98130 0.75000 0.28293 0.87636 0.94009 0.99100 0.90151 0.96900 0.90395   75   25    1    1    1
    1  0.02406 0.20093 0.93806 0.92463 0.97973 0.75000 0.28277 0.87536 0.93806 0.98684 0.93770 0.96744 0.90371   75   25    1    1   25
    2  0.02328 0.20176 0.93971 0.92669 0.98184 0.75000 0.28259 0.87354 0.93971 0.99995 0.88621 0.96858 0.90370   75   25    1    1   50
    3  0.02433 0.20168 0.93944 0.92645 0.97975 0.75000 0.28249 0.88845 0.93944 0.99780 0.91631 0.96840 0.90365   75   25    1    1   75
    4  0.02433 0.20168 0.93944 0.92645 0.97975 0.75000 0.28249 0.88845 0.93944 0.99780 0.91631 0.96840 0.90365   75   25    1    1  100
    5  0.00000 0.19405 0.94120 0.92863 0.98126 0.00000 0.28428 0.86923 0.94120 0.99066 0.90587 0.97007 0.90412   75   25    1   25    1
    6  0.00000 0.19502 0.93883 0.92700 0.98117 0.00000 0.28397 0.87124 0.93883 0.99998 0.94728 0.96828 0.90403   75   25    1   25   25
    7  0.00000 0.19575 0.94308 0.93093 0.98325 0.00000 0.28386 0.86320 0.94308 0.99793 0.90985 0.97132 0.90412   75   25    1   25   50
    8  0.00000 0.19499 0.94415 0.93226 0.98317 0.00000 0.28394 0.87012 0.94415 0.99990 0.89401 0.97214 0.90402   75   25    1   25   75
    9  0.00000 0.19499 0.94415 0.93226 0.98317 0.00000 0.28394 0.87012 0.94415 0.99990 0.89401 0.97214 0.90402   75   25    1   25  100
   10  0.00000 0.18732 0.94154 0.92955 0.98344 0.00000 0.28565 0.86820 0.94154 0.99992 0.83116 0.97073 0.90443   75   25    1   50    1
   11  0.00000 0.18837 0.94262 0.93120 0.98333 0.00000 0.28526 0.85982 0.94262 0.94349 0.85177 0.97142 0.90428   75   25    1   50   25
   12  0.00000 0.18812 0.94282 0.92971 0.98164 0.00000 0.28519 0.86083 0.94282 0.96360 0.90189 0.97163 0.90446   75   25    1   50   50
   13  0.00000 0.18872 0.94023 0.92774 0.98181 0.00000 0.28512 0.87004 0.94023 0.99166 0.87710 0.96973 0.90437   75   25    1   50   75
   14  0.00000 0.18872 0.94023 0.92774 0.98181 0.00000 0.28512 0.87004 0.94023 0.99166 0.87710 0.96973 0.90437   75   25    1   50  100
   15  0.00000 0.18108 0.94079 0.92768 0.98146 0.00000 0.28666 0.86074 0.94079 0.99987 0.93749 0.97060 0.90480   75   25    1   75    1
   16  0.00000 0.18210 0.94050 0.92990 0.98300 0.00000 0.28672 0.86680 0.94050 0.94605 0.86561 0.97028 0.90475   75   25    1   75   25
   17  0.00000 0.18238 0.94183 0.92967 0.98250 0.00000 0.28670 0.86223 0.94183 0.99638 0.94832 0.97122 0.90493   75   25    1   75   50
   18  0.00000 0.18270 0.94016 0.92840 0.98324 0.00000 0.28665 0.87068 0.94016 0.99163 0.91398 0.97001 0.90478   75   25    1   75   75
   19  0.00000 0.18243 0.94162 0.93050 0.98322 0.00000 0.28665 0.86137 0.94162 0.99044 0.95497 0.97107 0.90473   75   25    1   75  100
   20  0.00000 0.17487 0.94328 0.92998 0.98344 0.00000 0.28809 0.85148 0.94328 0.98352 0.84802 0.97278 0.90512   75   25    1  100    1
   21  0.00000 0.17695 0.94141 0.92815 0.98231 0.00000 0.28780 0.86064 0.94141 0.96204 0.82083 0.97129 0.90497   75   25    1  100   25
   22  0.00000 0.17739 0.93833 0.92464 0.98218 0.00000 0.28775 0.86344 0.93833 0.97130 0.92352 0.96906 0.90500   75   25    1  100   50
   23  0.00000 0.17751 0.94124 0.92919 0.98297 0.00000 0.28755 0.85299 0.94124 0.93311 0.94605 0.97115 0.90499   75   25    1  100   75
   24  0.00000 0.17751 0.94124 0.92919 0.98297 0.00000 0.28755 0.85299 0.94124 0.93311 0.94605 0.97115 0.90499   75   25    1  100  100
   25  0.05180 0.40698 0.96831 0.95834 0.98079 0.75000 0.29766 0.84054 0.96831 0.99930 0.87270 0.98168 0.89901   75   25   25    1    1
   26  0.05333 0.40643 0.96837 0.95922 0.97842 0.75000 0.29731 0.85696 0.96837 0.99999 0.88424 0.98174 0.89873   75   25   25    1   25
   27  0.05285 0.40743 0.96887 0.95832 0.98128 0.75000 0.29740 0.85859 0.96887 0.99672 0.87243 0.98208 0.89857   75   25   25    1   50
   28  0.05324 0.40807 0.96873 0.95785 0.97969 0.75000 0.29731 0.86389 0.96873 0.99612 0.87497 0.98199 0.89868   75   25   25    1   75
   29  0.05388 0.40958 0.96910 0.95921 0.98165 0.75000 0.29768 0.85826 0.96910 0.99977 0.87978 0.98223 0.89856   75   25   25    1  100
   30  0.04998 0.37550 0.96820 0.95787 0.98230 0.75000 0.29937 0.86847 0.96820 0.99494 0.87959 0.98224 0.90036   75   25   25   25    1
   31  0.05043 0.37763 0.96857 0.95787 0.97893 0.75000 0.29954 0.86562 0.96857 0.99761 0.88483 0.98247 0.90016   75   25   25   25   25
   32  0.04997 0.37550 0.96913 0.95979 0.98123 0.75000 0.29955 0.86119 0.96913 0.99834 0.87998 0.98297 0.90053   75   25   25   25   50
   33  0.05044 0.37699 0.96865 0.95920 0.98306 0.75000 0.29933 0.85815 0.96865 1.00000 0.88741 0.98253 0.90022   75   25   25   25   75
   34  0.05121 0.37813 0.96949 0.96052 0.98131 0.75000 0.29911 0.86888 0.96949 0.99999 0.88619 0.98315 0.90009   75   25   25   25  100
   35  0.00000 0.34201 0.96630 0.95683 0.98156 0.00000 0.30055 0.86893 0.96630 0.99750 0.88401 0.98175 0.90176   75   25   25   50    1
   36  0.00000 0.34311 0.96647 0.95847 0.98584 0.00000 0.30041 0.86272 0.96647 0.99907 0.88316 0.98183 0.90200   75   25   25   50   25
   37  0.00000 0.34132 0.96576 0.95659 0.98403 0.00000 0.30066 0.87309 0.96576 0.99471 0.87584 0.98136 0.90175   75   25   25   50   50
   38  0.00000 0.34180 0.96630 0.95589 0.98083 0.00000 0.30059 0.87303 0.96630 0.99756 0.87116 0.98176 0.90189   75   25   25   50   75
   39  0.00000 0.34180 0.96630 0.95589 0.98083 0.00000 0.30059 0.87303 0.96630 0.99756 0.87116 0.98176 0.90189   75   25   25   50  100
   40  0.00000 0.31326 0.96310 0.95370 0.98072 0.00000 0.30142 0.87659 0.96310 0.98978 0.88875 0.98024 0.90280   75   25   25   75    1
   41  0.00000 0.31286 0.96330 0.95414 0.97850 0.00000 0.30160 0.87001 0.96330 0.98899 0.88578 0.98042 0.90324   75   25   25   75   25
   42  0.00000 0.31227 0.96345 0.95444 0.98045 0.00000 0.30158 0.86470 0.96345 0.99821 0.88496 0.98056 0.90284   75   25   25   75   50
   43  0.00000 0.31281 0.96338 0.95599 0.98024 0.00000 0.30183 0.87111 0.96338 0.99654 0.89794 0.98046 0.90295   75   25   25   75   75
   44  0.00000 0.31281 0.96338 0.95599 0.98024 0.00000 0.30183 0.87111 0.96338 0.99654 0.89794 0.98046 0.90295   75   25   25   75  100
   45  0.00000 0.28730 0.96102 0.95371 0.98191 0.00000 0.30215 0.87188 0.96102 0.99840 0.90234 0.97969 0.90399   75   25   25  100    1
   46  0.00000 0.28986 0.96188 0.95455 0.98354 0.00000 0.30212 0.86901 0.96188 0.99832 0.89293 0.98012 0.90362   75   25   25  100   25
   47  0.00000 0.28951 0.96116 0.95209 0.98095 0.00000 0.30235 0.87390 0.96116 0.99827 0.89415 0.97963 0.90387   75   25   25  100   50
   48  0.00000 0.28928 0.95987 0.95037 0.98123 0.00000 0.30185 0.87752 0.95987 0.99990 0.88108 0.97871 0.90374   75   25   25  100   75
   49  0.00000 0.28928 0.95987 0.95037 0.98123 0.00000 0.30185 0.87752 0.95987 0.99990 0.88108 0.97871 0.90374   75   25   25  100  100
   50  0.10757 0.72494 0.97919 0.95746 0.96951 0.99885 0.28447 0.85744 0.97919 0.99825 0.78860 0.98524 0.88226   75   25   50    1    1
   51  0.10744 0.72840 0.97953 0.95810 0.97053 0.99885 0.28361 0.84844 0.97953 0.99166 0.79817 0.98545 0.88188   75   25   50    1   25
   52  0.10759 0.72652 0.97956 0.95862 0.97464 0.99885 0.28462 0.85501 0.97956 0.99345 0.78613 0.98550 0.88294   75   25   50    1   50
   53  0.10896 0.73153 0.97936 0.95794 0.97502 0.99590 0.28430 0.85892 0.97936 0.99577 0.78968 0.98532 0.88245   75   25   50    1   75
   54  0.10684 0.72978 0.97921 0.95730 0.97763 0.99885 0.28384 0.85374 0.97921 0.99554 0.77945 0.98521 0.88166   75   25   50    1  100
   55  0.10245 0.64905 0.98021 0.96042 0.97526 0.98381 0.29101 0.86623 0.98021 0.99993 0.80842 0.98676 0.88663   75   25   50   25    1
   56  0.10219 0.65240 0.98000 0.96156 0.97824 0.98684 0.29065 0.86130 0.98000 0.99931 0.80324 0.98656 0.88633   75   25   50   25   25
   57  0.10424 0.65227 0.98036 0.96172 0.97802 0.98684 0.29090 0.86422 0.98036 0.99933 0.81478 0.98685 0.88679   75   25   50   25   50
   58  0.10369 0.65100 0.98025 0.96173 0.97942 0.98684 0.29118 0.86410 0.98025 0.99836 0.81050 0.98675 0.88768   75   25   50   25   75
   59  0.10210 0.65320 0.98040 0.96175 0.97412 0.97744 0.29042 0.86896 0.98040 0.99307 0.80998 0.98684 0.88650   75   25   50   25  100
   60  0.09837 0.57037 0.97814 0.96123 0.98263 1.00000 0.29605 0.87511 0.97814 0.99928 0.83858 0.98610 0.89143   75   25   50   50    1
   61  0.09707 0.57047 0.97752 0.96128 0.98156 1.00000 0.29619 0.87027 0.97752 0.99989 0.83337 0.98561 0.89147   75   25   50   50   25
   62  0.09679 0.56676 0.97821 0.96182 0.98519 1.00000 0.29694 0.87018 0.97821 0.99938 0.82915 0.98624 0.89195   75   25   50   50   50
   63  0.09567 0.56857 0.97811 0.96073 0.97882 1.00000 0.29632 0.86372 0.97811 0.99836 0.83218 0.98611 0.89196   75   25   50   50   75
   64  0.09637 0.57370 0.97808 0.95931 0.98062 1.00000 0.29624 0.86312 0.97808 1.00000 0.83061 0.98600 0.89137   75   25   50   50  100
   65  0.08479 0.49913 0.97592 0.96042 0.98306 0.96429 0.30075 0.87247 0.97592 0.99992 0.84601 0.98547 0.89559   75   25   50   75    1
   66  0.08498 0.50189 0.97579 0.96113 0.97994 0.96429 0.30038 0.86997 0.97579 0.99924 0.84995 0.98533 0.89536   75   25   50   75   25
   67  0.08420 0.50288 0.97615 0.96191 0.97998 0.96429 0.30015 0.87222 0.97615 0.99948 0.83776 0.98557 0.89480   75   25   50   75   50
   68  0.08555 0.49839 0.97616 0.96145 0.97769 0.96429 0.30043 0.87346 0.97616 0.99985 0.85822 0.98569 0.89535   75   25   50   75   75
   69  0.08315 0.49769 0.97613 0.96219 0.97963 0.96429 0.30057 0.86138 0.97613 0.99819 0.84574 0.98569 0.89540   75   25   50   75  100
   70  0.07831 0.44421 0.97381 0.96117 0.98049 1.00000 0.30327 0.86978 0.97381 0.99718 0.84758 0.98489 0.89838   75   25   50  100    1
   71  0.08011 0.44641 0.97320 0.96246 0.98402 1.00000 0.30303 0.87162 0.97320 1.00000 0.85661 0.98442 0.89816   75   25   50  100   25
   72  0.07895 0.44676 0.97334 0.96035 0.98228 1.00000 0.30315 0.87094 0.97334 0.99986 0.84722 0.98449 0.89803   75   25   50  100   50
   73  0.07901 0.44819 0.97350 0.96154 0.98066 1.00000 0.30314 0.86883 0.97350 0.99979 0.84766 0.98455 0.89770   75   25   50  100   75
   74  0.07791 0.44543 0.97347 0.96059 0.97624 1.00000 0.30312 0.87560 0.97347 0.99991 0.83879 0.98461 0.89802   75   25   50  100  100
   75  0.09911 0.90448 0.98138 0.94835 0.95149 0.98938 0.26006 0.88894 0.98138 0.96711 0.67415 0.98412 0.85921   75   25   75    1    1
   76  0.09546 0.90133 0.98140 0.94965 0.95559 0.98684 0.26037 0.87959 0.98140 0.97117 0.65217 0.98409 0.86015   75   25   75    1   25
   77  0.10115 0.89496 0.98120 0.94773 0.94655 0.98684 0.25941 0.88757 0.98120 0.97825 0.69617 0.98383 0.85960   75   25   75    1   50
   78  0.09338 0.89063 0.98148 0.94922 0.95872 0.98684 0.25850 0.88354 0.98148 0.97563 0.64375 0.98408 0.85857   75   25   75    1   75
   79  0.10019 0.90013 0.98135 0.94782 0.95217 0.98684 0.25980 0.88671 0.98135 0.98735 0.67449 0.98403 0.85966   75   25   75    1  100
   80  0.12850 0.98642 0.98348 0.95494 0.95880 0.99590 0.27001 0.88996 0.98348 0.99070 0.72527 0.98656 0.86715   75   25   75   25    1
   81  0.12532 0.99683 0.98371 0.95537 0.95437 0.99590 0.26948 0.89646 0.98371 0.98466 0.70328 0.98668 0.86679   75   25   75   25   25
   82  0.13537 0.99992 0.98307 0.95390 0.96813 0.99590 0.26905 0.89264 0.98307 0.98125 0.75686 0.98609 0.86602   75   25   75   25   50
   83  0.13243 0.99101 0.98335 0.95632 0.96297 0.99590 0.26919 0.88941 0.98335 0.98147 0.74964 0.98642 0.86717   75   25   75   25   75
   84  0.12915 0.99717 0.98339 0.95334 0.96446 0.99395 0.26856 0.89416 0.98339 0.98563 0.72421 0.98635 0.86680   75   25   75   25  100
   85  0.12202 0.84469 0.98205 0.95802 0.98058 0.99324 0.27923 0.88827 0.98205 0.99755 0.75102 0.98646 0.87575   75   25   75   50    1
   86  0.11868 0.84924 0.98204 0.95689 0.97162 0.99324 0.27908 0.88281 0.98204 0.99514 0.74129 0.98634 0.87535   75   25   75   50   25
   87  0.11808 0.85525 0.98224 0.95627 0.96787 0.99324 0.27864 0.89208 0.98224 0.97489 0.74519 0.98643 0.87392   75   25   75   50   50
   88  0.12142 0.84617 0.98221 0.95827 0.97299 0.99324 0.27975 0.88822 0.98221 0.98459 0.75957 0.98654 0.87607   75   25   75   50   75
   89  0.12088 0.85211 0.98185 0.95747 0.97583 0.99324 0.27863 0.88690 0.98185 0.96383 0.77073 0.98613 0.87597   75   25   75   50  100
   90  0.10997 0.72878 0.98098 0.95829 0.98272 0.97005 0.28791 0.87866 0.98098 0.97267 0.79996 0.98657 0.88389   75   25   75   75    1
   91  0.10878 0.73222 0.98055 0.95926 0.97402 0.96429 0.28705 0.87825 0.98055 0.98752 0.79190 0.98619 0.88208   75   25   75   75   25
   92  0.11027 0.73153 0.98019 0.95964 0.97603 0.97005 0.28718 0.88739 0.98019 0.99229 0.78426 0.98592 0.88317   75   25   75   75   50
   93  0.11273 0.73217 0.98069 0.95876 0.97961 0.96429 0.28733 0.88628 0.98069 0.98926 0.80663 0.98632 0.88192   75   25   75   75   75
   94  0.10928 0.73170 0.98053 0.95784 0.97524 0.97005 0.28695 0.88253 0.98053 0.99150 0.78397 0.98616 0.88310   75   25   75   75  100
   95  0.10329 0.63632 0.97857 0.95846 0.97724 0.99668 0.29398 0.88439 0.97857 0.98922 0.80652 0.98567 0.88815   75   25   75  100    1
   96  0.10607 0.64288 0.97914 0.95934 0.98190 0.98684 0.29358 0.89124 0.97914 0.99609 0.81144 0.98603 0.88781   75   25   75  100   25
   97  0.10498 0.64159 0.97914 0.95996 0.98074 1.00000 0.29389 0.87995 0.97914 0.98909 0.80960 0.98605 0.88778   75   25   75  100   50
   98  0.10392 0.64174 0.97904 0.95944 0.97922 1.00000 0.29365 0.88088 0.97904 0.97222 0.81761 0.98596 0.88700   75   25   75  100   75
   99  0.10497 0.64585 0.97926 0.95900 0.98313 0.99725 0.29296 0.88395 0.97926 0.98316 0.80931 0.98609 0.88718   75   25   75  100  100
  100  0.06653 0.75614 0.97603 0.93664 0.94487 0.99376 0.24354 0.91052 0.97603 0.94687 0.60394 0.97879 0.84614   75   25  100    1    1
  101  0.05571 0.75049 0.97690 0.93751 0.93396 0.98473 0.24253 0.89823 0.97690 0.94558 0.52828 0.97950 0.84631   75   25  100    1   25
  102  0.05753 0.74296 0.97689 0.93728 0.92928 0.98473 0.24148 0.90691 0.97689 0.95055 0.54865 0.97941 0.84565   75   25  100    1   50
  103  0.06239 0.74796 0.97652 0.93767 0.93824 0.98973 0.24223 0.91097 0.97652 0.97698 0.56265 0.97914 0.84583   75   25  100    1   75
  104  0.06342 0.74945 0.97618 0.93617 0.93673 0.99376 0.24195 0.90419 0.97618 0.96889 0.58065 0.97887 0.84586   75   25  100    1  100
  105  0.09266 0.84351 0.97920 0.94530 0.95952 0.99590 0.25378 0.90681 0.97920 0.96101 0.68423 0.98214 0.85338   75   25  100   25    1
  106  0.09454 0.83674 0.97937 0.94562 0.94960 0.99266 0.25341 0.91390 0.97937 0.96333 0.70661 0.98220 0.85346   75   25  100   25   25
  107  0.09305 0.83375 0.97961 0.94502 0.95564 0.99436 0.25389 0.91195 0.97961 0.97406 0.68421 0.98238 0.85428   75   25  100   25   50
  108  0.09062 0.83228 0.97958 0.94528 0.95173 0.99436 0.25287 0.91490 0.97958 0.91892 0.71077 0.98234 0.85449   75   25  100   25   75
  109  0.09293 0.83007 0.97945 0.94519 0.96041 0.99266 0.25243 0.91415 0.97945 0.96683 0.69097 0.98223 0.85530   75   25  100   25  100
  110  0.12706 0.98315 0.97870 0.94936 0.96690 1.00000 0.26492 0.91238 0.97870 0.97893 0.72982 0.98277 0.86606   75   25  100   50    1
  111  0.12017 0.98442 0.97873 0.94973 0.97179 1.00000 0.26450 0.90656 0.97873 0.96171 0.70321 0.98280 0.86636   75   25  100   50   25
  112  0.11980 0.98536 0.97859 0.94910 0.96792 0.99978 0.26501 0.90479 0.97859 0.95865 0.70609 0.98271 0.86664   75   25  100   50   50
  113  0.12220 0.98103 0.97832 0.94810 0.96710 1.00000 0.26487 0.90776 0.97832 0.93910 0.73907 0.98239 0.86579   75   25  100   50   75
  114  0.11802 0.97370 0.97835 0.94908 0.96714 1.00000 0.26370 0.90718 0.97835 0.96871 0.70029 0.98235 0.86539   75   25  100   50  100
  115  0.11906 0.87507 0.97727 0.95178 0.97593 0.99482 0.27440 0.90258 0.97727 0.97052 0.74731 0.98265 0.87339   75   25  100   75    1
  116  0.11607 0.87864 0.97698 0.94983 0.97336 0.99482 0.27456 0.90091 0.97698 0.98828 0.71710 0.98233 0.87381   75   25  100   75   25
  117  0.11545 0.87476 0.97724 0.94972 0.97321 0.99482 0.27497 0.89875 0.97724 0.98785 0.71619 0.98261 0.87484   75   25  100   75   50
  118  0.12050 0.88049 0.97722 0.94990 0.97203 0.99482 0.27427 0.90556 0.97722 0.97400 0.75072 0.98256 0.87433   75   25  100   75   75
  119  0.11818 0.88733 0.97746 0.94988 0.97193 0.99870 0.27353 0.89686 0.97746 0.95762 0.75074 0.98271 0.87233   75   25  100   75  100
  120  0.10846 0.75688 0.97539 0.95145 0.97666 1.00000 0.28324 0.89861 0.97539 0.95786 0.76748 0.98219 0.88200   75   25  100  100    1
  121  0.10983 0.75791 0.97581 0.95145 0.97880 0.99830 0.28378 0.89374 0.97581 0.97422 0.76439 0.98249 0.88215   75   25  100  100   25
  122  0.11199 0.75657 0.97549 0.95037 0.97741 0.99830 0.28362 0.89225 0.97549 0.97459 0.78494 0.98225 0.88216   75   25  100  100   50
  123  0.11197 0.76054 0.97598 0.95204 0.97500 0.99590 0.28376 0.89700 0.97598 0.98095 0.77317 0.98262 0.88138   75   25  100  100   75
  124  0.10924 0.75763 0.97556 0.95160 0.97768 0.99830 0.28366 0.89517 0.97556 0.95641 0.77539 0.98232 0.88183   75   25  100  100  100
