                                               Cluster
  Run  Product Compare     Pop   Edges Clusters   Size Leesalee  Slope  %Urban   Xmean   Ymean     Rad  Fmatch Diff  Brd Sprd  Slp   RG
    0  0.02404 0.53257 0.95934 0.99220 0.83425 0.99765 0.15770 0.94184 0.95388 0.67402 0.99936 0.97109 0.61480  100    1    1    1    1
    1  0.01737 0.53093 0.95950 0.99229 0.82852 0.99765 0.15853 0.87476 0.95406 0.53990 0.97763 0.97118 0.61287  100    1    1    1   25
    2  0.00000 0.52731 0.95822 0.99198 0.82627 0.00000 0.15907 0.94983 0.95286 0.82268 0.99967 0.97021 0.61352  100    1    1    1   50
    3  0.02289 0.52194 0.95900 0.99226 0.84598 0.99765 0.15635 0.92236 0.95371 0.69000 0.96831 0.97057 0.61217  100    1    1    1   75
    4  0.02597 0.52050 0.95636 0.99080 0.83949 0.99765 0.15713 0.94763 0.95118 0.75341 0.99980 0.96858 0.60835  100    1    1    1  100
    5  0.00000 0.55417 0.96265 0.99385 0.81164 0.00000 0.16709 0.95504 0.95704 0.72390 0.99703 0.97266 0.62250  100    1    1   25    1
    6  0.00000 0.55098 0.96377 0.99448 0.81753 0.00000 0.16651 0.94369 0.95816 0.72053 1.00000 0.97356 0.62353  100    1    1   25   25
    7  0.00000 0.55130 0.96165 0.99357 0.82310 0.00000 0.16857 0.96601 0.95618 0.68472 0.99845 0.97145 0.61602  100    1    1   25   50
    8  0.00000 0.54121 0.96192 0.99352 0.81652 0.00000 0.16610 0.92530 0.95651 0.77917 0.99863 0.97189 0.61687  100    1    1   25   75
    9  0.02516 0.54094 0.96070 0.99296 0.81509 0.99765 0.16742 0.96411 0.95534 0.65361 0.99622 0.97090 0.61518  100    1    1   25  100
   10  0.00000 0.60757 0.97305 0.99788 0.76076 0.00000 0.17611 1.00000 0.96662 0.83079 0.99232 0.98125 0.62823  100    1    1   50    1
   11  0.00000 0.60348 0.97359 0.99791 0.76319 0.00000 0.17732 0.99995 0.96720 0.74038 0.93391 0.98166 0.64122  100    1    1   50   25
   12  0.00000 0.60084 0.97372 0.99789 0.75861 0.00000 0.17727 0.99555 0.96739 0.78232 0.97672 0.98164 0.63020  100    1    1   50   50
   13  0.00000 0.59605 0.97225 0.99734 0.75240 0.00000 0.17625 0.99683 0.96597 0.75013 0.95100 0.98053 0.63257  100    1    1   50   75
   14  0.00000 0.59415 0.97332 0.99786 0.75439 0.00000 0.17512 0.99759 0.96705 0.68109 0.99033 0.98138 0.63160  100    1    1   50  100
   15  0.00000 0.67876 0.97043 0.99702 0.74322 0.00000 0.18549 0.99969 0.96311 0.75272 0.98869 0.97978 0.64277  100    1    1   75    1
   16  0.00000 0.67876 0.97043 0.99702 0.74322 0.00000 0.18549 0.99969 0.96311 0.75272 0.98869 0.97978 0.64277  100    1    1   75   25
   17  0.00000 0.66627 0.97145 0.99738 0.74201 0.00000 0.18577 0.99835 0.96428 0.81046 0.99915 0.98046 0.64872  100    1    1   75   50
   18  0.00000 0.66217 0.97205 0.99751 0.74227 0.00000 0.18639 0.99913 0.96491 0.79612 0.96569 0.98099 0.64750  100    1    1   75   75
   19  0.00000 0.66549 0.97049 0.99695 0.74985 0.00000 0.18513 0.99800 0.96333 0.96293 0.99517 0.97975 0.64355  100    1    1   75  100
   20  0.00000 0.74097 0.96831 0.99638 0.74495 0.00000 0.19363 0.99553 0.96024 0.91756 0.79675 0.97860 0.65630  100    1    1  100    1
   21  0.00000 0.73843 0.96765 0.99619 0.75075 0.00000 0.19297 0.99650 0.95964 0.83644 0.88360 0.97800 0.65302  100    1    1  100   25
   22  0.00000 0.73769 0.96775 0.99604 0.73919 0.00000 0.19464 0.99774 0.95969 0.82793 0.95936 0.97827 0.65608  100    1    1  100   50
   23  0.00000 0.73853 0.96887 0.99616 0.74172 0.00000 0.19544 0.99928 0.96084 0.88280 0.97112 0.97894 0.66072  100    1    1  100   75
   24  0.00000 0.72654 0.96866 0.99627 0.75574 0.00000 0.19454 0.99919 0.96076 0.67801 0.99025 0.97876 0.65245  100    1    1  100  100
   25  0.00018 0.14748 0.99395 0.74326 0.10801 0.99917 0.14587 0.99062 0.99327 0.33461 0.92599 0.98948 0.34633  100    1   25    1    1
   26  0.00061 0.14823 0.99356 0.72667 0.13126 0.99806 0.14767 0.99999 0.99286 0.93290 0.94742 0.98902 0.33780  100    1   25    1   25
   27  0.00038 0.14671 0.99302 0.74181 0.11847 0.99838 0.14583 0.99678 0.99232 0.63377 0.97315 0.98839 0.33452  100    1   25    1   50
   28  0.00049 0.14701 0.99215 0.71379 0.12077 0.99807 0.14554 0.99975 0.99143 0.84619 0.98069 0.98741 0.32745  100    1   25    1   75
   29  0.00041 0.14471 0.99136 0.68372 0.13371 0.99880 0.14355 0.99990 0.99064 0.70072 0.99990 0.98629 0.32217  100    1   25    1  100
   30  0.00015 0.15509 0.99711 0.83835 0.02636 0.99827 0.15676 0.99993 0.99654 0.86044 0.93778 0.99343 0.35080  100    1   25   25    1
   31  0.00026 0.15431 0.99548 0.82231 0.04336 0.99802 0.15580 0.99995 0.99483 0.88257 0.97284 0.99102 0.35873  100    1   25   25   25
   32  0.00013 0.15489 0.99602 0.80754 0.03469 0.99684 0.15759 0.99992 0.99539 0.52415 0.98743 0.99167 0.36350  100    1   25   25   50
   33  0.00008 0.15666 0.99681 0.85775 0.01918 0.99772 0.15805 0.99826 0.99621 0.60868 0.92380 0.99304 0.37045  100    1   25   25   75
   34  0.00012 0.15515 0.99619 0.83143 0.03679 0.99844 0.15755 0.99730 0.99557 0.55287 0.87181 0.99199 0.34828  100    1   25   25  100
   35  0.00012 0.17560 0.99924 0.93853 0.01413 0.99539 0.17190 0.95248 0.99882 0.93164 0.85721 0.99733 0.39342  100    1   25   50    1
   36  0.00009 0.17539 0.99949 0.94350 0.01075 0.99719 0.17242 0.95769 0.99914 0.87977 0.88075 0.99783 0.40260  100    1   25   50   25
   37  0.00002 0.17198 0.99943 0.93088 0.00246 0.99500 0.17428 0.95525 0.99907 0.96422 0.82372 0.99753 0.41050  100    1   25   50   50
   38  0.00011 0.17210 0.99925 0.94065 0.01112 0.99433 0.17185 0.96032 0.99886 0.97105 0.96533 0.99716 0.41023  100    1   25   50   75
   39  0.00002 0.17022 0.99901 0.93299 0.00289 0.99423 0.17001 0.96238 0.99857 0.98093 0.79626 0.99676 0.39875  100    1   25   50  100
   40  0.00197 0.19860 0.99998 0.98037 0.21108 0.99157 0.18953 0.84998 0.99984 0.95621 0.69590 0.99939 0.45220  100    1   25   75    1
   41  0.00157 0.19978 0.99998 0.98277 0.17304 0.99254 0.19165 0.85572 0.99998 0.99956 0.61468 0.99976 0.46170  100    1   25   75   25
   42  0.00067 0.19503 0.99996 0.97168 0.11613 0.99412 0.18601 0.87005 0.99979 0.82998 0.52341 0.99927 0.43922  100    1   25   75   50
   43  0.00143 0.19869 0.99998 0.97647 0.15420 0.99207 0.18951 0.85629 0.99983 0.99654 0.64403 0.99937 0.46308  100    1   25   75   75
   44  0.00093 0.19337 0.99996 0.96985 0.10312 0.99445 0.18692 0.86096 0.99979 0.93414 0.70809 0.99923 0.45565  100    1   25   75  100
   45  0.00370 0.22866 0.99977 0.98107 0.49961 0.98008 0.19904 0.77250 0.99938 0.96540 0.45802 0.99894 0.49610  100    1   25  100    1
   46  0.00212 0.22869 0.99993 0.98412 0.48944 0.98146 0.20005 0.79234 0.99967 0.56484 0.43070 0.99938 0.50785  100    1   25  100   25
   47  0.00300 0.22775 0.99980 0.98456 0.43647 0.98272 0.19853 0.77841 0.99944 0.96710 0.41431 0.99907 0.50482  100    1   25  100   50
   48  0.00217 0.22478 0.99979 0.97930 0.41712 0.98495 0.19563 0.79785 0.99943 0.68180 0.45403 0.99905 0.49758  100    1   25  100   75
   49  0.00506 0.22421 0.99996 0.98613 0.47544 0.98272 0.19946 0.79711 0.99974 0.98147 0.64338 0.99950 0.48780  100    1   25  100  100
   50  0.00000 0.12226 0.86521 0.00295 0.68542 0.99705 0.10863 0.96900 0.86761 0.85780 0.99933 0.87460 0.25817  100    1   50    1    1
   51  0.00001 0.12196 0.87478 0.00356 0.67174 0.99710 0.10853 0.98985 0.87689 0.94982 0.99901 0.88242 0.25055  100    1   50    1   25
   52  0.00000 0.12131 0.85753 0.00186 0.71103 0.99835 0.10693 0.98379 0.86017 0.96182 0.99895 0.86886 0.24618  100    1   50    1   50
   53  0.00001 0.12184 0.86612 0.00470 0.69778 0.99807 0.11044 0.97919 0.86849 0.94603 0.98213 0.87418 0.26318  100    1   50    1   75
   54  0.00000 0.12211 0.86971 0.00350 0.67447 0.99831 0.10898 0.97442 0.87198 0.80958 0.99650 0.87840 0.25415  100    1   50    1  100
   55  0.00004 0.12209 0.91179 0.02994 0.49949 0.99946 0.11732 0.99262 0.91282 0.89755 0.98628 0.90927 0.25712  100    1   50   25    1
   56  0.00004 0.12269 0.91406 0.03191 0.51556 0.99895 0.11806 0.98764 0.91502 0.96174 0.99421 0.91098 0.25735  100    1   50   25   25
   57  0.00002 0.12244 0.90248 0.01566 0.54075 0.99868 0.11580 0.98787 0.90376 0.99387 0.96918 0.90200 0.26103  100    1   50   25   50
   58  0.00003 0.12186 0.90771 0.02257 0.50627 0.99958 0.11582 0.99570 0.90885 0.95021 0.99847 0.90636 0.26127  100    1   50   25   75
   59  0.00002 0.12236 0.89238 0.01411 0.57292 0.99845 0.11267 0.98701 0.89395 0.88153 0.99781 0.89484 0.26030  100    1   50   25  100
   60  0.00007 0.12415 0.95630 0.06766 0.31682 0.99959 0.12495 0.99711 0.95617 0.99716 0.91229 0.94796 0.26853  100    1   50   50    1
   61  0.00010 0.12447 0.96125 0.10347 0.29024 0.99985 0.12699 0.99716 0.96101 0.99935 0.92877 0.95265 0.26505  100    1   50   50   25
   62  0.00007 0.12405 0.95770 0.08017 0.31097 0.99969 0.12497 0.99737 0.95754 0.96822 0.78304 0.94981 0.27457  100    1   50   50   50
   63  0.00008 0.12405 0.95811 0.08305 0.30294 0.99976 0.12600 0.99932 0.95794 0.99577 0.92533 0.94995 0.26107  100    1   50   50   75
   64  0.00012 0.12464 0.95491 0.11222 0.32371 0.99954 0.12541 0.99833 0.95481 0.97549 0.94190 0.94673 0.26930  100    1   50   50  100
   65  0.00021 0.13189 0.98216 0.35672 0.18095 0.99773 0.13680 0.94780 0.98154 0.99862 0.69639 0.97457 0.29755  100    1   50   75    1
   66  0.00025 0.13309 0.98417 0.35811 0.17370 0.99730 0.13857 0.94668 0.98353 0.97487 0.81067 0.97681 0.31395  100    1   50   75   25
   67  0.00020 0.13217 0.98245 0.28200 0.18846 0.99773 0.13718 0.94186 0.98183 0.96300 0.79037 0.97486 0.30400  100    1   50   75   50
   68  0.00021 0.13222 0.98050 0.30389 0.18115 0.99762 0.13586 0.95507 0.97989 0.99913 0.80368 0.97288 0.29287  100    1   50   75   75
   69  0.00018 0.13150 0.98212 0.32396 0.15931 0.99873 0.13585 0.94677 0.98150 0.99863 0.74854 0.97488 0.29080  100    1   50   75  100
   70  0.00029 0.14641 0.98913 0.60934 0.11583 0.98649 0.14854 0.86531 0.98838 0.99757 0.65244 0.98323 0.35438  100    1   50  100    1
   71  0.00037 0.14191 0.98906 0.51675 0.18372 0.99011 0.14432 0.87604 0.98834 0.98274 0.70132 0.98302 0.32812  100    1   50  100   25
   72  0.00025 0.14386 0.99205 0.60767 0.09369 0.99274 0.14743 0.88310 0.99136 0.98982 0.75304 0.98681 0.33257  100    1   50  100   50
   73  0.00034 0.14333 0.99069 0.60499 0.12598 0.99016 0.14537 0.88509 0.98998 0.99504 0.76585 0.98508 0.33070  100    1   50  100   75
   74  0.00031 0.14381 0.99014 0.57868 0.13443 0.98846 0.14521 0.87736 0.98941 0.99716 0.71387 0.98467 0.32298  100    1   50  100  100
   75  0.00005 0.12042 0.68617 0.08869 0.93503 0.95528 0.09186 0.87272 0.69438 0.65681 0.99898 0.74623 0.25910  100    1   75    1    1
   76  0.00004 0.12003 0.69176 0.05921 0.92941 0.96622 0.09200 0.87546 0.69977 0.89171 0.96152 0.75015 0.24823  100    1   75    1   25
   77  0.00006 0.11951 0.69691 0.08874 0.92876 0.97420 0.09147 0.90099 0.70479 0.82604 0.97729 0.75410 0.24948  100    1   75    1   50
   78  0.00006 0.11946 0.68557 0.10698 0.94039 0.96508 0.09084 0.88155 0.69379 0.83087 0.92265 0.74588 0.24852  100    1   75    1   75
   79  0.00009 0.11980 0.68259 0.20046 0.93639 0.96387 0.09085 0.88876 0.69092 0.66085 0.92202 0.74377 0.24900  100    1   75    1  100
   80  0.00001 0.12039 0.73858 0.01057 0.87419 0.97888 0.09685 0.91517 0.74503 0.77765 0.98859 0.78282 0.25168  100    1   75   25    1
   81  0.00001 0.12106 0.71699 0.00858 0.90322 0.96625 0.09620 0.90252 0.72412 0.76803 0.96350 0.76716 0.25357  100    1   75   25   25
   82  0.00000 0.12031 0.75463 0.00042 0.84644 0.98829 0.09774 0.92440 0.76057 0.84851 0.83245 0.79428 0.25842  100    1   75   25   50
   83  0.00001 0.11997 0.73648 0.00879 0.86812 0.98885 0.09642 0.91876 0.74298 0.80567 0.99954 0.78131 0.24438  100    1   75   25   75
   84  0.00000 0.12039 0.72665 0.00159 0.89156 0.97316 0.09633 0.90439 0.73346 0.81476 0.99873 0.77412 0.24790  100    1   75   25  100
   85  0.00003 0.12119 0.82411 0.02286 0.69143 0.99381 0.10500 0.96909 0.82781 0.92253 0.99107 0.84362 0.25205  100    1   75   50    1
   86  0.00001 0.12162 0.79394 0.01378 0.77167 0.98770 0.10347 0.94851 0.79860 0.75592 0.99367 0.82125 0.25438  100    1   75   50   25
   87  0.00002 0.12087 0.83316 0.01426 0.68771 0.99542 0.10365 0.96312 0.83659 0.96623 0.99134 0.85162 0.25767  100    1   75   50   50
   88  0.00002 0.12068 0.80721 0.02087 0.75140 0.99182 0.10355 0.93522 0.81144 0.80559 0.96926 0.83105 0.25180  100    1   75   50   75
   89  0.00001 0.12077 0.82128 0.00548 0.72616 0.99511 0.10278 0.96187 0.82509 0.79167 0.99991 0.84241 0.25273  100    1   75   50  100
   90  0.00008 0.12306 0.90606 0.06804 0.47549 0.99767 0.11266 1.00000 0.90722 0.94391 0.95237 0.90721 0.25793  100    1   75   75    1
   91  0.00011 0.12270 0.90052 0.08125 0.50134 0.99756 0.11260 0.99995 0.90185 0.99059 0.98230 0.90224 0.26830  100    1   75   75   25
   92  0.00011 0.12163 0.92741 0.09756 0.42303 0.99945 0.11485 0.99879 0.92798 0.94273 0.97859 0.92456 0.26215  100    1   75   75   50
   93  0.00008 0.12208 0.90338 0.06389 0.47492 0.99772 0.11069 0.99984 0.90462 0.99523 0.95276 0.90569 0.26155  100    1   75   75   75
   94  0.00011 0.12150 0.91081 0.09505 0.44988 0.99898 0.11102 0.99945 0.91183 0.94376 0.98197 0.91178 0.26432  100    1   75   75  100
   95  0.00026 0.12363 0.96434 0.28154 0.31669 0.99925 0.11988 0.95387 0.96400 0.99809 0.87519 0.95845 0.26673  100    1   75  100    1
   96  0.00019 0.12362 0.94757 0.17776 0.41336 0.99817 0.11799 0.96286 0.94761 0.99984 0.81421 0.94233 0.27010  100    1   75  100   25
   97  0.00025 0.12531 0.96169 0.25558 0.33642 0.99811 0.12122 0.95336 0.96139 0.99998 0.81718 0.95592 0.28232  100    1   75  100   50
   98  0.00022 0.12349 0.95904 0.23352 0.32752 0.99896 0.11770 0.96415 0.95880 0.99976 0.86627 0.95396 0.26963  100    1   75  100   75
   99  0.00018 0.12330 0.95707 0.20048 0.34078 0.99897 0.11698 0.96907 0.95687 0.96098 0.84655 0.95232 0.26200  100    1   75  100  100
  100  0.00018 0.11898 0.59771 0.99735 0.98053 0.76316 0.08264 0.80368 0.60924 0.53451 0.92809 0.68277 0.25050  100    1  100    1    1
  101  0.00016 0.11882 0.59583 0.99144 0.98051 0.76814 0.08265 0.79884 0.60739 0.55105 0.82906 0.68132 0.24030  100    1  100    1   25
  102  0.00015 0.11942 0.59182 0.96032 0.98245 0.72076 0.08285 0.79845 0.60353 0.48702 0.94380 0.67826 0.24733  100    1  100    1   50
  103  0.00013 0.11912 0.59267 0.94354 0.98347 0.65301 0.08229 0.79822 0.60444 0.49557 0.92383 0.67903 0.24543  100    1  100    1   75
  104  0.00013 0.11967 0.58842 0.92897 0.98410 0.60106 0.08222 0.78744 0.60045 0.58921 0.88643 0.67594 0.25267  100    1  100    1  100
  105  0.00008 0.11965 0.64485 0.23718 0.95610 0.91246 0.08760 0.83738 0.65451 0.65617 0.95547 0.71706 0.24377  100    1  100   25    1
  106  0.00007 0.11905 0.63873 0.23616 0.96289 0.91598 0.08671 0.82905 0.64856 0.56139 0.94250 0.71256 0.24725  100    1  100   25   25
  107  0.00004 0.11915 0.64994 0.08476 0.94898 0.94895 0.08753 0.85260 0.65940 0.94542 0.90317 0.72072 0.24272  100    1  100   25   50
  108  0.00022 0.11999 0.62287 0.68484 0.96867 0.81520 0.08706 0.82524 0.63319 0.68950 0.98886 0.70090 0.25570  100    1  100   25   75
  109  0.00005 0.11919 0.63655 0.16640 0.96096 0.90872 0.08720 0.82660 0.64641 0.60747 0.94256 0.71083 0.24935  100    1  100   25  100
  110  0.00001 0.12022 0.72655 0.01593 0.86231 0.97518 0.09518 0.90277 0.73342 0.95016 0.99833 0.77476 0.25475  100    1  100   50    1
  111  0.00002 0.12002 0.72986 0.02450 0.86412 0.97632 0.09494 0.91145 0.73664 0.93035 0.97093 0.77738 0.25063  100    1  100   50   25
  112  0.00000 0.12057 0.69131 0.00357 0.91531 0.94743 0.09242 0.86019 0.69936 0.63908 0.95044 0.74987 0.25540  100    1  100   50   50
  113  0.00000 0.12009 0.70585 0.00677 0.89560 0.95831 0.09356 0.88850 0.71339 0.58162 0.97808 0.76008 0.24463  100    1  100   50   75
  114  0.00001 0.11983 0.68898 0.01203 0.90412 0.96465 0.09042 0.87529 0.69720 0.74408 0.97016 0.74892 0.25265  100    1  100   50  100
  115  0.00006 0.12013 0.80367 0.06361 0.72539 0.99364 0.09820 0.96212 0.80810 0.93124 0.98324 0.83155 0.24560  100    1  100   75    1
  116  0.00006 0.11993 0.81093 0.05428 0.70761 0.99373 0.09818 0.96683 0.81512 0.98438 0.96390 0.83714 0.25150  100    1  100   75   25
  117  0.00007 0.11957 0.80172 0.07974 0.72574 0.99488 0.09757 0.96262 0.80620 0.86464 0.99169 0.82997 0.24995  100    1  100   75   50
  118  0.00004 0.12027 0.80665 0.04947 0.67645 0.99534 0.09736 0.95857 0.81099 0.87304 0.99846 0.83444 0.24995  100    1  100   75   75
  119  0.00003 0.12050 0.78791 0.03222 0.73239 0.98926 0.09619 0.94314 0.79290 0.84653 0.99050 0.82076 0.24585  100    1  100   75  100
  120  0.00018 0.12105 0.89393 0.16185 0.51364 0.99816 0.10450 1.00000 0.89544 0.94939 0.95182 0.90079 0.25747  100    1  100  100    1
  121  0.00014 0.12110 0.88235 0.11467 0.56144 0.99563 0.10298 0.99883 0.88422 0.96521 0.98549 0.89213 0.25758  100    1  100  100   25
  122  0.00022 0.12076 0.88913 0.20458 0.52356 0.99822 0.10315 0.99928 0.89078 0.90231 0.97508 0.89756 0.26505  100    1  100  100   50
  123  0.00020 0.12015 0.89186 0.20339 0.50032 0.99907 0.10224 0.99814 0.89343 0.90551 0.99683 0.90013 0.24827  100    1  100  100   75
  124  0.00016 0.12091 0.86241 0.13455 0.60476 0.99558 0.10122 0.99622 0.86492 0.96467 0.99509 0.87660 0.26000  100    1  100  100  100
  125  0.01145 0.35196 0.95564 0.98593 0.98074 0.98008 0.13524 0.92589 0.95241 0.61240 0.92299 0.96691 0.55128  100   25    1    1    1
  126  0.01015 0.35275 0.95569 0.98632 0.98427 0.98008 0.13513 0.84979 0.95247 0.53709 0.99812 0.96685 0.55808  100   25    1    1   25
  127  0.00859 0.34133 0.95077 0.98287 0.98636 0.99765 0.13554 0.91780 0.94781 0.43716 0.98799 0.96323 0.55820  100   25    1    1   50
  128  0.01096 0.33940 0.94760 0.98173 0.98987 0.99765 0.13548 0.87493 0.94477 0.59087 0.99927 0.96091 0.55308  100   25    1    1   75
  129  0.01416 0.33641 0.94882 0.98213 0.98062 0.99765 0.13520 0.95300 0.94596 0.72501 0.98741 0.96202 0.54997  100   25    1    1  100
  130  0.01318 0.36587 0.95653 0.98735 0.95948 0.85349 0.14183 0.92262 0.95326 0.69015 0.98645 0.96654 0.56760  100   25    1   25    1
  131  0.01582 0.36421 0.95479 0.98556 0.96762 0.98008 0.14078 0.94825 0.95162 0.70644 0.99999 0.96492 0.56225  100   25    1   25   25
  132  0.01465 0.35187 0.95422 0.98497 0.97642 0.99765 0.13897 0.94836 0.95119 0.66799 0.99877 0.96450 0.56385  100   25    1   25   50
  133  0.01064 0.34840 0.95395 0.98445 0.96879 0.99765 0.14001 0.91180 0.95093 0.50962 0.99822 0.96464 0.56458  100   25    1   25   75
  134  0.01457 0.34552 0.95238 0.98361 0.96819 0.99765 0.13982 0.94185 0.94944 0.68841 0.99951 0.96346 0.56235  100   25    1   25  100
  135  0.01868 0.39115 0.96996 0.99477 0.90593 0.99765 0.14872 0.99919 0.96613 0.71461 0.94025 0.97714 0.58108  100   25    1   50    1
  136  0.02409 0.38823 0.97212 0.99534 0.92279 0.98008 0.15094 0.99993 0.96832 0.87600 0.98656 0.97880 0.57358  100   25    1   50   25
  137  0.02293 0.37899 0.96942 0.99376 0.91094 0.99765 0.15161 0.99972 0.96575 0.86309 0.96998 0.97651 0.57760  100   25    1   50   50
  138  0.01926 0.37202 0.96620 0.99202 0.92552 0.99765 0.14692 0.98988 0.96262 0.74569 0.99291 0.97424 0.57938  100   25    1   50   75
  139  0.01932 0.36994 0.96542 0.99166 0.92459 0.99765 0.14939 0.99983 0.96185 0.75097 0.96821 0.97379 0.58135  100   25    1   50  100
  140  0.02625 0.43505 0.97692 0.99798 0.84470 0.98008 0.15990 0.97863 0.97257 0.88520 0.94727 0.98312 0.59583  100   25    1   75    1
  141  0.02638 0.42981 0.97507 0.99701 0.83726 0.98008 0.15918 0.96746 0.97078 0.90809 0.95687 0.98151 0.60330  100   25    1   75   25
  142  0.02425 0.41837 0.97382 0.99658 0.84575 0.99765 0.15872 0.97814 0.96962 0.83610 0.98103 0.98064 0.58465  100   25    1   75   50
  143  0.02445 0.40760 0.97537 0.99701 0.87170 0.99765 0.15763 0.98651 0.97124 0.81455 0.99048 0.98222 0.59253  100   25    1   75   75
  144  0.02225 0.40848 0.97444 0.99647 0.85348 0.99765 0.15844 0.98788 0.97031 0.76732 0.97516 0.98138 0.59073  100   25    1   75  100
  145  0.02927 0.47948 0.97193 0.99598 0.81498 0.99765 0.16639 0.98719 0.96703 0.86639 0.93683 0.97958 0.61418  100   25    1  100    1
  146  0.02936 0.48107 0.97163 0.99574 0.82728 0.99765 0.16571 0.98137 0.96669 0.85306 0.94223 0.97942 0.61768  100   25    1  100   25
  147  0.02713 0.46414 0.97010 0.99546 0.82821 0.99765 0.16771 0.97995 0.96535 0.87197 0.88284 0.97828 0.61305  100   25    1  100   50
  148  0.02970 0.45462 0.97242 0.99630 0.82727 0.99765 0.16631 0.98566 0.96770 0.90365 0.94993 0.98033 0.61215  100   25    1  100   75
  149  0.02480 0.45233 0.97227 0.99637 0.81139 0.99765 0.16599 0.96930 0.96757 0.79765 0.93543 0.98031 0.61413  100   25    1  100  100
  150  0.00009 0.12468 0.83309 0.07505 0.84761 0.98968 0.09441 0.96903 0.83664 0.77249 0.99882 0.85750 0.26390  100   25   25    1    1
  151  0.00008 0.12449 0.83260 0.06442 0.84746 0.98924 0.09575 0.95575 0.83616 0.88108 0.97896 0.85669 0.26287  100   25   25    1   25
  152  0.00012 0.12494 0.82445 0.09862 0.84867 0.98518 0.09434 0.96995 0.82833 0.84465 0.99997 0.85155 0.26635  100   25   25    1   50
  153  0.00016 0.12490 0.82096 0.11806 0.86131 0.98459 0.09309 0.96408 0.82498 0.92447 0.99928 0.84938 0.26790  100   25   25    1   75
  154  0.00011 0.12405 0.82991 0.09574 0.85404 0.98784 0.09348 0.96050 0.83360 0.76540 0.99904 0.85601 0.26333  100   25   25    1  100
  155  0.00000 0.12559 0.86979 0.00175 0.75872 0.99326 0.10161 0.96389 0.87206 0.80110 0.98954 0.88247 0.26805  100   25   25   25    1
  156  0.00000 0.12492 0.86433 0.00258 0.77623 0.99409 0.10014 0.95524 0.86679 0.65079 0.99211 0.87854 0.26180  100   25   25   25   25
  157  0.00002 0.12453 0.86183 0.01619 0.77359 0.99540 0.09990 0.95102 0.86437 0.88399 0.99266 0.87709 0.26243  100   25   25   25   50
  158  0.00001 0.12526 0.85997 0.01156 0.76933 0.99429 0.09947 0.95970 0.86257 0.81500 0.99787 0.87620 0.26610  100   25   25   25   75
  159  0.00003 0.12511 0.85721 0.02270 0.79613 0.99181 0.09836 0.95586 0.85991 0.83493 0.99996 0.87476 0.27472  100   25   25   25  100
  160  0.00001 0.12563 0.92406 0.00594 0.56206 0.99837 0.10868 0.99072 0.92466 0.88923 0.98577 0.92437 0.26530  100   25   25   50    1
  161  0.00000 0.12621 0.91829 0.00256 0.58931 0.99700 0.10855 0.98973 0.91905 0.92195 0.98325 0.91960 0.27477  100   25   25   50   25
  162  0.00001 0.12625 0.91699 0.00660 0.58683 0.99729 0.10719 0.98982 0.91778 0.83885 0.96355 0.91870 0.27112  100   25   25   50   50
  163  0.00000 0.12547 0.91500 0.00029 0.61673 0.99719 0.10618 0.98640 0.91585 0.81151 0.97499 0.91745 0.26972  100   25   25   50   75
  164  0.00001 0.12540 0.91616 0.00474 0.60269 0.99871 0.10588 0.98254 0.91697 0.86192 0.98788 0.91879 0.27405  100   25   25   50  100
  165  0.00013 0.13194 0.95683 0.09317 0.41266 0.99647 0.11571 0.99147 0.95654 0.93017 0.90831 0.95314 0.29730  100   25   25   75    1
  166  0.00013 0.13187 0.95609 0.09634 0.42842 0.99615 0.11469 0.99206 0.95580 0.92419 0.91287 0.95275 0.29243  100   25   25   75   25
  167  0.00013 0.13135 0.96104 0.10646 0.38363 0.99704 0.11421 0.99486 0.96065 0.84249 0.94933 0.95757 0.29118  100   25   25   75   50
  168  0.00009 0.13047 0.95588 0.07810 0.39056 0.99671 0.11332 0.99651 0.95560 0.89461 0.93489 0.95301 0.28552  100   25   25   75   75
  169  0.00012 0.13141 0.95467 0.08280 0.43029 0.99577 0.11329 0.99843 0.95440 0.89241 0.96705 0.95206 0.29438  100   25   25   75  100
  170  0.00047 0.14160 0.97885 0.35537 0.32564 0.99132 0.12263 0.93277 0.97808 0.99800 0.83414 0.97490 0.32833  100   25   25  100    1
  171  0.00048 0.14024 0.97829 0.35452 0.33443 0.99305 0.12215 0.93998 0.97753 0.96647 0.86478 0.97453 0.32765  100   25   25  100   25
  172  0.00062 0.14149 0.97800 0.43593 0.33964 0.99098 0.12397 0.93114 0.97724 0.98918 0.86435 0.97428 0.32515  100   25   25  100   50
  173  0.00043 0.14056 0.97856 0.38915 0.30046 0.99322 0.12330 0.93358 0.97779 0.91912 0.81918 0.97510 0.32790  100   25   25  100   75
  174  0.00045 0.13949 0.98015 0.40142 0.29002 0.99402 0.12144 0.94335 0.97937 0.94189 0.86527 0.97685 0.32150  100   25   25  100  100
  175  0.00004 0.12053 0.56137 0.69410 0.99142 0.36023 0.07703 0.75828 0.57634 0.42925 0.92849 0.65525 0.25192  100   25   50    1    1
  176  0.00004 0.12078 0.56160 0.69545 0.99160 0.35396 0.07739 0.75912 0.57646 0.46252 0.92666 0.65543 0.25877  100   25   50    1   25
  177  0.00003 0.12080 0.55847 0.68517 0.99215 0.31820 0.07714 0.75398 0.57364 0.43012 0.92480 0.65292 0.24915  100   25   50    1   50
  178  0.00004 0.11980 0.56507 0.70784 0.99040 0.39766 0.07683 0.76145 0.57986 0.45423 0.92963 0.65826 0.24827  100   25   50    1   75
  179  0.00003 0.12014 0.55822 0.68697 0.99189 0.34067 0.07631 0.75174 0.57367 0.43816 0.92352 0.65274 0.25142  100   25   50    1  100
  180  0.00009 0.12130 0.58269 0.78085 0.98701 0.53859 0.08021 0.78427 0.59578 0.48669 0.94418 0.67188 0.25837  100   25   50   25    1
  181  0.00008 0.12092 0.57964 0.77664 0.98731 0.53489 0.08008 0.78044 0.59270 0.48467 0.94155 0.66947 0.24843  100   25   50   25   25
  182  0.00008 0.12111 0.58006 0.77377 0.98861 0.49724 0.08009 0.77807 0.59324 0.48839 0.92612 0.66983 0.25128  100   25   50   25   50
  183  0.00009 0.12069 0.58593 0.79967 0.98830 0.52453 0.08037 0.78548 0.59881 0.48110 0.93648 0.67438 0.25520  100   25   50   25   75
  184  0.00010 0.12045 0.58627 0.79032 0.98601 0.60583 0.07910 0.78738 0.59950 0.51642 0.93401 0.67483 0.24505  100   25   50   25  100
  185  0.00032 0.12078 0.64809 0.99989 0.96522 0.83672 0.08576 0.84409 0.65800 0.60598 0.95714 0.72030 0.25273  100   25   50   50    1
  186  0.00029 0.12121 0.63890 0.99998 0.96595 0.84401 0.08569 0.83705 0.64913 0.56843 0.94742 0.71349 0.25543  100   25   50   50   25
  187  0.00027 0.12140 0.63263 0.99038 0.96628 0.82587 0.08486 0.82689 0.64318 0.56993 0.95043 0.70905 0.25567  100   25   50   50   50
  188  0.00022 0.12141 0.62032 0.95654 0.97208 0.80333 0.08387 0.81311 0.63139 0.53192 0.94206 0.70002 0.25493  100   25   50   50   75
  189  0.00024 0.12149 0.62553 0.95903 0.96980 0.80679 0.08382 0.81509 0.63656 0.57618 0.96017 0.70422 0.25297  100   25   50   50  100
  190  0.00043 0.12211 0.71853 0.73029 0.90670 0.94231 0.08979 0.90366 0.72607 0.66372 0.98549 0.77197 0.26195  100   25   50   75    1
  191  0.00040 0.12229 0.70834 0.75594 0.91634 0.93854 0.09006 0.89505 0.71616 0.61862 0.98895 0.76401 0.26412  100   25   50   75   25
  192  0.00041 0.12172 0.72386 0.75594 0.89615 0.95574 0.08962 0.90081 0.73121 0.64839 0.96005 0.77598 0.25433  100   25   50   75   50
  193  0.00051 0.12243 0.71040 0.84464 0.90870 0.92916 0.08960 0.89765 0.71819 0.72165 0.96816 0.76581 0.26625  100   25   50   75   75
  194  0.00037 0.12192 0.70183 0.76279 0.92734 0.92137 0.08832 0.88497 0.70997 0.62027 0.97357 0.75997 0.26255  100   25   50   75  100
  195  0.00028 0.12242 0.83500 0.25684 0.71538 0.98951 0.09583 0.98555 0.83846 0.87131 0.99998 0.85783 0.25580  100   25   50  100    1
  196  0.00036 0.12227 0.81682 0.35826 0.76333 0.98570 0.09426 0.97621 0.82091 0.79725 0.99993 0.84441 0.26138  100   25   50  100   25
  197  0.00034 0.12261 0.81318 0.32472 0.77740 0.98245 0.09344 0.97558 0.81742 0.83316 0.99993 0.84213 0.26438  100   25   50  100   50
  198  0.00033 0.12235 0.80838 0.32117 0.78633 0.98186 0.09336 0.96952 0.81279 0.81383 0.98983 0.83876 0.26978  100   25   50  100   75
  199  0.00033 0.12256 0.80385 0.33178 0.79919 0.97907 0.09308 0.96640 0.80843 0.81014 0.99634 0.83542 0.26305  100   25   50  100  100
  200  0.00003 0.11930 0.55745 0.67727 0.99183 0.32577 0.07152 0.75166 0.57936 0.42855 0.92382 0.65227 0.24620  100   25   75    1    1
  201  0.00003 0.11948 0.55733 0.67742 0.99215 0.31066 0.07136 0.75084 0.57968 0.43068 0.92068 0.65217 0.23710  100   25   75    1   25
  202  0.00003 0.11927 0.55682 0.67728 0.99207 0.31154 0.07130 0.75089 0.57932 0.42477 0.92151 0.65173 0.25345  100   25   75    1   50
  203  0.00003 0.11934 0.55712 0.67837 0.99215 0.30436 0.07145 0.75182 0.57950 0.43202 0.92622 0.65199 0.24230  100   25   75    1   75
  204  0.00003 0.11975 0.55762 0.67561 0.99276 0.27988 0.07132 0.74983 0.58090 0.42783 0.92389 0.65243 0.25398  100   25   75    1  100
  205  0.00003 0.11987 0.55672 0.67701 0.99186 0.32623 0.07349 0.75297 0.57509 0.42727 0.92303 0.65158 0.25030  100   25   75   25    1
  206  0.00003 0.11926 0.55618 0.67618 0.99201 0.32393 0.07321 0.75346 0.57450 0.42547 0.92127 0.65113 0.24968  100   25   75   25   25
  207  0.00003 0.11959 0.55677 0.67595 0.99212 0.31224 0.07292 0.75250 0.57603 0.43619 0.92549 0.65164 0.25720  100   25   75   25   50
  208  0.00003 0.11911 0.55640 0.67670 0.99206 0.31124 0.07255 0.75353 0.57574 0.43063 0.92383 0.65133 0.24445  100   25   75   25   75
  209  0.00003 0.11954 0.55693 0.67851 0.99243 0.29969 0.07271 0.75357 0.57654 0.43111 0.92469 0.65178 0.25020  100   25   75   25  100
  210  0.00003 0.11925 0.55593 0.67800 0.99266 0.29014 0.07615 0.75424 0.57117 0.42597 0.92411 0.65087 0.25130  100   25   75   50    1
  211  0.00003 0.12009 0.55591 0.67593 0.99209 0.31896 0.07655 0.75412 0.57123 0.42556 0.92395 0.65085 0.25495  100   25   75   50   25
  212  0.00003 0.11900 0.55590 0.67872 0.99226 0.31078 0.07583 0.75383 0.57131 0.42840 0.92430 0.65085 0.24837  100   25   75   50   50
  213  0.00003 0.11960 0.55598 0.67729 0.99235 0.30446 0.07585 0.75427 0.57174 0.42753 0.92386 0.65092 0.24637  100   25   75   50   75
  214  0.00003 0.11980 0.55618 0.67679 0.99211 0.31550 0.07562 0.75473 0.57219 0.42623 0.92441 0.65109 0.24875  100   25   75   50  100
  215  0.00008 0.12040 0.58090 0.74523 0.98455 0.54487 0.07998 0.77942 0.59387 0.46712 0.93205 0.67043 0.24995  100   25   75   75    1
  216  0.00008 0.12003 0.58162 0.77631 0.98440 0.57687 0.08004 0.78110 0.59444 0.46578 0.93104 0.67095 0.24972  100   25   75   75   25
  217  0.00007 0.12022 0.57766 0.75427 0.98719 0.52346 0.07986 0.77528 0.59074 0.45761 0.93435 0.66790 0.24663  100   25   75   75   50
  218  0.00009 0.11928 0.58069 0.77089 0.98390 0.61459 0.07828 0.77729 0.59414 0.46929 0.93103 0.67050 0.25235  100   25   75   75   75
  219  0.00008 0.11975 0.58426 0.76001 0.98563 0.56551 0.07924 0.78088 0.59729 0.47942 0.93148 0.67315 0.24647  100   25   75   75  100
  220  0.00033 0.12111 0.65796 0.95571 0.94009 0.86324 0.08358 0.85178 0.66811 0.62347 0.95461 0.72923 0.25935  100   25   75  100    1
  221  0.00025 0.12089 0.63836 0.94903 0.95314 0.84128 0.08222 0.83171 0.64926 0.56382 0.94166 0.71456 0.25488  100   25   75  100   25
  222  0.00027 0.12030 0.64683 0.95120 0.95617 0.84990 0.08202 0.83888 0.65740 0.58643 0.95170 0.72100 0.24557  100   25   75  100   50
  223  0.00025 0.12055 0.65115 0.94650 0.95314 0.82904 0.08221 0.83893 0.66167 0.55566 0.94694 0.72446 0.24715  100   25   75  100   75
  224  0.00029 0.11999 0.65552 0.91544 0.93464 0.90989 0.08120 0.84374 0.66606 0.58785 0.95094 0.72831 0.25148  100   25   75  100  100
  225  0.00003 0.11782 0.55731 0.67620 0.99201 0.31804 0.06849 0.75018 0.59100 0.40412 0.92491 0.65225 0.24485  100   25  100    1    1
  226  0.00003 0.11837 0.55707 0.67580 0.99198 0.30779 0.06882 0.75135 0.59006 0.41060 0.92807 0.65204 0.24688  100   25  100    1   25
  227  0.00003 0.11819 0.55801 0.67712 0.99256 0.30248 0.06862 0.75115 0.59207 0.42940 0.92450 0.65289 0.23975  100   25  100    1   50
  228  0.00002 0.11800 0.55779 0.67718 0.99233 0.29929 0.06833 0.75293 0.59262 0.42468 0.92569 0.65269 0.23587  100   25  100    1   75
  229  0.00003 0.11846 0.55777 0.67546 0.99202 0.31511 0.06892 0.75061 0.59053 0.42592 0.91946 0.65267 0.24445  100   25  100    1  100
  230  0.00003 0.11865 0.55627 0.67538 0.99196 0.31493 0.07005 0.75351 0.58231 0.42824 0.92571 0.65128 0.24130  100   25  100   25    1
  231  0.00003 0.11930 0.55674 0.67413 0.99207 0.31180 0.07001 0.75346 0.58505 0.42534 0.92496 0.65171 0.24885  100   25  100   25   25
  232  0.00003 0.11860 0.55708 0.67666 0.99178 0.32122 0.06979 0.75324 0.58468 0.42844 0.92454 0.65200 0.24358  100   25  100   25   50
  233  0.00003 0.11846 0.55706 0.67620 0.99172 0.33133 0.06937 0.75344 0.58566 0.42733 0.92528 0.65199 0.24403  100   25  100   25   75
  234  0.00003 0.11836 0.55696 0.67559 0.99173 0.32637 0.06940 0.75381 0.58539 0.42501 0.92319 0.65191 0.24287  100   25  100   25  100
  235  0.00003 0.11915 0.55572 0.67428 0.99235 0.30045 0.07268 0.75418 0.57514 0.42766 0.92436 0.65075 0.24598  100   25  100   50    1
  236  0.00003 0.11911 0.55581 0.67671 0.99198 0.32446 0.07229 0.75389 0.57595 0.42768 0.92440 0.65083 0.24487  100   25  100   50   25
  237  0.00003 0.11910 0.55565 0.67181 0.99179 0.32525 0.07202 0.75398 0.57631 0.42615 0.92335 0.65070 0.24917  100   25  100   50   50
  238  0.00003 0.11851 0.55611 0.67757 0.99205 0.31336 0.07172 0.75421 0.57643 0.42817 0.92360 0.65109 0.24130  100   25  100   50   75
  239  0.00003 0.11871 0.55589 0.67594 0.99233 0.30601 0.07169 0.75394 0.57672 0.42819 0.92352 0.65091 0.24868  100   25  100   50  100
  240  0.00003 0.11943 0.55578 0.67487 0.99194 0.31895 0.07508 0.75431 0.57212 0.42651 0.92461 0.65076 0.24375  100   25  100   75    1
  241  0.00003 0.11898 0.55551 0.67530 0.99237 0.30529 0.07475 0.75420 0.57182 0.42591 0.92365 0.65055 0.24942  100   25  100   75   25
  242  0.00003 0.11913 0.55587 0.67533 0.99235 0.30095 0.07446 0.75415 0.57265 0.42754 0.92393 0.65085 0.24573  100   25  100   75   50
  243  0.00003 0.11891 0.55561 0.67591 0.99214 0.31393 0.07412 0.75423 0.57254 0.42682 0.92341 0.65064 0.24345  100   25  100   75   75
  244  0.00003 0.11916 0.55546 0.67218 0.99215 0.32915 0.07437 0.75434 0.57222 0.42644 0.92355 0.65051 0.25280  100   25  100   75  100
  245  0.00006 0.11939 0.57433 0.72532 0.98695 0.47559 0.07670 0.77221 0.58872 0.45345 0.92637 0.66569 0.25328  100   25  100  100    1
  246  0.00005 0.11946 0.57238 0.72728 0.98837 0.43286 0.07690 0.76882 0.58676 0.46457 0.92513 0.66413 0.24573  100   25  100  100   25
  247  0.00004 0.11960 0.56403 0.69336 0.99049 0.36652 0.07646 0.76168 0.57903 0.44386 0.92485 0.65744 0.25497  100   25  100  100   50
  248  0.00004 0.11928 0.56355 0.69444 0.99080 0.37238 0.07682 0.76240 0.57811 0.43905 0.92746 0.65700 0.24765  100   25  100  100   75
  249  0.00004 0.11967 0.56019 0.68443 0.99058 0.38344 0.07610 0.75831 0.57548 0.43717 0.92412 0.65433 0.25242  100   25  100  100  100
  250  0.00174 0.27660 0.94695 0.97407 0.60068 0.96282 0.12000 0.81004 0.94481 0.26053 0.99977 0.96013 0.51417  100   50    1    1    1
  251  0.00179 0.27611 0.94812 0.97414 0.47904 0.93298 0.12063 0.93079 0.94593 0.31237 0.95571 0.96121 0.51415  100   50    1    1   25
  252  0.00263 0.27162 0.94604 0.97412 0.58520 0.79078 0.12081 0.93114 0.94393 0.43350 1.00000 0.96004 0.51380  100   50    1    1   50
  253  0.00289 0.26943 0.94196 0.97036 0.57690 0.79078 0.12160 0.90134 0.94003 0.52064 0.98217 0.95690 0.50990  100   50    1    1   75
  254  0.00587 0.26744 0.94344 0.97241 0.56710 0.82119 0.11958 0.94780 0.94142 0.99962 0.99579 0.95849 0.50477  100   50    1    1  100
  255  0.00753 0.28738 0.94718 0.97582 0.84452 0.94691 0.12433 0.94505 0.94505 0.66680 0.97148 0.95895 0.51425  100   50    1   25    1
  256  0.00698 0.28620 0.94844 0.97478 0.76857 0.94691 0.12471 0.93969 0.94628 0.65907 0.99322 0.95994 0.51992  100   50    1   25   25
  257  0.00731 0.28016 0.94295 0.97283 0.79460 0.93298 0.12608 0.91379 0.94107 0.70180 0.99830 0.95545 0.52842  100   50    1   25   50
  258  0.00600 0.27708 0.94028 0.97093 0.83103 0.87583 0.12468 0.90936 0.93850 0.62705 0.99061 0.95386 0.51650  100   50    1   25   75
  259  0.00166 0.27550 0.94332 0.97275 0.83349 0.89393 0.12386 0.93180 0.94140 0.16377 0.99260 0.95667 0.52225  100   50    1   25  100
  260  0.01208 0.30510 0.95993 0.98528 0.98649 0.92098 0.13333 0.98108 0.95728 0.70782 0.99926 0.96844 0.53715  100   50    1   50    1
  261  0.01120 0.30302 0.96074 0.98542 0.99252 0.92098 0.13355 0.99190 0.95808 0.65465 0.99422 0.96919 0.53373  100   50    1   50   25
  262  0.01166 0.29734 0.95944 0.98378 0.97634 0.93561 0.13262 0.98822 0.95686 0.70938 0.99996 0.96820 0.52820  100   50    1   50   50
  263  0.01015 0.29398 0.95514 0.98136 0.97145 0.92098 0.13245 0.96008 0.95270 0.67084 0.99925 0.96503 0.52513  100   50    1   50   75
  264  0.01057 0.29035 0.95083 0.97912 0.94814 0.95577 0.13248 0.96293 0.94858 0.69996 0.99997 0.96147 0.52975  100   50    1   50  100
  265  0.01773 0.33234 0.97564 0.99596 0.95977 0.84037 0.14190 0.98090 0.97238 0.92159 0.99244 0.98189 0.56015  100   50    1   75    1
  266  0.01660 0.32810 0.97658 0.99580 0.98145 0.87583 0.14042 0.98144 0.97338 0.88436 0.95043 0.98261 0.54633  100   50    1   75   25
  267  0.01597 0.31956 0.97544 0.99492 0.98525 0.92098 0.14252 0.98000 0.97234 0.82750 0.91937 0.98159 0.55975  100   50    1   75   50
  268  0.01540 0.31741 0.97254 0.99310 0.99019 0.92098 0.14215 0.99379 0.96945 0.76039 0.98363 0.97941 0.54910  100   50    1   75   75
  269  0.01830 0.31439 0.97358 0.99416 0.99194 0.92098 0.14126 0.99555 0.97045 0.91263 0.99206 0.98074 0.54322  100   50    1   75  100
  270  0.01734 0.36442 0.97700 0.99649 0.92537 0.79078 0.14711 0.96475 0.97329 0.89807 0.93565 0.98376 0.58505  100   50    1  100    1
  271  0.01748 0.36142 0.97640 0.99631 0.93131 0.79078 0.14775 0.96343 0.97278 0.89161 0.97733 0.98288 0.56920  100   50    1  100   25
  272  0.01506 0.34891 0.97605 0.99614 0.93350 0.79078 0.14845 0.94155 0.97259 0.81433 0.96812 0.98244 0.57103  100   50    1  100   50
  273  0.01588 0.34590 0.97404 0.99565 0.94767 0.87583 0.15001 0.98004 0.97057 0.73693 0.96024 0.98106 0.57595  100   50    1  100   75
  274  0.01657 0.34460 0.97488 0.99567 0.93414 0.84037 0.14869 0.97064 0.97142 0.86004 0.94059 0.98182 0.56670  100   50    1  100  100
  275  0.00055 0.12345 0.68983 0.91598 0.96734 0.87796 0.08358 0.92592 0.69913 0.82529 0.95052 0.75420 0.25965  100   50   25    1    1
  276  0.00042 0.12350 0.68067 0.95566 0.97033 0.89631 0.08268 0.88437 0.69042 0.63703 0.97538 0.74759 0.25493  100   50   25    1   25
  277  0.00053 0.12379 0.69141 0.91942 0.96351 0.90326 0.08306 0.90404 0.70076 0.78289 0.97399 0.75580 0.25657  100   50   25    1   50
  278  0.00048 0.12281 0.68279 0.96268 0.97160 0.87729 0.08233 0.87214 0.69254 0.77522 0.97390 0.74952 0.24645  100   50   25    1   75
  279  0.00041 0.12366 0.67003 0.96341 0.97271 0.84622 0.08216 0.88787 0.68027 0.67230 0.96231 0.73967 0.26278  100   50   25    1  100
  280  0.00034 0.12397 0.72073 0.61619 0.95020 0.92904 0.08640 0.88983 0.72852 0.62864 0.98819 0.77565 0.26260  100   50   25   25    1
  281  0.00032 0.12353 0.71643 0.58765 0.95278 0.93367 0.08621 0.88281 0.72436 0.65889 0.98801 0.77237 0.25030  100   50   25   25   25
  282  0.00035 0.12344 0.71698 0.66154 0.95334 0.93377 0.08524 0.88166 0.72500 0.62367 0.97974 0.77346 0.26320  100   50   25   25   50
  283  0.00038 0.12368 0.71158 0.67002 0.95408 0.93846 0.08533 0.86786 0.71985 0.69589 0.98670 0.76961 0.25870  100   50   25   25   75
  284  0.00043 0.12402 0.72027 0.67324 0.95298 0.93360 0.08589 0.87651 0.72825 0.74099 0.96976 0.77636 0.26237  100   50   25   25  100
  285  0.00017 0.12449 0.78914 0.18478 0.88943 0.97608 0.09250 0.93484 0.79426 0.71191 0.99832 0.82434 0.26812  100   50   25   50    1
  286  0.00017 0.12427 0.78500 0.18691 0.90646 0.96868 0.09190 0.93033 0.79026 0.72380 1.00000 0.82112 0.26342  100   50   25   50   25
  287  0.00013 0.12472 0.78698 0.15236 0.89415 0.96843 0.09231 0.92927 0.79219 0.69480 0.99902 0.82294 0.26490  100   50   25   50   50
  288  0.00013 0.12458 0.78363 0.14282 0.88940 0.97691 0.09124 0.92206 0.78898 0.70458 0.99763 0.82079 0.27075  100   50   25   50   75
  289  0.00022 0.12455 0.76719 0.26601 0.90837 0.96869 0.08926 0.91114 0.77318 0.70281 0.99089 0.80922 0.27283  100   50   25   50  100
  290  0.00003 0.12543 0.86901 0.02740 0.75924 0.99083 0.09798 0.98861 0.87131 0.76834 0.99690 0.88344 0.27097  100   50   25   75    1
  291  0.00007 0.12514 0.86996 0.05281 0.75322 0.99171 0.09792 0.98698 0.87223 0.81426 0.99992 0.88449 0.26862  100   50   25   75   25
  292  0.00007 0.12566 0.86010 0.05454 0.77380 0.99203 0.09753 0.98412 0.86271 0.78151 0.99945 0.87740 0.27108  100   50   25   75   50
  293  0.00010 0.12488 0.85848 0.07342 0.79859 0.98995 0.09503 0.97909 0.86115 0.81169 0.99994 0.87673 0.27167  100   50   25   75   75
  294  0.00007 0.12546 0.85748 0.04920 0.76710 0.99275 0.09652 0.97891 0.86018 0.85515 0.99445 0.87573 0.27727  100   50   25   75  100
  295  0.00000 0.12682 0.94320 0.00195 0.53638 0.99799 0.10338 0.98514 0.94319 0.92569 0.97429 0.94457 0.28418  100   50   25  100    1
  296  0.00000 0.12669 0.93980 0.00145 0.56497 0.99755 0.10360 0.98701 0.93989 0.96619 0.96913 0.94121 0.28165  100   50   25  100   25
  297  0.00001 0.12688 0.93728 0.00427 0.56618 0.99733 0.10248 0.99207 0.93741 0.92928 0.96757 0.94016 0.27893  100   50   25  100   50
  298  0.00002 0.12579 0.93681 0.01598 0.57886 0.99768 0.10115 0.99235 0.93696 0.95336 0.95708 0.93978 0.28470  100   50   25  100   75
  299  0.00002 0.12587 0.92869 0.01280 0.62582 0.99574 0.10089 0.99566 0.92908 0.93422 0.96427 0.93250 0.27315  100   50   25  100  100
  300  0.00003 0.11976 0.55789 0.67904 0.99242 0.29843 0.07177 0.74984 0.57917 0.43389 0.92022 0.65263 0.24788  100   50   50    1    1
  301  0.00003 0.11950 0.55798 0.68124 0.99223 0.31768 0.07153 0.74741 0.57928 0.42800 0.91295 0.65271 0.24350  100   50   50    1   25
  302  0.00003 0.12014 0.55840 0.68266 0.99209 0.31739 0.07192 0.74702 0.57974 0.43020 0.92334 0.65308 0.25415  100   50   50    1   50
  303  0.00003 0.11993 0.55851 0.68187 0.99196 0.32946 0.07188 0.74919 0.57986 0.43809 0.92554 0.65317 0.24650  100   50   50    1   75
  304  0.00003 0.11928 0.55830 0.68205 0.99180 0.34108 0.07149 0.74966 0.57985 0.42928 0.92293 0.65299 0.24637  100   50   50    1  100
  305  0.00003 0.12041 0.55697 0.67832 0.99228 0.30788 0.07389 0.75400 0.57515 0.42768 0.92432 0.65179 0.25025  100   50   50   25    1
  306  0.00003 0.12006 0.55759 0.67893 0.99228 0.30211 0.07358 0.75286 0.57578 0.43078 0.92402 0.65231 0.24330  100   50   50   25   25
  307  0.00003 0.11994 0.55736 0.68226 0.99221 0.31068 0.07344 0.75298 0.57584 0.42661 0.92405 0.65212 0.24650  100   50   50   25   50
  308  0.00003 0.12060 0.55808 0.67984 0.99237 0.30225 0.07353 0.75282 0.57710 0.43389 0.92336 0.65274 0.25360  100   50   50   25   75
  309  0.00003 0.11974 0.55805 0.68328 0.99204 0.32921 0.07328 0.75065 0.57663 0.42983 0.92354 0.65271 0.24827  100   50   50   25  100
  310  0.00003 0.12070 0.55724 0.68315 0.99209 0.32631 0.07675 0.75422 0.57241 0.43124 0.92427 0.65193 0.25735  100   50   50   50    1
  311  0.00003 0.12035 0.55692 0.68160 0.99215 0.31316 0.07651 0.75445 0.57216 0.43037 0.92329 0.65167 0.24942  100   50   50   50   25
  312  0.00003 0.12046 0.55709 0.68335 0.99192 0.33399 0.07605 0.75422 0.57272 0.42833 0.92312 0.65182 0.25517  100   50   50   50   50
  313  0.00003 0.12025 0.55720 0.68446 0.99240 0.30319 0.07615 0.75440 0.57263 0.42901 0.92530 0.65191 0.25315  100   50   50   50   75
  314  0.00003 0.12094 0.55745 0.68030 0.99240 0.29882 0.07663 0.75484 0.57302 0.43205 0.92366 0.65211 0.25700  100   50   50   50  100
  315  0.00014 0.12102 0.60003 0.83286 0.97825 0.70954 0.07999 0.79868 0.61251 0.51407 0.93159 0.68538 0.25305  100   50   50   75    1
  316  0.00011 0.12104 0.59570 0.81836 0.98422 0.60780 0.07982 0.79380 0.60839 0.48708 0.94129 0.68208 0.24978  100   50   50   75   25
  317  0.00012 0.12017 0.59685 0.82951 0.98381 0.66203 0.07938 0.79375 0.60943 0.49174 0.94275 0.68295 0.25427  100   50   50   75   50
  318  0.00011 0.12115 0.59545 0.79873 0.98225 0.62950 0.07961 0.79450 0.60835 0.48504 0.93590 0.68202 0.25357  100   50   50   75   75
  319  0.00009 0.12111 0.58767 0.77553 0.98600 0.55060 0.07930 0.78586 0.60086 0.48291 0.93038 0.67594 0.26285  100   50   50   75  100
  320  0.00042 0.12098 0.68934 0.99908 0.93046 0.92689 0.08271 0.87812 0.69850 0.61442 0.96551 0.75355 0.25905  100   50   50  100    1
  321  0.00040 0.12125 0.68410 0.98399 0.94138 0.88740 0.08253 0.87817 0.69348 0.62080 0.95815 0.74964 0.25973  100   50   50  100   25
  322  0.00040 0.12125 0.68089 0.99742 0.94016 0.91835 0.08326 0.87354 0.69029 0.60754 0.96405 0.74683 0.25885  100   50   50  100   50
  323  0.00034 0.12206 0.66939 0.96719 0.93987 0.87544 0.08244 0.86306 0.67943 0.57513 0.96099 0.73870 0.26165  100   50   50  100   75
  324  0.00039 0.12102 0.68549 0.98334 0.93961 0.90199 0.08213 0.87723 0.69489 0.60911 0.96662 0.75103 0.25755  100   50   50  100  100
  325  0.00003 0.11872 0.56126 0.67985 0.99086 0.34097 0.06837 0.74141 0.60028 0.43266 0.79491 0.65588 0.24415  100   50   75    1    1
  326  0.00003 0.11832 0.55880 0.67961 0.99145 0.32449 0.06817 0.74823 0.59767 0.42658 0.92633 0.65364 0.24303  100   50   75    1   25
  327  0.00003 0.11825 0.55934 0.68273 0.99137 0.33944 0.06818 0.74411 0.59804 0.42922 0.92224 0.65413 0.24065  100   50   75    1   50
  328  0.00003 0.11844 0.55905 0.67857 0.99138 0.33624 0.06810 0.74944 0.59848 0.42854 0.92478 0.65387 0.24485  100   50   75    1   75
  329  0.00003 0.11808 0.55941 0.67829 0.99175 0.31912 0.06804 0.74684 0.59911 0.43309 0.92855 0.65420 0.24575  100   50   75    1  100
  330  0.00003 0.11844 0.55690 0.67612 0.99245 0.30266 0.06923 0.75328 0.58675 0.42800 0.92192 0.65186 0.24258  100   50   75   25    1
  331  0.00003 0.11850 0.55744 0.67816 0.99211 0.30996 0.06910 0.75303 0.58815 0.43056 0.92344 0.65235 0.24387  100   50   75   25   25
  332  0.00003 0.11843 0.55749 0.67662 0.99211 0.31482 0.06919 0.75271 0.58752 0.42840 0.92562 0.65239 0.23853  100   50   75   25   50
  333  0.00003 0.11841 0.55709 0.67693 0.99232 0.30166 0.06899 0.75431 0.58844 0.43189 0.92374 0.65204 0.24277  100   50   75   25   75
  334  0.00003 0.11894 0.55777 0.67654 0.99232 0.30262 0.06922 0.75286 0.58998 0.43512 0.92431 0.65266 0.24750  100   50   75   25  100
  335  0.00003 0.11904 0.55620 0.67394 0.99170 0.32577 0.07139 0.75398 0.57819 0.42652 0.92396 0.65119 0.24923  100   50   75   50    1
  336  0.00003 0.11904 0.55640 0.67543 0.99213 0.31044 0.07141 0.75414 0.57826 0.42729 0.92360 0.65135 0.24692  100   50   75   50   25
  337  0.00003 0.11960 0.55667 0.67441 0.99239 0.30052 0.07145 0.75378 0.57917 0.42821 0.92513 0.65160 0.25575  100   50   75   50   50
  338  0.00003 0.11878 0.55613 0.67308 0.99256 0.29427 0.07090 0.75403 0.57891 0.42856 0.92454 0.65113 0.25122  100   50   75   50   75
  339  0.00003 0.11920 0.55663 0.67612 0.99222 0.31130 0.07114 0.75422 0.57965 0.42649 0.92508 0.65157 0.25005  100   50   75   50  100
  340  0.00003 0.11949 0.55606 0.67533 0.99234 0.30455 0.07414 0.75458 0.57330 0.42862 0.92322 0.65101 0.25080  100   50   75   75    1
  341  0.00003 0.11930 0.55591 0.67564 0.99159 0.33682 0.07371 0.75463 0.57349 0.42782 0.92306 0.65089 0.24817  100   50   75   75   25
  342  0.00003 0.11939 0.55577 0.67481 0.99256 0.29270 0.07357 0.75435 0.57358 0.42769 0.92392 0.65078 0.25743  100   50   75   75   50
  343  0.00003 0.11944 0.55598 0.67347 0.99226 0.31120 0.07310 0.75440 0.57438 0.42534 0.92412 0.65096 0.25142  100   50   75   75   75
  344  0.00003 0.11953 0.55618 0.67499 0.99248 0.29640 0.07328 0.75431 0.57444 0.42731 0.92420 0.65112 0.24755  100   50   75   75  100
  345  0.00003 0.11980 0.55699 0.67855 0.99160 0.33387 0.07569 0.75594 0.57252 0.42868 0.92424 0.65174 0.25165  100   50   75  100    1
  346  0.00004 0.12006 0.55980 0.68205 0.99053 0.36307 0.07606 0.75836 0.57523 0.43751 0.92508 0.65402 0.25050  100   50   75  100   25
  347  0.00004 0.11951 0.56007 0.68272 0.99070 0.36812 0.07548 0.75897 0.57549 0.43475 0.92454 0.65424 0.25223  100   50   75  100   50
  348  0.00004 0.11974 0.56040 0.67804 0.99065 0.38021 0.07523 0.75907 0.57625 0.43356 0.92538 0.65454 0.24780  100   50   75  100   75
  349  0.00004 0.11947 0.56005 0.68578 0.99106 0.36204 0.07561 0.75867 0.57554 0.43291 0.92515 0.65424 0.25250  100   50   75  100  100
  350  0.00003 0.11784 0.56152 0.68201 0.99256 0.30631 0.06683 0.75043 0.63508 0.43699 0.92409 0.65630 0.24272  100   50  100    1    1
  351  0.00003 0.11770 0.56124 0.67934 0.99173 0.30540 0.06668 0.75127 0.63774 0.43090 0.93261 0.65605 0.23618  100   50  100    1   25
  352  0.00003 0.11785 0.56191 0.67840 0.99180 0.29385 0.06674 0.74536 0.63915 0.42106 0.93896 0.65667 0.24878  100   50  100    1   50
  353  0.00003 0.11796 0.56085 0.68118 0.99215 0.32110 0.06686 0.74976 0.63732 0.43716 0.92442 0.65568 0.23892  100   50  100    1   75
  354  0.00003 0.11787 0.56272 0.68031 0.99189 0.29946 0.06678 0.74757 0.63712 0.43284 0.92139 0.65743 0.24518  100   50  100    1  100
  355  0.00003 0.11822 0.55888 0.67630 0.99009 0.34485 0.06748 0.75283 0.61235 0.42905 0.92477 0.65378 0.24383  100   50  100   25    1
  356  0.00003 0.11798 0.55781 0.67797 0.99208 0.30345 0.06735 0.75339 0.61190 0.42706 0.93255 0.65279 0.24768  100   50  100   25   25
  357  0.00003 0.11814 0.55915 0.67609 0.99229 0.30279 0.06738 0.75421 0.61469 0.42620 0.92597 0.65403 0.25005  100   50  100   25   50
  358  0.00003 0.11783 0.55894 0.68066 0.99159 0.32298 0.06726 0.75203 0.61299 0.42686 0.92697 0.65383 0.24055  100   50  100   25   75
  359  0.00003 0.11803 0.55871 0.67632 0.99160 0.31883 0.06737 0.75291 0.61306 0.43010 0.92537 0.65362 0.24640  100   50  100   25  100
  360  0.00003 0.11842 0.55601 0.67294 0.99213 0.30495 0.06886 0.75430 0.58913 0.42772 0.92453 0.65108 0.24377  100   50  100   50    1
  361  0.00003 0.11838 0.55633 0.67479 0.99230 0.30141 0.06897 0.75428 0.58819 0.42983 0.92423 0.65136 0.24997  100   50  100   50   25
  362  0.00003 0.11833 0.55734 0.67536 0.99227 0.30169 0.06859 0.75419 0.59195 0.42773 0.92467 0.65229 0.24865  100   50  100   50   50
  363  0.00003 0.11864 0.55727 0.67417 0.99225 0.30088 0.06867 0.75392 0.59308 0.43393 0.92438 0.65222 0.24557  100   50  100   50   75
  364  0.00003 0.11828 0.55679 0.67721 0.99215 0.30106 0.06869 0.75421 0.59034 0.42875 0.92261 0.65179 0.24920  100   50  100   50  100
  365  0.00003 0.11852 0.55604 0.67559 0.99200 0.30666 0.07064 0.75444 0.57935 0.42627 0.92437 0.65105 0.24215  100   50  100   75    1
  366  0.00003 0.11862 0.55572 0.67272 0.99201 0.31608 0.07056 0.75430 0.57939 0.42703 0.92304 0.65078 0.24660  100   50  100   75   25
  367  0.00003 0.11835 0.55568 0.67356 0.99216 0.31006 0.07047 0.75437 0.57892 0.42671 0.92362 0.65074 0.24640  100   50  100   75   50
  368  0.00003 0.11878 0.55617 0.67446 0.99256 0.29592 0.07053 0.75460 0.58045 0.42675 0.92435 0.65118 0.25085  100   50  100   75   75
  369  0.00003 0.11885 0.55621 0.67536 0.99153 0.33336 0.07050 0.75435 0.58065 0.42822 0.92399 0.65121 0.24737  100   50  100   75  100
  370  0.00003 0.11882 0.55584 0.67404 0.99218 0.30815 0.07221 0.75471 0.57516 0.42709 0.92365 0.65085 0.25113  100   50  100  100    1
  371  0.00003 0.11918 0.55590 0.67353 0.99285 0.28446 0.07230 0.75446 0.57548 0.42630 0.92436 0.65090 0.25110  100   50  100  100   25
  372  0.00003 0.11846 0.55532 0.67115 0.99189 0.32006 0.07207 0.75449 0.57470 0.42730 0.92326 0.65041 0.24735  100   50  100  100   50
  373  0.00003 0.11878 0.55583 0.67402 0.99237 0.30128 0.07223 0.75448 0.57519 0.42631 0.92375 0.65084 0.24975  100   50  100  100   75
  374  0.00003 0.11915 0.55577 0.67592 0.99226 0.30858 0.07206 0.75442 0.57589 0.42689 0.92404 0.65080 0.25055  100   50  100  100  100
  375  0.00000 0.23686 0.93834 0.95886 0.01458 0.92878 0.11019 0.87455 0.93690 0.00749 0.95944 0.95382 0.47330  100   75    1    1    1
  376  0.00015 0.23692 0.93937 0.95741 0.04078 0.91308 0.11036 0.85945 0.93788 0.49831 0.94789 0.95467 0.47290  100   75    1    1   25
  377  0.00005 0.23343 0.93517 0.95643 0.05686 0.94691 0.10987 0.95430 0.93385 0.10831 0.98955 0.95197 0.46428  100   75    1    1   50
  378  0.00000 0.23339 0.93671 0.95860 0.05725 0.94691 0.11162 0.85263 0.93530 0.00893 0.99195 0.95343 0.48810  100   75    1    1   75
  379  0.00002 0.23237 0.93660 0.95851 0.02103 0.94691 0.11110 0.83692 0.93516 0.12381 0.99997 0.95380 0.46712  100   75    1    1  100
  380  0.00020 0.24403 0.93867 0.96102 0.03112 0.94396 0.11420 0.93608 0.93727 0.64874 0.99595 0.95249 0.49077  100   75    1   25    1
  381  0.00005 0.24236 0.93976 0.96017 0.00971 0.94966 0.11335 0.92155 0.93832 0.56825 0.93803 0.95357 0.47730  100   75    1   25   25
  382  0.00003 0.23944 0.93821 0.96105 0.00672 0.92878 0.11485 0.92231 0.93684 0.55109 0.99943 0.95251 0.48915  100   75    1   25   50
  383  0.00005 0.24086 0.93381 0.96052 0.01726 0.92098 0.11535 0.90444 0.93259 0.33213 0.98192 0.94941 0.48932  100   75    1   25   75
  384  0.00003 0.23856 0.93479 0.95783 0.01186 0.92878 0.11498 0.90827 0.93352 0.30040 0.99892 0.95044 0.48173  100   75    1   25  100
  385  0.00308 0.25825 0.94857 0.97060 0.43704 0.93740 0.12003 0.97605 0.94676 0.59956 0.99917 0.95915 0.49575  100   75    1   50    1
  386  0.00343 0.25680 0.95133 0.97357 0.43082 0.93740 0.12208 0.97250 0.94943 0.65504 0.99923 0.96143 0.50297  100   75    1   50   25
  387  0.00206 0.25176 0.95214 0.97413 0.25073 0.97138 0.12307 0.96815 0.95022 0.66706 0.99931 0.96264 0.49850  100   75    1   50   50
  388  0.00199 0.24852 0.94815 0.96987 0.26530 0.97138 0.12136 0.95623 0.94640 0.65769 0.99981 0.95943 0.48878  100   75    1   50   75
  389  0.00165 0.24897 0.94617 0.96971 0.30629 0.96745 0.12096 0.94797 0.94446 0.46758 0.99898 0.95812 0.50175  100   75    1   50  100
  390  0.00940 0.27492 0.97097 0.98980 0.83330 0.87583 0.12726 0.99605 0.96839 0.78390 0.99948 0.97775 0.51832  100   75    1   75    1
  391  0.00980 0.27533 0.96983 0.98976 0.77583 0.87583 0.12845 0.99197 0.96727 0.88437 0.96803 0.97672 0.52925  100   75    1   75   25
  392  0.00892 0.26849 0.96601 0.98604 0.76775 0.96850 0.13210 0.99924 0.96356 0.75147 0.98839 0.97386 0.50987  100   75    1   75   50
  393  0.00777 0.26571 0.96508 0.98586 0.72655 0.97312 0.12684 0.99674 0.96266 0.73798 0.97633 0.97318 0.50955  100   75    1   75   75
  394  0.00801 0.26687 0.96817 0.98811 0.71565 0.97693 0.12801 0.99626 0.96563 0.74871 0.97408 0.97625 0.51215  100   75    1   75  100
  395  0.01378 0.30011 0.97561 0.99497 0.99808 0.89393 0.13549 0.96399 0.97269 0.85322 0.92899 0.98194 0.53620  100   75    1  100    1
  396  0.01139 0.29887 0.97577 0.99431 0.99345 0.87583 0.13752 0.95985 0.97288 0.67435 0.96724 0.98189 0.54892  100   75    1  100   25
  397  0.01514 0.29097 0.97488 0.99324 0.98830 0.89393 0.13590 0.97396 0.97204 0.89753 0.98753 0.98146 0.54327  100   75    1  100   50
  398  0.01437 0.28679 0.97595 0.99337 0.95936 0.96282 0.13575 0.97125 0.97314 0.87570 0.95649 0.98243 0.52987  100   75    1  100   75
  399  0.01536 0.28499 0.97626 0.99387 0.98417 0.96282 0.13625 0.98122 0.97342 0.88341 0.97917 0.98304 0.52965  100   75    1  100  100
  400  0.00024 0.12283 0.61341 0.90036 0.98350 0.71141 0.07763 0.82310 0.62681 0.75477 0.94438 0.69704 0.25813  100   75   25    1    1
  401  0.00018 0.12237 0.61269 0.89650 0.98595 0.66509 0.07748 0.81694 0.62605 0.61129 0.94034 0.69644 0.25648  100   75   25    1   25
  402  0.00013 0.12263 0.60839 0.87542 0.98766 0.58583 0.07697 0.79875 0.62217 0.52906 0.93062 0.69321 0.26188  100   75   25    1   50
  403  0.00013 0.12268 0.60004 0.84500 0.98623 0.64187 0.07729 0.80015 0.61420 0.53480 0.95744 0.68654 0.25460  100   75   25    1   75
  404  0.00013 0.12255 0.60423 0.85834 0.98742 0.57677 0.07687 0.79626 0.61838 0.55983 0.94864 0.69001 0.25023  100   75   25    1  100
  405  0.00023 0.12314 0.63177 0.96760 0.98297 0.71065 0.08005 0.82999 0.64368 0.56276 0.96162 0.71060 0.26298  100   75   25   25    1
  406  0.00022 0.12292 0.63504 0.97293 0.98076 0.74192 0.07952 0.83046 0.64678 0.53548 0.96180 0.71309 0.25697  100   75   25   25   25
  407  0.00022 0.12276 0.63191 0.95840 0.98132 0.76267 0.07927 0.82578 0.64397 0.53242 0.96424 0.71097 0.25415  100   75   25   25   50
  408  0.00025 0.12315 0.63272 0.97107 0.97946 0.77110 0.07982 0.82306 0.64479 0.57199 0.95660 0.71160 0.26595  100   75   25   25   75
  409  0.00029 0.12329 0.63903 0.98317 0.97570 0.81713 0.07990 0.83091 0.65087 0.60995 0.95886 0.71656 0.26000  100   75   25   25  100
  410  0.00037 0.12361 0.70000 0.79486 0.96426 0.88713 0.08441 0.87476 0.70864 0.62105 0.97659 0.76065 0.26208  100   75   25   50    1
  411  0.00039 0.12326 0.69894 0.82280 0.95991 0.91794 0.08404 0.86780 0.70765 0.61467 0.98030 0.76009 0.26408  100   75   25   50   25
  412  0.00039 0.12351 0.69885 0.81165 0.95571 0.92632 0.08413 0.86778 0.70758 0.62255 0.97340 0.76005 0.26138  100   75   25   50   50
  413  0.00035 0.12421 0.68347 0.82933 0.96691 0.86832 0.08438 0.85215 0.69281 0.63220 0.96563 0.74852 0.26223  100   75   25   50   75
  414  0.00035 0.12432 0.68218 0.93556 0.96910 0.86562 0.08374 0.85602 0.69171 0.57619 0.97355 0.74806 0.25515  100   75   25   50  100
  415  0.00035 0.12441 0.78061 0.39835 0.89689 0.96703 0.08914 0.94440 0.78616 0.73020 0.99775 0.82000 0.26305  100   75   25   75    1
  416  0.00029 0.12397 0.78645 0.33981 0.89451 0.97404 0.08932 0.94450 0.79175 0.69000 0.99929 0.82384 0.26420  100   75   25   75   25
  417  0.00032 0.12377 0.77287 0.39217 0.90936 0.97187 0.08842 0.93617 0.77870 0.69641 0.98934 0.81427 0.26412  100   75   25   75   50
  418  0.00033 0.12471 0.76879 0.39553 0.90361 0.96628 0.08870 0.92577 0.77480 0.72129 0.98644 0.81139 0.27112  100   75   25   75   75
  419  0.00029 0.12458 0.76011 0.36822 0.91888 0.95731 0.08775 0.91995 0.76646 0.70099 0.99201 0.80502 0.27202  100   75   25   75  100
  420  0.00019 0.12586 0.86323 0.13678 0.79781 0.98666 0.09381 0.99523 0.86574 0.83183 0.99571 0.88193 0.27112  100   75   25  100    1
  421  0.00022 0.12530 0.87010 0.16288 0.78202 0.98920 0.09356 0.99783 0.87236 0.83256 0.99772 0.88744 0.27160  100   75   25  100   25
  422  0.00020 0.12533 0.86230 0.16173 0.76786 0.99063 0.09262 0.99332 0.86485 0.80592 0.99872 0.88208 0.26888  100   75   25  100   50
  423  0.00023 0.12454 0.86179 0.17165 0.80063 0.99050 0.09258 0.99199 0.86435 0.82998 0.99874 0.88156 0.27090  100   75   25  100   75
  424  0.00018 0.12502 0.85969 0.14019 0.80340 0.98994 0.09292 0.99132 0.86233 0.78398 0.99829 0.87991 0.26840  100   75   25  100  100
  425  0.00003 0.11902 0.55993 0.68166 0.99066 0.36853 0.06972 0.74420 0.58810 0.41838 0.91633 0.65455 0.24803  100   75   50    1    1
  426  0.00003 0.11904 0.55900 0.68120 0.99089 0.35006 0.06970 0.74618 0.58721 0.42285 0.92284 0.65372 0.24723  100   75   50    1   25
  427  0.00003 0.11951 0.56045 0.68068 0.99233 0.30581 0.06962 0.74126 0.58953 0.43362 0.92787 0.65503 0.24367  100   75   50    1   50
  428  0.00003 0.11974 0.55958 0.68031 0.99221 0.31207 0.06959 0.74814 0.58936 0.41960 0.92350 0.65426 0.24605  100   75   50    1   75
  429  0.00003 0.11907 0.55958 0.68107 0.99112 0.34123 0.06950 0.74751 0.58885 0.42954 0.92697 0.65425 0.24420  100   75   50    1  100
  430  0.00003 0.11954 0.55868 0.68270 0.99229 0.30742 0.07069 0.75086 0.58233 0.42539 0.92415 0.65336 0.24923  100   75   50   25    1
  431  0.00003 0.11942 0.55762 0.67917 0.99177 0.33420 0.07085 0.75182 0.58109 0.42774 0.92244 0.65244 0.24852  100   75   50   25   25
  432  0.00003 0.11964 0.55823 0.67914 0.99177 0.32309 0.07097 0.75267 0.58187 0.43027 0.92565 0.65297 0.25012  100   75   50   25   50
  433  0.00003 0.11965 0.55799 0.68108 0.99273 0.28641 0.07087 0.75245 0.58246 0.42613 0.92238 0.65277 0.25475  100   75   50   25   75
  434  0.00003 0.11988 0.55872 0.68288 0.99230 0.30577 0.07106 0.75052 0.58280 0.42724 0.92038 0.65341 0.24935  100   75   50   25  100
  435  0.00003 0.12007 0.55734 0.67978 0.99164 0.32899 0.07332 0.75412 0.57595 0.42761 0.92384 0.65211 0.24757  100   75   50   50    1
  436  0.00003 0.12018 0.55720 0.67952 0.99242 0.30700 0.07334 0.75375 0.57605 0.42844 0.92329 0.65200 0.25258  100   75   50   50   25
  437  0.00003 0.11996 0.55719 0.67936 0.99181 0.34114 0.07307 0.75401 0.57620 0.42722 0.92378 0.65199 0.25223  100   75   50   50   50
  438  0.00003 0.12034 0.55759 0.68139 0.99196 0.31879 0.07326 0.75417 0.57645 0.42891 0.92489 0.65232 0.24522  100   75   50   50   75
  439  0.00003 0.11985 0.55750 0.68221 0.99202 0.32567 0.07303 0.75393 0.57623 0.42561 0.92337 0.65224 0.25073  100   75   50   50  100
  440  0.00003 0.12027 0.55686 0.68026 0.99189 0.33079 0.07580 0.75514 0.57240 0.42877 0.92445 0.65163 0.25350  100   75   50   75    1
  441  0.00003 0.12037 0.55697 0.67923 0.99182 0.33597 0.07577 0.75485 0.57262 0.43006 0.92427 0.65172 0.25205  100   75   50   75   25
  442  0.00003 0.12045 0.55679 0.68017 0.99226 0.30856 0.07552 0.75442 0.57272 0.42568 0.92490 0.65159 0.25008  100   75   50   75   50
  443  0.00003 0.11996 0.55681 0.67950 0.99139 0.35686 0.07555 0.75494 0.57258 0.42985 0.92454 0.65160 0.25458  100   75   50   75   75
  444  0.00003 0.12046 0.55723 0.68214 0.99194 0.32232 0.07531 0.75493 0.57338 0.42908 0.92423 0.65195 0.25980  100   75   50   75  100
  445  0.00014 0.12095 0.61703 0.83031 0.97926 0.64605 0.07836 0.81573 0.62967 0.52849 0.94609 0.69942 0.25910  100   75   50  100    1
  446  0.00014 0.12089 0.60712 0.82624 0.97628 0.71642 0.07821 0.80550 0.62006 0.49743 0.93868 0.69156 0.25950  100   75   50  100   25
  447  0.00011 0.12053 0.60003 0.80937 0.98186 0.60736 0.07771 0.79899 0.61329 0.48495 0.94106 0.68602 0.26142  100   75   50  100   50
  448  0.00012 0.12022 0.60133 0.81025 0.97995 0.70112 0.07766 0.79961 0.61454 0.49616 0.93505 0.68706 0.25195  100   75   50  100   75
  449  0.00010 0.12101 0.59001 0.77036 0.98358 0.60574 0.07761 0.78874 0.60381 0.48207 0.93127 0.67816 0.26087  100   75   50  100  100
  450  0.00003 0.11822 0.56258 0.68232 0.98956 0.34278 0.06718 0.74616 0.62478 0.42564 0.91292 0.65726 0.24390  100   75   75    1    1
  451  0.00003 0.11803 0.56226 0.68415 0.99036 0.32249 0.06708 0.74559 0.62561 0.41965 0.92110 0.65696 0.23963  100   75   75    1   25
  452  0.00003 0.11815 0.56359 0.68778 0.98991 0.33359 0.06709 0.74129 0.62823 0.43410 0.93268 0.65820 0.24958  100   75   75    1   50
  453  0.00003 0.11783 0.56187 0.68122 0.99086 0.33125 0.06682 0.74723 0.62793 0.43029 0.92131 0.65660 0.24182  100   75   75    1   75
  454  0.00003 0.11813 0.56212 0.67937 0.99072 0.32925 0.06705 0.75120 0.62713 0.42424 0.92982 0.65684 0.24223  100   75   75    1  100
  455  0.00003 0.11820 0.56074 0.68107 0.99212 0.30454 0.06773 0.75005 0.60656 0.42353 0.91953 0.65546 0.24453  100   75   75   25    1
  456  0.00003 0.11859 0.56008 0.67871 0.99146 0.31613 0.06788 0.75063 0.60545 0.42719 0.92147 0.65485 0.24113  100   75   75   25   25
  457  0.00003 0.11787 0.55879 0.67766 0.99215 0.30072 0.06756 0.75247 0.60440 0.44435 0.92276 0.65366 0.24168  100   75   75   25   50
  458  0.00003 0.11835 0.55886 0.67550 0.99105 0.33810 0.06771 0.75270 0.60747 0.42914 0.92289 0.65375 0.24428  100   75   75   25   75
  459  0.00003 0.11817 0.55934 0.67878 0.99234 0.30458 0.06752 0.75016 0.60933 0.43336 0.92478 0.65419 0.24058  100   75   75   25  100
  460  0.00003 0.11899 0.55734 0.67531 0.99256 0.29276 0.06953 0.75488 0.58709 0.42974 0.92474 0.65225 0.25197  100   75   75   50    1
  461  0.00003 0.11870 0.55731 0.67703 0.99195 0.31198 0.06944 0.75429 0.58681 0.42789 0.92577 0.65222 0.25082  100   75   75   50   25
  462  0.00003 0.11836 0.55709 0.67578 0.99219 0.30093 0.06901 0.75374 0.58785 0.42851 0.92433 0.65204 0.25223  100   75   75   50   50
  463  0.00003 0.11884 0.55721 0.67505 0.99241 0.29763 0.06914 0.75408 0.58889 0.42892 0.92508 0.65215 0.24723  100   75   75   50   75
  464  0.00003 0.11865 0.55731 0.67528 0.99142 0.33380 0.06911 0.75391 0.58867 0.42814 0.92430 0.65224 0.25030  100   75   75   50  100
  465  0.00003 0.11953 0.55620 0.67411 0.99217 0.30438 0.07156 0.75464 0.57786 0.42717 0.92383 0.65118 0.25025  100   75   75   75    1
  466  0.00003 0.11912 0.55595 0.67616 0.99217 0.30942 0.07107 0.75427 0.57855 0.42769 0.92316 0.65097 0.25380  100   75   75   75   25
  467  0.00003 0.11868 0.55622 0.67731 0.99228 0.30387 0.07123 0.75439 0.57777 0.42689 0.92470 0.65120 0.25473  100   75   75   75   50
  468  0.00003 0.11872 0.55628 0.67665 0.99200 0.31544 0.07096 0.75451 0.57830 0.42753 0.92391 0.65125 0.24528  100   75   75   75   75
  469  0.00003 0.11862 0.55655 0.67766 0.99157 0.32948 0.07103 0.75429 0.57827 0.42761 0.92430 0.65148 0.25345  100   75   75   75  100
  470  0.00003 0.11922 0.55603 0.67519 0.99187 0.31731 0.07299 0.75466 0.57418 0.42733 0.92433 0.65100 0.25172  100   75   75  100    1
  471  0.00003 0.11926 0.55556 0.67564 0.99209 0.30415 0.07289 0.75444 0.57403 0.42683 0.92399 0.65061 0.24760  100   75   75  100   25
  472  0.00003 0.11922 0.55607 0.67425 0.99210 0.31739 0.07277 0.75461 0.57467 0.42653 0.92413 0.65104 0.25645  100   75   75  100   50
  473  0.00003 0.11976 0.55623 0.67369 0.99155 0.32942 0.07303 0.75456 0.57500 0.42818 0.92405 0.65118 0.24962  100   75   75  100   75
  474  0.00003 0.11942 0.55610 0.67545 0.99192 0.32188 0.07240 0.75443 0.57554 0.42738 0.92434 0.65107 0.25150  100   75   75  100  100
  475  0.00003 0.11760 0.57315 0.69678 0.98910 0.31946 0.06612 0.73764 0.70910 0.42719 0.97267 0.66741 0.24573  100   75  100    1    1
  476  0.00003 0.11723 0.56987 0.68665 0.98643 0.33653 0.06590 0.74665 0.70448 0.40789 0.95872 0.66429 0.24348  100   75  100    1   25
  477  0.00004 0.11722 0.57000 0.69480 0.98502 0.36904 0.06592 0.73723 0.70245 0.43007 0.92735 0.66442 0.24205  100   75  100    1   50
  478  0.00004 0.11738 0.57170 0.69306 0.98021 0.41625 0.06599 0.74793 0.70455 0.44216 0.91824 0.66603 0.24033  100   75  100    1   75
  479  0.00003 0.11730 0.57146 0.69848 0.99256 0.29244 0.06595 0.73862 0.70585 0.42879 0.90789 0.66580 0.24483  100   75  100    1  100
  480  0.00003 0.11788 0.56318 0.68278 0.99198 0.30598 0.06651 0.75465 0.66056 0.42875 0.92618 0.65791 0.24633  100   75  100   25    1
  481  0.00003 0.11775 0.56265 0.68465 0.98863 0.34564 0.06644 0.75287 0.66133 0.43798 0.92382 0.65742 0.24377  100   75  100   25   25
  482  0.00003 0.11729 0.56153 0.67651 0.99200 0.30235 0.06622 0.75369 0.65441 0.43878 0.92683 0.65635 0.23918  100   75  100   25   50
  483  0.00003 0.11782 0.56454 0.68680 0.99198 0.31051 0.06653 0.75068 0.66339 0.43672 0.93049 0.65920 0.24422  100   75  100   25   75
  484  0.00003 0.11768 0.56278 0.68541 0.99316 0.28725 0.06640 0.75003 0.66350 0.42711 0.92066 0.65754 0.24230  100   75  100   25  100
  485  0.00003 0.11799 0.55713 0.67655 0.99230 0.30017 0.06745 0.75518 0.60855 0.42993 0.92485 0.65216 0.24412  100   75  100   50    1
  486  0.00003 0.11818 0.55820 0.67621 0.99144 0.32009 0.06741 0.75415 0.61388 0.43028 0.92013 0.65316 0.24675  100   75  100   50   25
  487  0.00003 0.11768 0.55698 0.67481 0.99181 0.31227 0.06719 0.75432 0.61089 0.42858 0.92590 0.65202 0.24667  100   75  100   50   50
  488  0.00003 0.11813 0.55749 0.67667 0.99121 0.31497 0.06744 0.75431 0.61129 0.42783 0.92587 0.65249 0.24078  100   75  100   50   75
  489  0.00003 0.11804 0.55765 0.67473 0.99202 0.30390 0.06736 0.75486 0.61238 0.43235 0.92476 0.65265 0.24930  100   75  100   50  100
  490  0.00003 0.11825 0.55610 0.67341 0.99181 0.31550 0.06896 0.75453 0.58644 0.42745 0.92327 0.65115 0.24430  100   75  100   75    1
  491  0.00003 0.11830 0.55623 0.67398 0.99094 0.34859 0.06905 0.75435 0.58707 0.42620 0.92411 0.65127 0.24917  100   75  100   75   25
  492  0.00002 0.11811 0.55600 0.67665 0.99282 0.28390 0.06891 0.75423 0.58694 0.42594 0.92357 0.65106 0.24585  100   75  100   75   50
  493  0.00003 0.11824 0.55608 0.67523 0.99240 0.30082 0.06885 0.75430 0.58754 0.42841 0.92346 0.65114 0.25375  100   75  100   75   75
  494  0.00003 0.11835 0.55606 0.67394 0.99193 0.31037 0.06883 0.75449 0.58854 0.42656 0.92410 0.65112 0.24870  100   75  100   75  100
  495  0.00003 0.11855 0.55557 0.67503 0.99233 0.30092 0.07048 0.75432 0.57900 0.42737 0.92344 0.65065 0.25430  100   75  100  100    1
  496  0.00003 0.11866 0.55565 0.67392 0.99221 0.30630 0.07055 0.75444 0.57883 0.42661 0.92392 0.65072 0.25363  100   75  100  100   25
  497  0.00003 0.11847 0.55541 0.67196 0.99244 0.29999 0.07039 0.75430 0.57892 0.42554 0.92383 0.65051 0.24788  100   75  100  100   50
  498  0.00003 0.11859 0.55557 0.67321 0.99207 0.31727 0.07032 0.75446 0.57987 0.42792 0.92330 0.65066 0.24768  100   75  100  100   75
  499  0.00003 0.11864 0.55560 0.67284 0.99243 0.29676 0.07026 0.75452 0.58008 0.42683 0.92335 0.65068 0.24813  100   75  100  100  100
  500  0.00154 0.21209 0.92768 0.93744 0.28697 0.95390 0.10474 0.99810 0.92689 0.76687 0.97621 0.94594 0.44580  100  100    1    1    1
  501  0.00052 0.21111 0.93092 0.93876 0.29318 0.93298 0.10422 0.96280 0.92998 0.27208 0.98075 0.94868 0.43470  100  100    1    1   25
  502  0.00036 0.21065 0.93032 0.93858 0.31097 0.92501 0.10407 0.95052 0.92938 0.17281 0.98966 0.94867 0.45112  100  100    1    1   50
  503  0.00093 0.20924 0.92572 0.93845 0.32166 0.93969 0.10410 0.94474 0.92496 0.46765 0.93638 0.94556 0.44925  100  100    1    1   75
  504  0.00111 0.20943 0.93062 0.93835 0.31005 0.93969 0.10424 0.86952 0.92963 0.60563 0.97263 0.94947 0.44320  100  100    1    1  100
  505  0.00044 0.21787 0.93357 0.94507 0.13627 0.94691 0.10622 0.91005 0.93255 0.46292 0.98742 0.94945 0.45597  100  100    1   25    1
  506  0.00031 0.21687 0.93104 0.94208 0.15615 0.94691 0.10520 0.92218 0.93014 0.27424 0.99860 0.94735 0.46455  100  100    1   25   25
  507  0.00066 0.21508 0.92905 0.94036 0.21534 0.94534 0.10766 0.91218 0.92822 0.43600 0.99770 0.94620 0.45680  100  100    1   25   50
  508  0.00069 0.21417 0.92833 0.93923 0.17551 0.94204 0.10676 0.90478 0.92752 0.58937 0.99272 0.94602 0.44868  100  100    1   25   75
  509  0.00005 0.21353 0.92849 0.94087 0.19937 0.93375 0.10761 0.94182 0.92768 0.03665 1.00000 0.94619 0.45735  100  100    1   25  100
  510  0.00000 0.22786 0.93792 0.95616 0.00032 0.96850 0.11356 0.96863 0.93677 0.56962 0.97801 0.95080 0.47627  100  100    1   50    1
  511  0.00009 0.22729 0.94350 0.95674 0.01619 0.95070 0.11235 0.96201 0.94214 0.63889 0.99995 0.95538 0.46275  100  100    1   50   25
  512  0.00008 0.22364 0.93631 0.95025 0.01790 0.94505 0.11303 0.94822 0.93524 0.50964 0.99955 0.94996 0.46855  100  100    1   50   50
  513  0.00003 0.22354 0.93200 0.94823 0.01007 0.92629 0.11407 0.94001 0.93108 0.37194 0.99868 0.94694 0.46527  100  100    1   50   75
  514  0.00003 0.22154 0.93589 0.95192 0.00563 0.93561 0.11373 0.94490 0.93481 0.54364 0.99963 0.95034 0.46655  100  100    1   50  100
  515  0.00106 0.24297 0.95965 0.97791 0.11535 0.94691 0.11963 0.99997 0.95764 0.78916 0.99705 0.96821 0.48662  100  100    1   75    1
  516  0.00091 0.24155 0.96217 0.98028 0.08889 0.95160 0.12046 0.99897 0.96012 0.86170 0.99999 0.97032 0.48925  100  100    1   75   25
  517  0.00030 0.23723 0.95783 0.97544 0.03608 0.95949 0.12083 0.99988 0.95590 0.71759 0.99317 0.96713 0.48467  100  100    1   75   50
  518  0.00044 0.23695 0.95787 0.97690 0.05052 0.95949 0.11924 0.99931 0.95593 0.77018 0.99990 0.96735 0.48063  100  100    1   75   75
  519  0.00030 0.23443 0.95914 0.97554 0.03577 0.96282 0.11922 0.99881 0.95716 0.78843 0.98543 0.96876 0.46935  100  100    1   75  100
  520  0.00442 0.26068 0.97467 0.99177 0.37230 0.94396 0.12699 0.97595 0.97214 0.87309 0.93224 0.98145 0.51825  100  100    1  100    1
  521  0.00639 0.25869 0.97497 0.99083 0.52842 0.92981 0.12795 0.96758 0.97247 0.89690 0.96220 0.98158 0.51035  100  100    1  100   25
  522  0.00516 0.25607 0.97372 0.99043 0.44773 0.92098 0.12703 0.96879 0.97126 0.86479 0.95953 0.98054 0.52092  100  100    1  100   50
  523  0.00574 0.25253 0.97243 0.98827 0.47825 0.92878 0.12708 0.98144 0.96998 0.92079 0.94931 0.97977 0.51412  100  100    1  100   75
  524  0.00414 0.25203 0.97152 0.98940 0.39251 0.93561 0.12571 0.97320 0.96907 0.81247 0.98456 0.97917 0.50130  100  100    1  100  100
  525  0.00004 0.12229 0.56715 0.71888 0.99134 0.39160 0.07483 0.74866 0.58398 0.44573 0.92080 0.66019 0.25590  100  100   25    1    1
  526  0.00004 0.12238 0.56699 0.71355 0.99157 0.35722 0.07466 0.74240 0.58408 0.44353 0.90354 0.66009 0.26127  100  100   25    1   25
  527  0.00004 0.12186 0.56692 0.71286 0.99148 0.35725 0.07391 0.75069 0.58400 0.43632 0.93442 0.66004 0.25987  100  100   25    1   50
  528  0.00003 0.12254 0.56210 0.70266 0.99201 0.32561 0.07458 0.73816 0.57959 0.41332 0.92245 0.65605 0.24823  100  100   25    1   75
  529  0.00004 0.12233 0.56673 0.71770 0.99146 0.37218 0.07468 0.74322 0.58401 0.43358 0.92127 0.65990 0.25932  100  100   25    1  100
  530  0.00007 0.12265 0.58586 0.78875 0.98940 0.49736 0.07652 0.77466 0.60073 0.44633 0.94040 0.67519 0.25740  100  100   25   25    1
  531  0.00008 0.12240 0.58921 0.81089 0.98963 0.49142 0.07626 0.78302 0.60385 0.47221 0.93757 0.67786 0.25807  100  100   25   25   25
  532  0.00007 0.12249 0.58633 0.79185 0.99039 0.43868 0.07628 0.77975 0.60128 0.48439 0.93513 0.67562 0.26390  100  100   25   25   50
  533  0.00008 0.12261 0.58619 0.79263 0.98892 0.51083 0.07635 0.77794 0.60109 0.48169 0.93998 0.67548 0.25445  100  100   25   25   75
  534  0.00008 0.12232 0.58538 0.77997 0.99014 0.47419 0.07633 0.78730 0.60062 0.48876 0.93984 0.67495 0.25888  100  100   25   25  100
  535  0.00023 0.12290 0.63743 0.98694 0.97919 0.76433 0.08039 0.82365 0.64886 0.53612 0.94423 0.71457 0.25897  100  100   25   50    1
  536  0.00023 0.12283 0.64278 0.98926 0.98112 0.73836 0.07980 0.83165 0.65407 0.52769 0.96003 0.71881 0.26017  100  100   25   50   25
  537  0.00020 0.12330 0.62834 0.95720 0.98275 0.71528 0.07986 0.81355 0.64043 0.51351 0.96032 0.70800 0.26380  100  100   25   50   50
  538  0.00024 0.12280 0.63933 0.98298 0.98125 0.75583 0.07994 0.82249 0.65101 0.53903 0.95348 0.71659 0.26697  100  100   25   50   75
  539  0.00018 0.12343 0.62325 0.95460 0.98313 0.67991 0.07973 0.80740 0.63559 0.51571 0.95736 0.70407 0.26045  100  100   25   50  100
  540  0.00042 0.12388 0.70814 0.82513 0.95192 0.92038 0.08417 0.88709 0.71660 0.63056 0.97551 0.76739 0.26455  100  100   25   75    1
  541  0.00041 0.12377 0.71066 0.86990 0.95259 0.91877 0.08406 0.89018 0.71906 0.58561 0.98217 0.76943 0.25903  100  100   25   75   25
  542  0.00043 0.12437 0.69995 0.87877 0.95619 0.89443 0.08404 0.88121 0.70882 0.62357 0.97621 0.76158 0.27030  100  100   25   75   50
  543  0.00043 0.12356 0.70139 0.90623 0.95548 0.90682 0.08313 0.87990 0.71020 0.62033 0.97721 0.76276 0.26585  100  100   25   75   75
  544  0.00047 0.12391 0.70052 0.87036 0.96331 0.87486 0.08403 0.87619 0.70938 0.70782 0.97990 0.76214 0.26923  100  100   25   75  100
  545  0.00049 0.12448 0.79983 0.48463 0.88080 0.97278 0.08746 0.96687 0.80475 0.77265 0.99374 0.83623 0.26880  100  100   25  100    1
  546  0.00053 0.12429 0.80433 0.50662 0.87724 0.97217 0.08740 0.97387 0.80907 0.78509 0.99676 0.83963 0.27193  100  100   25  100   25
  547  0.00045 0.12436 0.80818 0.46639 0.86868 0.97527 0.08753 0.97060 0.81278 0.73254 0.99969 0.84264 0.26783  100  100   25  100   50
  548  0.00048 0.12381 0.80788 0.48705 0.86156 0.98427 0.08773 0.96688 0.81249 0.74344 0.99933 0.84253 0.26765  100  100   25  100   75
  549  0.00050 0.12404 0.79380 0.53140 0.88603 0.97751 0.08721 0.96125 0.79896 0.74659 0.99719 0.83195 0.26548  100  100   25  100  100
  550  0.00003 0.11918 0.56107 0.68154 0.99068 0.34565 0.06856 0.74226 0.59773 0.43065 0.88250 0.65568 0.24528  100  100   50    1    1
  551  0.00003 0.11902 0.56168 0.68296 0.99156 0.32573 0.06854 0.74286 0.59779 0.42327 0.91711 0.65623 0.23995  100  100   50    1   25
  552  0.00003 0.11883 0.56104 0.68343 0.99132 0.33985 0.06845 0.74581 0.59828 0.42657 0.92133 0.65566 0.24085  100  100   50    1   50
  553  0.00003 0.11916 0.56158 0.68232 0.99083 0.35125 0.06855 0.73580 0.59936 0.43368 0.92228 0.65615 0.24852  100  100   50    1   75
  554  0.00003 0.11914 0.56127 0.68404 0.99097 0.32462 0.06865 0.73718 0.59825 0.41686 0.91391 0.65586 0.24845  100  100   50    1  100
  555  0.00003 0.11910 0.55939 0.68119 0.99129 0.33196 0.06947 0.75119 0.58945 0.42798 0.92337 0.65409 0.25010  100  100   50   25    1
  556  0.00003 0.11920 0.55829 0.67906 0.99229 0.30654 0.06946 0.75232 0.58809 0.42856 0.92389 0.65310 0.24782  100  100   50   25   25
  557  0.00003 0.11926 0.55948 0.68227 0.99151 0.33500 0.06953 0.75028 0.58902 0.43170 0.92325 0.65416 0.24813  100  100   50   25   50
  558  0.00003 0.11930 0.55916 0.68083 0.99202 0.31279 0.06952 0.75058 0.58946 0.42805 0.91986 0.65389 0.25163  100  100   50   25   75
  559  0.00003 0.11884 0.55953 0.68202 0.99214 0.30544 0.06920 0.75130 0.58995 0.43534 0.92392 0.65422 0.24645  100  100   50   25  100
  560  0.00003 0.11948 0.55719 0.67884 0.99238 0.30216 0.07132 0.75407 0.57948 0.42673 0.92513 0.65204 0.25090  100  100   50   50    1
  561  0.00003 0.11966 0.55723 0.67860 0.99221 0.30749 0.07130 0.75425 0.57973 0.42652 0.92484 0.65209 0.26165  100  100   50   50   25
  562  0.00003 0.11950 0.55771 0.68056 0.99229 0.30602 0.07112 0.75415 0.58041 0.42680 0.92463 0.65250 0.24743  100  100   50   50   50
  563  0.00003 0.11968 0.55744 0.67688 0.99207 0.31536 0.07114 0.75418 0.58062 0.43029 0.92314 0.65228 0.24845  100  100   50   50   75
  564  0.00003 0.11992 0.55809 0.68001 0.99186 0.32157 0.07119 0.75362 0.58151 0.42607 0.92419 0.65284 0.25157  100  100   50   50  100
  565  0.00003 0.12035 0.55720 0.68151 0.99242 0.30440 0.07383 0.75471 0.57486 0.42713 0.92479 0.65197 0.26170  100  100   50   75    1
  566  0.00003 0.12022 0.55671 0.67801 0.99160 0.34346 0.07371 0.75459 0.57461 0.42999 0.92426 0.65156 0.25863  100  100   50   75   25
  567  0.00003 0.12000 0.55663 0.67807 0.99212 0.31219 0.07323 0.75467 0.57487 0.42893 0.92446 0.65150 0.25458  100  100   50   75   50
  568  0.00003 0.11993 0.55654 0.67682 0.99187 0.32641 0.07324 0.75462 0.57485 0.42848 0.92334 0.65143 0.25857  100  100   50   75   75
  569  0.00003 0.12020 0.55690 0.68053 0.99167 0.34052 0.07338 0.75476 0.57543 0.42656 0.92449 0.65173 0.25120  100  100   50   75  100
  570  0.00003 0.12093 0.56195 0.69334 0.99190 0.32506 0.07577 0.76038 0.57760 0.43394 0.92434 0.65579 0.25885  100  100   50  100    1
  571  0.00005 0.12062 0.56920 0.70066 0.98884 0.41856 0.07579 0.76769 0.58463 0.45150 0.92594 0.66171 0.26272  100  100   50  100   25
  572  0.00004 0.12035 0.56535 0.70303 0.99143 0.33846 0.07523 0.76404 0.58108 0.43920 0.92740 0.65859 0.25905  100  100   50  100   50
  573  0.00003 0.12028 0.55790 0.68162 0.99249 0.30153 0.07502 0.75633 0.57402 0.42973 0.92325 0.65251 0.24885  100  100   50  100   75
  574  0.00003 0.12059 0.55771 0.67987 0.99175 0.33364 0.07512 0.75598 0.57386 0.43211 0.92443 0.65235 0.25420  100  100   50  100  100
  575  0.00003 0.11769 0.56759 0.68546 0.98643 0.37649 0.06640 0.74338 0.66062 0.42209 0.91933 0.66206 0.24358  100  100   75    1    1
  576  0.00003 0.11765 0.56572 0.68578 0.98508 0.37954 0.06631 0.73791 0.65934 0.41215 0.93289 0.66030 0.24672  100  100   75    1   25
  577  0.00003 0.11787 0.56832 0.68590 0.98966 0.34280 0.06647 0.73882 0.66418 0.42661 0.90953 0.66275 0.24065  100  100   75    1   50
  578  0.00003 0.11782 0.56832 0.68730 0.98841 0.33848 0.06653 0.74066 0.66160 0.44396 0.92433 0.66275 0.24037  100  100   75    1   75
  579  0.00003 0.11778 0.56628 0.68236 0.98470 0.37201 0.06648 0.74769 0.65817 0.42808 0.90731 0.66082 0.24660  100  100   75    1  100
  580  0.00003 0.11853 0.56091 0.68011 0.99256 0.29014 0.06723 0.75248 0.62879 0.43595 0.92722 0.65571 0.24890  100  100   75   25    1
  581  0.00003 0.11799 0.56070 0.67919 0.99167 0.31895 0.06696 0.75224 0.62649 0.42936 0.92542 0.65551 0.24393  100  100   75   25   25
  582  0.00003 0.11808 0.56043 0.68290 0.99047 0.32608 0.06698 0.75135 0.62732 0.42854 0.92624 0.65527 0.24373  100  100   75   25   50
  583  0.00003 0.11819 0.56152 0.67734 0.99164 0.30458 0.06707 0.75201 0.62839 0.43468 0.92686 0.65628 0.24667  100  100   75   25   75
  584  0.00003 0.11757 0.56118 0.68296 0.99120 0.32308 0.06665 0.75320 0.63212 0.43420 0.92577 0.65598 0.23902  100  100   75   25  100
  585  0.00003 0.11834 0.55711 0.67708 0.99273 0.29143 0.06814 0.75468 0.59595 0.43025 0.92416 0.65210 0.24710  100  100   75   50    1
  586  0.00003 0.11849 0.55813 0.67782 0.99203 0.30317 0.06826 0.75449 0.59794 0.42565 0.92337 0.65303 0.25798  100  100   75   50   25
  587  0.00003 0.11843 0.55770 0.67656 0.99193 0.31136 0.06809 0.75406 0.59918 0.42837 0.92452 0.65265 0.24798  100  100   75   50   50
  588  0.00003 0.11843 0.55804 0.67723 0.99209 0.31708 0.06780 0.75392 0.60273 0.43155 0.92469 0.65297 0.24885  100  100   75   50   75
  589  0.00003 0.11815 0.55792 0.67760 0.99235 0.30112 0.06774 0.75381 0.60136 0.43019 0.92343 0.65285 0.24422  100  100   75   50  100
  590  0.00003 0.11914 0.55626 0.67675 0.99268 0.29438 0.06995 0.75430 0.58342 0.42743 0.92376 0.65128 0.25010  100  100   75   75    1
  591  0.00003 0.11849 0.55608 0.67474 0.99232 0.30462 0.06967 0.75433 0.58237 0.42692 0.92445 0.65111 0.25098  100  100   75   75   25
  592  0.00003 0.11892 0.55684 0.67638 0.99192 0.31654 0.06989 0.75441 0.58364 0.42844 0.92330 0.65178 0.25095  100  100   75   75   50
  593  0.00003 0.11843 0.55636 0.67550 0.99109 0.34539 0.06951 0.75437 0.58365 0.42937 0.92413 0.65137 0.24275  100  100   75   75   75
  594  0.00003 0.11854 0.55615 0.67461 0.99193 0.30979 0.06955 0.75439 0.58343 0.42842 0.92387 0.65118 0.25005  100  100   75   75  100
  595  0.00003 0.11916 0.55580 0.67458 0.99147 0.32483 0.07186 0.75443 0.57630 0.42589 0.92417 0.65083 0.25505  100  100   75  100    1
  596  0.00003 0.11905 0.55592 0.67791 0.99154 0.33593 0.07141 0.75448 0.57692 0.42658 0.92355 0.65094 0.24955  100  100   75  100   25
  597  0.00003 0.11927 0.55599 0.67583 0.99256 0.29066 0.07136 0.75442 0.57740 0.42756 0.92328 0.65100 0.25255  100  100   75  100   50
  598  0.00003 0.11924 0.55610 0.67600 0.99256 0.29416 0.07133 0.75454 0.57777 0.42735 0.92380 0.65110 0.24825  100  100   75  100   75
  599  0.00002 0.11911 0.55628 0.67605 0.99288 0.28561 0.07139 0.75471 0.57763 0.42777 0.92327 0.65124 0.24510  100  100   75  100  100
  600  0.00004 0.11728 0.59625 0.73138 0.98449 0.33489 0.06577 0.71882 0.79218 0.42564 0.94335 0.68933 0.23955  100  100  100    1    1
  601  0.00004 0.11727 0.59074 0.70928 0.98945 0.31488 0.06578 0.72026 0.76632 0.43038 0.98570 0.68410 0.24245  100  100  100    1   25
  602  0.00005 0.11718 0.59209 0.71832 0.99687 0.28359 0.06569 0.72079 0.78949 0.55099 0.98040 0.68541 0.23295  100  100  100    1   50
  603  0.00004 0.11728 0.59673 0.72921 0.99571 0.27545 0.06579 0.72328 0.78562 0.42050 0.99803 0.68976 0.24060  100  100  100    1   75
  604  0.00000 0.11715 0.63287 0.74507 0.84807 0.63731 0.06560 0.64828 0.81274 0.09494 0.04116 0.72353 0.23452  100  100  100    1  100
  605  0.00003 0.11753 0.56405 0.67996 0.99256 0.29383 0.06613 0.75454 0.69766 0.44298 0.92650 0.65878 0.24113  100  100  100   25    1
  606  0.00003 0.11738 0.56866 0.68956 0.98688 0.35377 0.06605 0.74647 0.70225 0.42523 0.92143 0.66315 0.23757  100  100  100   25   25
  607  0.00004 0.11741 0.56720 0.68586 0.98574 0.36118 0.06607 0.75248 0.69813 0.43679 0.92510 0.66177 0.24502  100  100  100   25   50
  608  0.00004 0.11763 0.57495 0.69867 0.99042 0.32299 0.06612 0.74761 0.72214 0.45380 0.92004 0.66914 0.23935  100  100  100   25   75
  609  0.00003 0.11764 0.57119 0.69826 0.99377 0.28051 0.06616 0.75211 0.71249 0.45584 0.93031 0.66557 0.24737  100  100  100   25  100
  610  0.00003 0.11786 0.55920 0.68346 0.99117 0.31463 0.06677 0.75490 0.63514 0.42693 0.92368 0.65413 0.24725  100  100  100   50    1
  611  0.00003 0.11783 0.55925 0.67612 0.99001 0.34002 0.06676 0.75461 0.63390 0.43217 0.92068 0.65418 0.24358  100  100  100   50   25
  612  0.00003 0.11790 0.55887 0.67713 0.99160 0.31126 0.06670 0.75451 0.63765 0.42993 0.92420 0.65382 0.24975  100  100  100   50   50
  613  0.00003 0.11800 0.55968 0.67988 0.99052 0.32209 0.06688 0.75525 0.63565 0.43012 0.92898 0.65458 0.24403  100  100  100   50   75
  614  0.00003 0.11801 0.56069 0.67941 0.99050 0.34119 0.06682 0.75452 0.63948 0.42840 0.92790 0.65554 0.24227  100  100  100   50  100
  615  0.00003 0.11823 0.55597 0.67343 0.99149 0.32080 0.06804 0.75438 0.59733 0.42625 0.92497 0.65107 0.24680  100  100  100   75    1
  616  0.00003 0.11805 0.55658 0.67407 0.99212 0.30195 0.06803 0.75460 0.59646 0.43026 0.92319 0.65162 0.24590  100  100  100   75   25
  617  0.00003 0.11791 0.55668 0.67577 0.99108 0.32938 0.06787 0.75429 0.59815 0.42800 0.92283 0.65172 0.24643  100  100  100   75   50
  618  0.00002 0.11792 0.55647 0.67404 0.99275 0.28882 0.06789 0.75447 0.59754 0.42878 0.92483 0.65152 0.24702  100  100  100   75   75
  619  0.00002 0.11785 0.55651 0.67598 0.99186 0.30826 0.06770 0.75481 0.59961 0.42583 0.92432 0.65156 0.23420  100  100  100   75  100
  620  0.00003 0.11807 0.55559 0.67594 0.99241 0.29498 0.06934 0.75428 0.58304 0.42730 0.92326 0.65069 0.24760  100  100  100  100    1
  621  0.00002 0.11798 0.55539 0.67268 0.99269 0.28297 0.06926 0.75425 0.58255 0.42718 0.92315 0.65051 0.25058  100  100  100  100   25
  622  0.00003 0.11832 0.55581 0.67405 0.99241 0.29756 0.06945 0.75443 0.58372 0.42760 0.92354 0.65088 0.25493  100  100  100  100   50
  623  0.00003 0.11843 0.55565 0.67325 0.99256 0.29495 0.06937 0.75431 0.58389 0.42692 0.92389 0.65074 0.24643  100  100  100  100   75
  624  0.00003 0.11808 0.55570 0.67533 0.99240 0.30338 0.06930 0.75446 0.58342 0.42835 0.92332 0.65078 0.24690  100  100  100  100  100
