                                               Cluster
  Run  Product Compare     Pop   Edges Clusters   Size Leesalee  Slope  %Urban   Xmean   Ymean     Rad  Fmatch Diff  Brd Sprd  Slp   RG
    1  0.00000 0.00000 0.00000 0.00000 0.00000 0.00000 0.30049 0.00000 0.00000 0.00000 0.00000 0.00000 0.90781    1    1    1    1  100
    0  0.00000 0.13443 0.93768 0.94016 0.99521 0.00000 0.30050 0.85951 0.93768 0.99004 0.90596 0.97218 0.90781    1    1    1    1    1
    3  0.00000 0.00000 0.00000 0.00000 0.00000 0.00000 0.29999 0.00000 0.00000 0.00000 0.00000 0.00000 0.90775    1    1    1  100  100
    2  0.00000 0.13266 0.93823 0.94548 0.91307 0.00000 0.30007 0.84487 0.93823 0.94646 0.90214 0.97271 0.90775    1    1    1  100    1
    5  0.00000 0.00000 0.00000 0.00000 0.00000 0.00000 0.28743 0.00000 0.00000 0.00000 0.00000 0.00000 0.89319    1    1  100    1  100
    4  0.10957 0.74065 0.94792 0.89180 0.97821 0.99982 0.28746 0.89155 0.94792 0.99237 0.86309 0.96253 0.89340    1    1  100    1    1
    6  0.08934 0.50661 0.95089 0.89656 0.98460 1.00000 0.31231 0.90341 0.95089 0.99979 0.89573 0.96758 0.90378    1    1  100  100    1
    7  0.00000 0.00000 0.00000 0.00000 0.00000 0.00000 0.31230 0.00000 0.00000 0.00000 0.00000 0.00000 0.90397    1    1  100  100  100
    8  0.00000 0.00000 0.00000 0.00000 0.00000 0.00000 0.30025 0.00000 0.00000 0.00000 0.00000 0.00000 0.90778    1  100    1    1  100
    9  0.00000 0.13468 0.93312 0.88527 0.92098 0.00000 0.30038 0.73246 0.93312 0.99372 0.92040 0.96907 0.90782    1  100    1    1    1
   11  0.00000 0.00000 0.00000 0.00000 0.00000 0.00000 0.30002 0.00000 0.00000 0.00000 0.00000 0.00000 0.90775    1  100    1  100  100
   10  0.00000 0.13298 0.93406 0.95845 0.98069 0.00000 0.30004 0.83927 0.93406 0.68722 0.95783 0.96985 0.90776    1  100    1  100    1
   12  0.11445 0.78579 0.95295 0.90653 0.97153 1.00000 0.28393 0.88936 0.95295 0.95967 0.87337 0.96576 0.89091    1  100  100    1    1
   13  0.00000 0.00000 0.00000 0.00000 0.00000 0.00000 0.28041 0.00000 0.00000 0.00000 0.00000 0.00000 0.88886    1  100  100    1  100
   15  0.08569 0.52162 0.95407 0.91786 0.89537 1.00000 0.31094 0.90589 0.95407 0.99786 0.89207 0.96975 0.90310    1  100  100  100    1
   14  0.00000 0.00000 0.00000 0.00000 0.00000 0.00000 0.31110 0.00000 0.00000 0.00000 0.00000 0.00000 0.90283    1  100  100  100  100
   16  0.00000 0.00000 0.00000 0.00000 0.00000 0.00000 0.28500 0.00000 0.00000 0.00000 0.00000 0.00000 0.90514  100    1    1    1  100
   17  0.01894 0.17861 0.92914 0.91637 0.97757 0.75000 0.28523 0.87467 0.92914 0.99121 0.84840 0.96267 0.90517  100    1    1    1    1
   19  0.00000 0.00000 0.00000 0.00000 0.00000 0.00000 0.28947 0.00000 0.00000 0.00000 0.00000 0.00000 0.90656  100    1    1  100  100
   18  0.00000 0.16301 0.92786 0.91436 0.97669 0.00000 0.28936 0.87681 0.92786 0.99621 0.89652 0.96283 0.90592  100    1    1  100    1
   20  0.11396 0.82528 0.95134 0.89976 0.96470 0.98684 0.27665 0.88847 0.95134 0.98782 0.85655 0.96443 0.88808  100    1  100    1    1
   21  0.00000 0.00000 0.00000 0.00000 0.00000 0.00000 0.27664 0.00000 0.00000 0.00000 0.00000 0.00000 0.88829  100    1  100    1  100
   23  0.09279 0.55127 0.95382 0.91464 0.97398 0.96429 0.30409 0.90657 0.95382 0.99341 0.90040 0.96930 0.90112  100    1  100  100    1
   22  0.00000 0.00000 0.00000 0.00000 0.00000 0.00000 0.30350 0.00000 0.00000 0.00000 0.00000 0.00000 0.90128  100    1  100  100  100
   25  0.02597 0.27906 0.92916 0.91491 0.97330 0.75000 0.25873 0.90575 0.92916 0.99772 0.80147 0.95775 0.89934  100  100    1    1    1
   24  0.00000 0.00000 0.00000 0.00000 0.00000 0.00000 0.25803 0.00000 0.00000 0.00000 0.00000 0.00000 0.89926  100  100    1    1  100
   27  0.00000 0.22833 0.93115 0.91704 0.97708 0.00000 0.27050 0.89319 0.93115 0.97129 0.84672 0.96128 0.90202  100  100    1  100    1
   26  0.00000 0.00000 0.00000 0.00000 0.00000 0.00000 0.26904 0.00000 0.00000 0.00000 0.00000 0.00000 0.90178  100  100    1  100  100
   29  0.00411 0.34261 0.97210 0.83329 0.16346 0.97197 0.17704 0.95602 0.97210 0.91179 0.84708 0.96829 0.75766  100  100  100    1    1
   28  0.00000 0.00000 0.00000 0.00000 0.00000 0.00000 0.17602 0.00000 0.00000 0.00000 0.00000 0.00000 0.75542  100  100  100    1  100
   31  0.00027 0.65478 0.98414 0.93979 0.89930 0.98684 0.22731 0.96859 0.98414 0.95237 0.00300 0.98350 0.83912  100  100  100  100    1
   30  0.00000 0.00000 0.00000 0.00000 0.00000 0.00000 0.22479 0.00000 0.00000 0.00000 0.00000 0.00000 0.83622  100  100  100  100  100
