                                               Cluster
  Run  Product Compare     Pop   Edges Clusters   Size Leesalee  Slope  %Urban   Xmean   Ymean     Rad  Fmatch Diff  Brd Sprd  Slp   RG
    0  0.00000 0.13421 0.92640 0.88606 0.98502 0.00000 0.30033 0.85127 0.92640 0.96282 0.89715 0.96435 0.90780    1    1    1    1    1
    1  0.00000 0.13428 0.93355 0.92907 0.98439 0.00000 0.30041 0.74872 0.93355 0.99626 0.92739 0.96935 0.90780    1    1    1    1   25
    2  0.00000 0.13427 0.93124 0.93029 0.98059 0.00000 0.30040 0.79846 0.93124 0.99488 0.90315 0.96774 0.90781    1    1    1    1   50
    3  0.00000 0.13427 0.93210 0.92604 0.97894 0.00000 0.30040 0.82214 0.93210 0.99102 0.91745 0.96834 0.90781    1    1    1    1   75
    4  0.00000 0.13427 0.93210 0.92604 0.97894 0.00000 0.30040 0.82214 0.93210 0.99102 0.91745 0.96834 0.90781    1    1    1    1  100
    5  0.00000 0.13279 0.94533 0.94865 0.99241 0.00000 0.30009 0.86063 0.94533 0.99357 0.96242 0.97741 0.90775    1    1    1  100    1
    6  0.00000 0.13269 0.92783 0.92082 0.95645 0.00000 0.30010 0.84116 0.92783 0.99706 0.90770 0.96551 0.90777    1    1    1  100   25
    7  0.00000 0.13269 0.92783 0.92082 0.95645 0.00000 0.30010 0.84116 0.92783 0.99706 0.90770 0.96551 0.90777    1    1    1  100   50
    8  0.00000 0.13269 0.92783 0.92082 0.95645 0.00000 0.30010 0.84116 0.92783 0.99706 0.90770 0.96551 0.90777    1    1    1  100   75
    9  0.00000 0.13269 0.92783 0.92082 0.95645 0.00000 0.30010 0.84116 0.92783 0.99706 0.90770 0.96551 0.90777    1    1    1  100  100
   10  0.10901 0.73996 0.94748 0.89082 0.96715 0.99924 0.28770 0.89747 0.94748 0.99251 0.86522 0.96217 0.89350    1    1  100    1    1
   11  0.10978 0.74242 0.94749 0.88914 0.98141 0.99995 0.28747 0.88987 0.94749 0.99205 0.86552 0.96217 0.89315    1    1  100    1   25
   12  0.10908 0.74310 0.94781 0.89077 0.96160 1.00000 0.28741 0.89778 0.94781 0.99045 0.86824 0.96242 0.89331    1    1  100    1   50
   13  0.10677 0.74296 0.94787 0.88115 0.97317 0.99995 0.28750 0.88646 0.94787 0.98590 0.86329 0.96241 0.89355    1    1  100    1   75
   14  0.10630 0.74451 0.94755 0.88611 0.95429 0.99958 0.28711 0.89026 0.94755 0.99261 0.86274 0.96218 0.89324    1    1  100    1  100
   15  0.08602 0.50669 0.95052 0.90064 0.94065 1.00000 0.31240 0.90490 0.95052 0.99731 0.89995 0.96731 0.90373    1    1  100  100    1
   16  0.08702 0.50629 0.95050 0.90955 0.95154 1.00000 0.31261 0.89785 0.95050 0.99911 0.89643 0.96734 0.90391    1    1  100  100   25
   17  0.08601 0.50688 0.95115 0.90763 0.94245 1.00000 0.31219 0.89762 0.95115 0.99966 0.89486 0.96788 0.90372    1    1  100  100   50
   18  0.08456 0.50614 0.95138 0.90930 0.92419 1.00000 0.31247 0.89901 0.95138 0.99832 0.89521 0.96805 0.90377    1    1  100  100   75
   19  0.08374 0.50678 0.95084 0.90766 0.91892 1.00000 0.31258 0.89928 0.95084 0.99543 0.89546 0.96760 0.90388    1    1  100  100  100
   20  0.00000 0.13483 0.93000 0.91367 0.93830 0.00000 0.30036 0.74232 0.93000 0.98046 0.93120 0.96686 0.90782    1  100    1    1    1
   21  0.00000 0.13475 0.92686 0.86229 0.97119 0.00000 0.30036 0.73082 0.92686 0.99929 0.83443 0.96466 0.90782    1  100    1    1   25
   22  0.00000 0.13487 0.92960 0.88452 0.99078 0.00000 0.30024 0.82616 0.92960 0.99731 0.89972 0.96658 0.90779    1  100    1    1   50
   23  0.00000 0.13487 0.92960 0.88452 0.99078 0.00000 0.30024 0.82616 0.92960 0.99731 0.89972 0.96658 0.90779    1  100    1    1   75
   24  0.00000 0.13487 0.92960 0.88452 0.99078 0.00000 0.30024 0.82616 0.92960 0.99731 0.89972 0.96658 0.90779    1  100    1    1  100
   25  0.00000 0.13302 0.93264 0.92034 0.91565 0.00000 0.30002 0.81468 0.93264 0.99227 0.92248 0.96886 0.90775    1  100    1  100    1
   26  0.00000 0.13296 0.92369 0.86246 0.98074 0.00000 0.30002 0.83923 0.92369 0.99986 0.89428 0.96256 0.90777    1  100    1  100   25
   27  0.00000 0.13296 0.92695 0.90985 0.96666 0.00000 0.29989 0.82728 0.92695 0.96484 0.89583 0.96489 0.90775    1  100    1  100   50
   28  0.00000 0.13296 0.92695 0.90985 0.96666 0.00000 0.29989 0.82728 0.92695 0.96484 0.89583 0.96489 0.90775    1  100    1  100   75
   29  0.00000 0.13296 0.92695 0.90985 0.96666 0.00000 0.29989 0.82728 0.92695 0.96484 0.89583 0.96489 0.90775    1  100    1  100  100
   30  0.11605 0.78608 0.95319 0.90439 0.97966 1.00000 0.28406 0.88904 0.95319 0.97007 0.87036 0.96587 0.89053    1  100  100    1    1
   31  0.10652 0.79452 0.95435 0.91038 0.90349 0.99995 0.28325 0.89262 0.95435 0.94442 0.87129 0.96667 0.88989    1  100  100    1   25
   32  0.10887 0.80190 0.95405 0.90177 0.92832 0.99996 0.28284 0.90167 0.95405 0.93501 0.86906 0.96624 0.88986    1  100  100    1   50
   33  0.11561 0.80962 0.95395 0.90836 0.98494 0.99996 0.28187 0.89284 0.95395 0.93891 0.86430 0.96606 0.88899    1  100  100    1   75
   34  0.12033 0.81720 0.95373 0.90640 0.98016 0.99934 0.28066 0.88898 0.95373 0.97512 0.87276 0.96588 0.88900    1  100  100    1  100
   35  0.08967 0.52335 0.95360 0.91637 0.93483 1.00000 0.31110 0.90345 0.95360 0.99863 0.89504 0.96935 0.90317    1  100  100  100    1
   36  0.08986 0.52678 0.95462 0.91462 0.95333 1.00000 0.31062 0.89325 0.95462 0.99786 0.88555 0.97000 0.90270    1  100  100  100   25
   37  0.07825 0.52545 0.95447 0.91236 0.81954 1.00000 0.31103 0.90111 0.95447 0.99346 0.89660 0.96989 0.90291    1  100  100  100   50
   38  0.08495 0.52789 0.95437 0.92080 0.89127 1.00000 0.31084 0.89335 0.95437 0.98667 0.89780 0.96977 0.90247    1  100  100  100   75
   39  0.08634 0.53058 0.95556 0.91986 0.90609 1.00000 0.31036 0.88823 0.95556 0.99149 0.89309 0.97065 0.90248    1  100  100  100  100
   40  0.02029 0.17865 0.92726 0.91204 0.97705 0.75000 0.28514 0.87623 0.92726 0.99373 0.91506 0.96127 0.90518  100    1    1    1    1
   41  0.01904 0.17887 0.92910 0.91475 0.97739 0.75000 0.28510 0.86447 0.92910 0.99918 0.85701 0.96264 0.90516  100    1    1    1   25
   42  0.01968 0.17888 0.92722 0.91305 0.97578 0.75000 0.28503 0.86999 0.92722 0.99755 0.88990 0.96123 0.90515  100    1    1    1   50
   43  0.01968 0.17888 0.92722 0.91305 0.97578 0.75000 0.28503 0.86999 0.92722 0.99755 0.88990 0.96123 0.90515  100    1    1    1   75
   44  0.01968 0.17888 0.92722 0.91305 0.97578 0.75000 0.28503 0.86999 0.92722 0.99755 0.88990 0.96123 0.90515  100    1    1    1  100
   45  0.00000 0.15746 0.81868 0.78473 0.88501 0.00000 0.28944 0.95831 0.81868 0.87931 0.79241 0.87633 0.90617  100    1    1  100    1
   46  0.00000 0.16058 0.87551 0.85224 0.94008 0.00000 0.28925 0.91895 0.87551 0.99297 0.81721 0.92283 0.90626  100    1    1  100   25
   47  0.00000 0.16090 0.87733 0.85407 0.94040 0.00000 0.28912 0.91669 0.87733 0.88690 0.86431 0.92430 0.90615  100    1    1  100   50
   48  0.00000 0.16117 0.88802 0.86727 0.94763 0.00000 0.28929 0.91598 0.88802 0.99836 0.78549 0.93265 0.90592  100    1    1  100   75
   49  0.00000 0.16117 0.88802 0.86727 0.94763 0.00000 0.28929 0.91598 0.88802 0.99836 0.78549 0.93265 0.90592  100    1    1  100  100
   50  0.11461 0.82607 0.95175 0.90350 0.96517 0.98684 0.27673 0.88608 0.95175 0.99213 0.85397 0.96476 0.88803  100    1  100    1    1
   51  0.11511 0.82494 0.95136 0.90928 0.96420 0.98684 0.27713 0.88814 0.95136 0.98974 0.85340 0.96442 0.88873  100    1  100    1   25
   52  0.11396 0.82623 0.95196 0.90385 0.96509 0.98684 0.27701 0.88736 0.95196 0.98667 0.85090 0.96484 0.88799  100    1  100    1   50
   53  0.11364 0.82590 0.95176 0.90255 0.96488 0.98684 0.27694 0.89266 0.95176 0.98799 0.84418 0.96475 0.88856  100    1  100    1   75
   54  0.11478 0.82665 0.95198 0.90657 0.96650 0.98684 0.27691 0.88804 0.95198 0.98617 0.85251 0.96494 0.88819  100    1  100    1  100
   55  0.09667 0.55386 0.95337 0.91755 0.97800 1.00000 0.30337 0.90722 0.95337 0.99976 0.89093 0.96893 0.90093  100    1  100  100    1
   56  0.09651 0.55230 0.95339 0.91723 0.98179 1.00000 0.30385 0.90277 0.95339 0.99607 0.89515 0.96895 0.90081  100    1  100  100   25
   57  0.09549 0.55410 0.95308 0.91593 0.97639 1.00000 0.30353 0.89861 0.95308 0.99917 0.89199 0.96866 0.90089  100    1  100  100   50
   58  0.09502 0.55278 0.95338 0.91566 0.97611 0.99083 0.30367 0.90205 0.95338 0.99560 0.89704 0.96892 0.90092  100    1  100  100   75
   59  0.09260 0.55225 0.95435 0.91379 0.97844 0.96429 0.30328 0.90612 0.95435 0.99405 0.89472 0.96975 0.90095  100    1  100  100  100
   60  0.02810 0.27900 0.92973 0.91525 0.97352 0.75000 0.25881 0.90886 0.92973 0.99564 0.86404 0.95817 0.89935  100  100    1    1    1
   61  0.02663 0.28260 0.93021 0.91574 0.97362 0.75000 0.25806 0.91180 0.93021 0.98484 0.81531 0.95847 0.89932  100  100    1    1   25
   62  0.02851 0.28365 0.93047 0.91577 0.97336 0.75000 0.25794 0.90162 0.93047 0.98819 0.87669 0.95866 0.89922  100  100    1    1   50
   63  0.02863 0.28436 0.92793 0.91306 0.97225 0.75000 0.25772 0.89594 0.92793 0.99512 0.88863 0.95670 0.89904  100  100    1    1   75
   64  0.02863 0.28436 0.92793 0.91306 0.97225 0.75000 0.25772 0.89594 0.92793 0.99512 0.88863 0.95670 0.89904  100  100    1    1  100
   65  0.00000 0.22886 0.93245 0.91800 0.97693 0.00000 0.26975 0.89110 0.93245 0.99975 0.93287 0.96219 0.90199  100  100    1  100    1
   66  0.00000 0.23257 0.92829 0.91380 0.97563 0.00000 0.26884 0.90467 0.92829 0.97415 0.91464 0.95892 0.90181  100  100    1  100   25
   67  0.00000 0.23238 0.92893 0.91416 0.97545 0.00000 0.26945 0.89411 0.92893 0.95944 0.97814 0.95938 0.90189  100  100    1  100   50
   68  0.00000 0.23253 0.92994 0.91563 0.97552 0.00000 0.26900 0.89779 0.92994 0.97496 0.96289 0.96020 0.90174  100  100    1  100   75
   69  0.00000 0.23253 0.92994 0.91563 0.97552 0.00000 0.26900 0.89779 0.92994 0.97496 0.96289 0.96020 0.90174  100  100    1  100  100
   70  0.00361 0.34470 0.97221 0.83811 0.13412 0.97210 0.17752 0.95103 0.97221 0.86311 0.94553 0.96842 0.76056  100  100  100    1    1
   71  0.00301 0.34123 0.97182 0.83375 0.14735 0.97120 0.17672 0.94968 0.97182 0.79577 0.80028 0.96800 0.75630  100  100  100    1   25
   72  0.00398 0.33995 0.97133 0.82779 0.19048 0.96889 0.17594 0.94967 0.97133 0.83870 0.79230 0.96755 0.75578  100  100  100    1   50
   73  0.00516 0.34018 0.97163 0.82967 0.19216 0.96741 0.17628 0.95203 0.97163 0.94122 0.90083 0.96782 0.75678  100  100  100    1   75
   74  0.00526 0.33924 0.97141 0.82674 0.21181 0.96966 0.17580 0.95143 0.97141 0.98218 0.80570 0.96761 0.75561  100  100  100    1  100
   75  0.00479 0.64709 0.98409 0.93915 0.87859 0.98509 0.22564 0.96851 0.98409 0.92854 0.05635 0.98342 0.83667  100  100  100  100    1
   76  0.00169 0.64580 0.98425 0.93867 0.85786 0.98684 0.22615 0.97279 0.98425 0.98813 0.01898 0.98350 0.83757  100  100  100  100   25
   77  0.00335 0.64704 0.98395 0.93746 0.84935 0.98684 0.22613 0.96929 0.98395 0.95073 0.03961 0.98326 0.83898  100  100  100  100   50
   78  0.00036 0.64992 0.98397 0.93784 0.88158 0.98684 0.22672 0.97245 0.98397 0.99319 0.00391 0.98331 0.83942  100  100  100  100   75
   79  0.00900 0.64257 0.98387 0.93698 0.85682 0.98684 0.22485 0.97158 0.98387 0.99835 0.10184 0.98316 0.83648  100  100  100  100  100
