                                               Cluster
  Run  Product Compare     Pop   Edges Clusters   Size Leesalee  Slope  %Urban   Xmean   Ymean     Rad  Fmatch Diff  Brd Sprd  Slp   RG
    0  0.00000 0.13487 0.92895 0.90480 0.98666 0.00000 0.30005 0.78832 0.92895 0.99184 0.94694 0.96613 0.90778   25    1    1    1    1
    1  0.00000 0.13490 0.93348 0.94230 0.99599 0.00000 0.30003 0.87513 0.93348 0.99565 0.94882 0.96931 0.90775   25    1    1    1   25
    2  0.00000 0.13487 0.92377 0.90198 0.98393 0.00000 0.30005 0.88594 0.92377 0.99432 0.93909 0.96248 0.90778   25    1    1    1   50
    3  0.00000 0.13495 0.91819 0.91890 0.97481 0.00000 0.30005 0.80863 0.91819 0.90937 0.85851 0.95842 0.90776   25    1    1    1   75
    4  0.00000 0.13495 0.91819 0.91890 0.97481 0.00000 0.30005 0.80863 0.91819 0.90937 0.85851 0.95842 0.90776   25    1    1    1  100
    5  0.00000 0.13427 0.91675 0.89970 0.99085 0.00000 0.30001 0.86461 0.91675 0.98843 0.91557 0.95744 0.90775   25    1    1   25    1
    6  0.00000 0.13430 0.92649 0.92287 0.98913 0.00000 0.29996 0.89383 0.92649 0.98097 0.94487 0.96444 0.90775   25    1    1   25   25
    7  0.00000 0.13443 0.93138 0.90657 0.97720 0.00000 0.30002 0.82802 0.93138 0.95187 0.90378 0.96788 0.90778   25    1    1   25   50
    8  0.00000 0.13443 0.93138 0.90657 0.97720 0.00000 0.30002 0.82802 0.93138 0.95187 0.90378 0.96788 0.90778   25    1    1   25   75
    9  0.00000 0.13443 0.93138 0.90657 0.97720 0.00000 0.30002 0.82802 0.93138 0.95187 0.90378 0.96788 0.90778   25    1    1   25  100
   10  0.00000 0.13383 0.93097 0.91872 0.96905 0.00000 0.29992 0.85860 0.93097 0.99558 0.89687 0.96765 0.90776   25    1    1   50    1
   11  0.00000 0.13389 0.93458 0.94238 0.99968 0.00000 0.29989 0.87147 0.93458 0.99872 0.98070 0.97014 0.90770   25    1    1   50   25
   12  0.00000 0.13383 0.93280 0.92174 0.99285 0.00000 0.29987 0.83529 0.93280 0.99552 0.88684 0.96892 0.90775   25    1    1   50   50
   13  0.00000 0.13383 0.93280 0.92174 0.99285 0.00000 0.29987 0.83529 0.93280 0.99552 0.88684 0.96892 0.90775   25    1    1   50   75
   14  0.00000 0.13383 0.93280 0.92174 0.99285 0.00000 0.29987 0.83529 0.93280 0.99552 0.88684 0.96892 0.90775   25    1    1   50  100
   15  0.00000 0.13344 0.93742 0.92355 0.99453 0.00000 0.29991 0.81970 0.93742 0.76799 0.93443 0.97213 0.90777   25    1    1   75    1
   16  0.00000 0.13341 0.92518 0.90670 0.95994 0.00000 0.29989 0.85380 0.92518 0.98610 0.97339 0.96361 0.90774   25    1    1   75   25
   17  0.00000 0.13341 0.92873 0.94306 0.98152 0.00000 0.29985 0.84572 0.92873 0.94270 0.94638 0.96612 0.90772   25    1    1   75   50
   18  0.00000 0.13339 0.91747 0.90478 0.99136 0.00000 0.29988 0.85142 0.91747 0.99944 0.94383 0.95805 0.90777   25    1    1   75   75
   19  0.00000 0.13339 0.91747 0.90478 0.99136 0.00000 0.29988 0.85142 0.91747 0.99944 0.94383 0.95805 0.90777   25    1    1   75  100
   20  0.00000 0.13301 0.93226 0.91500 0.98733 0.00000 0.29981 0.87866 0.93226 0.99910 0.91448 0.96861 0.90775   25    1    1  100    1
   21  0.00000 0.13303 0.93533 0.95213 0.96418 0.00000 0.29979 0.83905 0.93533 0.99975 0.98085 0.97072 0.90772   25    1    1  100   25
   22  0.00000 0.13309 0.94154 0.95407 0.99407 0.00000 0.29980 0.84085 0.94154 0.99979 0.98273 0.97492 0.90775   25    1    1  100   50
   23  0.00000 0.13302 0.93680 0.96045 0.99080 0.00000 0.29980 0.83644 0.93680 0.98888 0.96829 0.97173 0.90772   25    1    1  100   75
   24  0.00000 0.13302 0.93680 0.96045 0.99080 0.00000 0.29980 0.83644 0.93680 0.98888 0.96829 0.97173 0.90772   25    1    1  100  100
   25  0.05108 0.28731 0.94767 0.93409 0.98452 1.00000 0.31849 0.84788 0.94767 0.99299 0.91162 0.97045 0.90739   25    1   25    1    1
   26  0.05182 0.28748 0.94791 0.93156 0.98012 1.00000 0.31834 0.86964 0.94791 0.98980 0.91056 0.97059 0.90730   25    1   25    1   25
   27  0.05273 0.28699 0.94840 0.93147 0.98652 1.00000 0.31850 0.86913 0.94840 0.99353 0.91734 0.97097 0.90744   25    1   25    1   50
   28  0.05273 0.28699 0.94840 0.93147 0.98652 1.00000 0.31850 0.86913 0.94840 0.99353 0.91734 0.97097 0.90744   25    1   25    1   75
   29  0.05273 0.28699 0.94840 0.93147 0.98652 1.00000 0.31850 0.86913 0.94840 0.99353 0.91734 0.97097 0.90744   25    1   25    1  100
   30  0.05202 0.27250 0.94920 0.93705 0.98327 1.00000 0.31803 0.89001 0.94920 0.99674 0.92391 0.97203 0.90770   25    1   25   25    1
   31  0.05204 0.27237 0.94843 0.93470 0.98958 1.00000 0.31831 0.89794 0.94843 0.99500 0.91576 0.97148 0.90768   25    1   25   25   25
   32  0.05204 0.27237 0.94843 0.93470 0.98958 1.00000 0.31831 0.89794 0.94843 0.99500 0.91576 0.97148 0.90768   25    1   25   25   50
   33  0.05204 0.27237 0.94843 0.93470 0.98958 1.00000 0.31831 0.89794 0.94843 0.99500 0.91576 0.97148 0.90768   25    1   25   25   75
   34  0.05204 0.27237 0.94843 0.93470 0.98958 1.00000 0.31831 0.89794 0.94843 0.99500 0.91576 0.97148 0.90768   25    1   25   25  100
   35  0.03594 0.25499 0.94882 0.93393 0.98837 0.75000 0.31737 0.88076 0.94882 0.99366 0.92203 0.97251 0.90803   25    1   25   50    1
   36  0.03583 0.25443 0.94704 0.93142 0.98200 0.75000 0.31699 0.88915 0.94704 0.99764 0.92326 0.97120 0.90793   25    1   25   50   25
   37  0.03675 0.25445 0.94759 0.93665 0.99228 0.75000 0.31717 0.89791 0.94759 0.99533 0.92286 0.97157 0.90796   25    1   25   50   50
   38  0.03675 0.25445 0.94759 0.93665 0.99228 0.75000 0.31717 0.89791 0.94759 0.99533 0.92286 0.97157 0.90796   25    1   25   50   75
   39  0.03675 0.25445 0.94759 0.93665 0.99228 0.75000 0.31717 0.89791 0.94759 0.99533 0.92286 0.97157 0.90796   25    1   25   50  100
   40  0.04177 0.23990 0.94540 0.93394 0.98448 0.92308 0.31642 0.89660 0.94540 0.98921 0.92779 0.97063 0.90825   25    1   25   75    1
   41  0.04158 0.24033 0.94700 0.93218 0.98697 0.92308 0.31647 0.89412 0.94700 0.98923 0.91945 0.97181 0.90821   25    1   25   75   25
   42  0.04581 0.24132 0.94633 0.92897 0.98351 1.00000 0.31630 0.90030 0.94633 0.99481 0.92844 0.97126 0.90818   25    1   25   75   50
   43  0.04581 0.24132 0.94633 0.92897 0.98351 1.00000 0.31630 0.90030 0.94633 0.99481 0.92844 0.97126 0.90818   25    1   25   75   75
   44  0.04581 0.24132 0.94633 0.92897 0.98351 1.00000 0.31630 0.90030 0.94633 0.99481 0.92844 0.97126 0.90818   25    1   25   75  100
   45  0.03202 0.22825 0.94601 0.93099 0.98473 0.75000 0.31520 0.88446 0.94601 0.99546 0.93076 0.97165 0.90822   25    1   25  100    1
   46  0.03219 0.22732 0.94637 0.92553 0.98601 0.75000 0.31521 0.89121 0.94637 0.99603 0.93529 0.97196 0.90827   25    1   25  100   25
   47  0.03181 0.22822 0.94534 0.93147 0.98341 0.75000 0.31502 0.88915 0.94534 0.99140 0.92703 0.97116 0.90818   25    1   25  100   50
   48  0.03181 0.22822 0.94534 0.93147 0.98341 0.75000 0.31502 0.88915 0.94534 0.99140 0.92703 0.97116 0.90818   25    1   25  100   75
   49  0.03181 0.22822 0.94534 0.93147 0.98341 0.75000 0.31502 0.88915 0.94534 0.99140 0.92703 0.97116 0.90818   25    1   25  100  100
   50  0.07839 0.46206 0.95485 0.91695 0.97418 1.00000 0.31499 0.84422 0.95485 0.99990 0.89479 0.97123 0.90146   25    1   50    1    1
   51  0.07823 0.46230 0.95478 0.91673 0.97904 0.98684 0.31493 0.85413 0.95478 1.00000 0.89012 0.97113 0.90128   25    1   50    1   25
   52  0.07713 0.46283 0.95485 0.91783 0.98201 0.98684 0.31491 0.84183 0.95485 0.99945 0.88582 0.97119 0.90157   25    1   50    1   50
   53  0.07751 0.46214 0.95466 0.91614 0.97763 0.98684 0.31475 0.84722 0.95466 0.99983 0.89217 0.97108 0.90142   25    1   50    1   75
   54  0.07665 0.46178 0.95462 0.91805 0.98367 0.98684 0.31492 0.83721 0.95462 0.99997 0.88547 0.97104 0.90159   25    1   50    1  100
   55  0.07679 0.42882 0.95651 0.92508 0.99287 0.98684 0.31821 0.85798 0.95651 0.99858 0.90153 0.97301 0.90290   25    1   50   25    1
   56  0.07527 0.42926 0.95610 0.92308 0.99634 0.98684 0.31774 0.84154 0.95610 0.99882 0.90114 0.97265 0.90286   25    1   50   25   25
   57  0.07734 0.42961 0.95668 0.92646 0.98319 0.98684 0.31769 0.86897 0.95668 0.99993 0.90232 0.97313 0.90276   25    1   50   25   50
   58  0.07689 0.42942 0.95738 0.93212 0.98248 0.98684 0.31775 0.85863 0.95738 0.99998 0.90134 0.97368 0.90279   25    1   50   25   75
   59  0.07912 0.42886 0.95693 0.93482 0.99022 0.98684 0.31790 0.87429 0.95693 0.99935 0.90353 0.97337 0.90287   25    1   50   25  100
   60  0.07456 0.39069 0.95553 0.92732 0.99117 1.00000 0.31977 0.88584 0.95553 0.99813 0.91375 0.97314 0.90452   25    1   50   50    1
   61  0.07193 0.39178 0.95526 0.92409 0.97243 1.00000 0.31982 0.87852 0.95526 0.99799 0.90740 0.97287 0.90449   25    1   50   50   25
   62  0.07260 0.39190 0.95554 0.92663 0.98862 1.00000 0.31979 0.86714 0.95554 0.99976 0.90749 0.97313 0.90462   25    1   50   50   50
   63  0.07381 0.39157 0.95545 0.92966 0.99235 1.00000 0.31951 0.87857 0.95545 0.99979 0.90600 0.97308 0.90460   25    1   50   50   75
   64  0.07388 0.39128 0.95531 0.92914 0.98657 1.00000 0.31976 0.88317 0.95531 0.99917 0.90880 0.97298 0.90456   25    1   50   50  100
   65  0.06854 0.35960 0.95453 0.93076 0.99094 0.99324 0.32078 0.88829 0.95453 0.99651 0.91251 0.97320 0.90554   25    1   50   75    1
   66  0.06604 0.35957 0.95304 0.92759 0.98588 0.96429 0.32068 0.89448 0.95304 0.99869 0.90922 0.97206 0.90567   25    1   50   75   25
   67  0.06584 0.35889 0.95414 0.93233 0.98816 0.95301 0.32084 0.89298 0.95414 0.99858 0.91056 0.97292 0.90550   25    1   50   75   50
   68  0.06584 0.35889 0.95414 0.93233 0.98816 0.95301 0.32084 0.89298 0.95414 0.99858 0.91056 0.97292 0.90550   25    1   50   75   75
   69  0.06584 0.35889 0.95414 0.93233 0.98816 0.95301 0.32084 0.89298 0.95414 0.99858 0.91056 0.97292 0.90550   25    1   50   75  100
   70  0.06428 0.33092 0.95336 0.92992 0.99299 1.00000 0.32115 0.90313 0.95336 0.99331 0.91061 0.97314 0.90654   25    1   50  100    1
   71  0.06515 0.33059 0.95407 0.93783 0.98848 1.00000 0.32110 0.90007 0.95407 0.99691 0.91839 0.97369 0.90642   25    1   50  100   25
   72  0.06542 0.33176 0.95356 0.93597 0.99650 1.00000 0.32097 0.89476 0.95356 0.99961 0.91806 0.97328 0.90642   25    1   50  100   50
   73  0.06542 0.33176 0.95356 0.93597 0.99650 1.00000 0.32097 0.89476 0.95356 0.99961 0.91806 0.97328 0.90642   25    1   50  100   75
   74  0.06542 0.33176 0.95356 0.93597 0.99650 1.00000 0.32097 0.89476 0.95356 0.99961 0.91806 0.97328 0.90642   25    1   50  100  100
   75  0.10264 0.64909 0.95501 0.90431 0.97489 1.00000 0.29875 0.87317 0.95501 0.99721 0.87527 0.96850 0.89182   25    1   75    1    1
   76  0.10448 0.64880 0.95509 0.90130 0.98541 1.00000 0.29892 0.87969 0.95509 0.99786 0.87705 0.96854 0.89175   25    1   75    1   25
   77  0.10475 0.64940 0.95525 0.91444 0.98326 1.00000 0.29893 0.87040 0.95525 0.99744 0.87692 0.96866 0.89182   25    1   75    1   50
   78  0.10119 0.64883 0.95527 0.90943 0.97316 1.00000 0.29889 0.86011 0.95527 0.99758 0.87170 0.96863 0.89178   25    1   75    1   75
   79  0.10304 0.65114 0.95572 0.90201 0.98293 1.00000 0.29869 0.86439 0.95572 0.99514 0.88025 0.96899 0.89166   25    1   75    1  100
   80  0.09825 0.60299 0.95778 0.91334 0.97472 0.99590 0.30420 0.86130 0.95778 0.99778 0.88237 0.97108 0.89437   25    1   75   25    1
   81  0.10211 0.60343 0.95766 0.91158 0.98599 0.99756 0.30441 0.87974 0.95766 0.99589 0.88845 0.97094 0.89451   25    1   75   25   25
   82  0.10078 0.60362 0.95813 0.91022 0.98414 0.99756 0.30424 0.86952 0.95813 0.99673 0.88859 0.97133 0.89433   25    1   75   25   50
   83  0.10201 0.60319 0.95849 0.90698 0.98516 0.99590 0.30476 0.87807 0.95849 0.99817 0.89113 0.97163 0.89446   25    1   75   25   75
   84  0.10081 0.60425 0.95781 0.90608 0.98202 0.99590 0.30436 0.87803 0.95781 0.99536 0.88842 0.97107 0.89429   25    1   75   25  100
   85  0.09614 0.54221 0.95859 0.91927 0.99311 1.00000 0.31022 0.87432 0.95859 0.99906 0.89364 0.97259 0.89748   25    1   75   50    1
   86  0.09782 0.54173 0.95800 0.91728 0.99488 1.00000 0.31039 0.88560 0.95800 0.99876 0.89979 0.97216 0.89772   25    1   75   50   25
   87  0.09469 0.54344 0.95835 0.91083 0.98362 1.00000 0.31011 0.87674 0.95835 0.99992 0.89238 0.97236 0.89762   25    1   75   50   50
   88  0.09627 0.54077 0.95818 0.91376 0.98353 1.00000 0.31046 0.88972 0.95818 0.99904 0.89569 0.97226 0.89778   25    1   75   50   75
   89  0.09686 0.54251 0.95898 0.91616 0.99529 1.00000 0.31021 0.87909 0.95898 0.99944 0.89448 0.97290 0.89762   25    1   75   50  100
   90  0.09062 0.49124 0.95760 0.91980 0.99064 0.99830 0.31451 0.88943 0.95760 0.99982 0.90303 0.97264 0.90021   25    1   75   75    1
   91  0.08910 0.49134 0.95759 0.91448 0.98967 0.99830 0.31442 0.88374 0.95759 0.99997 0.90007 0.97260 0.89990   25    1   75   75   25
   92  0.08795 0.48943 0.95758 0.90748 0.97597 0.99954 0.31430 0.89260 0.95758 0.99988 0.90138 0.97264 0.90017   25    1   75   75   50
   93  0.08950 0.49016 0.95763 0.91617 0.99334 0.99590 0.31468 0.88436 0.95763 0.99974 0.90193 0.97269 0.90000   25    1   75   75   75
   94  0.09010 0.49131 0.95772 0.91787 0.99172 0.99590 0.31450 0.88623 0.95772 0.99961 0.90420 0.97275 0.90004   25    1   75   75  100
   95  0.08365 0.44495 0.95649 0.92081 0.99508 1.00000 0.31724 0.88976 0.95649 0.99965 0.90569 0.97269 0.90220   25    1   75  100    1
   96  0.08508 0.44622 0.95634 0.91732 0.99771 1.00000 0.31739 0.90231 0.95634 0.99991 0.90668 0.97249 0.90210   25    1   75  100   25
   97  0.08406 0.44577 0.95652 0.92580 0.97999 1.00000 0.31729 0.89980 0.95652 0.99999 0.90677 0.97268 0.90220   25    1   75  100   50
   98  0.08521 0.44629 0.95632 0.91800 0.99794 1.00000 0.31760 0.90380 0.95632 0.99996 0.90502 0.97247 0.90212   25    1   75  100   75
   99  0.08419 0.44497 0.95707 0.92259 0.98863 1.00000 0.31751 0.89509 0.95707 0.99999 0.90757 0.97312 0.90229   25    1   75  100  100
  100  0.11096 0.76335 0.94807 0.89873 0.98190 0.99436 0.28477 0.89239 0.94807 0.99125 0.85864 0.96234 0.88539   25    1  100    1    1
  101  0.10844 0.76170 0.94797 0.88507 0.97249 0.99624 0.28494 0.89318 0.94797 0.99091 0.85960 0.96230 0.88562   25    1  100    1   25
  102  0.11132 0.76264 0.94867 0.89837 0.96864 0.99482 0.28479 0.89965 0.94867 0.99316 0.86366 0.96284 0.88544   25    1  100    1   50
  103  0.10893 0.76524 0.94852 0.88689 0.95074 0.99769 0.28455 0.90646 0.94852 0.99323 0.86173 0.96267 0.88496   25    1  100    1   75
  104  0.11062 0.76347 0.94867 0.89613 0.97793 0.99624 0.28490 0.89335 0.94867 0.98666 0.86130 0.96281 0.88553   25    1  100    1  100
  105  0.11363 0.70784 0.95211 0.89997 0.99174 0.99982 0.29197 0.90641 0.95211 0.99816 0.87526 0.96588 0.88865   25    1  100   25    1
  106  0.11294 0.70802 0.95265 0.90670 0.98727 0.99838 0.29185 0.90629 0.95265 0.99320 0.87187 0.96634 0.88861   25    1  100   25   25
  107  0.11150 0.70799 0.95259 0.90502 0.99413 0.99982 0.29176 0.88394 0.95259 0.99637 0.87421 0.96629 0.88882   25    1  100   25   50
  108  0.11055 0.70980 0.95280 0.90012 0.98362 0.99982 0.29157 0.88857 0.95280 0.99532 0.87514 0.96640 0.88862   25    1  100   25   75
  109  0.11059 0.70781 0.95223 0.89722 0.98443 0.99931 0.29186 0.89560 0.95223 0.99356 0.87553 0.96598 0.88881   25    1  100   25  100
  110  0.10255 0.63507 0.95179 0.89791 0.98826 0.99908 0.29923 0.88707 0.95179 0.99566 0.88203 0.96645 0.89244   25    1  100   50    1
  111  0.10454 0.63344 0.95205 0.90153 0.98692 0.99781 0.29961 0.89908 0.95205 0.99495 0.88675 0.96665 0.89279   25    1  100   50   25
  112  0.10370 0.63632 0.95224 0.90383 0.98593 0.99908 0.29914 0.88954 0.95224 0.99683 0.88187 0.96681 0.89262   25    1  100   50   50
  113  0.10501 0.63722 0.95242 0.90173 0.99119 0.99978 0.29917 0.89476 0.95242 0.99734 0.88255 0.96691 0.89239   25    1  100   50   75
  114  0.10656 0.63573 0.95199 0.91119 0.99281 0.99781 0.29934 0.90170 0.95199 0.99446 0.88483 0.96658 0.89254   25    1  100   50  100
  115  0.09266 0.57280 0.95172 0.90003 0.95326 0.99897 0.30515 0.89343 0.95172 0.99360 0.88763 0.96722 0.89594   25    1  100   75    1
  116  0.09666 0.57142 0.95196 0.90321 0.98554 0.99541 0.30526 0.89946 0.95196 0.99785 0.88664 0.96746 0.89635   25    1  100   75   25
  117  0.09632 0.57360 0.95216 0.90314 0.97524 1.00000 0.30489 0.89885 0.95216 0.99738 0.88744 0.96761 0.89594   25    1  100   75   50
  118  0.09836 0.57340 0.95191 0.90639 0.99106 0.99897 0.30547 0.89794 0.95191 0.99816 0.88899 0.96739 0.89600   25    1  100   75   75
  119  0.09869 0.57280 0.95227 0.91013 0.98609 0.99973 0.30511 0.90231 0.95227 0.99436 0.89203 0.96771 0.89613   25    1  100   75  100
  120  0.09120 0.51973 0.95159 0.90670 0.98570 1.00000 0.31006 0.89782 0.95159 0.99719 0.89767 0.96793 0.89899   25    1  100  100    1
  121  0.09171 0.51917 0.95173 0.90522 0.98019 1.00000 0.31022 0.90930 0.95173 0.99529 0.89977 0.96811 0.89876   25    1  100  100   25
  122  0.09232 0.51802 0.95191 0.90843 0.99200 1.00000 0.31024 0.90344 0.95191 0.99622 0.89776 0.96825 0.89915   25    1  100  100   50
  123  0.09175 0.51903 0.95124 0.90625 0.98871 1.00000 0.30987 0.90392 0.95124 0.99724 0.89748 0.96772 0.89870   25    1  100  100   75
  124  0.09222 0.51831 0.95204 0.90999 0.99358 1.00000 0.31016 0.89851 0.95204 0.99694 0.89777 0.96840 0.89888   25    1  100  100  100
