                                               Cluster
  Run  Product Compare     Pop   Edges Clusters   Size Leesalee  Slope  %Urban   Xmean   Ymean     Rad  Fmatch Diff  Brd Sprd  Slp   RG
    0  0.00000 0.19842 0.93997 0.92949 0.98072 0.00000 0.28389 0.84161 0.93997 0.99961 0.94887 0.96891 0.90397   50   50    1    1    1
    1  0.00000 0.20072 0.94053 0.92811 0.98121 0.00000 0.28336 0.86632 0.94053 0.99943 0.93205 0.96917 0.90377   50   50    1    1   25
    2  0.00000 0.20154 0.94131 0.93083 0.98063 0.00000 0.28323 0.87694 0.94131 0.99950 0.83125 0.96972 0.90380   50   50    1    1   50
    3  0.00000 0.20130 0.94240 0.93003 0.98209 0.00000 0.28323 0.86878 0.94240 1.00000 0.81967 0.97053 0.90384   50   50    1    1   75
    4  0.00000 0.20130 0.94240 0.93003 0.98209 0.00000 0.28323 0.86878 0.94240 1.00000 0.81967 0.97053 0.90384   50   50    1    1  100
    5  0.02227 0.19209 0.94391 0.93266 0.98256 0.75000 0.28562 0.86808 0.94391 0.98501 0.88191 0.97203 0.90446   50   50    1   25    1
    6  0.02346 0.19444 0.94228 0.93119 0.98317 0.75000 0.28477 0.87422 0.94228 0.99900 0.90674 0.97074 0.90422   50   50    1   25   25
    7  0.02392 0.19492 0.94304 0.93145 0.98395 0.75000 0.28479 0.86252 0.94304 0.99710 0.93328 0.97127 0.90418   50   50    1   25   50
    8  0.02244 0.19523 0.94136 0.92876 0.98333 0.75000 0.28467 0.87536 0.94136 0.99761 0.86864 0.97004 0.90411   50   50    1   25   75
    9  0.02244 0.19523 0.94136 0.92876 0.98333 0.75000 0.28467 0.87536 0.94136 0.99761 0.86864 0.97004 0.90411   50   50    1   25  100
   10  0.01884 0.18533 0.94468 0.93269 0.98381 0.75000 0.28661 0.86329 0.94468 0.80282 0.94643 0.97303 0.90474   50   50    1   50    1
   11  0.01909 0.18739 0.94060 0.92792 0.98002 0.75000 0.28603 0.86240 0.94060 0.98894 0.78881 0.97000 0.90459   50   50    1   50   25
   12  0.02283 0.18772 0.94266 0.93129 0.98228 0.75000 0.28616 0.86721 0.94266 0.98969 0.92422 0.97144 0.90446   50   50    1   50   50
   13  0.02043 0.18823 0.94254 0.92997 0.98244 0.75000 0.28579 0.86285 0.94254 0.89431 0.92009 0.97134 0.90451   50   50    1   50   75
   14  0.02232 0.18814 0.94184 0.92959 0.98255 0.75000 0.28581 0.86379 0.94184 0.90612 0.99360 0.97085 0.90455   50   50    1   50  100
   15  0.02127 0.17978 0.94545 0.93395 0.98346 0.75000 0.28769 0.85487 0.94545 0.97498 0.90899 0.97390 0.90494   50   50    1   75    1
   16  0.02329 0.18141 0.94220 0.92956 0.98226 0.75000 0.28724 0.86973 0.94220 0.98720 0.97417 0.97152 0.90492   50   50    1   75   25
   17  0.01859 0.18194 0.94253 0.93163 0.98515 0.75000 0.28718 0.86213 0.94253 0.91683 0.83698 0.97173 0.90493   50   50    1   75   50
   18  0.02161 0.18167 0.94370 0.93066 0.98262 0.75000 0.28715 0.85249 0.94370 0.99999 0.90421 0.97259 0.90474   50   50    1   75   75
   19  0.02161 0.18167 0.94370 0.93066 0.98262 0.75000 0.28715 0.85249 0.94370 0.99999 0.90421 0.97259 0.90474   50   50    1   75  100
   20  0.02054 0.16674 0.92931 0.91466 0.97562 0.75000 0.28889 0.86478 0.92931 0.99421 0.98369 0.96350 0.90550   50   50    1  100    1
   21  0.01796 0.17289 0.93944 0.92787 0.98160 0.75000 0.28914 0.85462 0.93944 0.89684 0.88510 0.97014 0.90542   50   50    1  100   25
   22  0.02282 0.17476 0.94101 0.92790 0.98031 0.75000 0.28865 0.85896 0.94101 0.99648 0.99546 0.97111 0.90515   50   50    1  100   50
   23  0.02052 0.17598 0.94113 0.92906 0.98256 0.75000 0.28853 0.85000 0.94113 0.98053 0.90968 0.97110 0.90512   50   50    1  100   75
   24  0.02052 0.17598 0.94113 0.92906 0.98256 0.75000 0.28853 0.85000 0.94113 0.98053 0.90968 0.97110 0.90512   50   50    1  100  100
   25  0.07559 0.42654 0.97294 0.96358 0.98134 1.00000 0.29625 0.85707 0.97294 0.99967 0.88262 0.98450 0.89762   50   50   25    1    1
   26  0.07277 0.43004 0.97343 0.96243 0.98163 1.00000 0.29603 0.84768 0.97343 0.99968 0.85258 0.98477 0.89742   50   50   25    1   25
   27  0.07464 0.43261 0.97245 0.96129 0.97983 1.00000 0.29599 0.85592 0.97245 0.99838 0.86732 0.98397 0.89732   50   50   25    1   50
   28  0.07256 0.43339 0.97278 0.96223 0.97942 1.00000 0.29591 0.84219 0.97278 1.00000 0.85311 0.98422 0.89716   50   50   25    1   75
   29  0.07487 0.43265 0.97246 0.96123 0.98470 1.00000 0.29584 0.84994 0.97246 1.00000 0.87065 0.98395 0.89749   50   50   25    1  100
   30  0.06944 0.39019 0.97218 0.96363 0.98114 1.00000 0.29891 0.86185 0.97218 0.99392 0.87861 0.98458 0.89915   50   50   25   25    1
   31  0.06759 0.39611 0.97275 0.96362 0.98180 1.00000 0.29767 0.85903 0.97275 0.99547 0.84576 0.98489 0.89894   50   50   25   25   25
   32  0.06921 0.39558 0.97301 0.96494 0.98253 1.00000 0.29800 0.86450 0.97301 0.99809 0.85596 0.98509 0.89906   50   50   25   25   50
   33  0.06993 0.39619 0.97265 0.96332 0.98473 1.00000 0.29789 0.86251 0.97265 0.99822 0.86585 0.98480 0.89931   50   50   25   25   75
   34  0.06927 0.39583 0.97322 0.96319 0.98238 1.00000 0.29797 0.86331 0.97322 0.99855 0.85835 0.98522 0.89887   50   50   25   25  100
   35  0.04453 0.35422 0.96971 0.96152 0.98306 0.75000 0.30022 0.84986 0.96971 0.99371 0.83918 0.98367 0.90102   50   50   25   50    1
   36  0.04837 0.35646 0.96939 0.96022 0.97897 0.75000 0.29987 0.86410 0.96939 1.00000 0.89196 0.98334 0.90112   50   50   25   50   25
   37  0.04712 0.35675 0.96988 0.95987 0.97899 0.75000 0.29965 0.86953 0.96988 0.99995 0.86306 0.98370 0.90070   50   50   25   50   50
   38  0.04733 0.35739 0.97028 0.96129 0.98118 0.75000 0.29955 0.86225 0.97028 0.99986 0.86846 0.98396 0.90105   50   50   25   50   75
   39  0.04879 0.35773 0.97025 0.96215 0.98312 0.75000 0.29964 0.86693 0.97025 0.99706 0.88958 0.98395 0.90087   50   50   25   50  100
   40  0.05456 0.32198 0.96795 0.95965 0.98590 0.92308 0.30099 0.86838 0.96795 0.99571 0.89679 0.98331 0.90235   50   50   25   75    1
   41  0.05227 0.32510 0.96689 0.95778 0.98258 0.92308 0.30105 0.86862 0.96689 0.99459 0.85898 0.98245 0.90205   50   50   25   75   25
   42  0.04345 0.32484 0.96694 0.95767 0.98021 0.75000 0.30100 0.87025 0.96694 0.99706 0.87793 0.98245 0.90212   50   50   25   75   50
   43  0.05345 0.32539 0.96728 0.95976 0.98327 0.92308 0.30086 0.86564 0.96728 0.99965 0.87318 0.98272 0.90225   50   50   25   75   75
   44  0.05345 0.32539 0.96728 0.95976 0.98327 0.92308 0.30086 0.86564 0.96728 0.99965 0.87318 0.98272 0.90225   50   50   25   75  100
   45  0.03902 0.29735 0.96545 0.95671 0.97822 0.75000 0.30206 0.85929 0.96545 0.99072 0.87904 0.98228 0.90342   50   50   25  100    1
   46  0.04039 0.29886 0.96560 0.95919 0.98374 0.75000 0.30159 0.86372 0.96560 0.99443 0.89099 0.98233 0.90344   50   50   25  100   25
   47  0.03946 0.29746 0.96516 0.95924 0.98023 0.75000 0.30168 0.86316 0.96516 0.99839 0.87574 0.98207 0.90311   50   50   25  100   50
   48  0.03742 0.29917 0.96451 0.95801 0.98216 0.75000 0.30161 0.86703 0.96451 0.99859 0.82296 0.98149 0.90327   50   50   25  100   75
   49  0.03782 0.29791 0.96489 0.95957 0.98080 0.75000 0.30193 0.85822 0.96489 0.99560 0.84423 0.98184 0.90329   50   50   25  100  100
   50  0.11372 0.79492 0.98227 0.96033 0.97846 0.99947 0.27878 0.85904 0.98227 0.99192 0.76735 0.98676 0.87774   50   50   50    1    1
   51  0.11466 0.79434 0.98235 0.96023 0.96769 0.98684 0.27970 0.87139 0.98235 0.98839 0.78140 0.98683 0.87810   50   50   50    1   25
   52  0.11548 0.80332 0.98251 0.96019 0.97009 0.99590 0.27827 0.86636 0.98251 0.98704 0.77918 0.98685 0.87735   50   50   50    1   50
   53  0.11295 0.80138 0.98236 0.96014 0.96545 0.99960 0.27839 0.86406 0.98236 0.98811 0.76547 0.98674 0.87795   50   50   50    1   75
   54  0.11758 0.80170 0.98218 0.96013 0.97505 0.99803 0.27797 0.87018 0.98218 0.99648 0.77939 0.98663 0.87791   50   50   50    1  100
   55  0.11183 0.70773 0.98353 0.96432 0.97703 1.00000 0.28654 0.87314 0.98353 0.99209 0.80021 0.98848 0.88304   50   50   50   25    1
   56  0.11097 0.70846 0.98330 0.96459 0.97746 1.00000 0.28646 0.87540 0.98330 0.99337 0.79053 0.98831 0.88285   50   50   50   25   25
   57  0.11265 0.71381 0.98354 0.96421 0.97095 1.00000 0.28625 0.88037 0.98354 0.99082 0.79975 0.98843 0.88289   50   50   50   25   50
   58  0.11193 0.71394 0.98357 0.96461 0.97564 1.00000 0.28641 0.88030 0.98357 0.99630 0.78585 0.98845 0.88258   50   50   50   25   75
   59  0.11096 0.71399 0.98355 0.96422 0.97981 1.00000 0.28630 0.87648 0.98355 0.98887 0.78506 0.98842 0.88309   50   50   50   25  100
   60  0.10007 0.61342 0.98133 0.96431 0.98289 0.98684 0.29281 0.87370 0.98133 0.99828 0.80806 0.98778 0.88848   50   50   50   50    1
   61  0.09984 0.61616 0.98172 0.96495 0.97809 0.98684 0.29259 0.87218 0.98172 0.99675 0.80797 0.98805 0.88897   50   50   50   50   25
   62  0.09946 0.61655 0.98187 0.96569 0.97992 0.98684 0.29245 0.87280 0.98187 0.99455 0.80451 0.98818 0.88781   50   50   50   50   50
   63  0.10176 0.61466 0.98111 0.96470 0.98253 0.98684 0.29246 0.87192 0.98111 0.99403 0.82650 0.98759 0.88873   50   50   50   50   75
   64  0.09967 0.61428 0.98147 0.96496 0.97898 0.98684 0.29266 0.87447 0.98147 0.99309 0.80997 0.98788 0.88846   50   50   50   50  100
   65  0.08771 0.53250 0.97892 0.96511 0.98564 0.95522 0.29758 0.87184 0.97892 0.99905 0.82819 0.98699 0.89278   50   50   50   75    1
   66  0.09072 0.53745 0.97979 0.96654 0.98715 0.99482 0.29675 0.87181 0.97979 0.99995 0.81257 0.98762 0.89229   50   50   50   75   25
   67  0.08618 0.53814 0.97994 0.96556 0.98671 0.94651 0.29736 0.87053 0.97994 0.99999 0.81072 0.98768 0.89223   50   50   50   75   50
   68  0.09098 0.53647 0.97994 0.96611 0.97919 0.95522 0.29733 0.87533 0.97994 0.99737 0.85408 0.98772 0.89248   50   50   50   75   75
   69  0.08960 0.53581 0.97923 0.96605 0.98682 0.97959 0.29768 0.86902 0.97923 0.98943 0.82799 0.98719 0.89261   50   50   50   75  100
   70  0.08311 0.46861 0.97717 0.96383 0.98260 1.00000 0.30153 0.87159 0.97717 0.99787 0.84552 0.98670 0.89635   50   50   50  100    1
   71  0.08028 0.47061 0.97743 0.96480 0.98805 1.00000 0.30165 0.87243 0.97743 0.99999 0.80486 0.98689 0.89610   50   50   50  100   25
   72  0.08416 0.47364 0.97716 0.96399 0.98460 1.00000 0.30091 0.87401 0.97716 0.99895 0.84435 0.98663 0.89584   50   50   50  100   50
   73  0.08206 0.47369 0.97743 0.96684 0.98371 1.00000 0.30123 0.86758 0.97743 0.99849 0.82630 0.98681 0.89603   50   50   50  100   75
   74  0.08106 0.47329 0.97714 0.96514 0.98549 1.00000 0.30095 0.86931 0.97714 0.97783 0.83362 0.98663 0.89635   50   50   50  100  100
   75  0.08089 0.80862 0.98379 0.94834 0.93361 0.99176 0.25308 0.90193 0.98379 0.96450 0.63743 0.98507 0.85153   50   50   75    1    1
   76  0.08105 0.80704 0.98358 0.94929 0.94654 0.99324 0.25222 0.89916 0.98358 0.97290 0.63036 0.98485 0.84912   50   50   75    1   25
   77  0.07951 0.80103 0.98370 0.94947 0.95194 0.99324 0.25157 0.90123 0.98370 0.94431 0.63721 0.98492 0.85037   50   50   75    1   50
   78  0.07620 0.80164 0.98342 0.94739 0.94792 0.99176 0.25201 0.89943 0.98342 0.97418 0.59735 0.98464 0.84974   50   50   75    1   75
   79  0.07304 0.80099 0.98341 0.94669 0.93115 0.99019 0.25167 0.89822 0.98341 0.94965 0.60088 0.98465 0.85054   50   50   75    1  100
   80  0.11448 0.92333 0.98589 0.95754 0.96160 0.99875 0.26430 0.90431 0.98589 0.96534 0.70671 0.98772 0.86129   50   50   75   25    1
   81  0.10783 0.89764 0.98589 0.95662 0.96003 0.99522 0.26126 0.90838 0.98589 0.96438 0.69585 0.98750 0.85979   50   50   75   25   25
   82  0.10927 0.90490 0.98591 0.95623 0.96791 0.99681 0.26245 0.90199 0.98591 0.96593 0.69418 0.98758 0.85897   50   50   75   25   50
   83  0.11349 0.90160 0.98573 0.95548 0.96331 0.99522 0.26203 0.90975 0.98573 0.96884 0.72187 0.98739 0.85908   50   50   75   25   75
   84  0.10251 0.89960 0.98583 0.95515 0.95708 0.99803 0.26196 0.90449 0.98583 0.95164 0.67250 0.98746 0.85833   50   50   75   25  100
   85  0.12199 0.92735 0.98470 0.95878 0.96880 0.98684 0.27447 0.89827 0.98470 0.98599 0.70816 0.98768 0.87048   50   50   75   50    1
   86  0.12721 0.93931 0.98497 0.95995 0.97385 0.98684 0.27312 0.89915 0.98497 0.97915 0.73295 0.98779 0.86918   50   50   75   50   25
   87  0.12196 0.94096 0.98513 0.95877 0.96947 0.98684 0.27308 0.89882 0.98513 0.94674 0.72965 0.98788 0.86929   50   50   75   50   50
   88  0.12331 0.94142 0.98485 0.95938 0.97420 0.99256 0.27249 0.89744 0.98485 0.96563 0.71865 0.98770 0.86854   50   50   75   50   75
   89  0.12875 0.94135 0.98506 0.95889 0.97634 0.98684 0.27278 0.89788 0.98506 0.97627 0.74271 0.98785 0.86961   50   50   75   50  100
   90  0.11102 0.79345 0.98344 0.96062 0.97206 0.99324 0.28296 0.89520 0.98344 0.99532 0.71339 0.98767 0.87808   50   50   75   75    1
   91  0.11463 0.80126 0.98379 0.96285 0.97758 0.99324 0.28229 0.89474 0.98379 0.96968 0.74427 0.98790 0.87800   50   50   75   75   25
   92  0.11542 0.80528 0.98368 0.96131 0.97202 0.99590 0.28209 0.88642 0.98368 0.98082 0.74855 0.98775 0.87778   50   50   75   75   50
   93  0.11497 0.80293 0.98383 0.96134 0.97671 0.99590 0.28253 0.88836 0.98383 0.97656 0.74380 0.98788 0.87843   50   50   75   75   75
   94  0.11390 0.80756 0.98381 0.96165 0.97409 0.99590 0.28191 0.89795 0.98381 0.97977 0.72646 0.98783 0.87758   50   50   75   75  100
   95  0.11056 0.68274 0.98200 0.96329 0.98486 0.99324 0.29056 0.88596 0.98200 0.99186 0.79860 0.98759 0.88492   50   50   75  100    1
   96  0.10803 0.68715 0.98222 0.96448 0.98338 0.99324 0.29019 0.88454 0.98222 0.98505 0.78282 0.98772 0.88484   50   50   75  100   25
   97  0.10444 0.69031 0.98196 0.96135 0.97821 0.99324 0.28946 0.89032 0.98196 0.93502 0.79798 0.98746 0.88474   50   50   75  100   50
   98  0.10564 0.69453 0.98183 0.96088 0.97463 0.99324 0.28909 0.88766 0.98183 0.97540 0.77578 0.98731 0.88482   50   50   75  100   75
   99  0.10589 0.69057 0.98234 0.96209 0.97502 0.99324 0.28996 0.89322 0.98234 0.97491 0.77287 0.98773 0.88478   50   50   75  100  100
  100  0.03808 0.67317 0.97844 0.93609 0.92992 0.99395 0.23487 0.91514 0.97844 0.89361 0.43388 0.97963 0.83663   50   50  100    1    1
  101  0.04345 0.66600 0.97864 0.93679 0.92855 0.99395 0.23388 0.91893 0.97864 0.93536 0.47960 0.97973 0.83399   50   50  100    1   25
  102  0.04332 0.67022 0.97881 0.93574 0.92177 0.99496 0.23431 0.91393 0.97881 0.89553 0.50007 0.97993 0.83659   50   50  100    1   50
  103  0.03992 0.66079 0.97863 0.93430 0.92336 0.99288 0.23261 0.91840 0.97863 0.93794 0.45013 0.97965 0.83337   50   50  100    1   75
  104  0.04432 0.66251 0.97831 0.93567 0.90857 0.99176 0.23299 0.91392 0.97831 0.98020 0.48645 0.97943 0.83366   50   50  100    1  100
  105  0.07151 0.75552 0.98229 0.94568 0.95158 0.99482 0.24648 0.92457 0.98229 0.96893 0.59754 0.98366 0.84422   50   50  100   25    1
  106  0.07280 0.74937 0.98213 0.94626 0.94352 0.99365 0.24570 0.92722 0.98213 0.93052 0.64447 0.98347 0.84491   50   50  100   25   25
  107  0.06472 0.74413 0.98171 0.94352 0.93755 0.98973 0.24498 0.92631 0.98171 0.88632 0.61722 0.98304 0.84463   50   50  100   25   50
  108  0.06520 0.74300 0.98212 0.94355 0.94101 0.98973 0.24464 0.92632 0.98212 0.95708 0.57546 0.98336 0.84350   50   50  100   25   75
  109  0.07215 0.74341 0.98189 0.94404 0.93893 0.99402 0.24465 0.92778 0.98189 0.98120 0.61743 0.98320 0.84503   50   50  100   25  100
  110  0.10155 0.88847 0.98125 0.95137 0.96959 0.98973 0.25746 0.91553 0.98125 0.96639 0.67641 0.98385 0.85774   50   50  100   50    1
  111  0.09866 0.88221 0.98138 0.94932 0.95569 0.98473 0.25749 0.91984 0.98138 0.98769 0.65827 0.98386 0.85787   50   50  100   50   25
  112  0.09378 0.88743 0.98114 0.95149 0.96177 0.99376 0.25735 0.91672 0.98114 0.95749 0.63343 0.98373 0.85760   50   50  100   50   50
  113  0.09188 0.87592 0.98095 0.94957 0.96246 0.99590 0.25661 0.91750 0.98095 0.94153 0.64097 0.98344 0.85715   50   50  100   50   75
  114  0.09148 0.88263 0.98075 0.94852 0.95415 0.98782 0.25736 0.91695 0.98075 0.97189 0.62373 0.98335 0.85683   50   50  100   50  100
  115  0.12342 0.94816 0.97972 0.95424 0.97275 0.99725 0.26969 0.90737 0.97972 0.95891 0.72979 0.98375 0.86964   50   50  100   75    1
  116  0.11883 0.95556 0.98044 0.95418 0.98209 0.99924 0.26950 0.90742 0.98044 0.96402 0.68528 0.98430 0.86883   50   50  100   75   25
  117  0.12390 0.96113 0.98054 0.95430 0.98386 0.99980 0.26895 0.90708 0.98054 0.94858 0.72196 0.98430 0.86856   50   50  100   75   50
  118  0.10978 0.95884 0.98047 0.95257 0.97580 0.99838 0.26929 0.90453 0.98047 0.89809 0.68558 0.98424 0.86947   50   50  100   75   75
  119  0.12215 0.96761 0.98022 0.95241 0.97189 0.99725 0.26831 0.91202 0.98022 0.96816 0.70352 0.98396 0.86786   50   50  100   75  100
  120  0.11180 0.82178 0.97876 0.95353 0.97683 0.99897 0.27826 0.90504 0.97876 0.95707 0.73439 0.98398 0.87628   50   50  100  100    1
  121  0.11089 0.82698 0.97875 0.95434 0.98375 0.99976 0.27786 0.90296 0.97875 0.93419 0.73771 0.98392 0.87658   50   50  100  100   25
  122  0.11676 0.82258 0.97900 0.95388 0.97734 0.99590 0.27877 0.89938 0.97900 0.97358 0.75739 0.98417 0.87666   50   50  100  100   50
  123  0.11389 0.82851 0.97885 0.95378 0.98618 0.99897 0.27797 0.90472 0.97885 0.94876 0.74161 0.98401 0.87693   50   50  100  100   75
  124  0.10493 0.82482 0.97895 0.95518 0.97510 0.99590 0.27824 0.89990 0.97895 0.88738 0.74727 0.98408 0.87585   50   50  100  100  100
