                                               Cluster
  Run  Product Compare     Pop   Edges Clusters   Size Leesalee  Slope  %Urban   Xmean   Ymean     Rad  Fmatch Diff  Brd Sprd  Slp   RG
    0  0.00000 0.13521 0.92553 0.91287 0.96383 0.00000 0.29981 0.66043 0.92553 0.96282 0.87622 0.96372 0.90778   25   25    1    1    1
    1  0.00000 0.13557 0.92795 0.90161 0.97808 0.00000 0.29954 0.85877 0.92795 0.99501 0.90128 0.96544 0.90776   25   25    1    1   25
    2  0.00000 0.13564 0.92716 0.90641 0.97837 0.00000 0.29961 0.85580 0.92716 0.83612 0.88433 0.96486 0.90770   25   25    1    1   50
    3  0.00000 0.13541 0.92659 0.92416 0.98030 0.00000 0.29981 0.83121 0.92659 0.99860 0.86869 0.96445 0.90778   25   25    1    1   75
    4  0.00000 0.13541 0.92659 0.92416 0.98030 0.00000 0.29981 0.83121 0.92659 0.99860 0.86869 0.96445 0.90778   25   25    1    1  100
    5  0.00000 0.13475 0.92853 0.94750 0.98495 0.00000 0.29988 0.73535 0.92853 0.99737 0.92507 0.96587 0.90773   25   25    1   25    1
    6  0.00000 0.13478 0.91366 0.89829 0.98022 0.00000 0.29973 0.87944 0.91366 0.98832 0.91542 0.95516 0.90774   25   25    1   25   25
    7  0.00000 0.13476 0.93629 0.91719 0.96597 0.00000 0.29967 0.87239 0.93629 0.88181 0.87988 0.97128 0.90776   25   25    1   25   50
    8  0.00000 0.13478 0.92883 0.94969 0.96619 0.00000 0.29966 0.90602 0.92883 0.92110 0.88645 0.96610 0.90776   25   25    1   25   75
    9  0.00000 0.13478 0.92883 0.94969 0.96619 0.00000 0.29966 0.90602 0.92883 0.92110 0.88645 0.96610 0.90776   25   25    1   25  100
   10  0.00000 0.13414 0.93359 0.91781 0.97289 0.00000 0.29970 0.83131 0.93359 0.91368 0.94340 0.96946 0.90772   25   25    1   50    1
   11  0.00000 0.13433 0.92826 0.91280 0.98633 0.00000 0.29968 0.79118 0.92826 0.95491 0.92750 0.96574 0.90775   25   25    1   50   25
   12  0.00000 0.13429 0.92185 0.91158 0.99868 0.00000 0.29961 0.83124 0.92185 0.94894 0.94456 0.96117 0.90771   25   25    1   50   50
   13  0.00000 0.13429 0.92185 0.91158 0.99868 0.00000 0.29961 0.83124 0.92185 0.94894 0.94456 0.96117 0.90771   25   25    1   50   75
   14  0.00000 0.13429 0.92185 0.91158 0.99868 0.00000 0.29961 0.83124 0.92185 0.94894 0.94456 0.96117 0.90771   25   25    1   50  100
   15  0.00000 0.13370 0.93029 0.91457 0.99423 0.00000 0.29971 0.83113 0.93029 0.99571 0.93939 0.96720 0.90770   25   25    1   75    1
   16  0.00000 0.13371 0.93316 0.91655 0.99194 0.00000 0.29962 0.84823 0.93316 0.95493 0.91544 0.96921 0.90780   25   25    1   75   25
   17  0.00000 0.13371 0.92083 0.89802 0.99518 0.00000 0.29973 0.81243 0.92083 0.95239 0.83338 0.96049 0.90772   25   25    1   75   50
   18  0.00000 0.13371 0.92083 0.89802 0.99518 0.00000 0.29973 0.81243 0.92083 0.95239 0.83338 0.96049 0.90772   25   25    1   75   75
   19  0.00000 0.13371 0.92083 0.89802 0.99518 0.00000 0.29973 0.81243 0.92083 0.95239 0.83338 0.96049 0.90772   25   25    1   75  100
   20  0.00000 0.13329 0.93311 0.93483 0.96382 0.00000 0.29967 0.83869 0.93311 0.99656 0.94087 0.96920 0.90773   25   25    1  100    1
   21  0.00000 0.13339 0.93402 0.93341 0.90810 0.00000 0.29968 0.80973 0.93402 0.99865 0.86998 0.96981 0.90774   25   25    1  100   25
   22  0.00000 0.13341 0.92970 0.90063 0.96326 0.00000 0.29964 0.87634 0.92970 0.93591 0.99137 0.96682 0.90774   25   25    1  100   50
   23  0.00000 0.13341 0.92970 0.90063 0.96326 0.00000 0.29964 0.87634 0.92970 0.93591 0.99137 0.96682 0.90774   25   25    1  100   75
   24  0.00000 0.13341 0.92970 0.90063 0.96326 0.00000 0.29964 0.87634 0.92970 0.93591 0.99137 0.96682 0.90774   25   25    1  100  100
   25  0.05832 0.32154 0.95833 0.95092 0.97481 1.00000 0.31346 0.84984 0.95833 0.99902 0.90559 0.97675 0.90505   25   25   25    1    1
   26  0.05841 0.32264 0.95971 0.95283 0.98240 1.00000 0.31358 0.84193 0.95971 0.99673 0.90199 0.97772 0.90478   25   25   25    1   25
   27  0.05861 0.32375 0.96001 0.95424 0.98228 1.00000 0.31298 0.84436 0.96001 0.99649 0.89933 0.97796 0.90485   25   25   25    1   50
   28  0.05772 0.32366 0.96000 0.95203 0.98768 1.00000 0.31344 0.84008 0.96000 0.99531 0.88726 0.97790 0.90503   25   25   25    1   75
   29  0.05772 0.32366 0.96000 0.95203 0.98768 1.00000 0.31344 0.84008 0.96000 0.99531 0.88726 0.97790 0.90503   25   25   25    1  100
   30  0.05526 0.30042 0.95977 0.95646 0.98310 1.00000 0.31404 0.85139 0.95977 0.99736 0.89844 0.97842 0.90590   25   25   25   25    1
   31  0.05606 0.30210 0.95959 0.95570 0.98323 1.00000 0.31382 0.85868 0.95959 0.99218 0.90538 0.97819 0.90573   25   25   25   25   25
   32  0.05576 0.30209 0.95979 0.95403 0.98652 1.00000 0.31358 0.85484 0.95979 0.99657 0.89946 0.97838 0.90556   25   25   25   25   50
   33  0.05653 0.30258 0.95963 0.95398 0.98368 1.00000 0.31371 0.86581 0.95963 0.99368 0.90407 0.97825 0.90563   25   25   25   25   75
   34  0.05653 0.30258 0.95963 0.95398 0.98368 1.00000 0.31371 0.86581 0.95963 0.99368 0.90407 0.97825 0.90563   25   25   25   25  100
   35  0.04666 0.27734 0.95639 0.95236 0.97901 0.89286 0.31370 0.87562 0.95639 0.99849 0.91000 0.97676 0.90638   25   25   25   50    1
   36  0.03898 0.27811 0.95803 0.95265 0.98960 0.75000 0.31365 0.86649 0.95803 0.99297 0.90276 0.97794 0.90640   25   25   25   50   25
   37  0.03918 0.27914 0.95877 0.95267 0.98580 0.75000 0.31389 0.84883 0.95877 0.99762 0.91976 0.97840 0.90626   25   25   25   50   50
   38  0.03831 0.27824 0.95741 0.95408 0.98800 0.75000 0.31398 0.85243 0.95741 0.99455 0.90098 0.97747 0.90642   25   25   25   50   75
   39  0.03831 0.27824 0.95741 0.95408 0.98800 0.75000 0.31398 0.85243 0.95741 0.99455 0.90098 0.97747 0.90642   25   25   25   50  100
   40  0.03603 0.25931 0.95529 0.94802 0.98143 0.75000 0.31342 0.87281 0.95529 0.99285 0.90695 0.97673 0.90682   25   25   25   75    1
   41  0.04433 0.25973 0.95474 0.94919 0.98420 0.92308 0.31367 0.87597 0.95474 0.99273 0.89916 0.97624 0.90693   25   25   25   75   25
   42  0.03669 0.26058 0.95566 0.95132 0.98372 0.75000 0.31329 0.86962 0.95566 0.99605 0.91386 0.97691 0.90666   25   25   25   75   50
   43  0.03688 0.26007 0.95587 0.95409 0.98547 0.75000 0.31341 0.86720 0.95587 0.99805 0.91558 0.97708 0.90696   25   25   25   75   75
   44  0.03688 0.26007 0.95587 0.95409 0.98547 0.75000 0.31341 0.86720 0.95587 0.99805 0.91558 0.97708 0.90696   25   25   25   75  100
   45  0.03362 0.24378 0.95368 0.94707 0.98859 0.75000 0.31266 0.86821 0.95368 0.99385 0.90387 0.97621 0.90722   25   25   25  100    1
   46  0.03421 0.24442 0.95450 0.94825 0.98133 0.75000 0.31264 0.86551 0.95450 0.99655 0.92124 0.97680 0.90726   25   25   25  100   25
   47  0.03271 0.24501 0.95368 0.94798 0.98753 0.75000 0.31232 0.86199 0.95368 0.97589 0.89872 0.97616 0.90711   25   25   25  100   50
   48  0.03419 0.24430 0.95394 0.94633 0.98680 0.75000 0.31255 0.87609 0.95394 0.98498 0.91897 0.97637 0.90729   25   25   25  100   75
   49  0.03419 0.24430 0.95394 0.94633 0.98680 0.75000 0.31255 0.87609 0.95394 0.98498 0.91897 0.97637 0.90729   25   25   25  100  100
   50  0.09208 0.53899 0.96853 0.95010 0.98353 1.00000 0.30612 0.84139 0.96853 0.99974 0.86232 0.97973 0.89590   25   25   50    1    1
   51  0.09070 0.54176 0.96907 0.94891 0.98353 1.00000 0.30607 0.83278 0.96907 0.99998 0.85385 0.98009 0.89556   25   25   50    1   25
   52  0.09026 0.54249 0.96926 0.94928 0.98644 1.00000 0.30628 0.83448 0.96926 0.99937 0.84316 0.98020 0.89598   25   25   50    1   50
   53  0.09324 0.54500 0.96930 0.95092 0.98388 1.00000 0.30580 0.85073 0.96930 0.99787 0.85400 0.98019 0.89563   25   25   50    1   75
   54  0.09190 0.54571 0.96900 0.95107 0.98531 1.00000 0.30593 0.83480 0.96900 0.99656 0.85682 0.97995 0.89557   25   25   50    1  100
   55  0.08680 0.49376 0.97015 0.95241 0.98334 1.00000 0.31048 0.83951 0.97015 0.99919 0.86829 0.98157 0.89847   25   25   50   25    1
   56  0.08707 0.49717 0.96975 0.95565 0.98339 1.00000 0.30990 0.84401 0.96975 0.99963 0.86023 0.98123 0.89789   25   25   50   25   25
   57  0.08859 0.49779 0.96989 0.95226 0.98703 1.00000 0.31007 0.85091 0.96989 0.99998 0.86571 0.98129 0.89812   25   25   50   25   50
   58  0.08664 0.49973 0.97012 0.95363 0.98529 1.00000 0.30959 0.84139 0.97012 0.99953 0.85476 0.98142 0.89765   25   25   50   25   75
   59  0.08840 0.49989 0.96943 0.95319 0.98829 1.00000 0.30993 0.84207 0.96943 0.99853 0.87000 0.98090 0.89820   25   25   50   25  100
   60  0.07962 0.44347 0.96762 0.95531 0.98304 0.98684 0.31340 0.84946 0.96762 0.99961 0.88045 0.98061 0.90058   25   25   50   50    1
   61  0.08132 0.44594 0.96807 0.95657 0.98116 0.98684 0.31325 0.86191 0.96807 0.99984 0.88101 0.98087 0.90059   25   25   50   50   25
   62  0.07876 0.44353 0.96772 0.95276 0.98020 0.98684 0.31342 0.84832 0.96772 0.99917 0.87676 0.98065 0.90078   25   25   50   50   50
   63  0.08112 0.44333 0.96834 0.95432 0.99185 0.98684 0.31342 0.85520 0.96834 0.99997 0.88203 0.98116 0.90063   25   25   50   50   75
   64  0.08030 0.44384 0.96759 0.95383 0.98602 0.98684 0.31391 0.85475 0.96759 0.99995 0.87871 0.98052 0.90070   25   25   50   50  100
   65  0.07464 0.39963 0.96549 0.95356 0.97516 0.99885 0.31583 0.86820 0.96549 0.99966 0.88945 0.97993 0.90288   25   25   50   75    1
   66  0.07495 0.39968 0.96581 0.95244 0.98926 0.99590 0.31588 0.86285 0.96581 0.99998 0.88806 0.98017 0.90303   25   25   50   75   25
   67  0.07537 0.40296 0.96606 0.95366 0.99271 0.99176 0.31509 0.86668 0.96606 0.99994 0.88363 0.98026 0.90247   25   25   50   75   50
   68  0.07507 0.40042 0.96541 0.95278 0.98822 0.99590 0.31574 0.86465 0.96541 0.99998 0.88804 0.97985 0.90300   25   25   50   75   75
   69  0.07564 0.40100 0.96567 0.95733 0.99159 0.99590 0.31545 0.86296 0.96567 0.99999 0.88839 0.98005 0.90269   25   25   50   75  100
   70  0.06900 0.36370 0.96336 0.95065 0.98179 1.00000 0.31623 0.86881 0.96336 0.99996 0.90077 0.97925 0.90378   25   25   50  100    1
   71  0.07056 0.36414 0.96432 0.95459 0.99270 1.00000 0.31676 0.87428 0.96432 0.99976 0.89630 0.97993 0.90427   25   25   50  100   25
   72  0.07028 0.36652 0.96305 0.95331 0.99091 1.00000 0.31660 0.87068 0.96305 0.99985 0.89739 0.97888 0.90395   25   25   50  100   50
   73  0.07023 0.36570 0.96390 0.95103 0.99611 1.00000 0.31659 0.87193 0.96390 0.99963 0.89293 0.97957 0.90395   25   25   50  100   75
   74  0.07025 0.36572 0.96392 0.95110 0.99603 1.00000 0.31659 0.87192 0.96392 0.99969 0.89315 0.97958 0.90395   25   25   50  100  100
   75  0.11873 0.79635 0.97107 0.94056 0.97102 1.00000 0.28577 0.86768 0.97107 0.99256 0.81533 0.97864 0.88156   25   25   75    1    1
   76  0.12135 0.80084 0.97150 0.94457 0.98442 1.00000 0.28510 0.87192 0.97150 0.98781 0.81450 0.97897 0.88182   25   25   75    1   25
   77  0.11672 0.80068 0.97132 0.94399 0.97224 1.00000 0.28505 0.85919 0.97132 0.97815 0.81486 0.97883 0.88103   25   25   75    1   50
   78  0.11990 0.80280 0.97186 0.94564 0.98519 0.99985 0.28517 0.86489 0.97186 0.97512 0.81750 0.97923 0.88169   25   25   75    1   75
   79  0.11727 0.80131 0.97150 0.94144 0.98185 0.99986 0.28520 0.85100 0.97150 0.97837 0.81907 0.97893 0.88122   25   25   75    1  100
   80  0.11713 0.72096 0.97258 0.94752 0.98562 1.00000 0.29341 0.86649 0.97258 0.99710 0.83528 0.98054 0.88580   25   25   75   25    1
   81  0.11700 0.72801 0.97389 0.94652 0.97976 0.99838 0.29321 0.86710 0.97389 0.98578 0.84010 0.98148 0.88561   25   25   75   25   25
   82  0.11698 0.72654 0.97352 0.94805 0.98694 1.00000 0.29283 0.86914 0.97352 0.98088 0.83737 0.98115 0.88525   25   25   75   25   50
   83  0.11627 0.72782 0.97326 0.94544 0.98830 1.00000 0.29285 0.86303 0.97326 0.99087 0.83019 0.98091 0.88503   25   25   75   25   75
   84  0.11730 0.72999 0.97348 0.94746 0.98756 0.99838 0.29291 0.86306 0.97348 0.98839 0.83563 0.98109 0.88608   25   25   75   25  100
   85  0.10743 0.63621 0.97116 0.94813 0.97702 1.00000 0.30017 0.86663 0.97116 0.99776 0.85237 0.98033 0.89113   25   25   75   50    1
   86  0.10737 0.63638 0.97205 0.94732 0.98353 0.99590 0.30055 0.86063 0.97205 0.99373 0.85698 0.98109 0.89047   25   25   75   50   25
   87  0.10998 0.63893 0.97136 0.94628 0.98689 1.00000 0.30042 0.86959 0.97136 0.99220 0.86265 0.98044 0.89109   25   25   75   50   50
   88  0.10751 0.63872 0.97213 0.94652 0.98759 0.99590 0.30022 0.85712 0.97213 0.98717 0.86144 0.98106 0.89121   25   25   75   50   75
   89  0.10553 0.64400 0.97204 0.94776 0.98208 0.99590 0.29973 0.86169 0.97204 0.98848 0.83903 0.98088 0.89048   25   25   75   50  100
   90  0.10079 0.56186 0.97040 0.95025 0.99713 0.99965 0.30656 0.86243 0.97040 0.99728 0.86898 0.98081 0.89493   25   25   75   75    1
   91  0.09963 0.56343 0.97041 0.95042 0.99138 0.99969 0.30664 0.86758 0.97041 0.99627 0.85728 0.98076 0.89459   25   25   75   75   25
   92  0.10167 0.56549 0.96981 0.94571 0.99253 0.99885 0.30609 0.87679 0.96981 0.99960 0.86668 0.98023 0.89465   25   25   75   75   50
   93  0.10146 0.56573 0.97051 0.94992 0.98703 0.99870 0.30614 0.87623 0.97051 0.99742 0.86626 0.98078 0.89455   25   25   75   75   75
   94  0.10040 0.56984 0.97070 0.94986 0.98048 0.99969 0.30571 0.86817 0.97070 0.99533 0.86634 0.98085 0.89469   25   25   75   75  100
   95  0.09243 0.50440 0.96822 0.94836 0.99171 0.99324 0.31062 0.87780 0.96822 0.99829 0.87382 0.98000 0.89771   25   25   75  100    1
   96  0.09253 0.50431 0.96823 0.94688 0.99090 0.99324 0.31055 0.88134 0.96823 0.99748 0.87413 0.97999 0.89797   25   25   75  100   25
   97  0.09269 0.50327 0.96864 0.95129 0.98818 0.99324 0.31118 0.87320 0.96864 0.99732 0.88117 0.98034 0.89811   25   25   75  100   50
   98  0.09215 0.50562 0.96850 0.94961 0.99355 0.99324 0.31092 0.87148 0.96850 0.99635 0.87275 0.98018 0.89773   25   25   75  100   75
   99  0.09185 0.50479 0.96878 0.95096 0.98903 0.99324 0.31105 0.86946 0.96878 0.99745 0.87409 0.98039 0.89777   25   25   75  100  100
  100  0.12068 0.93604 0.96584 0.93670 0.96896 1.00000 0.27059 0.87309 0.96584 0.96966 0.78214 0.97393 0.87259   25   25  100    1    1
  101  0.12454 0.94761 0.96612 0.93624 0.96400 0.99958 0.26995 0.89042 0.96612 0.96942 0.78822 0.97399 0.87245   25   25  100    1   25
  102  0.12427 0.95334 0.96667 0.93595 0.97927 0.99914 0.26974 0.88549 0.96667 0.95921 0.78234 0.97432 0.87228   25   25  100    1   50
  103  0.12725 0.95174 0.96627 0.93819 0.97432 1.00000 0.26960 0.88852 0.96627 0.96586 0.79675 0.97406 0.87246   25   25  100    1   75
  104  0.12589 0.95796 0.96648 0.93381 0.97656 0.99990 0.26859 0.88637 0.96648 0.97468 0.78368 0.97419 0.87099   25   25  100    1  100
  105  0.12746 0.85579 0.96860 0.93846 0.99079 0.99885 0.27941 0.88499 0.96860 0.98361 0.81951 0.97660 0.87809   25   25  100   25    1
  106  0.12422 0.85973 0.96903 0.94039 0.98357 0.99803 0.27918 0.88084 0.96903 0.98429 0.80297 0.97687 0.87790   25   25  100   25   25
  107  0.12500 0.85926 0.96907 0.94277 0.98827 0.99893 0.27928 0.88609 0.96907 0.97216 0.80704 0.97690 0.87753   25   25  100   25   50
  108  0.12640 0.87185 0.96940 0.93944 0.97794 0.99954 0.27783 0.88706 0.96940 0.97570 0.81580 0.97702 0.87657   25   25  100   25   75
  109  0.12688 0.86991 0.96864 0.94171 0.98576 0.99951 0.27761 0.88984 0.96864 0.97923 0.80906 0.97647 0.87666   25   25  100   25  100
  110  0.11884 0.75645 0.96755 0.93969 0.98315 0.99937 0.28778 0.88849 0.96755 0.99000 0.83188 0.97668 0.88377   25   25  100   50    1
  111  0.12008 0.75769 0.96772 0.94097 0.98610 0.99931 0.28736 0.88355 0.96772 0.99217 0.83826 0.97676 0.88485   25   25  100   50   25
  112  0.11755 0.75616 0.96761 0.94082 0.98023 0.99931 0.28817 0.88338 0.96761 0.98433 0.83262 0.97666 0.88415   25   25  100   50   50
  113  0.11592 0.75852 0.96750 0.94137 0.98874 0.99984 0.28758 0.88063 0.96750 0.96482 0.83193 0.97655 0.88384   25   25  100   50   75
  114  0.11467 0.76102 0.96753 0.94286 0.98256 0.99590 0.28735 0.87728 0.96753 0.96567 0.83133 0.97654 0.88281   25   25  100   50  100
  115  0.11032 0.66114 0.96587 0.94293 0.99637 1.00000 0.29593 0.87605 0.96587 0.99401 0.85012 0.97645 0.88999   25   25  100   75    1
  116  0.11007 0.66341 0.96561 0.94345 0.99480 1.00000 0.29594 0.88465 0.96561 0.98342 0.84777 0.97619 0.88981   25   25  100   75   25
  117  0.11051 0.66682 0.96655 0.94334 0.98739 1.00000 0.29588 0.88503 0.96655 0.98201 0.85235 0.97689 0.88947   25   25  100   75   50
  118  0.10812 0.67168 0.96620 0.94038 0.98508 1.00000 0.29503 0.87804 0.96620 0.98384 0.84148 0.97649 0.88884   25   25  100   75   75
  119  0.10628 0.67093 0.96602 0.94110 0.98193 1.00000 0.29481 0.88407 0.96602 0.95649 0.84987 0.97639 0.88800   25   25  100   75  100
  120  0.10166 0.59012 0.96466 0.94131 0.99362 0.99590 0.30179 0.87878 0.96466 0.99276 0.86484 0.97641 0.89388   25   25  100  100    1
  121  0.10009 0.59077 0.96470 0.94317 0.98566 0.99973 0.30187 0.87788 0.96470 0.99317 0.85297 0.97641 0.89360   25   25  100  100   25
  122  0.10174 0.59219 0.96515 0.93907 0.99292 0.99756 0.30211 0.88637 0.96515 0.99121 0.85594 0.97675 0.89356   25   25  100  100   50
  123  0.10181 0.59524 0.96524 0.93986 0.99229 0.99897 0.30171 0.88690 0.96524 0.98760 0.85551 0.97674 0.89229   25   25  100  100   75
  124  0.10139 0.59170 0.96461 0.94085 0.99550 0.99590 0.30204 0.88532 0.96461 0.98539 0.85916 0.97630 0.89327   25   25  100  100  100
