                                               Cluster
  Run  Product Compare     Pop   Edges Clusters   Size Leesalee  Slope  %Urban   Xmean   Ymean     Rad  Fmatch Diff  Brd Sprd  Slp   RG
    0  0.00000 0.21622 0.94194 0.93044 0.98163 0.00000 0.27962 0.87075 0.94194 0.98567 0.86455 0.96934 0.90261   50   75    1    1    1
    1  0.00000 0.21934 0.94251 0.93075 0.98215 0.00000 0.27917 0.88327 0.94251 0.99753 0.89192 0.96960 0.90259   50   75    1    1   25
    2  0.00000 0.22095 0.93867 0.92581 0.97995 0.00000 0.27862 0.86717 0.93867 0.99107 0.82550 0.96669 0.90246   50   75    1    1   50
    3  0.00000 0.22045 0.94097 0.92768 0.97996 0.00000 0.27869 0.87218 0.94097 0.99307 0.84748 0.96841 0.90255   50   75    1    1   75
    4  0.00000 0.22045 0.94099 0.92770 0.97996 0.00000 0.27869 0.87188 0.94099 0.99310 0.84693 0.96842 0.90255   50   75    1    1  100
    5  0.02510 0.20850 0.94558 0.93365 0.98381 0.75000 0.28109 0.86763 0.94558 0.99672 0.91564 0.97232 0.90327   50   75    1   25    1
    6  0.00000 0.21160 0.94460 0.93259 0.98361 0.00000 0.28055 0.87381 0.94460 0.99674 0.93406 0.97145 0.90292   50   75    1   25   25
    7  0.00000 0.21237 0.94294 0.92876 0.98267 0.00000 0.28023 0.87652 0.94294 0.97905 0.93473 0.97023 0.90292   50   75    1   25   50
    8  0.00000 0.21221 0.94457 0.93224 0.98400 0.00000 0.28022 0.87757 0.94457 0.96515 0.91409 0.97142 0.90298   50   75    1   25   75
    9  0.00000 0.21221 0.94457 0.93224 0.98400 0.00000 0.28022 0.87757 0.94457 0.96515 0.91409 0.97142 0.90298   50   75    1   25  100
   10  0.02399 0.19979 0.94304 0.93194 0.98304 0.75000 0.28272 0.85907 0.94304 0.97823 0.94260 0.97099 0.90374   50   75    1   50    1
   11  0.02454 0.20251 0.94325 0.93051 0.98239 0.75000 0.28222 0.86649 0.94325 0.99649 0.92928 0.97100 0.90354   50   75    1   50   25
   12  0.02405 0.20315 0.94238 0.93002 0.98217 0.75000 0.28172 0.87073 0.94238 0.99582 0.90846 0.97035 0.90344   50   75    1   50   50
   13  0.02351 0.20325 0.94379 0.93100 0.98172 0.75000 0.28197 0.86152 0.94379 0.99286 0.89526 0.97133 0.90347   50   75    1   50   75
   14  0.02351 0.20325 0.94379 0.93100 0.98172 0.75000 0.28197 0.86152 0.94379 0.99286 0.89526 0.97133 0.90347   50   75    1   50  100
   15  0.02319 0.19209 0.94171 0.92962 0.98034 0.75000 0.28441 0.87090 0.94171 0.98952 0.92641 0.97045 0.90399   50   75    1   75    1
   16  0.02301 0.19470 0.94640 0.93390 0.98384 0.75000 0.28372 0.86247 0.94640 0.96001 0.92613 0.97369 0.90405   50   75    1   75   25
   17  0.02289 0.19527 0.94127 0.92892 0.98061 0.75000 0.28354 0.86882 0.94127 0.97563 0.91883 0.96998 0.90391   50   75    1   75   50
   18  0.02267 0.19512 0.94332 0.93050 0.98339 0.75000 0.28371 0.87615 0.94332 0.94363 0.92372 0.97149 0.90399   50   75    1   75   75
   19  0.02267 0.19512 0.94332 0.93050 0.98339 0.75000 0.28371 0.87615 0.94332 0.94363 0.92372 0.97149 0.90399   50   75    1   75  100
   20  0.02030 0.18554 0.94262 0.93059 0.98313 0.75000 0.28565 0.86040 0.94262 0.99463 0.83516 0.97153 0.90455   50   75    1  100    1
   21  0.01833 0.18808 0.93993 0.92718 0.98127 0.75000 0.28520 0.86246 0.93993 0.84282 0.88939 0.96943 0.90432   50   75    1  100   25
   22  0.02273 0.18838 0.94344 0.93043 0.98260 0.75000 0.28477 0.86218 0.94344 0.93771 0.97703 0.97198 0.90422   50   75    1  100   50
   23  0.02394 0.18871 0.94262 0.93004 0.98228 0.75000 0.28496 0.85937 0.94262 0.98593 0.98246 0.97134 0.90432   50   75    1  100   75
   24  0.02394 0.18871 0.94262 0.93004 0.98228 0.75000 0.28496 0.85937 0.94262 0.98593 0.98246 0.97134 0.90432   50   75    1  100  100
   25  0.08144 0.49276 0.97643 0.96287 0.97660 0.96429 0.28765 0.86834 0.97643 0.99980 0.86962 0.98571 0.89305   50   75   25    1    1
   26  0.07906 0.49445 0.97665 0.96344 0.98045 0.96429 0.28751 0.86802 0.97665 0.99944 0.83873 0.98584 0.89233   50   75   25    1   25
   27  0.08255 0.49526 0.97649 0.96464 0.97809 0.96429 0.28777 0.86823 0.97649 0.99959 0.87412 0.98570 0.89291   50   75   25    1   50
   28  0.08161 0.49839 0.97702 0.96414 0.97822 0.96429 0.28748 0.86076 0.97702 1.00000 0.86616 0.98603 0.89249   50   75   25    1   75
   29  0.07942 0.49629 0.97665 0.96295 0.97744 0.96429 0.28768 0.86476 0.97665 1.00000 0.84426 0.98580 0.89275   50   75   25    1  100
   30  0.07549 0.44597 0.97671 0.96603 0.98097 1.00000 0.29163 0.86634 0.97671 0.99997 0.83877 0.98665 0.89560   50   75   25   25    1
   31  0.07788 0.45014 0.97649 0.96540 0.97833 1.00000 0.29080 0.87210 0.97649 0.99779 0.85998 0.98641 0.89497   50   75   25   25   25
   32  0.07775 0.45038 0.97611 0.96541 0.97732 1.00000 0.29063 0.87915 0.97611 0.99978 0.85184 0.98612 0.89489   50   75   25   25   50
   33  0.07755 0.45167 0.97680 0.96537 0.98178 1.00000 0.29087 0.86993 0.97680 0.99986 0.84987 0.98661 0.89499   50   75   25   25   75
   34  0.08084 0.45117 0.97660 0.96587 0.98135 1.00000 0.29099 0.88172 0.97660 0.99995 0.87483 0.98647 0.89514   50   75   25   25  100
   35  0.07104 0.39822 0.97404 0.96513 0.98282 1.00000 0.29384 0.87751 0.97404 0.99823 0.87016 0.98569 0.89789   50   75   25   50    1
   36  0.06861 0.40082 0.97420 0.96368 0.97908 1.00000 0.29308 0.87126 0.97420 0.99983 0.84649 0.98570 0.89735   50   75   25   50   25
   37  0.06970 0.40023 0.97350 0.96395 0.98386 1.00000 0.29366 0.87199 0.97350 0.99948 0.85600 0.98520 0.89773   50   75   25   50   50
   38  0.06914 0.40192 0.97439 0.96410 0.98061 1.00000 0.29319 0.86640 0.97439 0.99918 0.85361 0.98585 0.89725   50   75   25   50   75
   39  0.07071 0.40103 0.97413 0.96459 0.98401 1.00000 0.29341 0.86534 0.97413 0.99997 0.87176 0.98566 0.89735   50   75   25   50  100
   40  0.04762 0.35735 0.97138 0.96380 0.98509 0.75000 0.29555 0.87328 0.97138 0.99952 0.86784 0.98467 0.89976   50   75   25   75    1
   41  0.05981 0.36093 0.97126 0.96191 0.98192 0.92308 0.29514 0.87553 0.97126 0.98459 0.89409 0.98449 0.89960   50   75   25   75   25
   42  0.06531 0.36126 0.97199 0.96365 0.98344 1.00000 0.29507 0.86739 0.97199 0.99947 0.89089 0.98504 0.89953   50   75   25   75   50
   43  0.05782 0.36273 0.97088 0.96203 0.98303 0.92308 0.29502 0.86856 0.97088 0.99948 0.85424 0.98418 0.89964   50   75   25   75   75
   44  0.05785 0.36273 0.97088 0.96204 0.98304 0.92308 0.29502 0.86861 0.97088 0.99944 0.85474 0.98418 0.89964   50   75   25   75  100
   45  0.04282 0.32613 0.96913 0.96026 0.98306 0.75000 0.29700 0.86798 0.96913 0.99957 0.86424 0.98389 0.90118   50   75   25  100    1
   46  0.04154 0.32855 0.96939 0.96046 0.98526 0.75000 0.29620 0.86948 0.96939 0.99985 0.83033 0.98400 0.90095   50   75   25  100   25
   47  0.04418 0.32981 0.96885 0.96052 0.98234 0.75000 0.29602 0.86821 0.96885 0.99629 0.88873 0.98361 0.90101   50   75   25  100   50
   48  0.04164 0.32882 0.96929 0.96171 0.98097 0.75000 0.29658 0.87014 0.96929 0.99910 0.83321 0.98397 0.90113   50   75   25  100   75
   49  0.04164 0.32882 0.96929 0.96171 0.98097 0.75000 0.29658 0.87014 0.96929 0.99910 0.83321 0.98397 0.90113   50   75   25  100  100
   50  0.11764 0.94705 0.98519 0.96103 0.96864 0.97959 0.26657 0.88555 0.98519 0.98751 0.70297 0.98774 0.86706   50   75   50    1    1
   51  0.11631 0.94231 0.98505 0.96057 0.96659 0.97959 0.26657 0.87881 0.98505 0.98029 0.71119 0.98764 0.86710   50   75   50    1   25
   52  0.12752 0.96082 0.98514 0.95958 0.96031 0.97959 0.26525 0.89001 0.98514 0.99000 0.75712 0.98758 0.86687   50   75   50    1   50
   53  0.12402 0.95645 0.98529 0.95945 0.95790 0.97959 0.26623 0.88866 0.98529 0.99171 0.73849 0.98772 0.86687   50   75   50    1   75
   54  0.11618 0.95635 0.98491 0.95955 0.96362 0.97959 0.26561 0.88483 0.98491 0.98892 0.69435 0.98739 0.86773   50   75   50    1  100
   55  0.12161 0.83097 0.98640 0.96538 0.97102 0.98684 0.27513 0.89005 0.98640 0.98451 0.77957 0.98955 0.87424   50   75   50   25    1
   56  0.12381 0.83771 0.98652 0.96609 0.97674 0.99019 0.27481 0.89231 0.98652 0.99072 0.77394 0.98962 0.87347   50   75   50   25   25
   57  0.12336 0.84725 0.98662 0.96419 0.96981 0.98329 0.27428 0.90011 0.98662 0.99366 0.76738 0.98957 0.87321   50   75   50   25   50
   58  0.12334 0.84677 0.98649 0.96487 0.97176 0.98684 0.27437 0.90292 0.98649 0.99292 0.76076 0.98945 0.87361   50   75   50   25   75
   59  0.12041 0.84876 0.98667 0.96556 0.96415 0.98329 0.27364 0.90239 0.98667 0.99470 0.75049 0.98961 0.87270   50   75   50   25  100
   60  0.10573 0.71059 0.98476 0.96720 0.97855 0.97959 0.28282 0.88546 0.98476 0.99785 0.75961 0.98923 0.88131   50   75   50   50    1
   61  0.10824 0.71567 0.98511 0.96691 0.97453 0.97959 0.28263 0.88890 0.98511 0.99146 0.77733 0.98948 0.88133   50   75   50   50   25
   62  0.10783 0.71627 0.98493 0.96644 0.97386 0.96429 0.28244 0.89470 0.98493 0.99673 0.77925 0.98934 0.88061   50   75   50   50   50
   63  0.10636 0.71797 0.98509 0.96717 0.97339 0.96429 0.28262 0.88765 0.98509 0.98199 0.78326 0.98942 0.88081   50   75   50   50   75
   64  0.10316 0.71814 0.98426 0.96543 0.97393 0.97959 0.28170 0.88948 0.98426 0.99622 0.74102 0.98873 0.88030   50   75   50   50  100
   65  0.09599 0.61317 0.98280 0.96667 0.97971 0.99590 0.28865 0.88478 0.98280 0.99347 0.77223 0.98870 0.88702   50   75   50   75    1
   66  0.09951 0.61962 0.98364 0.96825 0.98080 1.00000 0.28857 0.88926 0.98364 0.99577 0.77927 0.98933 0.88723   50   75   50   75   25
   67  0.09878 0.61699 0.98331 0.96718 0.98566 1.00000 0.28824 0.88559 0.98331 0.98663 0.78646 0.98908 0.88662   50   75   50   75   50
   68  0.10033 0.62131 0.98328 0.96666 0.98366 0.99176 0.28838 0.88644 0.98328 0.99310 0.79517 0.98898 0.88710   50   75   50   75   75
   69  0.09829 0.62251 0.98356 0.96629 0.97402 0.99590 0.28803 0.88609 0.98356 0.98486 0.78970 0.98918 0.88685   50   75   50   75  100
   70  0.09175 0.53650 0.98108 0.96798 0.98431 0.99885 0.29306 0.88150 0.98108 0.99525 0.82432 0.98843 0.89126   50   75   50  100    1
   71  0.08828 0.53966 0.98150 0.96657 0.98530 0.99590 0.29270 0.88215 0.98150 0.99577 0.79031 0.98868 0.89119   50   75   50  100   25
   72  0.08800 0.53908 0.98146 0.96726 0.98284 0.99885 0.29325 0.87816 0.98146 0.99953 0.78690 0.98868 0.89125   50   75   50  100   50
   73  0.08831 0.54139 0.98160 0.96791 0.97748 1.00000 0.29330 0.87497 0.98160 0.99525 0.79460 0.98873 0.89172   50   75   50  100   75
   74  0.09214 0.54092 0.98105 0.96706 0.98589 0.99885 0.29282 0.88209 0.98105 0.99699 0.81911 0.98833 0.89143   50   75   50  100  100
   75  0.04473 0.67192 0.98556 0.94478 0.91304 0.98534 0.23788 0.91571 0.98556 0.91871 0.49049 0.98511 0.83383   50   75   75    1    1
   76  0.04758 0.66336 0.98548 0.94368 0.90753 0.98755 0.23689 0.91883 0.98548 0.94313 0.51831 0.98492 0.83333   50   75   75    1   25
   77  0.04372 0.66047 0.98548 0.94338 0.89843 0.98381 0.23650 0.91686 0.98548 0.93958 0.48869 0.98490 0.83361   50   75   75    1   50
   78  0.04280 0.66102 0.98560 0.94441 0.90021 0.98755 0.23664 0.91875 0.98560 0.95181 0.46757 0.98500 0.83304   50   75   75    1   75
   79  0.04630 0.66172 0.98509 0.94152 0.89906 0.99361 0.23612 0.91586 0.98509 0.98524 0.49142 0.98457 0.83153   50   75   75    1  100
   80  0.07102 0.75486 0.98799 0.95372 0.92412 0.98684 0.24878 0.92278 0.98799 0.95473 0.60521 0.98799 0.84555   50   75   75   25    1
   81  0.07311 0.75395 0.98835 0.95436 0.94269 0.98684 0.24868 0.93316 0.98835 0.96574 0.59805 0.98832 0.84407   50   75   75   25   25
   82  0.06886 0.74490 0.98829 0.95349 0.92888 0.99140 0.24743 0.92207 0.98829 0.95442 0.59455 0.98819 0.84258   50   75   75   25   50
   83  0.07626 0.74497 0.98794 0.95296 0.93378 0.98509 0.24755 0.92525 0.98794 0.96518 0.64917 0.98785 0.84397   50   75   75   25   75
   84  0.06540 0.74319 0.98826 0.95335 0.93712 0.98509 0.24784 0.92464 0.98826 0.98590 0.54375 0.98814 0.84338   50   75   75   25  100
   85  0.09960 0.90320 0.98740 0.95865 0.95918 0.99083 0.26019 0.92299 0.98740 0.95302 0.63947 0.98858 0.85804   50   75   75   50    1
   86  0.10581 0.89612 0.98763 0.95878 0.95540 0.98888 0.26018 0.91759 0.98763 0.96614 0.68293 0.98872 0.85808   50   75   75   50   25
   87  0.09633 0.88804 0.98766 0.95821 0.95077 0.98888 0.25912 0.91830 0.98766 0.96302 0.63611 0.98868 0.85648   50   75   75   50   50
   88  0.10085 0.89585 0.98752 0.95947 0.95655 0.99083 0.26008 0.91486 0.98752 0.97733 0.64423 0.98863 0.85714   50   75   75   50   75
   89  0.09286 0.88606 0.98746 0.95775 0.94492 0.98473 0.25894 0.91724 0.98746 0.91129 0.65842 0.98848 0.85619   50   75   75   50  100
   90  0.11691 0.94098 0.98658 0.96177 0.96562 0.99507 0.27057 0.91012 0.98658 0.97884 0.66740 0.98887 0.86829   50   75   75   75    1
   91  0.11965 0.95176 0.98685 0.96222 0.97185 0.99924 0.27006 0.90833 0.98685 0.95737 0.68547 0.98904 0.86767   50   75   75   75   25
   92  0.11959 0.94983 0.98658 0.96107 0.97423 0.99822 0.27002 0.90952 0.98658 0.96108 0.68346 0.98883 0.86764   50   75   75   75   50
   93  0.11037 0.95313 0.98671 0.96150 0.96479 0.99924 0.26962 0.91235 0.98671 0.95373 0.63847 0.98888 0.86623   50   75   75   75   75
   94  0.10618 0.95070 0.98664 0.96215 0.96936 0.99822 0.27014 0.91269 0.98664 0.81275 0.71652 0.98885 0.86797   50   75   75   75  100
   95  0.10238 0.80238 0.98510 0.96335 0.97826 1.00000 0.27947 0.90488 0.98510 0.97330 0.65478 0.98868 0.87564   50   75   75  100    1
   96  0.10489 0.80604 0.98556 0.96381 0.96858 0.98842 0.27921 0.90862 0.98556 0.97847 0.67489 0.98904 0.87626   50   75   75  100   25
   97  0.09468 0.80684 0.98556 0.96388 0.97409 0.99482 0.27899 0.90304 0.98556 0.89748 0.66041 0.98904 0.87574   50   75   75  100   50
   98  0.10703 0.80759 0.98545 0.96455 0.97281 0.98842 0.27876 0.90231 0.98545 0.95215 0.70935 0.98894 0.87584   50   75   75  100   75
   99  0.10719 0.81166 0.98539 0.96363 0.97628 0.99870 0.27816 0.90927 0.98539 0.95588 0.69097 0.98883 0.87634   50   75   75  100  100
  100  0.00460 0.55465 0.98008 0.92566 0.82648 0.98944 0.21879 0.93522 0.98008 0.87015 0.08029 0.97931 0.81511   50   75  100    1    1
  101  0.01092 0.55393 0.98007 0.92680 0.85314 0.98898 0.21908 0.92821 0.98007 0.87802 0.18416 0.97932 0.81539   50   75  100    1   25
  102  0.00080 0.54568 0.97971 0.92302 0.82265 0.98397 0.21750 0.92810 0.97971 0.95733 0.01338 0.97885 0.81267   50   75  100    1   50
  103  0.01926 0.54883 0.97956 0.92494 0.82517 0.98628 0.21771 0.92812 0.97956 0.95103 0.31717 0.97878 0.81444   50   75  100    1   75
  104  0.00793 0.54685 0.97906 0.92289 0.81858 0.98513 0.21715 0.93175 0.97906 0.99183 0.12741 0.97834 0.81231   50   75  100    1  100
  105  0.03606 0.62064 0.98379 0.93931 0.92713 0.98938 0.23015 0.94252 0.98379 0.92929 0.42586 0.98329 0.82552   50   75  100   25    1
  106  0.03806 0.61546 0.98416 0.93876 0.89041 0.98870 0.23010 0.94128 0.98416 0.92572 0.47396 0.98360 0.82656   50   75  100   25   25
  107  0.03346 0.61468 0.98393 0.93970 0.91585 0.98989 0.22968 0.94256 0.98393 0.95822 0.39160 0.98338 0.82616   50   75  100   25   50
  108  0.03419 0.61189 0.98411 0.93797 0.88943 0.98747 0.22956 0.94023 0.98411 0.94151 0.42522 0.98350 0.82412   50   75  100   25   75
  109  0.03292 0.60901 0.98378 0.93734 0.89670 0.98870 0.22825 0.94801 0.98378 0.97006 0.39528 0.98320 0.82385   50   75  100   25  100
  110  0.06043 0.74601 0.98380 0.94796 0.94420 0.99140 0.24465 0.93792 0.98380 0.94094 0.52662 0.98451 0.84251   50   75  100   50    1
  111  0.05614 0.73316 0.98391 0.94792 0.94418 0.99193 0.24292 0.93587 0.98391 0.96629 0.48912 0.98448 0.84232   50   75  100   50   25
  112  0.06262 0.73450 0.98381 0.94770 0.94010 0.99193 0.24311 0.93745 0.98381 0.98113 0.53832 0.98441 0.84123   50   75  100   50   50
  113  0.05513 0.73661 0.98400 0.94745 0.93701 0.98842 0.24286 0.93689 0.98400 0.92717 0.50400 0.98461 0.84151   50   75  100   50   75
  114  0.06136 0.73370 0.98377 0.94688 0.93181 0.98994 0.24279 0.93895 0.98377 0.99474 0.52658 0.98436 0.84165   50   75  100   50  100
  115  0.08932 0.87852 0.98327 0.95122 0.95454 0.99422 0.25554 0.93126 0.98327 0.97537 0.59557 0.98512 0.85536   50   75  100   75    1
  116  0.08819 0.87173 0.98309 0.95253 0.95663 0.99558 0.25520 0.92939 0.98309 0.90724 0.63533 0.98491 0.85693   50   75  100   75   25
  117  0.08966 0.87400 0.98310 0.95149 0.96291 0.99803 0.25518 0.93002 0.98310 0.89713 0.64662 0.98492 0.85603   50   75  100   75   50
  118  0.08282 0.87290 0.98330 0.95252 0.96300 0.99558 0.25503 0.92535 0.98330 0.94430 0.57266 0.98509 0.85478   50   75  100   75   75
  119  0.08962 0.86195 0.98309 0.95041 0.94863 0.99704 0.25386 0.93483 0.98309 0.96965 0.61731 0.98479 0.85553   50   75  100   75  100
  120  0.10821 0.95645 0.98230 0.95596 0.97754 0.99725 0.26638 0.91651 0.98230 0.97360 0.61997 0.98549 0.86636   50   75  100  100    1
  121  0.10202 0.97510 0.98207 0.95401 0.97834 0.99725 0.26475 0.92188 0.98207 0.89192 0.62745 0.98514 0.86609   50   75  100  100   25
  122  0.10302 0.96277 0.98225 0.95522 0.97410 0.99699 0.26650 0.91730 0.98225 0.92711 0.61805 0.98541 0.86610   50   75  100  100   50
  123  0.10644 0.96883 0.98225 0.95482 0.96902 0.99725 0.26601 0.92130 0.98225 0.86331 0.68357 0.98536 0.86597   50   75  100  100   75
  124  0.10125 0.97878 0.98202 0.95362 0.96838 0.99590 0.26515 0.92240 0.98202 0.93902 0.59598 0.98507 0.86506   50   75  100  100  100
