nrows = 2765
ncols = 1575
total_pixels = 4354875
igrid_count = 11
pgrid_count = 6
wgrid_count = 2
check_pixel_count = 20
BYTES_PER_WORD = 8
BYTES_PER_PIXEL = 8
bytes_p_grid = 34839000
bytes_p_grid_rounded2wordboundary = 34839000
words in a grid = 4354875
igrid_size = 4354875 words
pgrid_size = 4354875 words
wgrid_size = 4354875 words
mem_check_size = 1 words
bytes2allocate = 661941160


Memory starts at -1572929520 and ends at -910988360
-1572929520 mem_check_array[ 0]
-1572929512 igrid_array[ 0]
-1538090512 mem_check_array[ 1]
-1538090504 igrid_array[ 1]
-1503251504 mem_check_array[ 2]
-1503251496 igrid_array[ 2]
-1468412496 mem_check_array[ 3]
-1468412488 igrid_array[ 3]
-1433573488 mem_check_array[ 4]
-1433573480 igrid_array[ 4]
-1398734480 mem_check_array[ 5]
-1398734472 igrid_array[ 5]
-1363895472 mem_check_array[ 6]
-1363895464 igrid_array[ 6]
-1329056464 mem_check_array[ 7]
-1329056456 igrid_array[ 7]
-1294217456 mem_check_array[ 8]
-1294217448 igrid_array[ 8]
-1259378448 mem_check_array[ 9]
-1259378440 igrid_array[ 9]
-1224539440 mem_check_array[10]
-1224539432 igrid_array[10]
-1189700432 mem_check_array[11]
-1189700424 pgrid_array[ 0]
-1154861424 mem_check_array[12]
-1154861416 pgrid_array[ 1]
-1120022416 mem_check_array[13]
-1120022408 pgrid_array[ 2]
-1085183408 mem_check_array[14]
-1085183400 pgrid_array[ 3]
-1050344400 mem_check_array[15]
-1050344392 pgrid_array[ 4]
-1015505392 mem_check_array[16]
-1015505384 pgrid_array[ 5]
-980666384 mem_check_array[17]
-980666376 wgrid_array[ 0]
-945827376 mem_check_array[18]
-945827368 wgrid_array[ 1]
-910988368 mem_check_array[19]
-910988360 End of memory 
15179168l s color_table_landuse_ptr     size= 3156l bytes count=   1l color_obj.c 428l
15182324l e color_table_landuse_ptr     END OF color_obj.c 428l
15182336l s color_table_probability_ptr size= 3156l bytes count=   1l color_obj.c 429l
15185492l e color_table_probability_ptr END OF color_obj.c 429l
15185504l s color_table_growth_ptr      size= 3156l bytes count=   1l color_obj.c 430l
15188660l e color_table_growth_ptr      END OF color_obj.c 430l
15188672l s color_table_deltatron_ptr   size= 3156l bytes count=   1l color_obj.c 431l
15191828l e color_table_deltatron_ptr   END OF color_obj.c 431l
15191840l s color_table_grayscale_ptr   size= 3156l bytes count=   1l color_obj.c 432l
15194996l e color_table_grayscale_ptr   END OF color_obj.c 432l
6585600l s &saved_coefficient          size=   40l bytes count=   1l coeff_obj.c 1151l
6585640l e &saved_coefficient          END OF coeff_obj.c 1151l
6585664l s &current_coefficient        size=   40l bytes count=   1l coeff_obj.c 1152l
6585704l e &current_coefficient        END OF coeff_obj.c 1152l
6585712l s &step_coeff                 size=   40l bytes count=   1l coeff_obj.c 1153l
6585732l e &step_coeff                 END OF coeff_obj.c 1153l
6585744l s &start_coeff                size=   40l bytes count=   1l coeff_obj.c 1154l
6585764l e &start_coeff                END OF coeff_obj.c 1154l
6585776l s &stop_coeff                 size=   40l bytes count=   1l coeff_obj.c 1155l
6585796l e &stop_coeff                 END OF coeff_obj.c 1155l
6585808l s &best_fit_coeff             size=   40l bytes count=   1l coeff_obj.c 1156l
6585828l e &best_fit_coeff             END OF coeff_obj.c 1156l
6585856l s &coeff_filename[0]          size=    1l bytes count= 150l coeff_obj.c 1157l
6577152l s &array[0]                   size=  160l bytes count=  20l timer_obj.c 68l
6580352l e &array[0]                   END OF timer_obj.c 68l
6580352l s &actual_num_timers          size=    4l bytes count=   1l timer_obj.c 69l
6580356l e &actual_num_timers          END OF timer_obj.c 69l
6650272l s &igrid                      size=43296l bytes count=   1l igrid_obj.c 106l
6693568l e &igrid                      END OF igrid_obj.c 106l
6693568l s &igrid_count                size=    4l bytes count=   1l igrid_obj.c 107l
6693572l e &igrid_count                END OF igrid_obj.c 107l
6693600l s &road_pixel_count[0]        size=    4l bytes count=  15l igrid_obj.c 108l
6693660l e &road_pixel_count[0]        END OF igrid_obj.c 108l
6693660l s &excld_count                size=    4l bytes count=   1l igrid_obj.c 109l
6693664l e &excld_count                END OF igrid_obj.c 109l
6693664l s &percent_road[0]            size=    8l bytes count=  15l igrid_obj.c 110l
6693784l e &percent_road[0]            END OF igrid_obj.c 110l
6693784l s &total_pixels               size=    4l bytes count=   1l igrid_obj.c 111l
6693788l e &total_pixels               END OF igrid_obj.c 111l
6693792l s &z                          size= 1232l bytes count=   1l pgrid_obj.c 53l
6695024l e &z                          END OF pgrid_obj.c 53l
6695040l s &deltatron                  size= 1232l bytes count=   1l pgrid_obj.c 54l
6696272l e &deltatron                  END OF pgrid_obj.c 54l
6696288l s &delta                      size= 1232l bytes count=   1l pgrid_obj.c 55l
6697520l e &delta                      END OF pgrid_obj.c 55l
6697536l s &land1                      size= 1232l bytes count=   1l pgrid_obj.c 56l
6698768l e &land1                      END OF pgrid_obj.c 56l
6698784l s &land2                      size= 1232l bytes count=   1l pgrid_obj.c 57l
6700016l e &land2                      END OF pgrid_obj.c 57l
6700032l s &cumulate                   size= 1232l bytes count=   1l pgrid_obj.c 58l
6701264l e &cumulate                   END OF pgrid_obj.c 58l
6537152l s &cir_q[0]                   size=    8l bytes count=5000l stats_obj.c 2702l
6577152l e &cir_q[0]                   END OF stats_obj.c 2702l
6526848l s &stats_actual[0]            size=   80l bytes count=  15l stats_obj.c 2703l
6528048l e &stats_actual[0]            END OF stats_obj.c 2703l
6528064l s &regression                 size=   80l bytes count=   1l stats_obj.c 2704l
6528144l e &regression                 END OF stats_obj.c 2704l
6528160l s &average[0]                 size=  192l bytes count=  15l stats_obj.c 2705l
6531040l e &average[0]                 END OF stats_obj.c 2705l
6531040l s &std_dev[0]                 size=  192l bytes count=  15l stats_obj.c 2706l
6533920l e &std_dev[0]                 END OF stats_obj.c 2706l
6533920l s &running_total[0]           size=  192l bytes count=  15l stats_obj.c 2707l
6536800l e &running_total[0]           END OF stats_obj.c 2707l
6537088l s &urbanization_attempt       size=   40l bytes count=   1l stats_obj.c 2708l
6537128l e &urbanization_attempt       END OF stats_obj.c 2708l
6701280l s &nrows                      size=    4l bytes count=   1l memory_obj.c 121l
6701284l e &nrows                      END OF memory_obj.c 121l
6701284l s &ncols                      size=    4l bytes count=   1l memory_obj.c 122l
6701288l e &ncols                      END OF memory_obj.c 122l
6701288l s &total_pixels               size=    4l bytes count=   1l memory_obj.c 123l
6701292l e &total_pixels               END OF memory_obj.c 123l
6701296l s &invalid_val                size=    8l bytes count=   1l memory_obj.c 124l
6701304l e &invalid_val                END OF memory_obj.c 124l
6701312l s &igrid_free[0]              size=    4l bytes count=  50l memory_obj.c 126l
6701512l e &igrid_free[0]              END OF memory_obj.c 126l
6701512l s &igrid_free_tos             size=    4l bytes count=   1l memory_obj.c 127l
6701516l e &igrid_free_tos             END OF memory_obj.c 127l
6701536l s &igrid_array[0]             size=  464l bytes count=  50l memory_obj.c 128l
6724736l e &igrid_array[0]             END OF memory_obj.c 128l
6724736l s &pgrid_free[0]              size=    4l bytes count=  50l memory_obj.c 130l
6724936l e &pgrid_free[0]              END OF memory_obj.c 130l
6724936l s &pgrid_free_tos             size=    4l bytes count=   1l memory_obj.c 131l
6724940l e &pgrid_free_tos             END OF memory_obj.c 131l
6724960l s &pgrid_array[0]             size=  464l bytes count=  50l memory_obj.c 132l
6748160l e &pgrid_array[0]             END OF memory_obj.c 132l
6748160l s &wgrid_free[0]              size=    4l bytes count=  50l memory_obj.c 134l
6748360l e &wgrid_free[0]              END OF memory_obj.c 134l
6748360l s &wgrid_free_tos             size=    4l bytes count=   1l memory_obj.c 135l
6748364l e &wgrid_free_tos             END OF memory_obj.c 135l
6748364l s &min_wgrid_free_tos         size=    4l bytes count=   1l memory_obj.c 136l
6748368l e &min_wgrid_free_tos         END OF memory_obj.c 136l
6748384l s &wgrid_array[0]             size=  464l bytes count=  50l memory_obj.c 137l
6771584l e &wgrid_array[0]             END OF memory_obj.c 137l
6771984l s &mem_check_count            size=    4l bytes count=   1l memory_obj.c 139l
6771988l e &mem_check_count            END OF memory_obj.c 139l
6771988l s &mem_check_size             size=    4l bytes count=   1l memory_obj.c 140l
6771992l e &mem_check_size             END OF memory_obj.c 140l
6771992l s &igrid_size                 size=    4l bytes count=   1l memory_obj.c 141l
6771996l e &igrid_size                 END OF memory_obj.c 141l
6771996l s &pgrid_size                 size=    4l bytes count=   1l memory_obj.c 142l
6772000l e &pgrid_size                 END OF memory_obj.c 142l
6772000l s &wgrid_size                 size=    4l bytes count=   1l memory_obj.c 143l
6772004l e &wgrid_size                 END OF memory_obj.c 143l
6772004l s &bytes_p_grid               size=    4l bytes count=   1l memory_obj.c 145l
6772008l e &bytes_p_grid               END OF memory_obj.c 145l
6772008l s &bytes_p_grid_rounded2wordboundary size=    4l bytes count=   1l memory_obj.c 146l
6772012l e &bytes_p_grid_rounded2wordboundary END OF memory_obj.c 146l
6772012l s &bytes_p_packed_grid        size=    4l bytes count=   1l memory_obj.c 147l
6772016l e &bytes_p_packed_grid        END OF memory_obj.c 147l
6772016l s &bytes_p_packed_grid_rounded2wordboundary size=    4l bytes count=   1l memory_obj.c 148l
6772020l e &bytes_p_packed_grid_rounded2wordboundary END OF memory_obj.c 148l
6772024l s &bytes2allocate             size=    8l bytes count=   1l memory_obj.c 149l
6772032l e &bytes2allocate             END OF memory_obj.c 149l
6772032l s &mem_ptr                    size=    8l bytes count=   1l memory_obj.c 150l
6772040l e &mem_ptr                    END OF memory_obj.c 150l
6772040l s &igrid_count                size=    4l bytes count=   1l memory_obj.c 151l
6772044l e &igrid_count                END OF memory_obj.c 151l
6772044l s &pgrid_count                size=    4l bytes count=   1l memory_obj.c 152l
6772048l e &pgrid_count                END OF memory_obj.c 152l
6772048l s &wgrid_count                size=    4l bytes count=   1l memory_obj.c 153l
6772052l e &wgrid_count                END OF memory_obj.c 153l
6772056l s &memlog_fp                  size=    8l bytes count=   1l memory_obj.c 154l
6772064l e &memlog_fp                  END OF memory_obj.c 154l
6580356l s &type_of_processing         size=    4l bytes count=   1l proc_obj.c 50l
6580360l e &type_of_processing         END OF proc_obj.c 50l
6580360l s &total_runs                 size=    4l bytes count=   1l proc_obj.c 51l
6580364l e &total_runs                 END OF proc_obj.c 51l
6580368l s &last_run                   size=    4l bytes count=   1l proc_obj.c 52l
6580372l e &last_run                   END OF proc_obj.c 52l
6580372l s &last_mc                    size=    4l bytes count=   1l proc_obj.c 53l
6580376l e &last_mc                    END OF proc_obj.c 53l
6580376l s &current_run                size=    4l bytes count=   1l proc_obj.c 54l
6580380l e &current_run                END OF proc_obj.c 54l
6580380l s &current_monte_carlo        size=    4l bytes count=   1l proc_obj.c 55l
6580384l e &current_monte_carlo        END OF proc_obj.c 55l
6580384l s &current_year               size=    4l bytes count=   1l proc_obj.c 56l
6580388l e &current_year               END OF proc_obj.c 56l
6580388l s &stop_year                  size=    4l bytes count=   1l proc_obj.c 57l
6580392l e &stop_year                  END OF proc_obj.c 57l
6580396l s &last_run_flag              size=    4l bytes count=   1l proc_obj.c 58l
6580400l e &last_run_flag              END OF proc_obj.c 58l
6580400l s &last_mc_flag               size=    4l bytes count=   1l proc_obj.c 59l
6580404l e &last_mc_flag               END OF proc_obj.c 59l
6586016l s &class_indices[0]           size=  104l bytes count=  20l landclass_obj.c 78l
6588096l e &class_indices[0]           END OF landclass_obj.c 78l
6588096l s &new_indices[0]             size=    4l bytes count= 256l landclass_obj.c 79l
6589120l e &new_indices[0]             END OF landclass_obj.c 79l
6589120l s &landuse_classes[0]         size=  104l bytes count=  20l landclass_obj.c 80l
6591200l e &landuse_classes[0]         END OF landclass_obj.c 80l
6591200l s &urban_code                 size=    4l bytes count=   1l landclass_obj.c 81l
6591204l e &urban_code                 END OF landclass_obj.c 81l
6591204l s &num_landclasses            size=    4l bytes count=   1l landclass_obj.c 82l
6591208l e &num_landclasses            END OF landclass_obj.c 82l
6591232l s &filename                   size=    1l bytes count= 150l landclass_obj.c 83l
6591384l s &max_landclass_num          size=    4l bytes count=   1l landclass_obj.c 84l
6591388l e &max_landclass_num          END OF landclass_obj.c 84l
6591388l s &num_reduced_classes        size=    4l bytes count=   1l landclass_obj.c 85l
6591392l e &num_reduced_classes        END OF landclass_obj.c 85l
6591392l s &annual_prob_filename       size=    1l bytes count= 150l landclass_obj.c 86l
6591544l s &ugm_read                   size=    4l bytes count=   1l landclass_obj.c 87l
6591548l e &ugm_read                   END OF landclass_obj.c 87l
6591872l s &scenario                   size=58144l bytes count=   1l scenario_obj.c 84l
6650016l e &scenario                   END OF scenario_obj.c 84l
6580416l s &class_slope[0]             size=    8l bytes count=  20l transition_obj.c 70l
6580576l e &class_slope[0]             END OF transition_obj.c 70l
6580576l s &ftransition[0]             size=    8l bytes count= 400l transition_obj.c 71l
6583776l e &ftransition[0]             END OF transition_obj.c 71l
6583776l s &pct                        size=    8l bytes count=   1l transition_obj.c 72l
6583784l e &pct                        END OF transition_obj.c 72l
6583808l s &transition[0]              size=    4l bytes count= 400l transition_obj.c 73l
6585408l e &transition[0]              END OF transition_obj.c 73l
6585408l s &class_count[0][0]          size=    4l bytes count=  40l transition_obj.c 74l
6585568l e &class_count[0][0]          END OF transition_obj.c 74l
6585568l s &trans_count                size=    4l bytes count=   1l transition_obj.c 75l
6585572l e &trans_count                END OF transition_obj.c 75l
6585572l s &class_count_sum0           size=    4l bytes count=   1l transition_obj.c 76l
6585576l e &class_count_sum0           END OF transition_obj.c 76l
6585576l s &class_count_sum1           size=    4l bytes count=   1l transition_obj.c 77l
6585580l e &class_count_sum1           END OF transition_obj.c 77l
6585580l s &num_classes                size=    4l bytes count=   1l transition_obj.c 78l
6585584l e &num_classes                END OF transition_obj.c 78l
