                                               Cluster
  Run  Product Compare     Pop   Edges Clusters   Size Leesalee  Slope  %Urban   Xmean   Ymean     Rad  Fmatch Diff  Brd Sprd  Slp   RG
    0  0.00000 0.24959 0.94246 0.92951 0.97962 0.00000 0.27072 0.89242 0.94246 0.99868 0.87562 0.96815 0.90042   75   75    1    1    1
    1  0.00000 0.25352 0.94350 0.93061 0.98233 0.00000 0.26993 0.88100 0.94350 0.98552 0.80991 0.96881 0.90002   75   75    1    1   25
    2  0.00000 0.25467 0.94246 0.92985 0.98022 0.00000 0.26990 0.89860 0.94246 0.99610 0.91486 0.96799 0.90015   75   75    1    1   50
    3  0.00000 0.25471 0.94400 0.93119 0.98249 0.00000 0.27001 0.87234 0.94400 0.99116 0.95371 0.96911 0.90027   75   75    1    1   75
    4  0.00000 0.25471 0.94400 0.93119 0.98249 0.00000 0.27001 0.87234 0.94400 0.99116 0.95371 0.96911 0.90027   75   75    1    1  100
    5  0.00000 0.23965 0.94340 0.93122 0.98215 0.00000 0.27319 0.89125 0.94340 0.99904 0.90828 0.96921 0.90100   75   75    1   25    1
    6  0.00000 0.24368 0.94375 0.93116 0.98115 0.00000 0.27255 0.89333 0.94375 0.99044 0.84791 0.96928 0.90087   75   75    1   25   25
    7  0.00000 0.24400 0.94320 0.93088 0.98220 0.00000 0.27246 0.88587 0.94320 0.98047 0.93197 0.96890 0.90085   75   75    1   25   50
    8  0.00000 0.24392 0.94467 0.93220 0.98217 0.00000 0.27222 0.88966 0.94467 0.99266 0.90000 0.97001 0.90083   75   75    1   25   75
    9  0.00000 0.24392 0.94467 0.93220 0.98217 0.00000 0.27222 0.88966 0.94467 0.99266 0.90000 0.97001 0.90083   75   75    1   25  100
   10  0.00000 0.22738 0.94348 0.93067 0.98047 0.00000 0.27523 0.87926 0.94348 0.99351 0.92099 0.96985 0.90164   75   75    1   50    1
   11  0.00000 0.23013 0.94263 0.92913 0.98169 0.00000 0.27471 0.88425 0.94263 0.96203 0.85215 0.96910 0.90153   75   75    1   50   25
   12  0.00000 0.23188 0.94285 0.93047 0.98207 0.00000 0.27439 0.87555 0.94285 0.99380 0.92598 0.96921 0.90155   75   75    1   50   50
   13  0.00000 0.23125 0.94409 0.93145 0.98242 0.00000 0.27483 0.88126 0.94409 0.99999 0.97016 0.97009 0.90156   75   75    1   50   75
   14  0.00000 0.23156 0.94316 0.93054 0.98187 0.00000 0.27451 0.88341 0.94316 0.99427 0.95666 0.96941 0.90136   75   75    1   50  100
   15  0.00000 0.21730 0.94697 0.93503 0.98366 0.00000 0.27736 0.87127 0.94697 0.99934 0.77351 0.97288 0.90239   75   75    1   75    1
   16  0.00000 0.21950 0.94468 0.93252 0.98140 0.00000 0.27678 0.87507 0.94468 0.90099 0.80099 0.97114 0.90218   75   75    1   75   25
   17  0.00000 0.22082 0.94111 0.92847 0.98034 0.00000 0.27656 0.87897 0.94111 0.98492 0.82880 0.96846 0.90203   75   75    1   75   50
   18  0.00000 0.22082 0.94359 0.93224 0.98275 0.00000 0.27667 0.87662 0.94359 0.94961 0.84859 0.97024 0.90206   75   75    1   75   75
   19  0.00000 0.22082 0.94359 0.93224 0.98275 0.00000 0.27667 0.87662 0.94359 0.94961 0.84859 0.97024 0.90206   75   75    1   75  100
   20  0.00000 0.20905 0.94206 0.92979 0.98184 0.00000 0.27907 0.86733 0.94206 0.88953 0.84909 0.96975 0.90284   75   75    1  100    1
   21  0.00000 0.21076 0.94414 0.93194 0.98343 0.00000 0.27859 0.87464 0.94414 0.99853 0.93279 0.97119 0.90276   75   75    1  100   25
   22  0.00000 0.21176 0.94222 0.92933 0.98195 0.00000 0.27820 0.87745 0.94222 0.96056 0.99216 0.96972 0.90267   75   75    1  100   50
   23  0.00000 0.21118 0.94212 0.92941 0.98247 0.00000 0.27824 0.87813 0.94212 0.99539 0.84670 0.96971 0.90259   75   75    1  100   75
   24  0.00000 0.21118 0.94212 0.92941 0.98247 0.00000 0.27824 0.87813 0.94212 0.99539 0.84670 0.96971 0.90259   75   75    1  100  100
   25  0.09009 0.58739 0.97909 0.96448 0.97460 1.00000 0.27489 0.87616 0.97909 0.99999 0.80871 0.98636 0.88600   75   75   25    1    1
   26  0.09470 0.59137 0.97925 0.96431 0.97353 1.00000 0.27504 0.87978 0.97925 0.99831 0.84305 0.98644 0.88548   75   75   25    1   25
   27  0.09875 0.59411 0.97919 0.96403 0.97373 1.00000 0.27460 0.88674 0.97919 0.99804 0.86997 0.98632 0.88558   75   75   25    1   50
   28  0.09490 0.59410 0.97908 0.96366 0.97310 1.00000 0.27422 0.88005 0.97908 0.99884 0.84440 0.98626 0.88522   75   75   25    1   75
   29  0.09486 0.59406 0.97907 0.96359 0.97364 1.00000 0.27413 0.87528 0.97907 0.99976 0.84762 0.98622 0.88539   75   75   25    1  100
   30  0.06493 0.53004 0.97930 0.96588 0.97485 0.75000 0.27960 0.88838 0.97930 0.99968 0.82950 0.98720 0.88951   75   75   25   25    1
   31  0.06578 0.53398 0.97953 0.96712 0.97573 0.75000 0.27937 0.88266 0.97953 0.99475 0.84239 0.98734 0.88917   75   75   25   25   25
   32  0.08528 0.53788 0.97985 0.96642 0.97488 0.92308 0.27884 0.88961 0.97985 0.99929 0.87297 0.98752 0.88856   75   75   25   25   50
   33  0.06943 0.53777 0.97976 0.96615 0.97474 0.75000 0.27879 0.88894 0.97976 0.99914 0.87638 0.98747 0.88870   75   75   25   25   75
   34  0.06896 0.53950 0.97922 0.96542 0.97194 0.75000 0.27892 0.88338 0.97922 0.99989 0.87651 0.98698 0.88875   75   75   25   25  100
   35  0.05936 0.46958 0.97698 0.96400 0.97922 0.75000 0.28285 0.88852 0.97698 0.99757 0.84745 0.98642 0.89262   75   75   25   50    1
   36  0.06058 0.47286 0.97723 0.96517 0.97630 0.75000 0.28225 0.88912 0.97723 0.99785 0.86088 0.98655 0.89251   75   75   25   50   25
   37  0.05965 0.47397 0.97687 0.96342 0.97633 0.75000 0.28223 0.88411 0.97687 0.99986 0.85115 0.98627 0.89259   75   75   25   50   50
   38  0.06106 0.47216 0.97741 0.96545 0.97740 0.75000 0.28266 0.88552 0.97741 0.99993 0.86730 0.98673 0.89296   75   75   25   50   75
   39  0.06053 0.47285 0.97698 0.96525 0.98076 0.75000 0.28234 0.88445 0.97698 0.99949 0.85962 0.98638 0.89258   75   75   25   50  100
   40  0.06602 0.41701 0.97425 0.96320 0.98207 0.96429 0.28548 0.87323 0.97425 0.99547 0.83487 0.98539 0.89576   75   75   25   75    1
   41  0.05315 0.41888 0.97430 0.96358 0.97845 0.75000 0.28507 0.88372 0.97430 0.99841 0.85217 0.98540 0.89506   75   75   25   75   25
   42  0.05100 0.41951 0.97532 0.96398 0.97928 0.75000 0.28531 0.87867 0.97532 0.98484 0.82808 0.98616 0.89536   75   75   25   75   50
   43  0.05739 0.42048 0.97455 0.96405 0.97986 0.75000 0.28542 0.88508 0.97455 0.99983 0.91031 0.98559 0.89503   75   75   25   75   75
   44  0.06344 0.42004 0.97547 0.96456 0.98148 0.89286 0.28581 0.87853 0.97547 0.99511 0.85104 0.98625 0.89537   75   75   25   75  100
   45  0.05789 0.37639 0.97181 0.96151 0.98177 0.92308 0.28744 0.87987 0.97181 0.99715 0.83887 0.98451 0.89734   75   75   25  100    1
   46  0.05965 0.37901 0.97291 0.96196 0.98148 0.92308 0.28749 0.87368 0.97291 0.99987 0.85933 0.98530 0.89714   75   75   25  100   25
   47  0.05568 0.38008 0.97240 0.96129 0.98326 0.89286 0.28760 0.87599 0.97240 0.99969 0.82482 0.98485 0.89728   75   75   25  100   50
   48  0.05287 0.37780 0.97204 0.96166 0.98134 0.89286 0.28750 0.87464 0.97204 0.99599 0.79397 0.98467 0.89764   75   75   25  100   75
   49  0.05640 0.37859 0.97252 0.96175 0.98121 0.89286 0.28767 0.87768 0.97252 0.99382 0.84264 0.98502 0.89756   75   75   25  100  100
   50  0.09290 0.85533 0.98661 0.95746 0.94463 0.99590 0.24939 0.90327 0.98661 0.99519 0.65690 0.98746 0.85188   75   75   50    1    1
   51  0.09661 0.85000 0.98663 0.95638 0.93091 0.99590 0.24925 0.90614 0.98663 0.97767 0.70852 0.98742 0.85239   75   75   50    1   25
   52  0.08962 0.84345 0.98646 0.95478 0.94197 0.99590 0.24822 0.90356 0.98646 0.97814 0.66155 0.98721 0.85091   75   75   50    1   50
   53  0.08970 0.84851 0.98669 0.95573 0.92613 0.99590 0.24873 0.90846 0.98669 0.98519 0.65893 0.98750 0.85043   75   75   50    1   75
   54  0.09195 0.84478 0.98666 0.95686 0.93602 0.99590 0.24827 0.91070 0.98666 0.98016 0.67298 0.98746 0.85113   75   75   50    1  100
   55  0.12768 0.96761 0.98843 0.96395 0.95095 0.98684 0.25857 0.92042 0.98843 0.99099 0.74303 0.98978 0.86082   75   75   50   25    1
   56  0.12466 0.95608 0.98828 0.96221 0.95111 0.98329 0.25810 0.91541 0.98828 0.98330 0.75063 0.98955 0.85967   75   75   50   25   25
   57  0.12201 0.96206 0.98834 0.96316 0.94155 0.97959 0.25831 0.91828 0.98834 0.99069 0.73083 0.98965 0.85984   75   75   50   25   50
   58  0.12028 0.95355 0.98815 0.96265 0.95117 0.98329 0.25710 0.91324 0.98815 0.99025 0.72574 0.98944 0.85938   75   75   50   25   75
   59  0.12593 0.95442 0.98850 0.96277 0.94817 0.98684 0.25742 0.92342 0.98850 0.98438 0.75266 0.98974 0.85990   75   75   50   25  100
   60  0.11963 0.87184 0.98734 0.96600 0.96764 0.99324 0.26743 0.90845 0.98734 0.98964 0.73174 0.98992 0.87048   75   75   50   50    1
   61  0.11989 0.87668 0.98748 0.96574 0.96221 0.99324 0.26698 0.91172 0.98748 0.99189 0.73122 0.99001 0.86938   75   75   50   50   25
   62  0.12287 0.87482 0.98719 0.96475 0.96368 0.99324 0.26724 0.91412 0.98719 0.98914 0.75006 0.98973 0.87003   75   75   50   50   50
   63  0.11931 0.88167 0.98707 0.96499 0.96010 0.99324 0.26643 0.91175 0.98707 0.98379 0.73377 0.98963 0.86973   75   75   50   50   75
   64  0.12038 0.87939 0.98727 0.96507 0.96691 0.99590 0.26704 0.91193 0.98727 0.99871 0.72237 0.98979 0.86911   75   75   50   50  100
   65  0.10206 0.73987 0.98554 0.96686 0.97277 0.98684 0.27490 0.90235 0.98554 0.99218 0.71587 0.98950 0.87767   75   75   50   75    1
   66  0.10404 0.74291 0.98593 0.96700 0.97038 0.98684 0.27452 0.90535 0.98593 0.98511 0.73169 0.98977 0.87745   75   75   50   75   25
   67  0.10360 0.74458 0.98540 0.96643 0.97861 0.98684 0.27471 0.90605 0.98540 0.99236 0.71574 0.98933 0.87787   75   75   50   75   50
   68  0.10862 0.74847 0.98585 0.96713 0.97582 0.98684 0.27428 0.90742 0.98585 0.99293 0.74704 0.98966 0.87750   75   75   50   75   75
   69  0.10756 0.74965 0.98576 0.96633 0.97252 0.98684 0.27363 0.90483 0.98576 0.99587 0.74382 0.98959 0.87730   75   75   50   75  100
   70  0.09918 0.63630 0.98425 0.96858 0.97523 0.99482 0.28148 0.89516 0.98425 0.99920 0.77665 0.98950 0.88500   75   75   50  100    1
   71  0.09169 0.64241 0.98419 0.96853 0.97708 1.00000 0.28080 0.89985 0.98419 0.99724 0.70624 0.98942 0.88435   75   75   50  100   25
   72  0.09479 0.64137 0.98434 0.96763 0.97754 1.00000 0.28052 0.89801 0.98434 0.98551 0.74277 0.98956 0.88377   75   75   50  100   50
   73  0.09046 0.64166 0.98414 0.96752 0.97311 1.00000 0.28105 0.89397 0.98414 0.99196 0.70936 0.98937 0.88387   75   75   50  100   75
   74  0.09861 0.64296 0.98409 0.96778 0.97323 1.00000 0.28101 0.89896 0.98409 0.99655 0.76382 0.98931 0.88384   75   75   50  100  100
   75  0.00858 0.53615 0.98561 0.93104 0.77782 0.97087 0.21915 0.93212 0.98561 0.94462 0.15259 0.98349 0.80954   75   75   75    1    1
   76  0.01175 0.53481 0.98579 0.93078 0.76401 0.97224 0.21907 0.93127 0.98579 0.92297 0.21799 0.98363 0.80992   75   75   75    1   25
   77  0.01429 0.52906 0.98530 0.92863 0.75955 0.97657 0.21799 0.93254 0.98530 0.90249 0.27688 0.98305 0.80873   75   75   75    1   50
   78  0.00596 0.52843 0.98544 0.92922 0.77589 0.97809 0.21727 0.92817 0.98544 0.94184 0.10907 0.98324 0.80831   75   75   75    1   75
   79  0.01496 0.52836 0.98530 0.93039 0.74875 0.97224 0.21665 0.93105 0.98530 0.97995 0.27502 0.98314 0.80579   75   75   75    1  100
   80  0.02961 0.59915 0.98920 0.94521 0.87750 0.97669 0.22964 0.94593 0.98920 0.93585 0.37824 0.98755 0.82113   75   75   75   25    1
   81  0.04015 0.59649 0.98916 0.94455 0.87274 0.98534 0.22976 0.94483 0.98916 0.97692 0.49243 0.98750 0.82116   75   75   75   25   25
   82  0.03534 0.59782 0.98915 0.94416 0.85448 0.97669 0.22980 0.94962 0.98915 0.96114 0.45038 0.98749 0.82193   75   75   75   25   50
   83  0.03681 0.59336 0.98907 0.94472 0.86284 0.98381 0.22944 0.94918 0.98907 0.97796 0.45821 0.98735 0.82076   75   75   75   25   75
   84  0.03833 0.59359 0.98891 0.94394 0.86678 0.98534 0.22871 0.94711 0.98891 0.99303 0.47021 0.98724 0.82034   75   75   75   25  100
   85  0.05403 0.72028 0.98914 0.95373 0.91674 0.99324 0.24213 0.93992 0.98914 0.96975 0.48281 0.98860 0.83817   75   75   75   50    1
   86  0.06588 0.72029 0.98906 0.95290 0.92065 0.98948 0.24249 0.94414 0.98906 0.94887 0.59909 0.98849 0.83725   75   75   75   50   25
   87  0.06513 0.71435 0.98916 0.95304 0.91943 0.98948 0.24168 0.94440 0.98916 0.95752 0.59392 0.98856 0.83752   75   75   75   50   50
   88  0.05747 0.71576 0.98913 0.95318 0.91125 0.99324 0.24132 0.94227 0.98913 0.97803 0.51607 0.98854 0.83848   75   75   75   50   75
   89  0.06672 0.71619 0.98905 0.95383 0.92081 0.99324 0.24233 0.94530 0.98905 0.97810 0.58754 0.98844 0.83896   75   75   75   50  100
   90  0.07917 0.86629 0.98869 0.95977 0.94961 0.98145 0.25436 0.93099 0.98869 0.97296 0.53674 0.98929 0.85429   75   75   75   75    1
   91  0.06817 0.85527 0.98876 0.95884 0.94825 0.97865 0.25325 0.93661 0.98876 0.91280 0.50225 0.98924 0.85169   75   75   75   75   25
   92  0.08186 0.85341 0.98829 0.95810 0.94254 0.97581 0.25336 0.93756 0.98829 0.95618 0.58228 0.98880 0.85226   75   75   75   75   50
   93  0.08573 0.86046 0.98823 0.95739 0.94252 0.97581 0.25336 0.93464 0.98823 0.96863 0.59878 0.98883 0.85309   75   75   75   75   75
   94  0.06619 0.85508 0.98858 0.95834 0.94141 0.97581 0.25368 0.93228 0.98858 0.97531 0.46274 0.98909 0.85220   75   75   75   75  100
   95  0.11527 0.97665 0.98742 0.96173 0.96435 0.99590 0.26421 0.92157 0.98742 0.94667 0.66443 0.98920 0.86510   75   75   75  100    1
   96  0.10679 0.98303 0.98781 0.96274 0.96279 0.99590 0.26390 0.92807 0.98781 0.96709 0.59576 0.98950 0.86376   75   75   75  100   25
   97  0.10227 0.97823 0.98775 0.96247 0.96220 0.99590 0.26414 0.92502 0.98775 0.94160 0.59044 0.98948 0.86440   75   75   75  100   50
   98  0.11583 0.98889 0.98793 0.96237 0.96383 0.99590 0.26334 0.92633 0.98793 0.96722 0.64459 0.98956 0.86327   75   75   75  100   75
   99  0.09799 0.98442 0.98769 0.96166 0.95803 0.99324 0.26441 0.92700 0.98769 0.91472 0.58230 0.98936 0.86330   75   75   75  100  100
  100  0.00586 0.44572 0.97874 0.90421 0.57169 0.97775 0.20041 0.94266 0.97874 0.93335 0.20026 0.97634 0.78701   75   75  100    1    1
  101  0.01058 0.44530 0.97908 0.90508 0.63044 0.97996 0.20051 0.94273 0.97908 0.92542 0.32896 0.97660 0.78838   75   75  100    1   25
  102  0.01085 0.44309 0.97885 0.90344 0.56667 0.97664 0.20023 0.94230 0.97885 0.93923 0.37523 0.97642 0.78727   75   75  100    1   50
  103  0.01011 0.44290 0.97856 0.90239 0.57157 0.97886 0.19943 0.93600 0.97856 0.97586 0.33856 0.97606 0.78429   75   75  100    1   75
  104  0.00891 0.44281 0.97877 0.90241 0.56786 0.98066 0.19989 0.93882 0.97877 0.97201 0.29844 0.97638 0.78637   75   75  100    1  100
  105  0.01075 0.49827 0.98426 0.92306 0.75155 0.98207 0.21231 0.96204 0.98426 0.95355 0.21357 0.98204 0.80057   75   75  100   25    1
  106  0.00823 0.49549 0.98430 0.92436 0.75359 0.98084 0.21222 0.95789 0.98430 0.90592 0.17355 0.98202 0.79983   75   75  100   25   25
  107  0.00545 0.49188 0.98433 0.92432 0.77298 0.98084 0.21190 0.95778 0.98433 0.91705 0.11151 0.98200 0.80024   75   75  100   25   50
  108  0.00550 0.49090 0.98401 0.92305 0.73438 0.97959 0.21093 0.95747 0.98401 0.95417 0.11516 0.98171 0.79945   75   75  100   25   75
  109  0.00691 0.49236 0.98427 0.92428 0.74279 0.98084 0.21095 0.96508 0.98427 0.96973 0.13879 0.98201 0.80000   75   75  100   25  100
  110  0.02431 0.59563 0.98507 0.93914 0.87815 0.98224 0.22568 0.96262 0.98507 0.92166 0.32101 0.98396 0.82096   75   75  100   50    1
  111  0.02678 0.59526 0.98519 0.93974 0.87677 0.98224 0.22604 0.96208 0.98519 0.92473 0.35272 0.98403 0.82053   75   75  100   50   25
  112  0.02976 0.59291 0.98500 0.93868 0.87969 0.98224 0.22528 0.95961 0.98500 0.93131 0.39244 0.98386 0.82044   75   75  100   50   50
  113  0.02311 0.58994 0.98518 0.93840 0.86715 0.98224 0.22485 0.96027 0.98518 0.97917 0.29617 0.98400 0.81950   75   75  100   50   75
  114  0.01418 0.58944 0.98500 0.93742 0.86328 0.98316 0.22476 0.95861 0.98500 0.96952 0.18511 0.98380 0.81947   75   75  100   50  100
  115  0.04088 0.71717 0.98495 0.94820 0.92914 0.98855 0.23901 0.95024 0.98495 0.88965 0.40404 0.98505 0.83890   75   75  100   75    1
  116  0.05397 0.70759 0.98507 0.94713 0.91340 0.98684 0.23802 0.95310 0.98507 0.92316 0.53330 0.98500 0.83691   75   75  100   75   25
  117  0.04406 0.70711 0.98513 0.94803 0.92064 0.98684 0.23761 0.95420 0.98513 0.95673 0.41676 0.98507 0.83703   75   75  100   75   50
  118  0.03228 0.70371 0.98494 0.94751 0.92658 0.98684 0.23711 0.95318 0.98494 0.91799 0.31951 0.98487 0.83604   75   75  100   75   75
  119  0.04647 0.70457 0.98477 0.94620 0.92817 0.98684 0.23734 0.94835 0.98477 0.94758 0.44620 0.98473 0.83736   75   75  100   75  100
  120  0.05041 0.84673 0.98452 0.95211 0.94559 0.99384 0.24997 0.94216 0.98452 0.83110 0.41786 0.98571 0.85145   75   75  100  100    1
  121  0.05381 0.84233 0.98476 0.95398 0.94954 0.98307 0.24983 0.93593 0.98476 0.82241 0.45877 0.98588 0.85059   75   75  100  100   25
  122  0.04755 0.84017 0.98437 0.95284 0.94491 0.99200 0.24897 0.94329 0.98437 0.90566 0.36655 0.98551 0.85115   75   75  100  100   50
  123  0.01987 0.84069 0.98457 0.95219 0.93787 0.97782 0.24905 0.94482 0.98457 0.94782 0.14916 0.98569 0.85139   75   75  100  100   75
  124  0.05168 0.83999 0.98428 0.95110 0.94350 0.99384 0.24914 0.93951 0.98428 0.87387 0.41535 0.98542 0.85052   75   75  100  100  100
