                                               Cluster
  Run  Product Compare     Pop   Edges Clusters   Size Leesalee  Slope  %Urban   Xmean   Ymean     Rad  Fmatch Diff  Brd Sprd  Slp   RG
    0  0.01847 0.18104 0.94486 0.93325 0.98494 0.75000 0.28940 0.84456 0.94486 0.95902 0.80229 0.97343 0.90525   25   75    1    1    1
    1  0.02161 0.18490 0.94176 0.92935 0.98081 0.75000 0.28870 0.86179 0.94176 0.98142 0.89852 0.97103 0.90497   25   75    1    1   25
    2  0.02220 0.18538 0.93930 0.92788 0.98021 0.75000 0.28859 0.86067 0.93930 0.99695 0.91614 0.96924 0.90493   25   75    1    1   50
    3  0.02034 0.18539 0.94157 0.92927 0.98357 0.75000 0.28883 0.85353 0.94157 0.95439 0.87298 0.97085 0.90516   25   75    1    1   75
    4  0.02034 0.18539 0.94157 0.92927 0.98357 0.75000 0.28883 0.85353 0.94157 0.95439 0.87298 0.97085 0.90516   25   75    1    1  100
    5  0.02006 0.17268 0.93917 0.92800 0.98193 0.75000 0.29064 0.84814 0.93917 0.98818 0.90086 0.96992 0.90559   25   75    1   25    1
    6  0.02118 0.17914 0.94013 0.92653 0.98157 0.75000 0.28971 0.86760 0.94013 0.99457 0.89321 0.97019 0.90537   25   75    1   25   25
    7  0.02291 0.17988 0.94292 0.93210 0.98292 0.75000 0.28944 0.85590 0.94292 0.99744 0.95859 0.97213 0.90526   25   75    1   25   50
    8  0.02213 0.18020 0.94311 0.93162 0.98497 0.75000 0.28945 0.84479 0.94311 0.99999 0.93213 0.97223 0.90522   25   75    1   25   75
    9  0.02305 0.18030 0.94213 0.92906 0.98353 0.75000 0.28946 0.85453 0.94213 0.98975 0.97627 0.97152 0.90527   25   75    1   25  100
   10  0.00000 0.14566 0.85060 0.79522 0.87746 0.00000 0.29390 0.93428 0.85060 0.98073 0.85935 0.90521 0.90726   25   75    1   50    1
   11  0.01853 0.16491 0.93217 0.91858 0.97738 0.75000 0.29065 0.88136 0.93217 0.99429 0.86207 0.96574 0.90585   25   75    1   50   25
   12  0.01298 0.16330 0.89864 0.87860 0.95077 0.75000 0.29013 0.89907 0.89864 0.92715 0.76199 0.94071 0.90592   25   75    1   50   50
   13  0.01939 0.16579 0.92991 0.91596 0.97389 0.75000 0.29029 0.87412 0.92991 0.99946 0.91289 0.96403 0.90593   25   75    1   50   75
   14  0.01939 0.16579 0.92991 0.91596 0.97389 0.75000 0.29029 0.87412 0.92991 0.99946 0.91289 0.96403 0.90593   25   75    1   50  100
   15  0.00000 0.13927 0.93052 0.91166 0.94963 0.00000 0.29607 0.83298 0.93052 0.91202 0.93725 0.96741 0.90744   25   75    1   75    1
   16  0.00000 0.14321 0.86178 0.75338 0.79388 0.00000 0.29379 0.93314 0.86178 0.71896 0.78150 0.91567 0.90755   25   75    1   75   25
   17  0.00000 0.14785 0.73204 0.63423 0.69949 0.00000 0.29221 0.99331 0.73204 0.99525 0.94944 0.80414 0.90668   25   75    1   75   50
   18  0.00000 0.14573 0.78594 0.67872 0.71524 0.00000 0.29300 0.96681 0.78594 0.94868 0.78042 0.85183 0.90760   25   75    1   75   75
   19  0.00000 0.14573 0.78594 0.67872 0.71524 0.00000 0.29300 0.96681 0.78594 0.94868 0.78042 0.85183 0.90760   25   75    1   75  100
   20  0.00000 0.13381 0.92553 0.88910 0.98217 0.00000 0.29928 0.85207 0.92553 0.99985 0.83306 0.96388 0.90765   25   75    1  100    1
   21  0.00000 0.13415 0.92738 0.92243 0.98548 0.00000 0.29911 0.83035 0.92738 0.99971 0.85300 0.96519 0.90772   25   75    1  100   25
   22  0.00000 0.13597 0.93371 0.90895 0.99644 0.00000 0.29783 0.84697 0.93371 0.99713 0.90473 0.96958 0.90763   25   75    1  100   50
   23  0.00000 0.13594 0.93209 0.91569 0.99931 0.00000 0.29793 0.83084 0.93209 0.98762 0.83594 0.96851 0.90766   25   75    1  100   75
   24  0.00000 0.13594 0.93209 0.91569 0.99931 0.00000 0.29793 0.83084 0.93209 0.98762 0.83594 0.96851 0.90766   25   75    1  100  100
   25  0.06638 0.38789 0.97114 0.96374 0.98812 0.96429 0.30364 0.83361 0.97114 0.99773 0.88284 0.98396 0.90073   25   75   25    1    1
   26  0.06337 0.39085 0.97106 0.96236 0.98382 0.96429 0.30337 0.82890 0.97106 0.99935 0.84651 0.98382 0.89993   25   75   25    1   25
   27  0.06594 0.39495 0.96999 0.96115 0.98495 0.96429 0.30319 0.85187 0.96999 0.99787 0.85249 0.98296 0.90013   25   75   25    1   50
   28  0.06535 0.39384 0.96980 0.95974 0.98724 0.96429 0.30331 0.84777 0.96980 0.99845 0.85018 0.98280 0.90014   25   75   25    1   75
   29  0.06819 0.39377 0.97122 0.96237 0.98515 0.96429 0.30342 0.84340 0.97122 0.99944 0.88644 0.98388 0.90021   25   75   25    1  100
   30  0.06515 0.35812 0.97020 0.96148 0.98505 1.00000 0.30543 0.85607 0.97020 0.99729 0.88210 0.98391 0.90170   25   75   25   25    1
   31  0.06387 0.36313 0.97099 0.96182 0.97881 1.00000 0.30488 0.85596 0.97099 0.99768 0.85780 0.98436 0.90141   25   75   25   25   25
   32  0.06623 0.36414 0.97051 0.96215 0.98311 1.00000 0.30473 0.84460 0.97051 0.99983 0.89426 0.98395 0.90159   25   75   25   25   50
   33  0.06720 0.36287 0.97029 0.96310 0.98482 1.00000 0.30499 0.87270 0.97029 0.99762 0.88048 0.98384 0.90163   25   75   25   25   75
   34  0.06554 0.36325 0.96987 0.96282 0.98282 1.00000 0.30514 0.86744 0.96987 0.99380 0.86912 0.98351 0.90149   25   75   25   25  100
   35  0.06006 0.32565 0.96814 0.96193 0.98552 1.00000 0.30611 0.85975 0.96814 0.99564 0.89186 0.98332 0.90317   25   75   25   50    1
   36  0.06015 0.32862 0.96801 0.96088 0.98340 1.00000 0.30595 0.85955 0.96801 0.99918 0.88626 0.98315 0.90289   25   75   25   50   25
   37  0.06053 0.33033 0.96774 0.95920 0.98627 1.00000 0.30564 0.85927 0.96774 0.99851 0.88864 0.98287 0.90291   25   75   25   50   50
   38  0.05853 0.33052 0.96717 0.95826 0.98670 1.00000 0.30566 0.86078 0.96717 0.99780 0.85977 0.98247 0.90292   25   75   25   50   75
   39  0.05853 0.33052 0.96717 0.95826 0.98670 1.00000 0.30566 0.86078 0.96717 0.99780 0.85977 0.98247 0.90292   25   75   25   50  100
   40  0.04069 0.29875 0.96467 0.95929 0.98436 0.75000 0.30676 0.86388 0.96467 0.99545 0.88288 0.98165 0.90396   25   75   25   75    1
   41  0.04175 0.30011 0.96552 0.95912 0.98604 0.75000 0.30670 0.87100 0.96552 0.99595 0.89047 0.98221 0.90425   25   75   25   75   25
   42  0.04096 0.30115 0.96432 0.95843 0.98243 0.75000 0.30649 0.85705 0.96432 0.99820 0.89013 0.98129 0.90425   25   75   25   75   50
   43  0.04121 0.30217 0.96543 0.95790 0.97702 0.75000 0.30642 0.87109 0.96543 0.99475 0.88437 0.98208 0.90400   25   75   25   75   75
   44  0.04121 0.30217 0.96543 0.95790 0.97702 0.75000 0.30642 0.87109 0.96543 0.99475 0.88437 0.98208 0.90400   25   75   25   75  100
   45  0.05092 0.27473 0.96290 0.95738 0.98011 1.00000 0.30692 0.87219 0.96290 0.99989 0.89626 0.98123 0.90501   25   75   25  100    1
   46  0.05098 0.27721 0.96303 0.95743 0.98631 0.99324 0.30691 0.86474 0.96303 0.99486 0.90186 0.98122 0.90478   25   75   25  100   25
   47  0.05052 0.27808 0.96293 0.95814 0.98559 1.00000 0.30672 0.86947 0.96293 0.98392 0.89072 0.98111 0.90486   25   75   25  100   50
   48  0.04802 0.27747 0.96300 0.95664 0.98360 1.00000 0.30700 0.85883 0.96300 0.99915 0.84786 0.98122 0.90487   25   75   25  100   75
   49  0.05111 0.27816 0.96391 0.95960 0.98645 1.00000 0.30679 0.86315 0.96391 0.99996 0.88818 0.98181 0.90473   25   75   25  100  100
   50  0.10554 0.69940 0.97994 0.96001 0.97622 0.97959 0.28944 0.85844 0.97994 0.98845 0.79956 0.98584 0.88419   25   75   50    1    1
   51  0.10861 0.70286 0.98048 0.96308 0.98372 0.98684 0.28917 0.85625 0.98048 0.98993 0.80450 0.98628 0.88399   25   75   50    1   25
   52  0.10998 0.71459 0.98031 0.96031 0.97964 0.97959 0.28860 0.85085 0.98031 0.99040 0.82059 0.98601 0.88313   25   75   50    1   50
   53  0.10504 0.71460 0.98055 0.96132 0.97328 0.97959 0.28872 0.85185 0.98055 0.99107 0.78535 0.98617 0.88360   25   75   50    1   75
   54  0.10774 0.71566 0.98051 0.96064 0.97386 0.97959 0.28841 0.85691 0.98051 0.99559 0.79694 0.98612 0.88368   25   75   50    1  100
   55  0.10539 0.63431 0.98085 0.96398 0.98895 0.99960 0.29488 0.87007 0.98085 0.99741 0.80784 0.98722 0.88797   25   75   50   25    1
   56  0.10495 0.64208 0.98139 0.96333 0.98675 0.99324 0.29465 0.85980 0.98139 0.99665 0.81110 0.98756 0.88878   25   75   50   25   25
   57  0.11089 0.63981 0.98113 0.96527 0.99286 0.99830 0.29470 0.87613 0.98113 0.99585 0.83513 0.98736 0.88761   25   75   50   25   50
   58  0.10456 0.64316 0.98114 0.96497 0.98418 0.99830 0.29416 0.86920 0.98114 0.99666 0.79764 0.98731 0.88764   25   75   50   25   75
   59  0.10566 0.64573 0.98130 0.96414 0.98543 0.99645 0.29414 0.86676 0.98130 0.99717 0.80591 0.98742 0.88724   25   75   50   25  100
   60  0.09430 0.54865 0.97930 0.96539 0.98742 0.99083 0.30100 0.86033 0.97930 0.99971 0.83120 0.98713 0.89333   25   75   50   50    1
   61  0.09504 0.55637 0.97902 0.96440 0.98452 0.99083 0.30027 0.86284 0.97902 0.99908 0.83053 0.98678 0.89300   25   75   50   50   25
   62  0.09406 0.55674 0.97941 0.96636 0.98501 0.99769 0.30053 0.86371 0.97941 0.99650 0.81408 0.98710 0.89225   25   75   50   50   50
   63  0.09738 0.55582 0.97937 0.96564 0.98876 0.99769 0.30124 0.86478 0.97937 0.99740 0.83721 0.98706 0.89307   25   75   50   50   75
   64  0.09450 0.55894 0.97924 0.96500 0.98144 0.99083 0.30031 0.86439 0.97924 0.99652 0.82470 0.98690 0.89237   25   75   50   50  100
   65  0.08774 0.48713 0.97721 0.96436 0.98178 0.99937 0.30459 0.86503 0.97721 0.99731 0.85798 0.98649 0.89626   25   75   50   75    1
   66  0.08313 0.48973 0.97671 0.96488 0.99100 0.99937 0.30428 0.85654 0.97671 0.99990 0.80817 0.98603 0.89669   25   75   50   75   25
   67  0.08869 0.49263 0.97674 0.96327 0.98948 0.99937 0.30438 0.86937 0.97674 0.99899 0.84840 0.98599 0.89590   25   75   50   75   50
   68  0.08974 0.49086 0.97732 0.96480 0.99236 0.99937 0.30437 0.86719 0.97732 0.99633 0.86041 0.98649 0.89619   25   75   50   75   75
   69  0.08736 0.48994 0.97749 0.96646 0.99331 1.00000 0.30451 0.86511 0.97749 0.99935 0.83503 0.98666 0.89623   25   75   50   75  100
   70  0.07795 0.43371 0.97430 0.96365 0.99131 0.99590 0.30754 0.86560 0.97430 0.99985 0.84404 0.98527 0.89916   25   75   50  100    1
   71  0.07662 0.43299 0.97514 0.96577 0.98707 1.00000 0.30793 0.86343 0.97514 0.99887 0.82924 0.98591 0.89916   25   75   50  100   25
   72  0.07799 0.43603 0.97467 0.96444 0.98759 0.99885 0.30742 0.86820 0.97467 0.99909 0.83788 0.98551 0.89878   25   75   50  100   50
   73  0.07904 0.43543 0.97436 0.96490 0.99141 0.99885 0.30713 0.86899 0.97436 1.00000 0.84689 0.98525 0.89859   25   75   50  100   75
   74  0.08005 0.43734 0.97440 0.96361 0.99328 1.00000 0.30726 0.86835 0.97440 0.99926 0.85304 0.98526 0.89886   25   75   50  100  100
   75  0.10765 0.91980 0.98209 0.95208 0.96001 0.99324 0.26281 0.88830 0.98209 0.96883 0.69652 0.98462 0.86170   25   75   75    1    1
   76  0.11035 0.91146 0.98228 0.95080 0.94902 0.99324 0.26250 0.88834 0.98228 0.95576 0.74185 0.98468 0.85996   25   75   75    1   25
   77  0.10499 0.90516 0.98201 0.95056 0.95653 0.99482 0.26246 0.88941 0.98201 0.94264 0.71396 0.98440 0.85983   25   75   75    1   50
   78  0.10392 0.90206 0.98203 0.94919 0.96836 0.99708 0.26209 0.88531 0.98203 0.96750 0.68611 0.98440 0.85969   25   75   75    1   75
   79  0.10749 0.90214 0.98182 0.94939 0.95209 0.99402 0.26174 0.88895 0.98182 0.98511 0.70972 0.98420 0.85921   25   75   75    1  100
   80  0.13000 0.97489 0.98417 0.95825 0.97724 0.99324 0.27284 0.88719 0.98417 0.97479 0.73252 0.98703 0.86764   25   75   75   25    1
   81  0.13264 0.97436 0.98394 0.95814 0.97207 0.99324 0.27344 0.89023 0.98394 0.96959 0.75149 0.98683 0.86841   25   75   75   25   25
   82  0.13006 0.98984 0.98406 0.95872 0.98245 0.99324 0.27191 0.89328 0.98406 0.96540 0.72289 0.98677 0.86713   25   75   75   25   50
   83  0.13332 0.98504 0.98372 0.95768 0.97744 0.99324 0.27199 0.88646 0.98372 0.97126 0.75066 0.98653 0.86743   25   75   75   25   75
   84  0.13241 0.99567 0.98411 0.95658 0.97923 0.99324 0.27147 0.89529 0.98411 0.97319 0.72922 0.98678 0.86711   25   75   75   25  100
   85  0.12251 0.82610 0.98261 0.95965 0.98464 0.99266 0.28343 0.88885 0.98261 0.98084 0.76507 0.98682 0.87777   25   75   75   50    1
   86  0.12383 0.83831 0.98294 0.95871 0.98621 0.99266 0.28249 0.88388 0.98294 0.98336 0.76671 0.98699 0.87671   25   75   75   50   25
   87  0.12699 0.84407 0.98307 0.95887 0.98186 0.99436 0.28213 0.88704 0.98307 0.98899 0.77651 0.98698 0.87664   25   75   75   50   50
   88  0.12280 0.84372 0.98309 0.95977 0.97892 0.99436 0.28182 0.88747 0.98309 0.97795 0.76175 0.98705 0.87652   25   75   75   50   75
   89  0.12089 0.83679 0.98262 0.96079 0.98559 0.99083 0.28215 0.88577 0.98262 0.97784 0.75437 0.98672 0.87666   25   75   75   50  100
   90  0.11374 0.71771 0.98090 0.95995 0.98824 1.00000 0.29058 0.88452 0.98090 0.97843 0.79188 0.98643 0.88381   25   75   75   75    1
   91  0.11365 0.71961 0.98106 0.96285 0.99059 1.00000 0.29069 0.87749 0.98106 0.98595 0.78424 0.98655 0.88416   25   75   75   75   25
   92  0.11641 0.72225 0.98117 0.95974 0.98680 1.00000 0.29065 0.88225 0.98117 0.99212 0.79747 0.98658 0.88318   25   75   75   75   50
   93  0.11232 0.72450 0.98134 0.96124 0.97817 1.00000 0.29056 0.88222 0.98134 0.98242 0.77984 0.98670 0.88354   25   75   75   75   75
   94  0.11612 0.72647 0.98106 0.95999 0.98714 1.00000 0.29064 0.88767 0.98106 0.97373 0.80020 0.98642 0.88380   25   75   75   75  100
   95  0.10249 0.62439 0.97982 0.96230 0.98192 1.00000 0.29755 0.87229 0.97982 0.98219 0.80872 0.98661 0.88960   25   75   75  100    1
   96  0.10255 0.62611 0.97972 0.96204 0.98802 1.00000 0.29776 0.87848 0.97972 0.99222 0.78902 0.98651 0.88863   25   75   75  100   25
   97  0.10485 0.63119 0.97996 0.96256 0.99151 1.00000 0.29691 0.88351 0.97996 0.99783 0.78999 0.98666 0.88834   25   75   75  100   50
   98  0.10469 0.62568 0.97994 0.96402 0.98849 0.99870 0.29793 0.87651 0.97994 0.97459 0.81982 0.98670 0.88936   25   75   75  100   75
   99  0.10101 0.62710 0.97984 0.96162 0.98407 0.99870 0.29742 0.87876 0.97984 0.97371 0.79570 0.98658 0.88860   25   75   75  100  100
  100  0.05881 0.76442 0.97689 0.93744 0.94088 0.99668 0.24572 0.90413 0.97689 0.84802 0.58554 0.97940 0.84880   25   75  100    1    1
  101  0.05645 0.75523 0.97745 0.93797 0.94618 0.99739 0.24455 0.90387 0.97745 0.81028 0.59479 0.97978 0.84678   25   75  100    1   25
  102  0.06420 0.74766 0.97697 0.93870 0.92432 0.99507 0.24322 0.90737 0.97697 0.95518 0.59710 0.97932 0.84528   25   75  100    1   50
  103  0.06874 0.74929 0.97665 0.93709 0.92781 0.99590 0.24357 0.90919 0.97665 0.95699 0.63318 0.97902 0.84546   25   75  100    1   75
  104  0.06292 0.75686 0.97687 0.94032 0.95119 0.99668 0.24405 0.90276 0.97687 0.98379 0.54396 0.97940 0.84628   25   75  100    1  100
  105  0.09058 0.85185 0.98021 0.94851 0.95282 0.99756 0.25606 0.90856 0.98021 0.92773 0.67637 0.98286 0.85553   25   75  100   25    1
  106  0.09553 0.83885 0.97998 0.94712 0.96574 0.99496 0.25485 0.91670 0.97998 0.95626 0.69523 0.98251 0.85387   25   75  100   25   25
  107  0.09149 0.84376 0.98005 0.94767 0.96463 0.99756 0.25534 0.91401 0.98005 0.93828 0.67259 0.98263 0.85537   25   75  100   25   50
  108  0.09377 0.84006 0.97966 0.94661 0.95751 0.99590 0.25499 0.91083 0.97966 0.96836 0.68186 0.98230 0.85537   25   75  100   25   75
  109  0.09479 0.83595 0.97960 0.94625 0.95227 0.99590 0.25418 0.92412 0.97960 0.98046 0.68178 0.98218 0.85379   25   75  100   25  100
  110  0.12504 0.99388 0.97901 0.95253 0.97457 0.99744 0.26802 0.90295 0.97901 0.94386 0.72749 0.98299 0.86784   25   75  100   50    1
  111  0.12777 0.99690 0.97921 0.95158 0.98173 0.99960 0.26772 0.91364 0.97921 0.92288 0.74471 0.98307 0.86614   25   75  100   50   25
  112  0.12678 0.99186 0.97932 0.95175 0.97971 0.99744 0.26742 0.89987 0.97932 0.95425 0.73285 0.98312 0.86616   25   75  100   50   50
  113  0.12479 0.99065 0.97940 0.95207 0.96584 0.99083 0.26719 0.90245 0.97940 0.95065 0.73846 0.98319 0.86603   25   75  100   50   75
  114  0.11966 0.98962 0.97901 0.95171 0.96541 0.99668 0.26686 0.90334 0.97901 0.92676 0.72450 0.98287 0.86599   25   75  100   50  100
  115  0.12459 0.85521 0.97753 0.95394 0.98649 0.99986 0.27842 0.90150 0.97753 0.97990 0.76483 0.98288 0.87635   25   75  100   75    1
  116  0.12012 0.86445 0.97850 0.95672 0.98393 0.99986 0.27750 0.90024 0.97850 0.94658 0.75766 0.98357 0.87502   25   75  100   75   25
  117  0.11932 0.86033 0.97799 0.95531 0.98250 1.00000 0.27794 0.89692 0.97799 0.92747 0.77687 0.98314 0.87487   25   75  100   75   50
  118  0.12033 0.86924 0.97773 0.95256 0.98324 0.99986 0.27694 0.89685 0.97773 0.95982 0.75463 0.98285 0.87453   25   75  100   75   75
  119  0.11913 0.86448 0.97775 0.95314 0.97170 0.99947 0.27719 0.89463 0.97775 0.94259 0.77448 0.98299 0.87512   25   75  100   75  100
  120  0.11006 0.74192 0.97668 0.95372 0.98491 0.99725 0.28617 0.88795 0.97668 0.98086 0.76754 0.98323 0.88257   25   75  100  100    1
  121  0.10780 0.74783 0.97629 0.95395 0.98335 0.99838 0.28615 0.89375 0.97629 0.94404 0.77185 0.98281 0.88166   25   75  100  100   25
  122  0.11072 0.74767 0.97657 0.95329 0.98845 0.99838 0.28639 0.89417 0.97657 0.97034 0.76576 0.98305 0.88238   25   75  100  100   50
  123  0.10775 0.74954 0.97638 0.95320 0.98039 0.99725 0.28621 0.90034 0.97638 0.92217 0.78559 0.98284 0.88192   25   75  100  100   75
  124  0.10635 0.74925 0.97692 0.95356 0.97885 0.99838 0.28620 0.88869 0.97692 0.92902 0.77831 0.98333 0.88254   25   75  100  100  100
