                                               Cluster
  Run  Product Compare     Pop   Edges Clusters   Size Leesalee  Slope  %Urban   Xmean   Ymean     Rad  Fmatch Diff  Brd Sprd  Slp   RG
    0  0.02388 0.22860 0.93019 0.91541 0.97491 0.75000 0.27104 0.90013 0.93019 0.99814 0.85527 0.96056 0.90148  100   50    1    1    1
    1  0.02312 0.23096 0.92843 0.91347 0.97400 0.75000 0.27070 0.87020 0.92843 0.99852 0.85571 0.95914 0.90150  100   50    1    1   25
    2  0.02407 0.23181 0.92827 0.91321 0.97339 0.75000 0.27006 0.88422 0.92827 0.99957 0.87607 0.95901 0.90132  100   50    1    1   50
    3  0.02450 0.23138 0.92820 0.91350 0.97378 0.75000 0.27055 0.88054 0.92820 0.99473 0.89930 0.95898 0.90130  100   50    1    1   75
    4  0.02450 0.23138 0.92820 0.91350 0.97378 0.75000 0.27055 0.88054 0.92820 0.99473 0.89930 0.95898 0.90130  100   50    1    1  100
    5  0.02358 0.22088 0.92982 0.91575 0.97611 0.75000 0.27314 0.89343 0.92982 0.98380 0.88566 0.96057 0.90194  100   50    1   25    1
    6  0.02269 0.22239 0.93046 0.91567 0.97542 0.75000 0.27275 0.89469 0.93046 0.98812 0.84180 0.96102 0.90192  100   50    1   25   25
    7  0.02218 0.22307 0.93157 0.91809 0.97636 0.75000 0.27246 0.89322 0.93157 0.99879 0.80830 0.96183 0.90180  100   50    1   25   50
    8  0.02256 0.22312 0.93232 0.91854 0.97723 0.75000 0.27282 0.88643 0.93232 0.99519 0.82728 0.96236 0.90176  100   50    1   25   75
    9  0.02256 0.22312 0.93232 0.91854 0.97723 0.75000 0.27282 0.88643 0.93232 0.99519 0.82728 0.96236 0.90176  100   50    1   25  100
   10  0.02154 0.21086 0.93025 0.91611 0.97583 0.75000 0.27529 0.88229 0.93025 0.99991 0.83562 0.96146 0.90247  100   50    1   50    1
   11  0.02447 0.21299 0.93148 0.91794 0.97676 0.75000 0.27489 0.88970 0.93148 0.99923 0.92797 0.96223 0.90236  100   50    1   50   25
   12  0.01987 0.21372 0.93050 0.91619 0.97728 0.75000 0.27455 0.88595 0.93050 0.99651 0.76012 0.96154 0.90244  100   50    1   50   50
   13  0.02424 0.21370 0.93285 0.91832 0.97725 0.75000 0.27486 0.89111 0.93285 0.99905 0.91038 0.96325 0.90238  100   50    1   50   75
   14  0.02374 0.21356 0.93147 0.91660 0.97732 0.75000 0.27468 0.88837 0.93147 0.99049 0.90878 0.96224 0.90240  100   50    1   50  100
   15  0.02275 0.20296 0.93094 0.91687 0.97629 0.75000 0.27743 0.87697 0.93094 0.99948 0.91139 0.96242 0.90313  100   50    1   75    1
   16  0.02096 0.20507 0.92939 0.91547 0.97578 0.75000 0.27667 0.89645 0.92939 0.99510 0.82447 0.96116 0.90290  100   50    1   75   25
   17  0.02231 0.20481 0.92823 0.91359 0.97432 0.75000 0.27695 0.88457 0.92823 0.99428 0.89651 0.96028 0.90302  100   50    1   75   50
   18  0.02324 0.20509 0.93077 0.91703 0.97704 0.75000 0.27661 0.88915 0.93077 0.99910 0.91182 0.96218 0.90297  100   50    1   75   75
   19  0.02324 0.20509 0.93077 0.91703 0.97704 0.75000 0.27661 0.88915 0.93077 0.99910 0.91182 0.96218 0.90297  100   50    1   75  100
   20  0.00000 0.19623 0.92987 0.91571 0.97697 0.00000 0.27916 0.88848 0.92987 0.96751 0.90367 0.96197 0.90350  100   50    1  100    1
   21  0.00000 0.19732 0.93459 0.92165 0.97856 0.00000 0.27906 0.87328 0.93459 0.97844 0.91584 0.96545 0.90348  100   50    1  100   25
   22  0.00000 0.19796 0.93134 0.91742 0.97635 0.00000 0.27866 0.87914 0.93134 0.99653 0.92328 0.96302 0.90332  100   50    1  100   50
   23  0.00000 0.19799 0.92853 0.91466 0.97648 0.00000 0.27857 0.88158 0.92853 0.95909 0.74621 0.96094 0.90327  100   50    1  100   75
   24  0.00000 0.19799 0.92853 0.91466 0.97648 0.00000 0.27857 0.88158 0.92853 0.95909 0.74621 0.96094 0.90327  100   50    1  100  100
   25  0.07809 0.48417 0.96741 0.95120 0.97562 1.00000 0.27910 0.88469 0.96741 0.99992 0.86039 0.97961 0.89240  100   50   25    1    1
   26  0.07874 0.48605 0.96739 0.95141 0.96886 1.00000 0.27899 0.88964 0.96739 0.99847 0.86696 0.97956 0.89236  100   50   25    1   25
   27  0.07742 0.48883 0.96706 0.95099 0.96803 1.00000 0.27895 0.88112 0.96706 0.99975 0.85697 0.97926 0.89212  100   50   25    1   50
   28  0.07726 0.49023 0.96729 0.95079 0.96751 1.00000 0.27889 0.88578 0.96729 0.99571 0.85195 0.97941 0.89211  100   50   25    1   75
   29  0.07737 0.48858 0.96723 0.95135 0.97129 1.00000 0.27832 0.88374 0.96723 0.99985 0.85261 0.97939 0.89198  100   50   25    1  100
   30  0.05385 0.44123 0.96661 0.95223 0.97102 0.75000 0.28242 0.89107 0.96661 0.99860 0.85506 0.97978 0.89461  100   50   25   25    1
   31  0.05555 0.44510 0.96663 0.95208 0.96913 0.75000 0.28206 0.89270 0.96663 0.99966 0.87521 0.97968 0.89431  100   50   25   25   25
   32  0.05345 0.44475 0.96702 0.95185 0.97263 0.75000 0.28200 0.89015 0.96702 0.99999 0.84139 0.97995 0.89423  100   50   25   25   50
   33  0.05390 0.44439 0.96675 0.95282 0.97129 0.75000 0.28200 0.89603 0.96675 0.99991 0.84448 0.97978 0.89438  100   50   25   25   75
   34  0.05638 0.44271 0.96747 0.95374 0.97397 0.75000 0.28241 0.88848 0.96747 1.00000 0.88742 0.98040 0.89460  100   50   25   25  100
   35  0.04824 0.39559 0.96485 0.95119 0.97181 0.75000 0.28522 0.88816 0.96485 0.99976 0.84933 0.97952 0.89682  100   50   25   50    1
   36  0.04799 0.39517 0.96554 0.95279 0.97510 0.75000 0.28535 0.88061 0.96554 0.99999 0.84622 0.98004 0.89704  100   50   25   50   25
   37  0.04887 0.39756 0.96455 0.95182 0.97385 0.75000 0.28534 0.89082 0.96455 0.99957 0.85161 0.97923 0.89705  100   50   25   50   50
   38  0.04990 0.39864 0.96449 0.95152 0.97486 0.75000 0.28501 0.89095 0.96449 0.99745 0.86954 0.97914 0.89694  100   50   25   50   75
   39  0.04925 0.39903 0.96425 0.95165 0.97291 0.75000 0.28497 0.88718 0.96425 0.99705 0.86381 0.97895 0.89686  100   50   25   50  100
   40  0.04598 0.35925 0.96267 0.95117 0.97578 0.75000 0.28726 0.88452 0.96267 0.99954 0.88788 0.97885 0.89881  100   50   25   75    1
   41  0.04423 0.36156 0.96162 0.94923 0.97661 0.75000 0.28677 0.88423 0.96162 0.99789 0.85551 0.97797 0.89875  100   50   25   75   25
   42  0.04437 0.35937 0.96121 0.94888 0.97315 0.75000 0.28672 0.88439 0.96121 0.99874 0.86720 0.97771 0.89873  100   50   25   75   50
   43  0.04345 0.36124 0.96088 0.94912 0.97367 0.75000 0.28691 0.88143 0.96088 0.99945 0.84662 0.97744 0.89876  100   50   25   75   75
   44  0.04345 0.36124 0.96088 0.94912 0.97367 0.75000 0.28691 0.88143 0.96088 0.99945 0.84662 0.97744 0.89876  100   50   25   75  100
   45  0.04320 0.32624 0.95914 0.94888 0.97586 0.75000 0.28951 0.88620 0.95914 0.99919 0.91905 0.97716 0.90027  100   50   25  100    1
   46  0.04206 0.32811 0.95977 0.94753 0.97517 0.75000 0.28917 0.88634 0.95977 0.99543 0.89423 0.97757 0.90041  100   50   25  100   25
   47  0.03879 0.32841 0.95895 0.94683 0.97411 0.75000 0.28879 0.88037 0.95895 0.99729 0.83267 0.97698 0.90024  100   50   25  100   50
   48  0.04115 0.32897 0.95971 0.94721 0.97543 0.75000 0.28873 0.88837 0.95971 0.99241 0.87524 0.97750 0.89999  100   50   25  100   75
   49  0.04115 0.32897 0.95971 0.94721 0.97543 0.75000 0.28873 0.88837 0.95971 0.99241 0.87524 0.97750 0.89999  100   50   25  100  100
   50  0.11577 0.91057 0.97857 0.94995 0.95741 1.00000 0.25996 0.89733 0.97857 0.98983 0.74073 0.98291 0.86839  100   50   50    1    1
   51  0.11441 0.91245 0.97807 0.94965 0.95211 1.00000 0.25980 0.89510 0.97807 0.98933 0.73829 0.98250 0.86864  100   50   50    1   25
   52  0.11238 0.91792 0.97847 0.95041 0.94830 1.00000 0.25946 0.89281 0.97847 0.99258 0.72351 0.98279 0.86778  100   50   50    1   50
   53  0.11113 0.91882 0.97817 0.94951 0.94872 0.99769 0.25949 0.89206 0.97817 0.99392 0.71650 0.98252 0.86838  100   50   50    1   75
   54  0.11569 0.92070 0.97819 0.94845 0.94809 1.00000 0.25967 0.89152 0.97819 0.98735 0.74913 0.98251 0.86809  100   50   50    1  100
   55  0.11325 0.81073 0.97963 0.95484 0.95937 0.98684 0.26763 0.90954 0.97963 0.99509 0.77170 0.98458 0.87495  100   50   50   25    1
   56  0.11393 0.81237 0.98002 0.95558 0.95903 0.98684 0.26778 0.90512 0.98002 0.99033 0.78025 0.98490 0.87537  100   50   50   25   25
   57  0.11401 0.81657 0.97989 0.95509 0.96215 0.98684 0.26686 0.90758 0.97989 0.99057 0.77691 0.98472 0.87364  100   50   50   25   50
   58  0.11145 0.81261 0.97983 0.95508 0.96288 0.98684 0.26729 0.90782 0.97983 0.99085 0.76023 0.98473 0.87455  100   50   50   25   75
   59  0.11126 0.81336 0.97972 0.95529 0.96380 0.98684 0.26720 0.90769 0.97972 0.99516 0.75489 0.98463 0.87435  100   50   50   25  100
   60  0.09231 0.68593 0.97754 0.95610 0.96937 0.92308 0.27584 0.89759 0.97754 0.99744 0.76801 0.98417 0.88187  100   50   50   50    1
   61  0.09427 0.68685 0.97780 0.95689 0.97138 0.92308 0.27626 0.90066 0.97780 0.99531 0.77789 0.98437 0.88223  100   50   50   50   25
   62  0.09912 0.69053 0.97826 0.95657 0.96698 0.93232 0.27585 0.90032 0.97826 0.98985 0.81461 0.98469 0.88205  100   50   50   50   50
   63  0.09420 0.68747 0.97834 0.95698 0.96457 0.92308 0.27568 0.89983 0.97834 0.99221 0.78591 0.98478 0.88194  100   50   50   50   75
   64  0.09214 0.69612 0.97807 0.95632 0.96612 0.92308 0.27487 0.90146 0.97807 0.99744 0.75664 0.98447 0.88126  100   50   50   50  100
   65  0.09119 0.58895 0.97585 0.95746 0.97150 0.96429 0.28214 0.89840 0.97585 0.99510 0.82227 0.98410 0.88809  100   50   50   75    1
   66  0.08880 0.59702 0.97584 0.95632 0.96647 0.98256 0.28137 0.89849 0.97584 0.99961 0.78007 0.98395 0.88667  100   50   50   75   25
   67  0.08833 0.59276 0.97585 0.95664 0.97270 0.98256 0.28201 0.90223 0.97585 0.99831 0.77158 0.98401 0.88751  100   50   50   75   50
   68  0.09222 0.59289 0.97582 0.95766 0.97292 0.98256 0.28173 0.89499 0.97582 0.98908 0.81939 0.98402 0.88728  100   50   50   75   75
   69  0.08974 0.59522 0.97631 0.95739 0.96496 0.99324 0.28133 0.89353 0.97631 0.99918 0.78584 0.98438 0.88715  100   50   50   75  100
   70  0.07600 0.52091 0.97330 0.95582 0.96888 0.96429 0.28611 0.89011 0.97330 0.99849 0.77371 0.98316 0.89165  100   50   50  100    1
   71  0.07939 0.52544 0.97330 0.95472 0.97023 0.99083 0.28582 0.89543 0.97330 0.99589 0.77785 0.98305 0.89164  100   50   50  100   25
   72  0.08054 0.52553 0.97331 0.95543 0.97038 0.99083 0.28562 0.89386 0.97331 0.99636 0.79011 0.98306 0.89132  100   50   50  100   50
   73  0.08097 0.52132 0.97344 0.95732 0.97330 0.96429 0.28610 0.88847 0.97344 0.99494 0.82299 0.98329 0.89141  100   50   50  100   75
   74  0.07819 0.52234 0.97396 0.95762 0.97074 0.99083 0.28641 0.88928 0.97396 0.99918 0.76744 0.98367 0.89178  100   50   50  100  100
   75  0.04705 0.69885 0.97976 0.93361 0.90744 0.99558 0.23403 0.91204 0.97976 0.93722 0.50598 0.98059 0.83781  100   50   75    1    1
   76  0.04818 0.68831 0.98000 0.93449 0.88791 0.99217 0.23262 0.91997 0.98000 0.95078 0.53046 0.98066 0.83646  100   50   75    1   25
   77  0.04945 0.69009 0.97967 0.93221 0.87857 0.99217 0.23239 0.92151 0.97967 0.94466 0.55401 0.98040 0.83628  100   50   75    1   50
   78  0.04373 0.68228 0.97972 0.93289 0.89083 0.99803 0.23156 0.91652 0.97972 0.97356 0.47599 0.98038 0.83495  100   50   75    1   75
   79  0.04749 0.68316 0.97962 0.93206 0.88811 0.99803 0.23160 0.92123 0.97962 0.97596 0.51470 0.98029 0.83459  100   50   75    1  100
   80  0.07383 0.78295 0.98337 0.94510 0.93100 0.97865 0.24397 0.93280 0.98337 0.95835 0.62336 0.98449 0.84604  100   50   75   25    1
   81  0.07167 0.78272 0.98290 0.94417 0.91925 0.97581 0.24357 0.93647 0.98290 0.97757 0.60250 0.98403 0.84647  100   50   75   25   25
   82  0.07082 0.77456 0.98296 0.94356 0.90986 0.97581 0.24238 0.93352 0.98296 0.97211 0.61779 0.98400 0.84479  100   50   75   25   50
   83  0.08116 0.77957 0.98299 0.94504 0.93364 0.97865 0.24344 0.93541 0.98299 0.98608 0.66756 0.98409 0.84584  100   50   75   25   75
   84  0.06437 0.77685 0.98286 0.94349 0.92545 0.97581 0.24278 0.93447 0.98286 0.98406 0.54198 0.98394 0.84554  100   50   75   25  100
   85  0.10049 0.93871 0.98212 0.94914 0.95330 0.99590 0.25503 0.92473 0.98212 0.97452 0.63304 0.98462 0.85979  100   50   75   50    1
   86  0.10050 0.92567 0.98198 0.94802 0.94318 0.99590 0.25427 0.92960 0.98198 0.99045 0.63923 0.98438 0.85827  100   50   75   50   25
   87  0.10025 0.93394 0.98196 0.94899 0.93637 0.99590 0.25513 0.92940 0.98196 0.98467 0.63733 0.98442 0.85874  100   50   75   50   50
   88  0.10484 0.92771 0.98233 0.94934 0.95115 0.99590 0.25456 0.92885 0.98233 0.98115 0.66350 0.98471 0.85919  100   50   75   50   75
   89  0.09460 0.92469 0.98225 0.94931 0.94134 0.99590 0.25433 0.92592 0.98225 0.97488 0.61443 0.98464 0.85780  100   50   75   50  100
   90  0.11177 0.90896 0.98124 0.95283 0.96038 0.99324 0.26447 0.91818 0.98124 0.99510 0.67883 0.98504 0.86961  100   50   75   75    1
   91  0.11525 0.90979 0.98096 0.95285 0.96075 0.99324 0.26494 0.92565 0.98096 0.97758 0.70499 0.98475 0.86986  100   50   75   75   25
   92  0.11305 0.91251 0.98073 0.95153 0.95670 0.99324 0.26438 0.92503 0.98073 0.98365 0.69261 0.98449 0.86850  100   50   75   75   50
   93  0.11345 0.91186 0.98116 0.95168 0.95261 0.99324 0.26458 0.92255 0.98116 0.98886 0.69543 0.98490 0.86821  100   50   75   75   75
   94  0.10872 0.91517 0.98120 0.95255 0.94884 0.99324 0.26381 0.92057 0.98120 0.99169 0.66683 0.98491 0.86902  100   50   75   75  100
   95  0.09707 0.76695 0.97937 0.95494 0.96333 0.98684 0.27387 0.91352 0.97937 0.97980 0.68630 0.98473 0.87740  100   50   75  100    1
   96  0.09608 0.77276 0.97947 0.95416 0.96335 0.98684 0.27360 0.91229 0.97947 0.97865 0.67743 0.98475 0.87673  100   50   75  100   25
   97  0.09698 0.77614 0.97931 0.95437 0.96535 0.98684 0.27307 0.91413 0.97931 0.98513 0.67492 0.98455 0.87703  100   50   75  100   50
   98  0.10150 0.77277 0.97986 0.95677 0.96411 0.98684 0.27358 0.91098 0.97986 0.95351 0.73148 0.98509 0.87765  100   50   75  100   75
   99  0.09373 0.77543 0.97953 0.95424 0.96520 0.98684 0.27292 0.90550 0.97953 0.94582 0.68641 0.98476 0.87728  100   50   75  100  100
  100  0.00089 0.50290 0.97792 0.90780 0.72971 0.98743 0.20948 0.93471 0.97792 0.91733 0.02003 0.97673 0.80294  100   50  100    1    1
  101  0.00094 0.49654 0.97749 0.90596 0.70131 0.98504 0.20779 0.93835 0.97749 0.93483 0.02221 0.97627 0.80066  100   50  100    1   25
  102  0.00128 0.49739 0.97756 0.90543 0.68724 0.98625 0.20775 0.94039 0.97756 0.93787 0.03058 0.97634 0.80294  100   50  100    1   50
  103  0.00147 0.49551 0.97749 0.90748 0.69501 0.98381 0.20753 0.93306 0.97749 0.94361 0.03500 0.97631 0.79959  100   50  100    1   75
  104  0.00247 0.49455 0.97745 0.90649 0.69403 0.98625 0.20719 0.94010 0.97745 0.96436 0.05739 0.97624 0.79993  100   50  100    1  100
  105  0.02426 0.56028 0.98226 0.92396 0.83606 0.98684 0.22013 0.95146 0.98226 0.94590 0.37060 0.98129 0.81724  100   50  100   25    1
  106  0.02298 0.55215 0.98254 0.92495 0.80268 0.98544 0.21912 0.95357 0.98254 0.94934 0.37207 0.98143 0.81361  100   50  100   25   25
  107  0.02095 0.55302 0.98248 0.92529 0.83639 0.98882 0.21939 0.95151 0.98248 0.90817 0.33874 0.98139 0.81376  100   50  100   25   50
  108  0.02241 0.55388 0.98264 0.92417 0.80980 0.98165 0.21953 0.95354 0.98264 0.95871 0.35529 0.98151 0.81514  100   50  100   25   75
  109  0.01919 0.54297 0.98237 0.92373 0.82183 0.98813 0.21754 0.95616 0.98237 0.97483 0.30237 0.98113 0.81168  100   50  100   25  100
  110  0.04075 0.67185 0.98282 0.93704 0.89515 0.99083 0.23405 0.94640 0.98282 0.94468 0.44068 0.98299 0.83350  100   50  100   50    1
  111  0.03914 0.66531 0.98264 0.93568 0.89792 0.99140 0.23256 0.95239 0.98264 0.92933 0.43368 0.98275 0.83374  100   50  100   50   25
  112  0.04530 0.66339 0.98263 0.93531 0.88331 0.98601 0.23254 0.95005 0.98263 0.94794 0.50700 0.98270 0.83211  100   50  100   50   50
  113  0.04108 0.66015 0.98260 0.93516 0.89665 0.99324 0.23206 0.94814 0.98260 0.95957 0.44863 0.98266 0.83152  100   50  100   50   75
  114  0.02978 0.65853 0.98259 0.93460 0.89767 0.99448 0.23131 0.95126 0.98259 0.97604 0.31984 0.98264 0.83158  100   50  100   50  100
  115  0.06298 0.80025 0.98251 0.94400 0.93639 0.98792 0.24669 0.94447 0.98251 0.90136 0.53305 0.98386 0.84767  100   50  100   75    1
  116  0.06976 0.79525 0.98283 0.94355 0.93291 0.99083 0.24590 0.94154 0.98283 0.95027 0.56639 0.98410 0.84912  100   50  100   75   25
  117  0.06444 0.79297 0.98235 0.94282 0.92705 0.99002 0.24579 0.94328 0.98235 0.96968 0.51950 0.98362 0.84715  100   50  100   75   50
  118  0.06104 0.79264 0.98264 0.94407 0.92412 0.99083 0.24565 0.94126 0.98264 0.90841 0.52625 0.98388 0.84833  100   50  100   75   75
  119  0.05533 0.78582 0.98245 0.94326 0.92780 0.99083 0.24462 0.94275 0.98245 0.93008 0.47051 0.98368 0.84745  100   50  100   75  100
  120  0.10389 0.94832 0.98175 0.94867 0.94718 0.98684 0.25704 0.93580 0.98175 0.98534 0.63875 0.98440 0.86012  100   50  100  100    1
  121  0.08386 0.94317 0.98160 0.94820 0.95465 0.98684 0.25656 0.93456 0.98160 0.93699 0.54273 0.98420 0.86082  100   50  100  100   25
  122  0.07600 0.93323 0.98154 0.94663 0.94232 0.98684 0.25594 0.92960 0.98154 0.97230 0.49106 0.98407 0.85898  100   50  100  100   50
  123  0.08100 0.93142 0.98173 0.94862 0.95252 0.98684 0.25601 0.93215 0.98173 0.87162 0.57514 0.98423 0.85944  100   50  100  100   75
  124  0.09811 0.93420 0.98175 0.94782 0.95051 0.98684 0.25596 0.93758 0.98175 0.94828 0.63584 0.98426 0.86052  100   50  100  100  100
