                                               Cluster
  Run  Product Compare     Pop   Edges Clusters   Size Leesalee  Slope  %Urban   Xmean   Ymean     Rad  Fmatch Diff  Brd Sprd  Slp   RG
    0  0.00000 0.22773 0.94072 0.92823 0.97926 0.00000 0.27575 0.87385 0.94072 0.99930 0.85384 0.96807 0.90197   50  100    1    1    1
    1  0.00000 0.23234 0.93567 0.92204 0.97707 0.00000 0.27498 0.88238 0.93567 0.99894 0.84859 0.96410 0.90177   50  100    1    1   25
    2  0.00000 0.23275 0.93865 0.92524 0.97924 0.00000 0.27499 0.87800 0.93865 0.99992 0.89483 0.96634 0.90173   50  100    1    1   50
    3  0.00000 0.23217 0.93852 0.92439 0.97917 0.00000 0.27488 0.88114 0.93852 0.99353 0.88367 0.96628 0.90183   50  100    1    1   75
    4  0.00000 0.23217 0.93852 0.92439 0.97917 0.00000 0.27488 0.88114 0.93852 0.99353 0.88367 0.96628 0.90183   50  100    1    1  100
    5  0.00000 0.21851 0.94074 0.92768 0.98050 0.00000 0.27788 0.88329 0.94074 0.98899 0.88607 0.96840 0.90251   50  100    1   25    1
    6  0.00000 0.22205 0.94168 0.92879 0.98007 0.00000 0.27720 0.87767 0.94168 0.99066 0.84013 0.96894 0.90241   50  100    1   25   25
    7  0.00000 0.22289 0.93978 0.92637 0.98108 0.00000 0.27692 0.88544 0.93978 0.99688 0.90540 0.96756 0.90228   50  100    1   25   50
    8  0.00000 0.22307 0.94007 0.92676 0.97911 0.00000 0.27689 0.88123 0.94007 0.99360 0.82568 0.96777 0.90226   50  100    1   25   75
    9  0.00000 0.22307 0.93830 0.92559 0.97943 0.00000 0.27699 0.88704 0.93830 0.95624 0.90044 0.96643 0.90220   50  100    1   25  100
   10  0.02335 0.20838 0.93898 0.92595 0.97972 0.75000 0.28013 0.87407 0.93898 0.97805 0.89256 0.96765 0.90315   50  100    1   50    1
   11  0.02326 0.21264 0.93776 0.92403 0.97830 0.75000 0.27895 0.88605 0.93776 0.97703 0.87077 0.96654 0.90286   50  100    1   50   25
   12  0.02333 0.21242 0.93821 0.92444 0.97908 0.75000 0.27913 0.87116 0.93821 0.99853 0.86716 0.96692 0.90294   50  100    1   50   50
   13  0.02605 0.21230 0.94129 0.92829 0.98067 0.75000 0.27915 0.88224 0.94129 0.99987 0.94118 0.96921 0.90293   50  100    1   50   75
   14  0.02233 0.21307 0.93952 0.92594 0.97993 0.75000 0.27889 0.88483 0.93952 0.97415 0.83061 0.96785 0.90281   50  100    1   50  100
   15  0.02061 0.20063 0.93612 0.92331 0.97917 0.75000 0.28153 0.87738 0.93612 0.96747 0.82900 0.96605 0.90338   50  100    1   75    1
   16  0.02194 0.20305 0.94003 0.92765 0.98113 0.75000 0.28102 0.86551 0.94003 0.96195 0.87470 0.96877 0.90337   50  100    1   75   25
   17  0.02023 0.20374 0.93943 0.92739 0.98299 0.75000 0.28071 0.87164 0.93943 0.99877 0.76981 0.96833 0.90338   50  100    1   75   50
   18  0.02561 0.20414 0.93962 0.92663 0.98088 0.75000 0.28074 0.87288 0.93962 0.99049 0.98151 0.96842 0.90354   50  100    1   75   75
   19  0.02561 0.20414 0.93962 0.92663 0.98088 0.75000 0.28074 0.87288 0.93962 0.99049 0.98151 0.96842 0.90354   50  100    1   75  100
   20  0.02059 0.19331 0.93774 0.92532 0.97953 0.75000 0.28324 0.87328 0.93774 0.91096 0.90416 0.96764 0.90396   50  100    1  100    1
   21  0.02157 0.19530 0.93928 0.92622 0.98060 0.75000 0.28249 0.87642 0.93928 0.96632 0.87719 0.96870 0.90382   50  100    1  100   25
   22  0.01968 0.19601 0.93819 0.92648 0.98007 0.75000 0.28223 0.87431 0.93819 0.99626 0.77913 0.96787 0.90368   50  100    1  100   50
   23  0.02215 0.19636 0.93673 0.92348 0.97865 0.75000 0.28223 0.87554 0.93673 0.99531 0.88234 0.96678 0.90387   50  100    1  100   75
   24  0.01938 0.19632 0.93489 0.92098 0.97735 0.75000 0.28210 0.87915 0.93489 0.99984 0.77340 0.96542 0.90387   50  100    1  100  100
   25  0.08472 0.53690 0.97730 0.96226 0.97413 0.96429 0.28160 0.87538 0.97730 0.99817 0.84698 0.98567 0.88981   50  100   25    1    1
   26  0.08722 0.54131 0.97699 0.96174 0.97511 0.96429 0.28157 0.88058 0.97699 0.99986 0.85929 0.98533 0.88932   50  100   25    1   25
   27  0.08930 0.54279 0.97782 0.96334 0.97862 0.96429 0.28120 0.87355 0.97782 0.99589 0.88234 0.98601 0.88931   50  100   25    1   50
   28  0.09228 0.54460 0.97768 0.96317 0.97948 0.99083 0.28086 0.87430 0.97768 0.99925 0.88149 0.98588 0.88936   50  100   25    1   75
   29  0.08595 0.54473 0.97736 0.96265 0.97310 0.96429 0.28128 0.86880 0.97736 0.99877 0.85484 0.98558 0.88920   50  100   25    1  100
   30  0.08108 0.48540 0.97728 0.96410 0.97899 0.99590 0.28531 0.87523 0.97728 0.99925 0.84676 0.98637 0.89273   50  100   25   25    1
   31  0.08402 0.49000 0.97780 0.96491 0.97779 0.97581 0.28525 0.88564 0.97780 0.99964 0.87607 0.98672 0.89234   50  100   25   25   25
   32  0.08698 0.49121 0.97753 0.96362 0.97964 0.99590 0.28507 0.88850 0.97753 0.99941 0.88464 0.98650 0.89223   50  100   25   25   50
   33  0.08683 0.49306 0.97809 0.96425 0.97684 0.99590 0.28479 0.88580 0.97809 0.99722 0.88592 0.98688 0.89217   50  100   25   25   75
   34  0.08472 0.49412 0.97799 0.96456 0.97892 0.98684 0.28474 0.88697 0.97799 0.99704 0.86795 0.98679 0.89207   50  100   25   25  100
   35  0.07249 0.42959 0.97504 0.96405 0.97797 1.00000 0.28859 0.87378 0.97504 0.99792 0.84745 0.98573 0.89562   50  100   25   50    1
   36  0.07410 0.43315 0.97509 0.96203 0.97806 1.00000 0.28814 0.88203 0.97509 0.99939 0.85300 0.98574 0.89533   50  100   25   50   25
   37  0.07538 0.43552 0.97435 0.96295 0.97454 1.00000 0.28815 0.88085 0.97435 0.99739 0.87009 0.98513 0.89530   50  100   25   50   50
   38  0.07809 0.43600 0.97514 0.96315 0.97988 1.00000 0.28779 0.88390 0.97514 0.99989 0.88950 0.98568 0.89496   50  100   25   50   75
   39  0.07629 0.43768 0.97476 0.96285 0.98045 1.00000 0.28780 0.88237 0.97476 0.99945 0.86782 0.98536 0.89536   50  100   25   50  100
   40  0.04954 0.38329 0.97213 0.96076 0.97876 0.75000 0.29104 0.87554 0.97213 0.99808 0.86253 0.98457 0.89780   50  100   25   75    1
   41  0.04756 0.38606 0.97256 0.96154 0.97942 0.75000 0.29090 0.87800 0.97256 0.98978 0.82490 0.98488 0.89791   50  100   25   75   25
   42  0.04739 0.39022 0.97334 0.96118 0.98124 0.75000 0.28993 0.88031 0.97334 0.99649 0.80554 0.98537 0.89764   50  100   25   75   50
   43  0.04794 0.39033 0.97263 0.96133 0.98042 0.75000 0.28994 0.87473 0.97263 0.99857 0.82054 0.98482 0.89748   50  100   25   75   75
   44  0.04955 0.38843 0.97312 0.96162 0.97954 0.75000 0.29064 0.87582 0.97312 0.99938 0.84759 0.98523 0.89754   50  100   25   75  100
   45  0.04350 0.34767 0.96982 0.95929 0.98041 0.75000 0.29327 0.87166 0.96982 0.99628 0.83668 0.98376 0.89975   50  100   25  100    1
   46  0.04190 0.35060 0.97025 0.95916 0.98005 0.75000 0.29215 0.86934 0.97025 0.99618 0.80402 0.98408 0.89949   50  100   25  100   25
   47  0.04686 0.35181 0.96907 0.95894 0.97710 0.75000 0.29223 0.87598 0.96907 0.99497 0.89596 0.98314 0.89971   50  100   25  100   50
   48  0.04670 0.35202 0.97006 0.96004 0.97760 0.75000 0.29227 0.87277 0.97006 0.99914 0.88813 0.98388 0.89937   50  100   25  100   75
   49  0.04660 0.35288 0.96986 0.95990 0.97999 0.75000 0.29194 0.87326 0.96986 0.99995 0.88238 0.98369 0.89929   50  100   25  100  100
   50  0.10755 0.94017 0.98521 0.95623 0.94598 0.99590 0.25661 0.89863 0.98521 0.97905 0.68366 0.98682 0.85889   50  100   50    1    1
   51  0.11052 0.93438 0.98536 0.95535 0.94551 0.99395 0.25606 0.89790 0.98536 0.98274 0.70871 0.98696 0.85855   50  100   50    1   25
   52  0.10700 0.92885 0.98551 0.95635 0.94380 0.99176 0.25640 0.90022 0.98551 0.99378 0.68186 0.98706 0.85827   50  100   50    1   50
   53  0.10257 0.92956 0.98538 0.95503 0.93304 0.99176 0.25621 0.89544 0.98538 0.97660 0.67726 0.98691 0.85865   50  100   50    1   75
   54  0.10967 0.92685 0.98540 0.95536 0.94000 0.98938 0.25570 0.90013 0.98540 0.98523 0.71461 0.98692 0.85762   50  100   50    1  100
   55  0.13580 0.93839 0.98708 0.96130 0.96144 0.99590 0.26630 0.91245 0.98708 0.99025 0.78193 0.98923 0.86700   50  100   50   25    1
   56  0.13604 0.94654 0.98700 0.96186 0.96508 0.99590 0.26575 0.91237 0.98700 0.98189 0.78216 0.98909 0.86649   50  100   50   25   25
   57  0.13202 0.94825 0.98700 0.96195 0.96313 0.99590 0.26544 0.90941 0.98700 0.98859 0.75771 0.98908 0.86607   50  100   50   25   50
   58  0.13359 0.94873 0.98706 0.96252 0.96362 0.99590 0.26538 0.90594 0.98706 0.99617 0.76270 0.98912 0.86595   50  100   50   25   75
   59  0.12580 0.94723 0.98711 0.96238 0.95755 0.99590 0.26581 0.91088 0.98711 0.99766 0.71712 0.98921 0.86667   50  100   50   25  100
   60  0.11792 0.79044 0.98592 0.96539 0.97114 0.99590 0.27530 0.89780 0.98592 0.98996 0.77459 0.98940 0.87658   50  100   50   50    1
   61  0.12069 0.79750 0.98596 0.96450 0.97047 0.99324 0.27375 0.90509 0.98596 0.99279 0.78605 0.98938 0.87532   50  100   50   50   25
   62  0.11760 0.79723 0.98576 0.96473 0.96622 0.99324 0.27423 0.90038 0.98576 0.98996 0.77496 0.98920 0.87500   50  100   50   50   50
   63  0.11481 0.79906 0.98583 0.96436 0.97299 0.99324 0.27421 0.90034 0.98583 0.99088 0.74874 0.98923 0.87548   50  100   50   50   75
   64  0.11922 0.80834 0.98562 0.96262 0.96175 0.99324 0.27341 0.90815 0.98562 0.99307 0.77373 0.98896 0.87505   50  100   50   50  100
   65  0.09770 0.67510 0.98426 0.96610 0.97440 0.98684 0.28206 0.89309 0.98426 0.98708 0.74086 0.98910 0.88253   50  100   50   75    1
   66  0.10491 0.68287 0.98411 0.96565 0.97829 0.98684 0.28119 0.89156 0.98411 0.98116 0.79226 0.98892 0.88295   50  100   50   75   25
   67  0.10498 0.68308 0.98393 0.96503 0.97536 0.98684 0.28109 0.90125 0.98393 0.99409 0.77810 0.98877 0.88208   50  100   50   75   50
   68  0.10256 0.68430 0.98418 0.96473 0.97391 0.98684 0.28101 0.89679 0.98418 0.99052 0.76645 0.98895 0.88200   50  100   50   75   75
   69  0.09916 0.68362 0.98433 0.96569 0.97188 0.98684 0.28109 0.89341 0.98433 0.99119 0.74367 0.98910 0.88285   50  100   50   75  100
   70  0.09134 0.58706 0.98227 0.96601 0.97985 0.98684 0.28712 0.89128 0.98227 0.99776 0.77022 0.98860 0.88793   50  100   50  100    1
   71  0.09358 0.58750 0.98224 0.96575 0.98018 0.98684 0.28679 0.89431 0.98224 0.99516 0.78900 0.98854 0.88776   50  100   50  100   25
   72  0.08946 0.59288 0.98223 0.96555 0.97855 0.98684 0.28668 0.89454 0.98223 0.99154 0.75229 0.98847 0.88715   50  100   50  100   50
   73  0.09111 0.59357 0.98242 0.96536 0.97762 0.98684 0.28659 0.89251 0.98242 0.99095 0.76783 0.98861 0.88753   50  100   50  100   75
   74  0.08974 0.59086 0.98238 0.96582 0.97975 0.98684 0.28653 0.88885 0.98238 0.97090 0.77676 0.98863 0.88757   50  100   50  100  100
   75  0.02398 0.58631 0.98488 0.93278 0.85126 0.98973 0.22581 0.92228 0.98488 0.93423 0.34178 0.98343 0.82054   50  100   75    1    1
   76  0.02663 0.58290 0.98470 0.93318 0.83229 0.98859 0.22502 0.92823 0.98470 0.95978 0.38006 0.98318 0.81923   50  100   75    1   25
   77  0.03187 0.58330 0.98470 0.93254 0.83798 0.98362 0.22602 0.92596 0.98470 0.91136 0.47672 0.98320 0.81991   50  100   75    1   50
   78  0.02250 0.58370 0.98477 0.93312 0.83029 0.98229 0.22572 0.92783 0.98477 0.96366 0.32112 0.98328 0.81961   50  100   75    1   75
   79  0.03385 0.57890 0.98459 0.93211 0.81896 0.98621 0.22459 0.92653 0.98459 0.97162 0.49253 0.98309 0.81839   50  100   75    1  100
   80  0.05066 0.66640 0.98825 0.94730 0.91074 0.98534 0.23798 0.94231 0.98825 0.95517 0.52016 0.98735 0.83232   50  100   75   25    1
   81  0.05268 0.65750 0.98840 0.94668 0.87940 0.98381 0.23689 0.94233 0.98840 0.96443 0.56697 0.98739 0.83091   50  100   75   25   25
   82  0.05117 0.65232 0.98818 0.94596 0.89336 0.98381 0.23671 0.94611 0.98818 0.97816 0.53869 0.98712 0.82945   50  100   75   25   50
   83  0.05003 0.65188 0.98807 0.94505 0.89563 0.98381 0.23568 0.93964 0.98807 0.94264 0.55206 0.98702 0.82996   50  100   75   25   75
   84  0.05330 0.65444 0.98787 0.94510 0.88137 0.98381 0.23570 0.94181 0.98787 0.98379 0.56814 0.98685 0.83169   50  100   75   25  100
   85  0.07881 0.80315 0.98798 0.95458 0.93414 0.99176 0.25115 0.93801 0.98798 0.94629 0.60834 0.98819 0.84816   50  100   75   50    1
   86  0.07986 0.79076 0.98815 0.95438 0.93438 0.99176 0.24975 0.93713 0.98815 0.96849 0.61531 0.98829 0.84843   50  100   75   50   25
   87  0.08120 0.78615 0.98777 0.95301 0.93839 0.99019 0.24951 0.93662 0.98777 0.97192 0.62949 0.98787 0.84639   50  100   75   50   50
   88  0.06828 0.78294 0.98783 0.95346 0.94159 0.98855 0.24884 0.93753 0.98783 0.95688 0.53938 0.98789 0.84655   50  100   75   50   75
   89  0.08259 0.78853 0.98785 0.95136 0.93907 0.98855 0.24943 0.93938 0.98785 0.97911 0.63343 0.98798 0.84648   50  100   75   50  100
   90  0.10836 0.95840 0.98737 0.95950 0.96535 0.98047 0.26191 0.92474 0.98737 0.95169 0.65114 0.98877 0.86052   50  100   75   75    1
   91  0.10540 0.94788 0.98740 0.95825 0.95656 0.98449 0.26103 0.92964 0.98740 0.97216 0.63026 0.98874 0.85970   50  100   75   75   25
   92  0.09936 0.94183 0.98731 0.95803 0.95175 0.98449 0.26099 0.92778 0.98731 0.96992 0.60379 0.98859 0.86006   50  100   75   75   50
   93  0.10699 0.93665 0.98736 0.95714 0.96372 0.98449 0.26076 0.93223 0.98736 0.96732 0.64575 0.98862 0.85949   50  100   75   75   75
   94  0.10355 0.94154 0.98717 0.95792 0.96301 0.99266 0.26035 0.92831 0.98717 0.97260 0.61690 0.98849 0.85983   50  100   75   75  100
   95  0.11191 0.89264 0.98625 0.96111 0.96686 0.99590 0.27095 0.92149 0.98625 0.97241 0.66748 0.98884 0.86914   50  100   75  100    1
   96  0.09896 0.89387 0.98667 0.96222 0.97002 0.99590 0.27116 0.91366 0.98667 0.91877 0.62487 0.98919 0.86951   50  100   75  100   25
   97  0.10273 0.89769 0.98615 0.96001 0.96172 0.99395 0.27057 0.91804 0.98615 0.97358 0.61617 0.98873 0.87040   50  100   75  100   50
   98  0.10549 0.90519 0.98632 0.96005 0.96596 0.99395 0.27004 0.91862 0.98632 0.95059 0.64188 0.98876 0.86834   50  100   75  100   75
   99  0.10155 0.89870 0.98624 0.96087 0.96929 0.99395 0.26997 0.91571 0.98624 0.91816 0.64312 0.98879 0.86948   50  100   75  100  100
  100  0.00010 0.48968 0.97862 0.91280 0.71003 0.98589 0.20801 0.94048 0.97862 0.81148 0.00275 0.97699 0.79989   50  100  100    1    1
  101  0.00069 0.48827 0.97870 0.91226 0.69606 0.98589 0.20816 0.93807 0.97870 0.75250 0.02049 0.97697 0.79935   50  100  100    1   25
  102  0.00189 0.48708 0.97822 0.91031 0.71865 0.98589 0.20730 0.93721 0.97822 0.90756 0.04585 0.97654 0.79802   50  100  100    1   50
  103  0.00161 0.48311 0.97846 0.90919 0.69731 0.98492 0.20664 0.93995 0.97846 0.96372 0.03828 0.97678 0.79800   50  100  100    1   75
  104  0.00055 0.48203 0.97791 0.90814 0.68834 0.98684 0.20596 0.93707 0.97791 0.99099 0.01309 0.97630 0.79770   50  100  100    1  100
  105  0.01713 0.54805 0.98362 0.92802 0.81069 0.97959 0.22001 0.95144 0.98362 0.96626 0.27176 0.98213 0.81186   50  100  100   25    1
  106  0.01767 0.54240 0.98344 0.92713 0.82466 0.98160 0.21908 0.95546 0.98344 0.89894 0.29963 0.98188 0.81070   50  100  100   25   25
  107  0.01252 0.53969 0.98343 0.92745 0.81075 0.97959 0.21854 0.95711 0.98343 0.97113 0.20108 0.98188 0.81228   50  100  100   25   50
  108  0.01390 0.53963 0.98357 0.92882 0.81671 0.98280 0.21826 0.95544 0.98357 0.95805 0.22412 0.98204 0.81202   50  100  100   25   75
  109  0.01930 0.53988 0.98313 0.92655 0.80388 0.98631 0.21873 0.95117 0.98313 0.98824 0.30762 0.98162 0.81097   50  100  100   25  100
  110  0.04059 0.65694 0.98389 0.93898 0.89235 0.99008 0.23422 0.94745 0.98389 0.89197 0.47571 0.98352 0.83080   50  100  100   50    1
  111  0.04182 0.65971 0.98433 0.94031 0.89996 0.98821 0.23443 0.94979 0.98433 0.96616 0.44382 0.98399 0.83281   50  100  100   50   25
  112  0.04341 0.64821 0.98412 0.94011 0.89881 0.98882 0.23271 0.95511 0.98412 0.96230 0.47351 0.98367 0.83067   50  100  100   50   50
  113  0.02944 0.64664 0.98383 0.93837 0.89291 0.98544 0.23211 0.95690 0.98383 0.98064 0.32136 0.98339 0.82772   50  100  100   50   75
  114  0.04034 0.64923 0.98381 0.93963 0.90595 0.99288 0.23280 0.95086 0.98381 0.96523 0.43562 0.98340 0.82983   50  100  100   50  100
  115  0.05894 0.78811 0.98370 0.94755 0.93766 0.98684 0.24667 0.93842 0.98370 0.93216 0.48910 0.98459 0.84831   50  100  100   75    1
  116  0.05153 0.77726 0.98405 0.94783 0.93023 0.98684 0.24546 0.94336 0.98405 0.90072 0.45270 0.98483 0.84615   50  100  100   75   25
  117  0.06675 0.78252 0.98383 0.94811 0.93872 0.99083 0.24621 0.94136 0.98383 0.87939 0.58837 0.98468 0.84629   50  100  100   75   50
  118  0.05802 0.77766 0.98362 0.94663 0.93510 0.99411 0.24550 0.94333 0.98362 0.97816 0.46432 0.98444 0.84631   50  100  100   75   75
  119  0.05546 0.77418 0.98362 0.94628 0.93017 0.98684 0.24514 0.94280 0.98362 0.97385 0.45482 0.98435 0.84603   50  100  100   75  100
  120  0.08568 0.93086 0.98286 0.95283 0.95860 0.99864 0.25681 0.93172 0.98286 0.95828 0.53889 0.98500 0.85824   50  100  100  100    1
  121  0.07049 0.91828 0.98299 0.95225 0.95758 0.99885 0.25657 0.93656 0.98299 0.93069 0.46107 0.98494 0.85885   50  100  100  100   25
  122  0.07198 0.91817 0.98314 0.95163 0.96549 0.99803 0.25668 0.93483 0.98314 0.85560 0.50953 0.98515 0.85824   50  100  100  100   50
  123  0.07407 0.91629 0.98295 0.95171 0.96144 0.99787 0.25577 0.93406 0.98295 0.85277 0.53217 0.98496 0.85810   50  100  100  100   75
  124  0.09868 0.91873 0.98306 0.95107 0.95595 0.99803 0.25656 0.93296 0.98306 0.97518 0.62077 0.98505 0.85817   50  100  100  100  100
