                                               Cluster
  Run  Product Compare     Pop   Edges Clusters   Size Leesalee  Slope  %Urban   Xmean   Ymean     Rad  Fmatch Diff  Brd Sprd  Slp   RG
    0  0.02085 0.17582 0.93429 0.92069 0.98064 0.75000 0.28929 0.85577 0.93429 0.99377 0.93207 0.96641 0.90545   75    1    1    1    1
    1  0.02036 0.17618 0.93580 0.92293 0.98181 0.75000 0.28915 0.86934 0.93580 0.99574 0.88574 0.96750 0.90542   75    1    1    1   25
    2  0.01991 0.17601 0.93323 0.92008 0.98081 0.75000 0.28927 0.86600 0.93323 0.99426 0.88105 0.96564 0.90540   75    1    1    1   50
    3  0.01991 0.17601 0.93323 0.92008 0.98081 0.75000 0.28927 0.86600 0.93323 0.99426 0.88105 0.96564 0.90540   75    1    1    1   75
    4  0.01991 0.17601 0.93323 0.92008 0.98081 0.75000 0.28927 0.86600 0.93323 0.99426 0.88105 0.96564 0.90540   75    1    1    1  100
    5  0.00000 0.16717 0.92684 0.91434 0.97698 0.00000 0.28995 0.85564 0.92684 0.98711 0.88387 0.96167 0.90576   75    1    1   25    1
    6  0.00000 0.16418 0.92967 0.91523 0.97728 0.00000 0.28958 0.87432 0.92967 0.97371 0.89838 0.96406 0.90579   75    1    1   25   25
    7  0.00000 0.16525 0.91760 0.90122 0.96953 0.00000 0.28973 0.89030 0.91760 0.99721 0.89251 0.95494 0.90592   75    1    1   25   50
    8  0.00000 0.16586 0.92965 0.91525 0.97835 0.00000 0.28974 0.88030 0.92965 0.99941 0.92631 0.96383 0.90579   75    1    1   25   75
    9  0.00000 0.16586 0.92965 0.91525 0.97835 0.00000 0.28974 0.88030 0.92965 0.99941 0.92631 0.96383 0.90579   75    1    1   25  100
   10  0.00000 0.14964 0.69522 0.59103 0.66831 0.00000 0.29102 0.99778 0.69522 0.91747 0.64966 0.77019 0.90658   75    1    1   50    1
   11  0.00000 0.15079 0.68242 0.57983 0.67391 0.00000 0.29078 0.99901 0.68242 0.92056 0.72603 0.75839 0.90678   75    1    1   50   25
   12  0.00000 0.15338 0.70055 0.63351 0.74432 0.00000 0.29052 0.99769 0.70055 0.94211 0.74254 0.77377 0.90656   75    1    1   50   50
   13  0.00000 0.15110 0.67093 0.57496 0.67469 0.00000 0.29069 0.99999 0.67093 0.92191 0.77791 0.74788 0.90652   75    1    1   50   75
   14  0.00000 0.15110 0.67093 0.57496 0.67469 0.00000 0.29069 0.99999 0.67093 0.92191 0.77791 0.74788 0.90652   75    1    1   50  100
   15  0.00000 0.13933 0.92843 0.91258 0.99975 0.00000 0.29564 0.84027 0.92843 0.99583 0.94988 0.96596 0.90756   75    1    1   75    1
   16  0.00000 0.13748 0.93096 0.88852 0.82104 0.00000 0.29695 0.87374 0.93096 0.99919 0.97142 0.96769 0.90757   75    1    1   75   25
   17  0.00000 0.13782 0.93052 0.89195 0.90276 0.00000 0.29671 0.86753 0.93052 0.98019 0.95075 0.96736 0.90740   75    1    1   75   50
   18  0.00000 0.13782 0.93052 0.89195 0.90276 0.00000 0.29671 0.86753 0.93052 0.98019 0.95075 0.96736 0.90740   75    1    1   75   75
   19  0.00000 0.13782 0.93052 0.89195 0.90276 0.00000 0.29671 0.86753 0.93052 0.98019 0.95075 0.96736 0.90740   75    1    1   75  100
   20  0.00000 0.13405 0.93201 0.91718 0.94812 0.00000 0.29899 0.85466 0.93201 0.93257 0.92363 0.96844 0.90763   75    1    1  100    1
   21  0.00000 0.13457 0.92736 0.88367 0.97660 0.00000 0.29893 0.85505 0.92736 0.96955 0.95443 0.96517 0.90771   75    1    1  100   25
   22  0.00000 0.13452 0.92964 0.89816 0.98073 0.00000 0.29891 0.86010 0.92964 0.96553 0.93361 0.96675 0.90769   75    1    1  100   50
   23  0.00000 0.13452 0.92964 0.89816 0.98073 0.00000 0.29891 0.86010 0.92964 0.96553 0.93361 0.96675 0.90769   75    1    1  100   75
   24  0.00000 0.13452 0.92964 0.89816 0.98073 0.00000 0.29891 0.86010 0.92964 0.96553 0.93361 0.96675 0.90769   75    1    1  100  100
   25  0.00000 0.31495 0.94834 0.93199 0.98170 0.00000 0.31092 0.88462 0.94834 0.99935 0.91460 0.97011 0.90540   75    1   25    1    1
   26  0.00000 0.31524 0.94678 0.93009 0.98050 0.00000 0.31081 0.88071 0.94678 0.99601 0.91056 0.96895 0.90555   75    1   25    1   25
   27  0.00000 0.31638 0.94733 0.93303 0.98002 0.00000 0.31064 0.87941 0.94733 0.99816 0.91409 0.96929 0.90546   75    1   25    1   50
   28  0.00000 0.31638 0.94733 0.93303 0.98002 0.00000 0.31064 0.87941 0.94733 0.99816 0.91409 0.96929 0.90546   75    1   25    1   75
   29  0.00000 0.31638 0.94733 0.93303 0.98002 0.00000 0.31064 0.87941 0.94733 0.99816 0.91409 0.96929 0.90546   75    1   25    1  100
   30  0.00000 0.29812 0.94918 0.93270 0.98095 0.00000 0.31143 0.89970 0.94918 0.99665 0.91490 0.97114 0.90581   75    1   25   25    1
   31  0.00000 0.29633 0.94879 0.93317 0.98065 0.00000 0.31121 0.88872 0.94879 0.99639 0.92379 0.97098 0.90591   75    1   25   25   25
   32  0.00000 0.29672 0.94844 0.93208 0.97975 0.00000 0.31111 0.89536 0.94844 0.99735 0.91724 0.97070 0.90582   75    1   25   25   50
   33  0.00000 0.29672 0.94844 0.93208 0.97975 0.00000 0.31111 0.89536 0.94844 0.99735 0.91724 0.97070 0.90582   75    1   25   25   75
   34  0.00000 0.29672 0.94844 0.93208 0.97975 0.00000 0.31111 0.89536 0.94844 0.99735 0.91724 0.97070 0.90582   75    1   25   25  100
   35  0.00000 0.27737 0.94719 0.93479 0.98325 0.00000 0.31071 0.90077 0.94719 0.99317 0.92313 0.97047 0.90643   75    1   25   50    1
   36  0.00000 0.27780 0.94768 0.93035 0.98287 0.00000 0.31079 0.89080 0.94768 0.99500 0.92156 0.97083 0.90629   75    1   25   50   25
   37  0.00000 0.27731 0.94654 0.93150 0.97985 0.00000 0.31068 0.90004 0.94654 0.99572 0.92561 0.97002 0.90639   75    1   25   50   50
   38  0.00000 0.27731 0.94654 0.93150 0.97985 0.00000 0.31068 0.90004 0.94654 0.99572 0.92561 0.97002 0.90639   75    1   25   50   75
   39  0.00000 0.27731 0.94654 0.93150 0.97985 0.00000 0.31068 0.90004 0.94654 0.99572 0.92561 0.97002 0.90639   75    1   25   50  100
   40  0.00000 0.26115 0.94513 0.92985 0.98208 0.00000 0.31034 0.88444 0.94513 0.99691 0.92142 0.96959 0.90677   75    1   25   75    1
   41  0.00000 0.26122 0.94657 0.92963 0.97983 0.00000 0.31018 0.89358 0.94657 0.99858 0.92933 0.97066 0.90684   75    1   25   75   25
   42  0.00000 0.26129 0.94680 0.93182 0.97939 0.00000 0.31031 0.89095 0.94680 0.99907 0.92833 0.97084 0.90667   75    1   25   75   50
   43  0.00000 0.26053 0.94669 0.93266 0.98254 0.00000 0.31012 0.89330 0.94669 0.99834 0.92837 0.97080 0.90662   75    1   25   75   75
   44  0.00000 0.26079 0.94639 0.93418 0.98298 0.00000 0.31037 0.89612 0.94639 0.99686 0.92798 0.97055 0.90674   75    1   25   75  100
   45  0.00000 0.24655 0.94502 0.93027 0.98143 0.00000 0.30936 0.90304 0.94502 0.99207 0.92099 0.97017 0.90687   75    1   25  100    1
   46  0.00000 0.24645 0.94526 0.93120 0.98146 0.00000 0.30960 0.89730 0.94526 0.99448 0.92414 0.97033 0.90702   75    1   25  100   25
   47  0.00000 0.24723 0.94493 0.93356 0.98331 0.00000 0.30951 0.89239 0.94493 0.99292 0.92489 0.97006 0.90709   75    1   25  100   50
   48  0.00000 0.24723 0.94493 0.93356 0.98331 0.00000 0.30951 0.89239 0.94493 0.99292 0.92489 0.97006 0.90709   75    1   25  100   75
   49  0.00000 0.24723 0.94493 0.93356 0.98331 0.00000 0.30951 0.89239 0.94493 0.99292 0.92489 0.97006 0.90709   75    1   25  100  100
   50  0.08352 0.49665 0.95662 0.92488 0.97814 0.99590 0.30794 0.85463 0.95662 0.99917 0.88742 0.97208 0.89913   75    1   50    1    1
   51  0.08253 0.49647 0.95644 0.92292 0.97505 0.98684 0.30813 0.85693 0.95644 0.99999 0.88701 0.97190 0.89898   75    1   50    1   25
   52  0.08244 0.49581 0.95574 0.92627 0.97726 0.98684 0.30831 0.85701 0.95574 0.99996 0.88315 0.97132 0.89904   75    1   50    1   50
   53  0.07988 0.49629 0.95571 0.92359 0.97774 0.97581 0.30812 0.83947 0.95571 1.00000 0.88550 0.97129 0.89889   75    1   50    1   75
   54  0.08165 0.49503 0.95557 0.92295 0.98136 0.99590 0.30822 0.84211 0.95557 0.99989 0.88376 0.97121 0.89894   75    1   50    1  100
   55  0.08129 0.45985 0.95704 0.92874 0.98383 1.00000 0.31142 0.86111 0.95704 0.99782 0.90071 0.97291 0.90085   75    1   50   25    1
   56  0.08195 0.46002 0.95847 0.93017 0.98266 1.00000 0.31151 0.86266 0.95847 0.99970 0.89985 0.97402 0.90098   75    1   50   25   25
   57  0.08222 0.46071 0.95785 0.92596 0.98445 1.00000 0.31145 0.87091 0.95785 1.00000 0.89704 0.97348 0.90089   75    1   50   25   50
   58  0.08155 0.46072 0.95774 0.92872 0.97965 1.00000 0.31114 0.87036 0.95774 0.99912 0.89396 0.97339 0.90086   75    1   50   25   75
   59  0.08097 0.46011 0.95758 0.93012 0.97917 1.00000 0.31142 0.86188 0.95758 0.99944 0.89596 0.97329 0.90073   75    1   50   25  100
   60  0.07641 0.41671 0.95609 0.93054 0.98263 1.00000 0.31383 0.88078 0.95609 0.99829 0.90514 0.97305 0.90265   75    1   50   50    1
   61  0.07659 0.41646 0.95649 0.93029 0.98237 1.00000 0.31407 0.88235 0.95649 0.99995 0.90362 0.97336 0.90251   75    1   50   50   25
   62  0.07620 0.41754 0.95664 0.93045 0.98347 1.00000 0.31387 0.87711 0.95664 0.99840 0.90221 0.97346 0.90278   75    1   50   50   50
   63  0.07688 0.41777 0.95666 0.92976 0.98146 1.00000 0.31387 0.88009 0.95666 0.99974 0.90798 0.97349 0.90268   75    1   50   50   75
   64  0.07708 0.41714 0.95730 0.93167 0.98128 1.00000 0.31381 0.88135 0.95730 0.99798 0.90882 0.97399 0.90264   75    1   50   50  100
   65  0.07197 0.38193 0.95617 0.92899 0.97897 1.00000 0.31505 0.90234 0.95617 0.99656 0.90853 0.97393 0.90405   75    1   50   75    1
   66  0.07288 0.38232 0.95576 0.93287 0.98344 1.00000 0.31535 0.89973 0.95576 0.99909 0.91193 0.97363 0.90380   75    1   50   75   25
   67  0.07094 0.38244 0.95490 0.93351 0.98128 1.00000 0.31521 0.88757 0.95490 0.99891 0.90330 0.97298 0.90410   75    1   50   75   50
   68  0.07094 0.38244 0.95490 0.93351 0.98128 1.00000 0.31521 0.88757 0.95490 0.99891 0.90330 0.97298 0.90410   75    1   50   75   75
   69  0.07094 0.38245 0.95490 0.93352 0.98131 1.00000 0.31521 0.88758 0.95490 0.99892 0.90332 0.97298 0.90410   75    1   50   75  100
   70  0.05068 0.35172 0.95361 0.93095 0.98438 0.75000 0.31569 0.90768 0.95361 0.99843 0.91516 0.97278 0.90511   75    1   50  100    1
   71  0.05087 0.35131 0.95441 0.93628 0.98588 0.75000 0.31594 0.90652 0.95441 0.99816 0.91166 0.97343 0.90503   75    1   50  100   25
   72  0.05045 0.35238 0.95351 0.93070 0.98395 0.75000 0.31583 0.90807 0.95351 0.99830 0.90989 0.97269 0.90490   75    1   50  100   50
   73  0.05045 0.35238 0.95351 0.93070 0.98395 0.75000 0.31583 0.90807 0.95351 0.99830 0.90989 0.97269 0.90490   75    1   50  100   75
   74  0.05045 0.35238 0.95351 0.93070 0.98395 0.75000 0.31583 0.90807 0.95351 0.99830 0.90989 0.97269 0.90490   75    1   50  100  100
   75  0.10710 0.69231 0.95748 0.91535 0.97764 0.98684 0.29289 0.86721 0.95748 0.99540 0.87657 0.96997 0.88891   75    1   75    1    1
   76  0.10420 0.69046 0.95752 0.91463 0.97455 0.98684 0.29272 0.85838 0.95752 0.99411 0.86837 0.97003 0.88934   75    1   75    1   25
   77  0.10589 0.69168 0.95777 0.91896 0.97370 0.98684 0.29251 0.86017 0.95777 0.99554 0.87502 0.97022 0.88876   75    1   75    1   50
   78  0.10560 0.69289 0.95755 0.91087 0.97457 0.98684 0.29279 0.86611 0.95755 0.99398 0.87307 0.97000 0.88882   75    1   75    1   75
   79  0.10355 0.69300 0.95724 0.90945 0.97381 0.98684 0.29233 0.85935 0.95724 0.99192 0.86857 0.96976 0.88894   75    1   75    1  100
   80  0.10795 0.64430 0.96069 0.92075 0.97636 1.00000 0.29822 0.88296 0.96069 0.99739 0.88621 0.97285 0.89186   75    1   75   25    1
   81  0.10601 0.64138 0.95967 0.91481 0.97914 1.00000 0.29829 0.88370 0.95967 0.99753 0.87889 0.97206 0.89193   75    1   75   25   25
   82  0.10503 0.63923 0.95952 0.91438 0.97929 1.00000 0.29842 0.87038 0.95952 0.99870 0.88616 0.97201 0.89195   75    1   75   25   50
   83  0.10639 0.64356 0.96025 0.91899 0.97844 1.00000 0.29807 0.87297 0.96025 0.99775 0.88573 0.97252 0.89158   75    1   75   25   75
   84  0.10553 0.63900 0.96018 0.91851 0.97674 1.00000 0.29873 0.87532 0.96018 0.99839 0.88172 0.97255 0.89188   75    1   75   25  100
   85  0.09742 0.57358 0.96027 0.92246 0.98145 0.99852 0.30455 0.86236 0.96027 0.99880 0.89130 0.97343 0.89523   75    1   75   50    1
   86  0.09961 0.57394 0.95934 0.92234 0.98240 0.99324 0.30468 0.88583 0.95934 0.99953 0.89171 0.97269 0.89554   75    1   75   50   25
   87  0.09802 0.57310 0.95868 0.92171 0.97802 1.00000 0.30497 0.87726 0.95868 0.99944 0.88670 0.97218 0.89567   75    1   75   50   50
   88  0.09935 0.57319 0.95954 0.91837 0.98123 0.99324 0.30484 0.88721 0.95954 0.99964 0.89293 0.97283 0.89553   75    1   75   50   75
   89  0.09651 0.57421 0.95957 0.91844 0.97644 0.98256 0.30457 0.87813 0.95957 0.99932 0.89016 0.97287 0.89499   75    1   75   50  100
   90  0.09310 0.51481 0.95851 0.92657 0.98368 0.99852 0.30947 0.88967 0.95851 0.99943 0.89912 0.97302 0.89844   75    1   75   75    1
   91  0.09309 0.51826 0.95878 0.92047 0.98438 1.00000 0.30941 0.89116 0.95878 0.99977 0.89485 0.97308 0.89835   75    1   75   75   25
   92  0.09318 0.51553 0.95841 0.92143 0.98105 1.00000 0.30953 0.89373 0.95841 0.99991 0.90031 0.97288 0.89844   75    1   75   75   50
   93  0.09288 0.51526 0.95803 0.92006 0.98307 0.99852 0.30961 0.89350 0.95803 0.99947 0.89983 0.97259 0.89867   75    1   75   75   75
   94  0.09293 0.51789 0.95911 0.91393 0.98453 1.00000 0.30908 0.89474 0.95911 0.99922 0.89733 0.97337 0.89817   75    1   75   75  100
   95  0.08348 0.46962 0.95809 0.92394 0.98031 0.96429 0.31245 0.89512 0.95809 1.00000 0.90434 0.97346 0.90052   75    1   75  100    1
   96  0.08295 0.47033 0.95809 0.92566 0.98055 0.96429 0.31246 0.88953 0.95809 0.99939 0.90127 0.97351 0.90068   75    1   75  100   25
   97  0.08381 0.46832 0.95786 0.92771 0.98049 0.96429 0.31279 0.89483 0.95786 1.00000 0.90606 0.97334 0.90090   75    1   75  100   50
   98  0.08410 0.47122 0.95819 0.92648 0.98054 0.96429 0.31264 0.89396 0.95819 0.99999 0.90575 0.97352 0.90049   75    1   75  100   75
   99  0.08351 0.46936 0.95849 0.92774 0.98171 0.96429 0.31246 0.89086 0.95849 0.99984 0.90343 0.97381 0.90057   75    1   75  100  100
  100  0.11638 0.80814 0.95085 0.90385 0.97293 0.99937 0.27922 0.90115 0.95085 0.99172 0.85390 0.96412 0.88227   75    1  100    1    1
  101  0.11576 0.81015 0.95131 0.90755 0.97545 0.99937 0.27918 0.89168 0.95131 0.98950 0.85174 0.96444 0.88195   75    1  100    1   25
  102  0.11534 0.80719 0.95160 0.90263 0.97515 0.99937 0.27936 0.89638 0.95160 0.98674 0.85257 0.96477 0.88259   75    1  100    1   50
  103  0.11620 0.80882 0.95114 0.90339 0.97257 1.00000 0.27897 0.89693 0.95114 0.99230 0.85570 0.96435 0.88217   75    1  100    1   75
  104  0.11479 0.80846 0.95091 0.90476 0.97479 0.99937 0.27923 0.88808 0.95091 0.98395 0.85847 0.96419 0.88210   75    1  100    1  100
  105  0.11495 0.74667 0.95403 0.90901 0.97867 0.99725 0.28661 0.89635 0.95403 0.99607 0.86965 0.96700 0.88593   75    1  100   25    1
  106  0.11309 0.75089 0.95431 0.90801 0.97456 0.99725 0.28617 0.88782 0.95431 0.99504 0.86538 0.96716 0.88567   75    1  100   25   25
  107  0.11414 0.74988 0.95470 0.90743 0.97721 0.99725 0.28641 0.89150 0.95470 0.99133 0.87083 0.96744 0.88555   75    1  100   25   50
  108  0.11347 0.75033 0.95461 0.91185 0.97251 0.98684 0.28610 0.89319 0.95461 0.99528 0.87046 0.96744 0.88538   75    1  100   25   75
  109  0.11399 0.74782 0.95433 0.90921 0.97436 0.99324 0.28630 0.90190 0.95433 0.98992 0.86844 0.96720 0.88592   75    1  100   25  100
  110  0.10910 0.67091 0.95459 0.91412 0.98256 0.98684 0.29399 0.90431 0.95459 0.99605 0.88229 0.96821 0.88999   75    1  100   50    1
  111  0.10754 0.67070 0.95411 0.90846 0.97816 0.99668 0.29381 0.89938 0.95411 0.99670 0.87664 0.96782 0.89000   75    1  100   50   25
  112  0.10733 0.66924 0.95445 0.91269 0.97926 0.98684 0.29396 0.89965 0.95445 0.99549 0.87981 0.96811 0.89015   75    1  100   50   50
  113  0.10782 0.67299 0.95498 0.91586 0.98007 0.98684 0.29373 0.89288 0.95498 0.99806 0.87891 0.96852 0.89007   75    1  100   50   75
  114  0.10623 0.67220 0.95517 0.91001 0.97900 0.98684 0.29382 0.89080 0.95517 0.99658 0.87552 0.96864 0.89066   75    1  100   50  100
  115  0.10129 0.60231 0.95331 0.91287 0.97980 1.00000 0.30013 0.89910 0.95331 0.99866 0.88693 0.96807 0.89415   75    1  100   75    1
  116  0.10052 0.60330 0.95368 0.91071 0.97934 1.00000 0.30037 0.89369 0.95368 0.99769 0.88595 0.96837 0.89390   75    1  100   75   25
  117  0.10237 0.60451 0.95357 0.91626 0.97832 1.00000 0.30004 0.90161 0.95357 0.99710 0.88972 0.96823 0.89418   75    1  100   75   50
  118  0.10234 0.60306 0.95392 0.91506 0.97925 1.00000 0.30020 0.90215 0.95392 0.99804 0.88939 0.96856 0.89383   75    1  100   75   75
  119  0.10003 0.60322 0.95404 0.91452 0.97736 1.00000 0.30030 0.89129 0.95404 0.99673 0.88202 0.96866 0.89420   75    1  100   75  100
  120  0.09500 0.54469 0.95283 0.91527 0.98191 1.00000 0.30516 0.90234 0.95283 0.99888 0.89460 0.96854 0.89697   75    1  100  100    1
  121  0.09583 0.54533 0.95316 0.91585 0.98341 1.00000 0.30513 0.90361 0.95316 0.99761 0.89843 0.96879 0.89709   75    1  100  100   25
  122  0.09596 0.54545 0.95324 0.91781 0.97823 1.00000 0.30485 0.90697 0.95324 0.99830 0.89920 0.96885 0.89682   75    1  100  100   50
  123  0.09599 0.54287 0.95337 0.91729 0.98305 1.00000 0.30541 0.90675 0.95337 0.99825 0.89776 0.96905 0.89703   75    1  100  100   75
  124  0.09471 0.54498 0.95265 0.91540 0.98014 1.00000 0.30511 0.90136 0.95265 0.99848 0.89467 0.96844 0.89704   75    1  100  100  100
