                                               Cluster
  Run  Product Compare     Pop   Edges Clusters   Size Leesalee  Slope  %Urban   Xmean   Ymean     Rad  Fmatch Diff  Brd Sprd  Slp   RG
    0  0.01955 0.17883 0.92613 0.91146 0.97560 0.75000 0.28506 0.86962 0.92613 0.99894 0.88792 0.96047 0.90481  100    1    1    1    1
    1  0.01964 0.17891 0.92684 0.91265 0.97613 0.75000 0.28490 0.85650 0.92684 0.99261 0.90786 0.96098 0.90484  100    1    1    1   25
    2  0.02075 0.17917 0.92645 0.91205 0.97563 0.75000 0.28490 0.86733 0.92645 0.99457 0.94664 0.96066 0.90475  100    1    1    1   50
    3  0.02014 0.17914 0.92611 0.91194 0.97535 0.75000 0.28490 0.86381 0.92611 0.98683 0.93131 0.96041 0.90475  100    1    1    1   75
    4  0.02014 0.17914 0.92611 0.91194 0.97535 0.75000 0.28490 0.86381 0.92611 0.98683 0.93131 0.96041 0.90475  100    1    1    1  100
    5  0.01731 0.17489 0.92814 0.91420 0.97696 0.75000 0.28621 0.87774 0.92814 0.94882 0.82645 0.96216 0.90511  100    1    1   25    1
    6  0.01893 0.17479 0.92776 0.91248 0.97709 0.75000 0.28603 0.87338 0.92776 0.98734 0.87643 0.96190 0.90491  100    1    1   25   25
    7  0.01964 0.17509 0.92818 0.91358 0.97656 0.75000 0.28611 0.88033 0.92818 0.98936 0.89679 0.96216 0.90496  100    1    1   25   50
    8  0.02013 0.17509 0.92780 0.91295 0.97621 0.75000 0.28622 0.87644 0.92780 1.00000 0.91498 0.96187 0.90503  100    1    1   25   75
    9  0.02013 0.17509 0.92780 0.91295 0.97621 0.75000 0.28622 0.87644 0.92780 1.00000 0.91498 0.96187 0.90503  100    1    1   25  100
   10  0.01975 0.17022 0.92821 0.91298 0.97617 0.75000 0.28728 0.86490 0.92821 0.99509 0.93524 0.96256 0.90528  100    1    1   50    1
   11  0.01941 0.17061 0.92767 0.91361 0.97674 0.75000 0.28734 0.86685 0.92767 0.99128 0.91840 0.96213 0.90527  100    1    1   50   25
   12  0.01886 0.17050 0.92645 0.91242 0.97599 0.75000 0.28729 0.86342 0.92645 0.99664 0.89693 0.96125 0.90528  100    1    1   50   50
   13  0.01908 0.17060 0.92667 0.91141 0.97560 0.75000 0.28720 0.87018 0.92667 0.99895 0.89891 0.96140 0.90532  100    1    1   50   75
   14  0.01908 0.17060 0.92667 0.91141 0.97560 0.75000 0.28720 0.87018 0.92667 0.99895 0.89891 0.96140 0.90532  100    1    1   50  100
   15  0.01702 0.16586 0.93163 0.91736 0.97805 0.75000 0.28838 0.86534 0.93163 0.99995 0.80533 0.96538 0.90546  100    1    1   75    1
   16  0.01810 0.16647 0.92864 0.91296 0.97740 0.75000 0.28815 0.86958 0.92864 0.98812 0.87270 0.96316 0.90548  100    1    1   75   25
   17  0.01806 0.16636 0.92976 0.91519 0.97872 0.75000 0.28822 0.86881 0.92976 0.99767 0.85711 0.96398 0.90551  100    1    1   75   50
   18  0.01816 0.16623 0.92834 0.91413 0.97813 0.75000 0.28824 0.86657 0.92834 0.99429 0.87258 0.96298 0.90558  100    1    1   75   75
   19  0.01816 0.16623 0.92834 0.91413 0.97813 0.75000 0.28824 0.86657 0.92834 0.99429 0.87258 0.96298 0.90558  100    1    1   75  100
   20  0.00000 0.15875 0.81137 0.77985 0.88159 0.00000 0.28928 0.96217 0.81137 0.96723 0.72828 0.87012 0.90603  100    1    1  100    1
   21  0.00000 0.16038 0.90201 0.88112 0.95822 0.00000 0.28944 0.89896 0.90201 0.99912 0.96707 0.94337 0.90568  100    1    1  100   25
   22  0.00000 0.16224 0.91734 0.90071 0.96984 0.00000 0.28927 0.87466 0.91734 0.97881 0.93322 0.95519 0.90574  100    1    1  100   50
   23  0.00000 0.15836 0.82512 0.79360 0.89414 0.00000 0.28919 0.95087 0.82512 0.98085 0.85740 0.88174 0.90642  100    1    1  100   75
   24  0.00000 0.15836 0.82512 0.79360 0.89414 0.00000 0.28919 0.95087 0.82512 0.98085 0.85740 0.88174 0.90642  100    1    1  100  100
   25  0.00000 0.30511 0.93971 0.91980 0.97488 0.00000 0.30628 0.89183 0.93971 0.99665 0.90134 0.96444 0.90522  100    1   25    1    1
   26  0.00000 0.30528 0.93908 0.92159 0.97516 0.00000 0.30628 0.89553 0.93908 0.99565 0.90530 0.96394 0.90515  100    1   25    1   25
   27  0.00000 0.30550 0.93870 0.92185 0.97530 0.00000 0.30617 0.88532 0.93870 0.99658 0.90305 0.96366 0.90522  100    1   25    1   50
   28  0.00000 0.30502 0.93864 0.92284 0.97468 0.00000 0.30604 0.88278 0.93864 0.99835 0.90874 0.96363 0.90510  100    1   25    1   75
   29  0.00000 0.30502 0.93864 0.92284 0.97468 0.00000 0.30604 0.88278 0.93864 0.99835 0.90874 0.96363 0.90510  100    1   25    1  100
   30  0.00000 0.28792 0.93997 0.92059 0.97647 0.00000 0.30654 0.91119 0.93997 0.99710 0.91426 0.96512 0.90565  100    1   25   25    1
   31  0.00000 0.28815 0.93927 0.92401 0.97611 0.00000 0.30647 0.90598 0.93927 0.99206 0.90631 0.96458 0.90557  100    1   25   25   25
   32  0.00000 0.28873 0.93953 0.92225 0.97737 0.00000 0.30682 0.90084 0.93953 0.99751 0.90852 0.96471 0.90567  100    1   25   25   50
   33  0.00000 0.28873 0.93953 0.92225 0.97737 0.00000 0.30682 0.90084 0.93953 0.99751 0.90852 0.96471 0.90567  100    1   25   25   75
   34  0.00000 0.28873 0.93953 0.92225 0.97737 0.00000 0.30682 0.90084 0.93953 0.99751 0.90852 0.96471 0.90567  100    1   25   25  100
   35  0.00000 0.26976 0.93993 0.92314 0.97558 0.00000 0.30655 0.89946 0.93993 0.99658 0.91111 0.96577 0.90614  100    1   25   50    1
   36  0.00000 0.26976 0.94013 0.92282 0.97788 0.00000 0.30606 0.89945 0.94013 0.99896 0.90058 0.96595 0.90598  100    1   25   50   25
   37  0.00000 0.27020 0.93956 0.92351 0.97865 0.00000 0.30602 0.89930 0.93956 0.99549 0.90817 0.96551 0.90601  100    1   25   50   50
   38  0.00000 0.27021 0.93957 0.92353 0.97867 0.00000 0.30602 0.89928 0.93957 0.99552 0.90825 0.96552 0.90601  100    1   25   50   75
   39  0.00000 0.27021 0.93957 0.92353 0.97867 0.00000 0.30602 0.89928 0.93957 0.99552 0.90825 0.96552 0.90601  100    1   25   50  100
   40  0.00000 0.25362 0.93650 0.91914 0.97584 0.00000 0.30595 0.90284 0.93650 0.99879 0.91620 0.96389 0.90644  100    1   25   75    1
   41  0.00000 0.25422 0.93831 0.91721 0.97610 0.00000 0.30612 0.90878 0.93831 0.99470 0.92256 0.96524 0.90632  100    1   25   75   25
   42  0.00000 0.25366 0.93858 0.92259 0.97690 0.00000 0.30601 0.89923 0.93858 0.99730 0.92557 0.96547 0.90643  100    1   25   75   50
   43  0.00000 0.25407 0.93675 0.91747 0.97699 0.00000 0.30620 0.89933 0.93675 0.99031 0.90711 0.96407 0.90649  100    1   25   75   75
   44  0.00000 0.25407 0.93675 0.91747 0.97699 0.00000 0.30620 0.89933 0.93675 0.99031 0.90711 0.96407 0.90649  100    1   25   75  100
   45  0.00000 0.24081 0.93694 0.91627 0.97641 0.00000 0.30560 0.88959 0.93694 0.99696 0.90455 0.96480 0.90666  100    1   25  100    1
   46  0.00000 0.24064 0.93560 0.91551 0.97655 0.00000 0.30568 0.90681 0.93560 0.99002 0.91696 0.96376 0.90658  100    1   25  100   25
   47  0.00000 0.24107 0.93618 0.91807 0.97892 0.00000 0.30574 0.89989 0.93618 0.99869 0.90906 0.96416 0.90659  100    1   25  100   50
   48  0.00000 0.24109 0.93629 0.91815 0.97871 0.00000 0.30575 0.89998 0.93629 0.99883 0.90707 0.96424 0.90660  100    1   25  100   75
   49  0.00000 0.24109 0.93629 0.91815 0.97871 0.00000 0.30575 0.89998 0.93629 0.99883 0.90707 0.96424 0.90660  100    1   25  100  100
   50  0.07057 0.46586 0.94873 0.91775 0.97544 0.92308 0.30550 0.86677 0.94873 1.00000 0.88358 0.96707 0.90016  100    1   50    1    1
   51  0.05703 0.46527 0.94893 0.91919 0.97260 0.75000 0.30580 0.86251 0.94893 0.99996 0.88427 0.96724 0.90000  100    1   50    1   25
   52  0.05559 0.46465 0.94881 0.92043 0.97312 0.75000 0.30613 0.84302 0.94881 0.99993 0.88051 0.96717 0.90024  100    1   50    1   50
   53  0.05556 0.46464 0.94880 0.92054 0.97318 0.75000 0.30613 0.84254 0.94880 0.99994 0.88041 0.96716 0.90024  100    1   50    1   75
   54  0.05799 0.46664 0.94902 0.92173 0.97511 0.75000 0.30586 0.87055 0.94902 0.99982 0.88326 0.96728 0.89999  100    1   50    1  100
   55  0.05354 0.43255 0.94974 0.91640 0.97685 0.75000 0.30879 0.85536 0.94974 0.99967 0.88684 0.96832 0.90140  100    1   50   25    1
   56  0.05358 0.43216 0.94879 0.91595 0.97662 0.75000 0.30891 0.86125 0.94879 0.99977 0.88467 0.96759 0.90157  100    1   50   25   25
   57  0.05647 0.43290 0.94980 0.92027 0.97695 0.75000 0.30890 0.88704 0.94980 0.99988 0.89655 0.96842 0.90145  100    1   50   25   50
   58  0.05647 0.43290 0.94980 0.92027 0.97695 0.75000 0.30890 0.88704 0.94980 0.99988 0.89655 0.96842 0.90145  100    1   50   25   75
   59  0.05777 0.43458 0.95056 0.92171 0.97401 0.75000 0.30843 0.90410 0.95056 0.99972 0.89736 0.96893 0.90146  100    1   50   25  100
   60  0.06610 0.39301 0.94786 0.92231 0.97784 0.96429 0.31096 0.88396 0.94786 0.99985 0.89598 0.96782 0.90322  100    1   50   50    1
   61  0.07079 0.39460 0.94862 0.92618 0.97881 1.00000 0.31106 0.90610 0.94862 0.99973 0.89222 0.96838 0.90329  100    1   50   50   25
   62  0.06865 0.39388 0.94863 0.92426 0.97720 0.98684 0.31086 0.89719 0.94863 0.99827 0.89235 0.96837 0.90323  100    1   50   50   50
   63  0.06865 0.39388 0.94863 0.92426 0.97720 0.98684 0.31086 0.89719 0.94863 0.99827 0.89235 0.96837 0.90323  100    1   50   50   75
   64  0.06866 0.39388 0.94863 0.92426 0.97721 0.98684 0.31086 0.89723 0.94863 0.99827 0.89242 0.96837 0.90323  100    1   50   50  100
   65  0.04902 0.36144 0.94794 0.92349 0.97970 0.75000 0.31201 0.89869 0.94794 0.99982 0.90568 0.96876 0.90427  100    1   50   75    1
   66  0.04951 0.36210 0.94712 0.92463 0.97518 0.75000 0.31197 0.90995 0.94712 0.99956 0.90745 0.96809 0.90426  100    1   50   75   25
   67  0.04981 0.36179 0.94754 0.92525 0.97652 0.75000 0.31194 0.91322 0.94754 0.99948 0.90753 0.96840 0.90426  100    1   50   75   50
   68  0.04987 0.36167 0.94662 0.92740 0.97572 0.75000 0.31192 0.91220 0.94662 0.99990 0.91077 0.96772 0.90430  100    1   50   75   75
   69  0.04987 0.36167 0.94662 0.92740 0.97572 0.75000 0.31192 0.91220 0.94662 0.99990 0.91077 0.96772 0.90430  100    1   50   75  100
   70  0.04454 0.33284 0.94595 0.92398 0.97511 0.75000 0.31251 0.89517 0.94595 0.99615 0.90619 0.96803 0.90534  100    1   50  100    1
   71  0.04550 0.33385 0.94555 0.92585 0.97705 0.75000 0.31265 0.90214 0.94555 0.99830 0.91068 0.96775 0.90532  100    1   50  100   25
   72  0.04540 0.33386 0.94569 0.92515 0.97585 0.75000 0.31262 0.90444 0.94569 0.99826 0.90816 0.96785 0.90511  100    1   50  100   50
   73  0.04540 0.33386 0.94569 0.92515 0.97585 0.75000 0.31262 0.90444 0.94569 0.99826 0.90816 0.96785 0.90511  100    1   50  100   75
   74  0.04540 0.33386 0.94569 0.92515 0.97585 0.75000 0.31262 0.90444 0.94569 0.99826 0.90816 0.96785 0.90511  100    1   50  100  100
   75  0.09568 0.64477 0.95124 0.90658 0.97241 0.98256 0.29311 0.87078 0.95124 0.99699 0.86385 0.96619 0.89145  100    1   75    1    1
   76  0.09442 0.64648 0.95128 0.91277 0.97160 0.96429 0.29294 0.86355 0.95128 0.99486 0.87087 0.96620 0.89127  100    1   75    1   25
   77  0.09556 0.64652 0.95110 0.90620 0.96855 0.99852 0.29282 0.85106 0.95110 0.99757 0.87068 0.96606 0.89164  100    1   75    1   50
   78  0.09894 0.64389 0.95234 0.91310 0.96831 0.99852 0.29310 0.87518 0.95234 0.99933 0.86829 0.96711 0.89156  100    1   75    1   75
   79  0.09618 0.64713 0.95117 0.90689 0.97072 1.00000 0.29284 0.86033 0.95117 0.99607 0.86351 0.96605 0.89140  100    1   75    1  100
   80  0.09350 0.59354 0.95368 0.91163 0.97331 0.96429 0.29884 0.88819 0.95368 0.99896 0.88173 0.96859 0.89399  100    1   75   25    1
   81  0.09407 0.59485 0.95390 0.91479 0.97309 0.96429 0.29867 0.88905 0.95390 0.99746 0.88270 0.96873 0.89398  100    1   75   25   25
   82  0.09130 0.59302 0.95384 0.91514 0.97304 0.96429 0.29901 0.86721 0.95384 0.99888 0.87851 0.96871 0.89406  100    1   75   25   50
   83  0.09293 0.59261 0.95358 0.91857 0.97428 0.96429 0.29895 0.87596 0.95358 0.99993 0.88121 0.96853 0.89416  100    1   75   25   75
   84  0.09337 0.59294 0.95473 0.91886 0.97611 0.96429 0.29904 0.87901 0.95473 0.99881 0.87783 0.96942 0.89401  100    1   75   25  100
   85  0.08859 0.53374 0.95214 0.91499 0.97111 0.99590 0.30438 0.88767 0.95214 0.99990 0.88124 0.96828 0.89745  100    1   75   50    1
   86  0.08820 0.53560 0.95291 0.91765 0.97497 0.97581 0.30411 0.88764 0.95291 0.99824 0.88684 0.96884 0.89716  100    1   75   50   25
   87  0.08960 0.53444 0.95325 0.91514 0.97508 0.99590 0.30402 0.88866 0.95325 0.99983 0.88382 0.96915 0.89726  100    1   75   50   50
   88  0.08965 0.53521 0.95359 0.91926 0.97398 0.99590 0.30412 0.88211 0.95359 0.99951 0.88572 0.96941 0.89726  100    1   75   50   75
   89  0.08906 0.53629 0.95369 0.91581 0.97544 1.00000 0.30391 0.87496 0.95369 0.99920 0.88423 0.96947 0.89734  100    1   75   50  100
   90  0.08349 0.48390 0.95244 0.91897 0.97240 1.00000 0.30799 0.88843 0.95244 0.99980 0.89219 0.96936 0.89957  100    1   75   75    1
   91  0.08214 0.48320 0.95180 0.91810 0.97656 1.00000 0.30821 0.87786 0.95180 0.99999 0.88747 0.96889 0.89967  100    1   75   75   25
   92  0.08363 0.48284 0.95219 0.91965 0.97387 1.00000 0.30822 0.88671 0.95219 0.99978 0.89535 0.96921 0.89961  100    1   75   75   50
   93  0.08448 0.48366 0.95238 0.92226 0.97463 1.00000 0.30822 0.89205 0.95238 0.99976 0.89346 0.96935 0.89995  100    1   75   75   75
   94  0.08424 0.48229 0.95141 0.91982 0.97442 1.00000 0.30800 0.89609 0.95141 0.99848 0.89655 0.96859 0.89962  100    1   75   75  100
   95  0.07727 0.43757 0.95043 0.92043 0.97540 0.99590 0.31087 0.89200 0.95043 1.00000 0.90252 0.96876 0.90183  100    1   75  100    1
   96  0.07278 0.43986 0.95074 0.91966 0.97815 0.92308 0.31062 0.90411 0.95074 0.99998 0.89861 0.96898 0.90154  100    1   75  100   25
   97  0.06712 0.43867 0.95124 0.91689 0.97992 0.84211 0.31109 0.90471 0.95124 0.99996 0.90850 0.96935 0.90169  100    1   75  100   50
   98  0.06712 0.43867 0.95124 0.91689 0.97992 0.84211 0.31109 0.90471 0.95124 0.99996 0.90850 0.96935 0.90169  100    1   75  100   75
   99  0.07329 0.43848 0.95120 0.91940 0.97813 0.92308 0.31105 0.90301 0.95120 0.99994 0.90647 0.96932 0.90174  100    1   75  100  100
  100  0.11514 0.82523 0.95164 0.90439 0.96517 0.98684 0.27687 0.89785 0.95164 0.99087 0.85362 0.96465 0.88179  100    1  100    1    1
  101  0.11597 0.82875 0.95150 0.90495 0.96919 0.98684 0.27629 0.89650 0.95150 0.99435 0.85361 0.96448 0.88062  100    1  100    1   25
  102  0.11559 0.82469 0.95239 0.90416 0.96651 0.98684 0.27714 0.89498 0.95239 0.99028 0.85745 0.96521 0.88142  100    1  100    1   50
  103  0.11528 0.83030 0.95158 0.90243 0.96288 0.98684 0.27631 0.90200 0.95158 0.99108 0.85206 0.96451 0.88080  100    1  100    1   75
  104  0.11245 0.82858 0.95216 0.90158 0.95979 0.98684 0.27640 0.89202 0.95216 0.98572 0.84848 0.96501 0.88095  100    1  100    1  100
  105  0.11314 0.76089 0.95491 0.90958 0.96547 0.99885 0.28407 0.88996 0.95491 0.99407 0.86412 0.96763 0.88472  100    1  100   25    1
  106  0.11418 0.76455 0.95485 0.90635 0.96806 0.99590 0.28422 0.89004 0.95485 0.99635 0.86889 0.96750 0.88469  100    1  100   25   25
  107  0.11452 0.76620 0.95517 0.90808 0.97019 0.99176 0.28439 0.88991 0.95517 0.99700 0.86799 0.96773 0.88471  100    1  100   25   50
  108  0.11427 0.76550 0.95501 0.90749 0.96963 0.99885 0.28393 0.89439 0.95501 0.99160 0.86369 0.96759 0.88489  100    1  100   25   75
  109  0.11633 0.76517 0.95580 0.91156 0.96764 0.99590 0.28399 0.90261 0.95580 0.99524 0.86717 0.96827 0.88442  100    1  100   25  100
  110  0.10749 0.68235 0.95480 0.91343 0.97272 0.99668 0.29191 0.88626 0.95480 0.99632 0.87872 0.96835 0.88968  100    1  100   50    1
  111  0.10917 0.68420 0.95442 0.91013 0.96820 1.00000 0.29200 0.90441 0.95442 0.99459 0.87913 0.96797 0.88937  100    1  100   50   25
  112  0.10814 0.68317 0.95404 0.90962 0.97086 0.99668 0.29183 0.89903 0.95404 0.99359 0.88088 0.96769 0.88920  100    1  100   50   50
  113  0.10857 0.68372 0.95450 0.91585 0.97463 0.98684 0.29219 0.89522 0.95450 0.99669 0.88157 0.96808 0.88930  100    1  100   50   75
  114  0.10577 0.68507 0.95420 0.90500 0.96951 0.99668 0.29159 0.88655 0.95420 0.99648 0.87450 0.96777 0.88942  100    1  100   50  100
  115  0.10167 0.61133 0.95404 0.90970 0.97513 1.00000 0.29874 0.90067 0.95404 0.99708 0.88731 0.96859 0.89339  100    1  100   75    1
  116  0.10249 0.61116 0.95387 0.91203 0.97471 1.00000 0.29848 0.90598 0.95387 0.99873 0.88739 0.96850 0.89327  100    1  100   75   25
  117  0.10274 0.61267 0.95375 0.90865 0.97759 1.00000 0.29852 0.90901 0.95375 0.99624 0.88737 0.96836 0.89335  100    1  100   75   50
  118  0.10111 0.61490 0.95352 0.90988 0.97177 1.00000 0.29858 0.89999 0.95352 0.99768 0.88238 0.96809 0.89320  100    1  100   75   75
  119  0.10035 0.61308 0.95389 0.90955 0.97744 1.00000 0.29812 0.89293 0.95389 0.99702 0.88133 0.96843 0.89322  100    1  100   75  100
  120  0.09411 0.55424 0.95338 0.91573 0.97481 0.99083 0.30348 0.90073 0.95338 0.99989 0.88969 0.96888 0.89648  100    1  100  100    1
  121  0.09584 0.55280 0.95332 0.91347 0.97674 1.00000 0.30379 0.91008 0.95332 0.99862 0.89162 0.96885 0.89645  100    1  100  100   25
  122  0.09182 0.55063 0.95342 0.91449 0.97460 0.96429 0.30398 0.90766 0.95342 0.99603 0.89414 0.96902 0.89641  100    1  100  100   50
  123  0.09397 0.55366 0.95327 0.91526 0.97416 0.99083 0.30375 0.89994 0.95327 0.99759 0.89289 0.96879 0.89626  100    1  100  100   75
  124  0.09385 0.55389 0.95308 0.91651 0.98085 0.99083 0.30352 0.89522 0.95308 0.99579 0.89127 0.96864 0.89655  100    1  100  100  100
