                                               Cluster
  Run  Product Compare     Pop   Edges Clusters   Size Leesalee  Slope  %Urban   Xmean   Ymean     Rad  Fmatch Diff  Brd Sprd  Slp   RG
    3  0.00000 0.13436 0.92444 0.92810 0.97440 0.00000 0.30042 0.80959 0.92444 0.98684 0.92102 0.96293 0.90780    1    1    1    1   50
    2  0.00000 0.13434 0.92399 0.92698 0.95108 0.00000 0.30046 0.86249 0.92399 0.99974 0.86610 0.96260 0.90780    1    1    1    1   75
    4  0.00000 0.13436 0.92612 0.90789 0.98730 0.00000 0.30040 0.90208 0.92612 0.99823 0.94818 0.96413 0.90781    1    1    1    1  100
    1  0.00000 0.13433 0.91732 0.88452 0.95669 0.00000 0.30045 0.83676 0.91732 0.97930 0.93484 0.95779 0.90780    1    1    1    1   25
    0  0.00000 0.13429 0.92719 0.92350 0.99905 0.00000 0.30042 0.81097 0.92719 0.99688 0.90790 0.96489 0.90783    1    1    1    1    1
    8  0.00000 0.13267 0.92843 0.95427 0.99483 0.00000 0.30003 0.83951 0.92843 0.99996 0.94004 0.96594 0.90776    1    1    1  100   75
    7  0.00000 0.13281 0.92244 0.89348 0.99492 0.00000 0.30006 0.85546 0.92244 0.86306 0.89452 0.96168 0.90777    1    1    1  100  100
    5  0.00000 0.13276 0.92679 0.92432 0.98531 0.00000 0.30014 0.83752 0.92679 0.99968 0.89788 0.96476 0.90777    1    1    1  100    1
    9  0.00000 0.13269 0.92897 0.90272 0.96609 0.00000 0.30008 0.83934 0.92897 0.99027 0.94947 0.96630 0.90776    1    1    1  100   50
    6  0.00000 0.13278 0.93345 0.92848 0.98651 0.00000 0.30012 0.83378 0.93345 0.97661 0.93072 0.96943 0.90777    1    1    1  100   25
   13  0.10799 0.74046 0.94720 0.88782 0.96366 0.99958 0.28761 0.89623 0.94720 0.99314 0.86405 0.96193 0.89331    1    1  100    1   75
   14  0.10451 0.74175 0.94746 0.87713 0.95322 0.99924 0.28756 0.89205 0.94746 0.98861 0.86188 0.96213 0.89334    1    1  100    1    1
   12  0.10691 0.74352 0.94804 0.88401 0.95788 0.99958 0.28748 0.89127 0.94804 0.98993 0.86675 0.96256 0.89320    1    1  100    1   50
   11  0.10551 0.73996 0.94687 0.87781 0.96058 0.99995 0.28763 0.89591 0.94687 0.99135 0.85949 0.96163 0.89332    1    1  100    1   25
   10  0.10128 0.74297 0.94792 0.88673 0.91598 0.99958 0.28745 0.88840 0.94792 0.98902 0.86069 0.96243 0.89317    1    1  100    1  100
   16  0.08501 0.50534 0.95121 0.90397 0.93234 1.00000 0.31232 0.90136 0.95121 0.99960 0.89597 0.96793 0.90390    1    1  100  100   25
   17  0.08278 0.50476 0.95200 0.90579 0.91152 1.00000 0.31261 0.89471 0.95200 0.99660 0.89806 0.96859 0.90390    1    1  100  100  100
   19  0.08662 0.50555 0.95081 0.89951 0.95993 1.00000 0.31233 0.89663 0.95081 0.99911 0.89715 0.96760 0.90369    1    1  100  100   50
   15  0.08734 0.50570 0.95057 0.90020 0.95126 1.00000 0.31286 0.90748 0.95057 0.99964 0.89947 0.96740 0.90384    1    1  100  100    1
   18  0.08352 0.50573 0.95130 0.91447 0.90551 1.00000 0.31240 0.89568 0.95130 0.99813 0.90192 0.96799 0.90380    1    1  100  100   75
   24  0.00000 0.13500 0.92570 0.88812 0.93549 0.00000 0.30029 0.80573 0.92570 0.98274 0.85815 0.96382 0.90779    1  100    1    1   75
   20  0.00000 0.13470 0.92284 0.92116 0.97140 0.00000 0.30035 0.86336 0.92284 0.97202 0.89892 0.96178 0.90779    1  100    1    1    1
   22  0.00000 0.13484 0.91832 0.89688 0.97007 0.00000 0.30018 0.88798 0.91832 0.96727 0.87055 0.95853 0.90779    1  100    1    1  100
   21  0.00000 0.13479 0.92382 0.93098 0.96243 0.00000 0.30027 0.88129 0.92382 0.99999 0.95515 0.96249 0.90780    1  100    1    1   25
   23  0.00000 0.13504 0.92590 0.91762 0.97214 0.00000 0.30031 0.82873 0.92590 0.94980 0.94782 0.96396 0.90782    1  100    1    1   50
   25  0.00000 0.13298 0.93227 0.93827 0.96697 0.00000 0.30001 0.84322 0.93227 0.97256 0.96238 0.96861 0.90776    1  100    1  100  100
   27  0.00000 0.13290 0.93469 0.90646 0.99884 0.00000 0.30002 0.83416 0.93469 0.97798 0.90306 0.97028 0.90775    1  100    1  100    1
   26  0.00000 0.13298 0.92664 0.91176 0.99541 0.00000 0.30012 0.82420 0.92664 0.97935 0.94571 0.96465 0.90778    1  100    1  100   50
   29  0.00000 0.13302 0.93058 0.90361 0.98901 0.00000 0.29997 0.84254 0.93058 0.99503 0.85355 0.96743 0.90776    1  100    1  100   75
   28  0.00000 0.13297 0.93369 0.92227 0.96899 0.00000 0.29997 0.81860 0.93369 0.99513 0.93563 0.96959 0.90777    1  100    1  100   25
   30  0.11916 0.78506 0.95286 0.90392 0.98978 0.99996 0.28412 0.90071 0.95286 0.98297 0.86357 0.96563 0.89082    1  100  100    1    1
   31  0.11850 0.79272 0.95402 0.91508 0.99108 0.99996 0.28347 0.89655 0.95402 0.95487 0.86731 0.96647 0.89032    1  100  100    1   25
   33  0.11310 0.80686 0.95437 0.90121 0.98044 1.00000 0.28252 0.89993 0.95437 0.91575 0.87019 0.96643 0.88951    1  100  100    1   50
   32  0.10739 0.80677 0.95453 0.90489 0.93171 1.00000 0.28216 0.89276 0.95453 0.92370 0.86629 0.96658 0.88937    1  100  100    1   75
   34  0.11939 0.81492 0.95375 0.90167 0.99372 0.99895 0.28048 0.89020 0.95375 0.96950 0.86551 0.96594 0.88913    1  100  100    1  100
   36  0.08868 0.52252 0.95443 0.91503 0.93355 1.00000 0.31107 0.89602 0.95443 0.99882 0.89422 0.96999 0.90319    1  100  100  100    1
   37  0.08244 0.52470 0.95416 0.91340 0.87691 1.00000 0.31094 0.89829 0.95416 0.99653 0.88420 0.96968 0.90280    1  100  100  100   25
   35  0.08663 0.52637 0.95525 0.91716 0.92162 1.00000 0.31112 0.88137 0.95525 0.99065 0.89645 0.97057 0.90276    1  100  100  100   50
   39  0.08490 0.52942 0.95496 0.91523 0.90374 1.00000 0.31080 0.88908 0.95496 0.98270 0.89397 0.97018 0.90270    1  100  100  100   75
   38  0.08778 0.52868 0.95499 0.91678 0.93363 1.00000 0.31047 0.89396 0.95499 0.97886 0.89400 0.97025 0.90263    1  100  100  100  100
   44  0.01967 0.17889 0.92829 0.91382 0.97677 0.75000 0.28512 0.87877 0.92829 0.98835 0.88407 0.96200 0.90517  100    1    1    1   25
   42  0.01929 0.17895 0.92797 0.91321 0.97666 0.75000 0.28495 0.86247 0.92797 0.97071 0.90123 0.96181 0.90511  100    1    1    1   50
   40  0.02018 0.17889 0.92667 0.91205 0.97616 0.75000 0.28504 0.87721 0.92667 0.99509 0.90930 0.96083 0.90515  100    1    1    1    1
   43  0.01894 0.17895 0.92650 0.91262 0.97607 0.75000 0.28505 0.87792 0.92650 0.99256 0.85469 0.96070 0.90513  100    1    1    1  100
   41  0.01927 0.17893 0.92654 0.91276 0.97576 0.75000 0.28497 0.87756 0.92654 0.99193 0.87080 0.96073 0.90515  100    1    1    1   75
   46  0.00000 0.16026 0.87337 0.85015 0.93610 0.00000 0.28920 0.91971 0.87337 0.99875 0.92237 0.92095 0.90586  100    1    1  100  100
   49  0.00000 0.16155 0.89704 0.87764 0.95584 0.00000 0.28922 0.90481 0.89704 0.91960 0.80902 0.93975 0.90592  100    1    1  100   75
   45  0.00000 0.16007 0.85359 0.82585 0.91889 0.00000 0.28920 0.94016 0.85359 0.92088 0.93579 0.90494 0.90590  100    1    1  100   50
   47  0.00000 0.15801 0.75793 0.71751 0.82907 0.00000 0.28922 0.98435 0.75793 0.98854 0.65037 0.82432 0.90626  100    1    1  100   25
   48  0.00000 0.15901 0.81488 0.78076 0.88404 0.00000 0.28916 0.96034 0.81488 0.93605 0.74821 0.87286 0.90629  100    1    1  100    1
   50  0.11547 0.82484 0.95173 0.90246 0.96741 0.98684 0.27674 0.89683 0.95173 0.99107 0.85078 0.96474 0.88857  100    1  100    1    1
   52  0.11656 0.82564 0.95198 0.90244 0.96930 0.98684 0.27698 0.89333 0.95198 0.99362 0.85633 0.96489 0.88837  100    1  100    1   50
   53  0.11576 0.82733 0.95214 0.90762 0.96573 0.98684 0.27654 0.89023 0.95214 0.98803 0.85589 0.96504 0.88816  100    1  100    1   75
   51  0.11611 0.82906 0.95187 0.90334 0.96841 0.98684 0.27704 0.89190 0.95187 0.99321 0.85081 0.96475 0.88880  100    1  100    1   25
   54  0.11575 0.82905 0.95163 0.90540 0.96717 0.98684 0.27671 0.89420 0.95163 0.99073 0.84992 0.96452 0.88775  100    1  100    1  100
   58  0.09219 0.55192 0.95363 0.91921 0.97686 0.96429 0.30364 0.89204 0.95363 0.99779 0.89856 0.96921 0.90128  100    1  100  100   50
   57  0.09302 0.55339 0.95278 0.91893 0.97529 0.96429 0.30356 0.90731 0.95278 0.99841 0.89337 0.96845 0.90062  100    1  100  100   75
   59  0.09573 0.55327 0.95307 0.91491 0.97755 0.99083 0.30349 0.90745 0.95307 0.99666 0.89729 0.96867 0.90098  100    1  100  100   25
   55  0.09415 0.55310 0.95380 0.91506 0.97525 0.99083 0.30374 0.90016 0.95380 0.99446 0.89093 0.96925 0.90128  100    1  100  100    1
   56  0.09248 0.55308 0.95368 0.91512 0.97332 0.96429 0.30367 0.90049 0.95368 0.99645 0.89965 0.96918 0.90093  100    1  100  100  100
   60  0.02649 0.27825 0.92921 0.91464 0.97375 0.75000 0.25890 0.90343 0.92921 0.99603 0.82254 0.95780 0.89944  100  100    1    1    1
   61  0.02832 0.28460 0.92859 0.91378 0.97304 0.75000 0.25763 0.90594 0.92859 0.99383 0.86695 0.95718 0.89913  100  100    1    1  100
   63  0.02387 0.28485 0.92752 0.91233 0.97239 0.75000 0.25771 0.90319 0.92752 0.98434 0.74313 0.95629 0.89895  100  100    1    1   75
   62  0.03060 0.28345 0.93124 0.91637 0.97297 0.75000 0.25790 0.92042 0.93124 0.99900 0.90997 0.95924 0.89929  100  100    1    1   25
   64  0.02922 0.28520 0.92902 0.91417 0.97223 0.75000 0.25753 0.91596 0.92902 0.99482 0.88163 0.95749 0.89906  100  100    1    1   50
   66  0.00000 0.23310 0.93139 0.91748 0.97673 0.00000 0.26909 0.89318 0.93139 0.99909 0.94010 0.96126 0.90177  100  100    1  100  100
   68  0.00000 0.23193 0.93066 0.91586 0.97439 0.00000 0.26907 0.89170 0.93066 0.90798 0.85755 0.96078 0.90191  100  100    1  100   75
   65  0.00000 0.22953 0.93160 0.91747 0.97605 0.00000 0.26972 0.88925 0.93160 0.95835 0.96747 0.96158 0.90192  100  100    1  100    1
   69  0.00000 0.23211 0.93271 0.91913 0.97687 0.00000 0.26920 0.88627 0.93271 0.99479 0.81210 0.96230 0.90185  100  100    1  100   25
   67  0.00000 0.23206 0.92959 0.91564 0.97435 0.00000 0.26890 0.89464 0.92959 0.99319 0.87617 0.95997 0.90186  100  100    1  100   50
   73  0.00382 0.34200 0.97214 0.83529 0.16081 0.97197 0.17666 0.95108 0.97214 0.83311 0.88259 0.96825 0.75663  100  100  100    1    1
   71  0.00365 0.34178 0.97204 0.83435 0.15217 0.97197 0.17723 0.95454 0.97204 0.78885 0.93723 0.96823 0.75713  100  100  100    1   25
   74  0.00489 0.34048 0.97145 0.83189 0.17270 0.97336 0.17636 0.95524 0.97145 0.90794 0.97223 0.96767 0.75695  100  100  100    1   50
   70  0.00601 0.33911 0.97124 0.82722 0.21940 0.97185 0.17569 0.95270 0.97124 0.95985 0.90884 0.96749 0.75438  100  100  100    1   75
   72  0.00614 0.34051 0.97111 0.83124 0.21818 0.97185 0.17566 0.95766 0.97111 0.95509 0.92416 0.96742 0.75575  100  100  100    1  100
   75  0.00322 0.64880 0.98435 0.93765 0.86009 0.98509 0.22652 0.96971 0.98435 0.97509 0.03652 0.98363 0.83900  100  100  100  100    1
   77  0.00014 0.64550 0.98400 0.93667 0.86028 0.98684 0.22566 0.97057 0.98400 0.95872 0.00157 0.98327 0.83824  100  100  100  100   25
   79  0.00939 0.64637 0.98400 0.93857 0.88026 0.98684 0.22606 0.97024 0.98400 0.97408 0.10441 0.98327 0.83895  100  100  100  100   50
   78  0.00845 0.64648 0.98404 0.93821 0.86572 0.98684 0.22620 0.97202 0.98404 0.92285 0.10074 0.98332 0.83829  100  100  100  100   75
   76  0.02963 0.64539 0.98397 0.93772 0.85092 0.98928 0.22557 0.97233 0.98397 0.99999 0.33277 0.98325 0.83716  100  100  100  100  100
