                                               Cluster
  Run  Product Compare     Pop   Edges Clusters   Size Leesalee  Slope  %Urban   Xmean   Ymean     Rad  Fmatch Diff  Brd Sprd  Slp   RG
    0  0.00000 0.13437 0.92537 0.89880 0.98804 0.00000 0.30040 0.88693 0.92537 0.96735 0.89184 0.96359 0.90782    1    1    1    1    1
    1  0.00000 0.13440 0.93456 0.93955 0.97741 0.00000 0.30044 0.86454 0.93456 0.96334 0.90132 0.97004 0.90778    1    1    1    1   25
    2  0.00000 0.13453 0.93318 0.93615 0.96306 0.00000 0.30044 0.83916 0.93318 0.99648 0.91714 0.96908 0.90776    1    1    1    1   50
    3  0.00000 0.13453 0.93318 0.93615 0.96306 0.00000 0.30044 0.83916 0.93318 0.99648 0.91714 0.96908 0.90776    1    1    1    1   75
    4  0.00000 0.13453 0.93318 0.93615 0.96306 0.00000 0.30044 0.83916 0.93318 0.99648 0.91714 0.96908 0.90776    1    1    1    1  100
    5  0.00000 0.13389 0.92874 0.92059 0.96431 0.00000 0.30034 0.81978 0.92874 0.96249 0.95839 0.96603 0.90777    1    1    1   25    1
    6  0.00000 0.13384 0.93242 0.94892 0.98246 0.00000 0.30031 0.86045 0.93242 0.94532 0.97292 0.96862 0.90779    1    1    1   25   25
    7  0.00000 0.13380 0.93439 0.94909 0.99324 0.00000 0.30029 0.89179 0.93439 0.98414 0.94461 0.96998 0.90777    1    1    1   25   50
    8  0.00000 0.13380 0.93439 0.94909 0.99324 0.00000 0.30029 0.89179 0.93439 0.98414 0.94461 0.96998 0.90777    1    1    1   25   75
    9  0.00000 0.13380 0.93439 0.94909 0.99324 0.00000 0.30029 0.89179 0.93439 0.98414 0.94461 0.96998 0.90777    1    1    1   25  100
   10  0.00000 0.13336 0.93549 0.92711 0.97433 0.00000 0.30023 0.83667 0.93549 0.99984 0.98208 0.97077 0.90776    1    1    1   50    1
   11  0.00000 0.13340 0.93361 0.91727 0.99479 0.00000 0.30027 0.79551 0.93361 0.92995 0.94811 0.96947 0.90780    1    1    1   50   25
   12  0.00000 0.13346 0.92917 0.92225 0.98906 0.00000 0.30019 0.87860 0.92917 0.99959 0.90245 0.96639 0.90775    1    1    1   50   50
   13  0.00000 0.13346 0.92917 0.92225 0.98906 0.00000 0.30019 0.87860 0.92917 0.99959 0.90245 0.96639 0.90775    1    1    1   50   75
   14  0.00000 0.13346 0.92917 0.92225 0.98906 0.00000 0.30019 0.87860 0.92917 0.99959 0.90245 0.96639 0.90775    1    1    1   50  100
   15  0.00000 0.13295 0.93284 0.91610 0.95641 0.00000 0.30015 0.83323 0.93284 0.95849 0.90853 0.96899 0.90773    1    1    1   75    1
   16  0.00000 0.13300 0.92516 0.89235 0.95940 0.00000 0.30010 0.85559 0.92516 0.99589 0.97751 0.96358 0.90777    1    1    1   75   25
   17  0.00000 0.13303 0.92825 0.94548 0.99292 0.00000 0.30010 0.83325 0.92825 0.96690 0.92810 0.96577 0.90776    1    1    1   75   50
   18  0.00000 0.13303 0.92825 0.94548 0.99292 0.00000 0.30010 0.83325 0.92825 0.96690 0.92810 0.96577 0.90776    1    1    1   75   75
   19  0.00000 0.13303 0.92825 0.94548 0.99292 0.00000 0.30010 0.83325 0.92825 0.96690 0.92810 0.96577 0.90776    1    1    1   75  100
   20  0.00000 0.13269 0.93733 0.91379 0.99453 0.00000 0.30007 0.77262 0.93733 0.95033 0.85556 0.97209 0.90774    1    1    1  100    1
   21  0.00000 0.13271 0.92431 0.89884 0.98224 0.00000 0.30003 0.81095 0.92431 0.98398 0.90951 0.96302 0.90773    1    1    1  100   25
   22  0.00000 0.13271 0.92913 0.92293 0.98342 0.00000 0.30007 0.83177 0.92913 0.86887 0.96028 0.96643 0.90774    1    1    1  100   50
   23  0.00000 0.13271 0.92913 0.92293 0.98342 0.00000 0.30007 0.83177 0.92913 0.86887 0.96028 0.96643 0.90774    1    1    1  100   75
   24  0.00000 0.13271 0.92913 0.92293 0.98342 0.00000 0.30007 0.83177 0.92913 0.86887 0.96028 0.96643 0.90774    1    1    1  100  100
   25  0.04821 0.27477 0.94786 0.92611 0.96523 0.99668 0.32221 0.85102 0.94786 0.99534 0.91068 0.97097 0.90827    1    1   25    1    1
   26  0.04875 0.27445 0.94793 0.94271 0.96431 1.00000 0.32231 0.83912 0.94793 0.99582 0.91542 0.97106 0.90833    1    1   25    1   25
   27  0.04684 0.27479 0.94809 0.93609 0.91052 0.99590 0.32203 0.86369 0.94809 0.99473 0.91540 0.97116 0.90824    1    1   25    1   50
   28  0.04684 0.27479 0.94809 0.93609 0.91052 0.99590 0.32203 0.86369 0.94809 0.99473 0.91540 0.97116 0.90824    1    1   25    1   75
   29  0.04684 0.27479 0.94809 0.93609 0.91052 0.99590 0.32203 0.86369 0.94809 0.99473 0.91540 0.97116 0.90824    1    1   25    1  100
   30  0.04883 0.26002 0.94824 0.93418 0.97826 1.00000 0.32175 0.88334 0.94824 0.98982 0.91997 0.97177 0.90865    1    1   25   25    1
   31  0.04756 0.26056 0.94874 0.93041 0.94800 1.00000 0.32170 0.88516 0.94874 0.98831 0.92515 0.97210 0.90848    1    1   25   25   25
   32  0.04918 0.26076 0.94904 0.92165 0.96948 1.00000 0.32181 0.89850 0.94904 0.99293 0.92396 0.97231 0.90854    1    1   25   25   50
   33  0.04918 0.26076 0.94904 0.92165 0.96948 1.00000 0.32181 0.89850 0.94904 0.99293 0.92396 0.97231 0.90854    1    1   25   25   75
   34  0.04918 0.26076 0.94904 0.92165 0.96948 1.00000 0.32181 0.89850 0.94904 0.99293 0.92396 0.97231 0.90854    1    1   25   25  100
   35  0.04633 0.24458 0.94564 0.94101 0.97287 0.99083 0.32030 0.89988 0.94564 0.99169 0.92630 0.97053 0.90876    1    1   25   50    1
   36  0.04553 0.24460 0.94684 0.92532 0.97481 0.99083 0.32054 0.89720 0.94684 0.98885 0.92550 0.97142 0.90859    1    1   25   50   25
   37  0.04503 0.24478 0.94687 0.92319 0.96500 0.99083 0.32057 0.89652 0.94687 0.99053 0.92511 0.97143 0.90868    1    1   25   50   50
   38  0.04398 0.24494 0.94722 0.92551 0.94968 0.99083 0.32058 0.88866 0.94722 0.99037 0.92244 0.97167 0.90865    1    1   25   50   75
   39  0.04398 0.24494 0.94722 0.92551 0.94968 0.99083 0.32058 0.88866 0.94722 0.99037 0.92244 0.97167 0.90865    1    1   25   50  100
   40  0.04459 0.23146 0.94682 0.94252 0.98523 1.00000 0.31917 0.88849 0.94682 0.98982 0.93339 0.97203 0.90879    1    1   25   75    1
   41  0.04419 0.23102 0.94566 0.93664 0.98140 1.00000 0.31914 0.89317 0.94566 0.99026 0.93391 0.97123 0.90888    1    1   25   75   25
   42  0.04347 0.23112 0.94601 0.92963 0.97815 1.00000 0.31937 0.88246 0.94601 0.99129 0.93708 0.97146 0.90875    1    1   25   75   50
   43  0.04347 0.23112 0.94601 0.92963 0.97815 1.00000 0.31937 0.88246 0.94601 0.99129 0.93708 0.97146 0.90875    1    1   25   75   75
   44  0.04347 0.23112 0.94601 0.92963 0.97815 1.00000 0.31937 0.88246 0.94601 0.99129 0.93708 0.97146 0.90875    1    1   25   75  100
   45  0.03904 0.21916 0.94249 0.93420 0.97139 0.96429 0.31792 0.89193 0.94249 0.99053 0.92584 0.96951 0.90896    1    1   25  100    1
   46  0.03929 0.21968 0.94452 0.93011 0.96402 0.96429 0.31787 0.89884 0.94452 0.98994 0.92902 0.97096 0.90879    1    1   25  100   25
   47  0.04004 0.21902 0.94601 0.94027 0.97694 0.96429 0.31793 0.89427 0.94601 0.98882 0.92859 0.97207 0.90878    1    1   25  100   50
   48  0.04004 0.21902 0.94601 0.94027 0.97694 0.96429 0.31793 0.89427 0.94601 0.98882 0.92859 0.97207 0.90878    1    1   25  100   75
   49  0.04004 0.21902 0.94601 0.94027 0.97694 0.96429 0.31793 0.89427 0.94601 0.98882 0.92859 0.97207 0.90878    1    1   25  100  100
   50  0.07030 0.44551 0.95411 0.91473 0.91562 0.99982 0.31841 0.83481 0.95411 0.99988 0.88881 0.97090 0.90259    1    1   50    1    1
   51  0.07288 0.44592 0.95425 0.91433 0.96561 0.99838 0.31829 0.81893 0.95425 1.00000 0.89129 0.97102 0.90260    1    1   50    1   25
   52  0.07253 0.44505 0.95439 0.91616 0.94374 1.00000 0.31852 0.82654 0.95439 0.99988 0.89686 0.97113 0.90260    1    1   50    1   50
   53  0.07422 0.44511 0.95423 0.91310 0.98004 0.99725 0.31834 0.82130 0.95423 0.99998 0.89562 0.97101 0.90248    1    1   50    1   75
   54  0.07554 0.44668 0.95397 0.91377 0.96171 0.99725 0.31852 0.84693 0.95397 0.99993 0.89715 0.97077 0.90260    1    1   50    1  100
   55  0.07248 0.41482 0.95599 0.91678 0.97363 0.99590 0.32099 0.84334 0.95599 0.99883 0.90451 0.97289 0.90390    1    1   50   25    1
   56  0.07446 0.41496 0.95558 0.92495 0.98039 0.99590 0.32107 0.85544 0.95558 0.99959 0.90159 0.97259 0.90390    1    1   50   25   25
   57  0.07401 0.41459 0.95674 0.92183 0.97581 0.99590 0.32124 0.85496 0.95674 0.99946 0.90140 0.97344 0.90387    1    1   50   25   50
   58  0.07409 0.41561 0.95584 0.91780 0.97191 0.99590 0.32114 0.86156 0.95584 0.99977 0.90319 0.97272 0.90382    1    1   50   25   75
   59  0.07195 0.41419 0.95613 0.91613 0.95225 0.99590 0.32119 0.85641 0.95613 0.99939 0.90463 0.97300 0.90389    1    1   50   25  100
   60  0.06566 0.37867 0.95438 0.92804 0.92263 1.00000 0.32308 0.86326 0.95438 0.99803 0.90733 0.97251 0.90531    1    1   50   50    1
   61  0.06719 0.37845 0.95603 0.92427 0.94396 1.00000 0.32279 0.86092 0.95603 0.99965 0.90917 0.97379 0.90530    1    1   50   50   25
   62  0.06902 0.37856 0.95638 0.92593 0.95490 1.00000 0.32289 0.86839 0.95638 0.99991 0.91184 0.97403 0.90531    1    1   50   50   50
   63  0.06902 0.37856 0.95638 0.92593 0.95490 1.00000 0.32289 0.86839 0.95638 0.99991 0.91184 0.97403 0.90531    1    1   50   50   75
   64  0.06935 0.37908 0.95540 0.92193 0.96194 1.00000 0.32301 0.87403 0.95540 0.99892 0.90956 0.97323 0.90524    1    1   50   50  100
   65  0.06314 0.34608 0.95296 0.93068 0.94204 1.00000 0.32367 0.88362 0.95296 0.99783 0.91091 0.97235 0.90652    1    1   50   75    1
   66  0.06545 0.34651 0.95443 0.93285 0.95118 1.00000 0.32391 0.89278 0.95443 0.99853 0.91722 0.97341 0.90641    1    1   50   75   25
   67  0.06745 0.34771 0.95450 0.93018 0.97415 0.99803 0.32397 0.89891 0.95450 0.99792 0.91820 0.97343 0.90641    1    1   50   75   50
   68  0.06745 0.34771 0.95450 0.93018 0.97415 0.99803 0.32397 0.89891 0.95450 0.99792 0.91820 0.97343 0.90641    1    1   50   75   75
   69  0.06745 0.34771 0.95450 0.93018 0.97415 0.99803 0.32397 0.89891 0.95450 0.99792 0.91820 0.97343 0.90641    1    1   50   75  100
   70  0.06249 0.32128 0.95247 0.93256 0.97418 1.00000 0.32348 0.90036 0.95247 0.99771 0.92043 0.97273 0.90715    1    1   50  100    1
   71  0.06071 0.32110 0.95219 0.93105 0.95762 1.00000 0.32375 0.89456 0.95219 0.99857 0.91673 0.97253 0.90707    1    1   50  100   25
   72  0.06076 0.32082 0.95246 0.92825 0.95001 1.00000 0.32406 0.90010 0.95246 0.99877 0.92076 0.97272 0.90732    1    1   50  100   50
   73  0.06076 0.32082 0.95246 0.92825 0.95001 1.00000 0.32406 0.90010 0.95246 0.99877 0.92076 0.97272 0.90732    1    1   50  100   75
   74  0.06076 0.32082 0.95246 0.92825 0.95001 1.00000 0.32406 0.90010 0.95246 0.99877 0.92076 0.97272 0.90732    1    1   50  100  100
   75  0.09857 0.62892 0.95393 0.89607 0.96633 0.99933 0.30223 0.86879 0.95393 0.99590 0.88022 0.96787 0.89341    1    1   75    1    1
   76  0.09577 0.62953 0.95357 0.89555 0.93945 0.99885 0.30186 0.87101 0.95357 0.99478 0.88072 0.96756 0.89321    1    1   75    1   25
   77  0.09655 0.62960 0.95397 0.89787 0.95079 0.99933 0.30200 0.86542 0.95397 0.99782 0.87613 0.96785 0.89316    1    1   75    1   50
   78  0.09575 0.62872 0.95391 0.89649 0.93184 0.99885 0.30193 0.87761 0.95391 0.99610 0.87905 0.96782 0.89327    1    1   75    1   75
   79  0.09626 0.63119 0.95412 0.90112 0.93336 0.99933 0.30180 0.87066 0.95412 0.99598 0.88106 0.96797 0.89303    1    1   75    1  100
   80  0.09613 0.58471 0.95692 0.90252 0.96792 0.99852 0.30733 0.86902 0.95692 0.99814 0.88822 0.97059 0.89564    1    1   75   25    1
   81  0.09397 0.58558 0.95710 0.90357 0.92957 0.99852 0.30725 0.87825 0.95710 0.99908 0.89116 0.97075 0.89555    1    1   75   25   25
   82  0.09694 0.58517 0.95720 0.90516 0.98064 0.99777 0.30737 0.85852 0.95720 0.99855 0.89095 0.97085 0.89567    1    1   75   25   50
   83  0.09281 0.58533 0.95712 0.90263 0.93199 0.99852 0.30721 0.87247 0.95712 0.99700 0.88686 0.97074 0.89562    1    1   75   25   75
   84  0.09689 0.58469 0.95730 0.91275 0.96031 0.99777 0.30773 0.86538 0.95730 0.99869 0.89395 0.97090 0.89573    1    1   75   25  100
   85  0.08727 0.52787 0.95759 0.90889 0.94390 0.99803 0.31320 0.85998 0.95759 0.99945 0.89559 0.97197 0.89862    1    1   75   50    1
   86  0.08682 0.52692 0.95736 0.90634 0.93219 0.99803 0.31329 0.87374 0.95736 0.99938 0.89219 0.97185 0.89887    1    1   75   50   25
   87  0.09070 0.52621 0.95689 0.91348 0.96426 0.99803 0.31342 0.87182 0.95689 0.99998 0.89768 0.97144 0.89863    1    1   75   50   50
   88  0.08951 0.52728 0.95747 0.91284 0.95120 0.99803 0.31304 0.87026 0.95747 0.99951 0.89856 0.97193 0.89857    1    1   75   50   75
   89  0.08693 0.52742 0.95718 0.90920 0.92685 0.99803 0.31320 0.87347 0.95718 0.99946 0.89589 0.97164 0.89875    1    1   75   50  100
   90  0.08409 0.47870 0.95688 0.91624 0.94391 0.99984 0.31687 0.88364 0.95688 0.99984 0.90467 0.97228 0.90098    1    1   75   75    1
   91  0.08374 0.47752 0.95661 0.92049 0.95080 0.99984 0.31707 0.87422 0.95661 0.99999 0.90202 0.97209 0.90099    1    1   75   75   25
   92  0.08265 0.47760 0.95692 0.92040 0.93941 0.99852 0.31712 0.87390 0.95692 0.99999 0.90145 0.97235 0.90114    1    1   75   75   50
   93  0.08383 0.47860 0.95663 0.90255 0.95435 0.99984 0.31695 0.88749 0.95663 0.99994 0.90208 0.97208 0.90104    1    1   75   75   75
   94  0.08392 0.47615 0.95683 0.92102 0.94084 0.99852 0.31731 0.88440 0.95683 0.99881 0.90581 0.97230 0.90132    1    1   75   75  100
   95  0.07837 0.43385 0.95679 0.92065 0.93703 1.00000 0.32023 0.89584 0.95679 0.99995 0.90747 0.97311 0.90292    1    1   75  100    1
   96  0.08083 0.43430 0.95660 0.91894 0.96773 1.00000 0.32008 0.89075 0.95660 0.99999 0.91298 0.97295 0.90302    1    1   75  100   25
   97  0.07892 0.43434 0.95664 0.92183 0.94980 1.00000 0.31995 0.88853 0.95664 0.99976 0.90826 0.97296 0.90280    1    1   75  100   50
   98  0.08018 0.43401 0.95651 0.91995 0.95040 1.00000 0.32005 0.90045 0.95651 0.99983 0.91214 0.97292 0.90317    1    1   75  100   75
   99  0.07672 0.43464 0.95696 0.91328 0.92670 1.00000 0.32003 0.89035 0.95696 1.00000 0.90940 0.97322 0.90308    1    1   75  100  100
  100  0.10420 0.74143 0.94732 0.87839 0.94837 0.99958 0.28758 0.89376 0.94732 0.99456 0.86235 0.96202 0.88681    1    1  100    1    1
  101  0.10360 0.74078 0.94744 0.88270 0.95106 0.99995 0.28756 0.88115 0.94744 0.99202 0.86517 0.96215 0.88699    1    1  100    1   25
  102  0.10559 0.74246 0.94754 0.88613 0.95707 0.99982 0.28760 0.89399 0.94754 0.98614 0.86357 0.96214 0.88673    1    1  100    1   50
  103  0.10548 0.74169 0.94719 0.89224 0.94598 0.99958 0.28750 0.89643 0.94719 0.98990 0.86331 0.96189 0.88686    1    1  100    1   75
  104  0.10637 0.74324 0.94725 0.88563 0.96699 0.99981 0.28732 0.89198 0.94725 0.98825 0.86231 0.96191 0.88672    1    1  100    1  100
  105  0.10545 0.68910 0.95135 0.89306 0.95856 0.99994 0.29434 0.89903 0.95135 0.99410 0.87388 0.96552 0.88995    1    1  100   25    1
  106  0.10823 0.68882 0.95125 0.90014 0.98187 0.99978 0.29454 0.89179 0.95125 0.99416 0.87568 0.96545 0.89010    1    1  100   25   25
  107  0.10736 0.68876 0.95114 0.89803 0.96660 0.99994 0.29454 0.89897 0.95114 0.99655 0.87564 0.96537 0.88998    1    1  100   25   50
  108  0.10757 0.68955 0.95161 0.89449 0.95716 0.99994 0.29456 0.90886 0.95161 0.99433 0.87950 0.96570 0.89004    1    1  100   25   75
  109  0.10578 0.69017 0.95099 0.88823 0.96852 0.99912 0.29440 0.89565 0.95099 0.99190 0.87766 0.96519 0.88999    1    1  100   25  100
  110  0.10092 0.61925 0.95124 0.89734 0.97498 0.99992 0.30160 0.89664 0.95124 0.99599 0.88490 0.96626 0.89396    1    1  100   50    1
  111  0.09943 0.61942 0.95079 0.90002 0.96405 0.99969 0.30148 0.89157 0.95079 0.99852 0.88334 0.96588 0.89397    1    1  100   50   25
  112  0.09929 0.62025 0.95176 0.89325 0.97044 0.99969 0.30168 0.88898 0.95176 0.99691 0.88289 0.96663 0.89377    1    1  100   50   50
  113  0.09873 0.62035 0.95214 0.89853 0.95150 0.99992 0.30164 0.89213 0.95214 0.99264 0.88948 0.96695 0.89378    1    1  100   50   75
  114  0.09495 0.62217 0.95149 0.89532 0.93726 1.00000 0.30128 0.87848 0.95149 0.99533 0.88303 0.96640 0.89364    1    1  100   50  100
  115  0.08990 0.55890 0.95097 0.90100 0.92636 1.00000 0.30753 0.89738 0.95097 0.99576 0.89409 0.96685 0.89709    1    1  100   75    1
  116  0.08885 0.55754 0.95143 0.90525 0.91948 0.99989 0.30785 0.89108 0.95143 0.99408 0.89390 0.96724 0.89713    1    1  100   75   25
  117  0.09259 0.55875 0.95181 0.90752 0.94362 1.00000 0.30774 0.89656 0.95181 0.99398 0.89731 0.96755 0.89709    1    1  100   75   50
  118  0.09509 0.55875 0.95193 0.89621 0.97996 0.99958 0.30771 0.89914 0.95193 0.99625 0.89404 0.96766 0.89712    1    1  100   75   75
  119  0.09177 0.56000 0.95181 0.90270 0.95913 1.00000 0.30760 0.88208 0.95181 0.99635 0.89047 0.96753 0.89701    1    1  100   75  100
  120  0.08520 0.50591 0.95093 0.90751 0.92516 1.00000 0.31255 0.90973 0.95093 0.99797 0.89795 0.96767 0.89968    1    1  100  100    1
  121  0.08650 0.50588 0.95137 0.91198 0.94126 1.00000 0.31249 0.89890 0.95137 0.99848 0.90088 0.96804 0.89976    1    1  100  100   25
  122  0.08625 0.50618 0.95136 0.90811 0.94491 1.00000 0.31247 0.89682 0.95136 0.99926 0.89975 0.96801 0.89962    1    1  100  100   50
  123  0.08226 0.50733 0.95114 0.90625 0.89572 0.99985 0.31212 0.90784 0.95114 0.99580 0.89882 0.96786 0.89964    1    1  100  100   75
  124  0.08771 0.50578 0.95089 0.90782 0.95543 1.00000 0.31250 0.90178 0.95089 0.99782 0.90312 0.96762 0.89984    1    1  100  100  100
