                                               Cluster
  Run  Product Compare     Pop   Edges Clusters   Size Leesalee  Slope  %Urban   Xmean   Ymean     Rad  Fmatch Diff  Brd Sprd  Slp   RG
    0  0.00000 0.22505 0.94259 0.93021 0.98125 0.00000 0.27676 0.87218 0.94259 0.99914 0.84505 0.96940 0.90201   75   50    1    1    1
    1  0.00000 0.22725 0.94267 0.92933 0.98070 0.00000 0.27636 0.87279 0.94267 0.99653 0.89725 0.96935 0.90202   75   50    1    1   25
    2  0.00000 0.22808 0.94163 0.92912 0.98206 0.00000 0.27571 0.87253 0.94163 0.96582 0.92277 0.96860 0.90191   75   50    1    1   50
    3  0.00000 0.22873 0.94338 0.93090 0.98132 0.00000 0.27591 0.87712 0.94338 0.99832 0.85831 0.96982 0.90198   75   50    1    1   75
    4  0.00000 0.22824 0.94293 0.93012 0.98086 0.00000 0.27604 0.87762 0.94293 0.98703 0.89382 0.96951 0.90194   75   50    1    1  100
    5  0.00000 0.21697 0.94534 0.93298 0.98268 0.00000 0.27858 0.86158 0.94534 0.97567 0.87664 0.97171 0.90243   75   50    1   25    1
    6  0.00000 0.21890 0.94339 0.93070 0.98199 0.00000 0.27802 0.88569 0.94339 0.97477 0.90629 0.97023 0.90245   75   50    1   25   25
    7  0.00000 0.21992 0.94345 0.93134 0.98190 0.00000 0.27802 0.88308 0.94345 0.98864 0.82651 0.97021 0.90250   75   50    1   25   50
    8  0.00000 0.22012 0.94298 0.93116 0.98188 0.00000 0.27788 0.88748 0.94298 0.98814 0.92570 0.96988 0.90249   75   50    1   25   75
    9  0.00000 0.22012 0.94298 0.93116 0.98188 0.00000 0.27788 0.88748 0.94298 0.98814 0.92570 0.96988 0.90249   75   50    1   25  100
   10  0.00000 0.20759 0.94135 0.92850 0.98158 0.00000 0.28041 0.87414 0.94135 1.00000 0.92800 0.96932 0.90325   75   50    1   50    1
   11  0.00000 0.20945 0.94146 0.92829 0.98134 0.00000 0.27980 0.87311 0.94146 0.99978 0.92725 0.96933 0.90299   75   50    1   50   25
   12  0.00000 0.20986 0.94421 0.93234 0.98351 0.00000 0.27991 0.87143 0.94421 0.98950 0.80634 0.97129 0.90310   75   50    1   50   50
   13  0.00000 0.20958 0.94176 0.92839 0.98167 0.00000 0.28006 0.87626 0.94176 0.99517 0.86000 0.96953 0.90308   75   50    1   50   75
   14  0.00000 0.20958 0.94176 0.92839 0.98167 0.00000 0.28006 0.87626 0.94176 0.99517 0.86000 0.96953 0.90308   75   50    1   50  100
   15  0.00000 0.19961 0.94188 0.92986 0.98151 0.00000 0.28183 0.87828 0.94188 0.99675 0.91060 0.97020 0.90365   75   50    1   75    1
   16  0.00000 0.20132 0.94290 0.93016 0.98207 0.00000 0.28154 0.87057 0.94290 0.98713 0.88889 0.97084 0.90343   75   50    1   75   25
   17  0.00000 0.20240 0.94288 0.93056 0.98272 0.00000 0.28115 0.87971 0.94288 0.98635 0.92493 0.97073 0.90318   75   50    1   75   50
   18  0.00000 0.20191 0.94364 0.93110 0.98338 0.00000 0.28134 0.86071 0.94364 0.99991 0.79969 0.97134 0.90333   75   50    1   75   75
   19  0.00000 0.20191 0.94364 0.93110 0.98338 0.00000 0.28134 0.86071 0.94364 0.99991 0.79969 0.97134 0.90333   75   50    1   75  100
   20  0.00000 0.19249 0.94261 0.93065 0.98249 0.00000 0.28344 0.86338 0.94261 0.99866 0.75292 0.97112 0.90413   75   50    1  100    1
   21  0.00000 0.19432 0.94112 0.92891 0.98222 0.00000 0.28288 0.86964 0.94112 0.99441 0.84119 0.96995 0.90387   75   50    1  100   25
   22  0.00000 0.19445 0.94003 0.92674 0.98125 0.00000 0.28285 0.86668 0.94003 0.99844 0.90818 0.96918 0.90378   75   50    1  100   50
   23  0.00000 0.19462 0.93935 0.92609 0.98024 0.00000 0.28294 0.86847 0.93935 0.99988 0.83115 0.96866 0.90381   75   50    1  100   75
   24  0.00000 0.19462 0.93935 0.92609 0.98024 0.00000 0.28294 0.86847 0.93935 0.99988 0.83115 0.96866 0.90381   75   50    1  100  100
   25  0.06331 0.50025 0.97627 0.96392 0.97745 0.75000 0.28529 0.86219 0.97627 1.00000 0.86898 0.98558 0.89194   75   50   25    1    1
   26  0.07260 0.50271 0.97592 0.96245 0.97621 0.84211 0.28512 0.86574 0.97592 0.99996 0.88351 0.98528 0.89197   75   50   25    1   25
   27  0.07009 0.50312 0.97617 0.96303 0.97604 0.84211 0.28494 0.86412 0.97617 0.99990 0.85336 0.98547 0.89210   75   50   25    1   50
   28  0.08034 0.50480 0.97598 0.96199 0.98097 0.97959 0.28480 0.85621 0.97598 0.99976 0.84365 0.98528 0.89190   75   50   25    1   75
   29  0.06944 0.50387 0.97591 0.96240 0.97743 0.84211 0.28533 0.85994 0.97591 0.99988 0.84727 0.98523 0.89200   75   50   25    1  100
   30  0.05911 0.45257 0.97631 0.96472 0.97946 0.75000 0.28916 0.87555 0.97631 0.99989 0.86562 0.98636 0.89455   75   50   25   25    1
   31  0.05801 0.45620 0.97629 0.96440 0.98221 0.75000 0.28836 0.87170 0.97629 0.99930 0.84744 0.98627 0.89448   75   50   25   25   25
   32  0.05985 0.45906 0.97570 0.96443 0.97668 0.75000 0.28801 0.87780 0.97570 0.99875 0.87108 0.98579 0.89399   75   50   25   25   50
   33  0.06031 0.45938 0.97603 0.96403 0.97876 0.75000 0.28812 0.87286 0.97603 0.99920 0.87854 0.98602 0.89457   75   50   25   25   75
   34  0.05994 0.45771 0.97613 0.96465 0.97920 0.75000 0.28890 0.87515 0.97613 0.99994 0.86984 0.98611 0.89465   75   50   25   25  100
   35  0.05230 0.40560 0.97279 0.96144 0.97867 0.75000 0.29082 0.87098 0.97279 0.99889 0.86405 0.98467 0.89697   75   50   25   50    1
   36  0.05411 0.41112 0.97365 0.96197 0.98150 0.75000 0.29025 0.88828 0.97365 0.99340 0.86625 0.98520 0.89690   75   50   25   50   25
   37  0.05248 0.40669 0.97337 0.96274 0.97876 0.75000 0.29125 0.87242 0.97337 0.99781 0.85988 0.98510 0.89730   75   50   25   50   50
   38  0.05306 0.40906 0.97293 0.96205 0.97910 0.75000 0.29077 0.87621 0.97293 0.99758 0.86392 0.98470 0.89717   75   50   25   50   75
   39  0.05454 0.41070 0.97309 0.96310 0.97894 0.75000 0.29054 0.87908 0.97309 0.99939 0.87967 0.98481 0.89692   75   50   25   50  100
   40  0.04823 0.36407 0.97056 0.96129 0.97875 0.75000 0.29391 0.87143 0.97056 0.99721 0.88174 0.98399 0.89939   75   50   25   75    1
   41  0.04805 0.36616 0.97084 0.96105 0.97948 0.75000 0.29344 0.86687 0.97084 0.99775 0.87817 0.98418 0.89912   75   50   25   75   25
   42  0.04523 0.36827 0.97035 0.96136 0.97969 0.75000 0.29309 0.87065 0.97035 0.99472 0.82228 0.98375 0.89927   75   50   25   75   50
   43  0.04714 0.36912 0.97112 0.96153 0.97965 0.75000 0.29287 0.87012 0.97112 0.99894 0.85113 0.98430 0.89888   75   50   25   75   75
   44  0.04712 0.36978 0.97145 0.96179 0.98218 0.75000 0.29282 0.86780 0.97145 0.99785 0.84940 0.98454 0.89889   75   50   25   75  100
   45  0.04368 0.33294 0.96852 0.95817 0.98223 0.75000 0.29441 0.86734 0.96852 0.99947 0.87651 0.98337 0.90073   75   50   25  100    1
   46  0.04226 0.33311 0.96760 0.95828 0.98169 0.75000 0.29423 0.86854 0.96760 0.99810 0.85041 0.98269 0.90101   75   50   25  100   25
   47  0.00000 0.33474 0.96791 0.95714 0.98061 0.00000 0.29452 0.87221 0.96791 1.00000 0.86430 0.98287 0.90082   75   50   25  100   50
   48  0.04229 0.33643 0.96817 0.95921 0.98068 0.75000 0.29435 0.87057 0.96817 0.99916 0.83885 0.98300 0.90040   75   50   25  100   75
   49  0.04229 0.33643 0.96817 0.95921 0.98068 0.75000 0.29435 0.87057 0.96817 0.99916 0.83885 0.98300 0.90040   75   50   25  100  100
   50  0.11866 0.95395 0.98461 0.95910 0.95974 0.99324 0.26457 0.88157 0.98461 0.99179 0.70908 0.98729 0.86661   75   50   50    1    1
   51  0.12259 0.95970 0.98502 0.95964 0.96104 0.99324 0.26489 0.88467 0.98502 0.98917 0.72413 0.98758 0.86700   75   50   50    1   25
   52  0.12434 0.95756 0.98478 0.95899 0.96062 0.99324 0.26483 0.87920 0.98478 0.99115 0.74111 0.98739 0.86655   75   50   50    1   50
   53  0.12410 0.95846 0.98507 0.95975 0.95289 0.99324 0.26481 0.88829 0.98507 0.98775 0.73864 0.98764 0.86663   75   50   50    1   75
   54  0.12109 0.96947 0.98475 0.95762 0.96378 0.99324 0.26400 0.89099 0.98475 0.97996 0.71292 0.98729 0.86602   75   50   50    1  100
   55  0.11801 0.84502 0.98626 0.96456 0.95916 0.97453 0.27296 0.89360 0.98626 0.98558 0.76635 0.98941 0.87362   75   50   50   25    1
   56  0.12117 0.84239 0.98624 0.96479 0.96984 0.97581 0.27335 0.89194 0.98624 0.99739 0.77055 0.98943 0.87359   75   50   50   25   25
   57  0.12053 0.85239 0.98631 0.96496 0.96297 0.96429 0.27247 0.89833 0.98631 0.99391 0.77191 0.98939 0.87312   75   50   50   25   50
   58  0.12114 0.85449 0.98632 0.96486 0.96712 0.98870 0.27263 0.89359 0.98632 0.99639 0.75336 0.98935 0.87308   75   50   50   25   75
   59  0.12331 0.85300 0.98627 0.96435 0.96942 0.98256 0.27231 0.89994 0.98627 0.99099 0.77149 0.98932 0.87284   75   50   50   25  100
   60  0.11110 0.71625 0.98448 0.96653 0.97775 0.98684 0.28139 0.89113 0.98448 0.99986 0.78481 0.98906 0.88176   75   50   50   50    1
   61  0.10823 0.72029 0.98466 0.96677 0.97782 0.98684 0.28079 0.89320 0.98466 0.98562 0.77124 0.98916 0.88096   75   50   50   50   25
   62  0.11395 0.72769 0.98444 0.96505 0.97541 0.98684 0.28016 0.89191 0.98444 0.99621 0.80271 0.98888 0.88028   75   50   50   50   50
   63  0.11115 0.72322 0.98464 0.96552 0.97581 0.98684 0.28104 0.89582 0.98464 0.99471 0.78194 0.98908 0.88026   75   50   50   50   75
   64  0.10961 0.72877 0.98474 0.96540 0.97025 0.98684 0.28000 0.89545 0.98474 0.99618 0.77168 0.98913 0.88011   75   50   50   50  100
   65  0.09977 0.62161 0.98253 0.96527 0.97285 1.00000 0.28694 0.88563 0.98253 0.99692 0.79737 0.98851 0.88659   75   50   50   75    1
   66  0.10018 0.62539 0.98291 0.96695 0.97720 1.00000 0.28676 0.88895 0.98291 0.99565 0.78834 0.98874 0.88697   75   50   50   75   25
   67  0.10423 0.62635 0.98305 0.96694 0.98021 1.00000 0.28635 0.89189 0.98305 0.99308 0.81676 0.98887 0.88690   75   50   50   75   50
   68  0.09825 0.62447 0.98299 0.96606 0.97885 1.00000 0.28685 0.88478 0.98299 0.98914 0.78210 0.98883 0.88687   75   50   50   75   75
   69  0.10432 0.63006 0.98285 0.96573 0.97605 1.00000 0.28600 0.88623 0.98285 0.97843 0.83750 0.98864 0.88554   75   50   50   75  100
   70  0.08529 0.53893 0.98073 0.96561 0.97671 0.96429 0.29193 0.88238 0.98073 0.99820 0.79890 0.98818 0.89126   75   50   50  100    1
   71  0.08670 0.54157 0.98075 0.96632 0.98082 0.96429 0.29142 0.87839 0.98075 0.99747 0.80968 0.98817 0.89135   75   50   50  100   25
   72  0.08610 0.54298 0.98096 0.96666 0.97874 0.96429 0.29192 0.88357 0.98096 0.99103 0.80224 0.98830 0.89123   75   50   50  100   50
   73  0.08612 0.54721 0.98067 0.96601 0.97977 0.96429 0.29098 0.88481 0.98067 0.99991 0.79167 0.98799 0.89046   75   50   50  100   75
   74  0.08688 0.54285 0.98075 0.96673 0.98325 0.96429 0.29114 0.88372 0.98075 0.99990 0.80139 0.98811 0.89108   75   50   50  100  100
   75  0.03531 0.66223 0.98520 0.94199 0.90102 0.98430 0.23630 0.91238 0.98520 0.92477 0.40246 0.98476 0.83206   75   50   75    1    1
   76  0.03984 0.66168 0.98541 0.94310 0.89304 0.98329 0.23639 0.91257 0.98541 0.93734 0.45120 0.98493 0.83328   75   50   75    1   25
   77  0.03661 0.65771 0.98526 0.94191 0.91091 0.98767 0.23575 0.91410 0.98526 0.95066 0.40335 0.98481 0.83150   75   50   75    1   50
   78  0.04673 0.65915 0.98488 0.94084 0.90975 0.99193 0.23601 0.91362 0.98488 0.92160 0.52789 0.98445 0.83365   75   50   75    1   75
   79  0.03774 0.65079 0.98488 0.93996 0.89638 0.98842 0.23418 0.91256 0.98488 0.94049 0.43688 0.98434 0.83061   75   50   75    1  100
   80  0.06904 0.75401 0.98818 0.95475 0.93759 0.98256 0.24767 0.92065 0.98818 0.96979 0.57731 0.98826 0.84497   75   50   75   25    1
   81  0.07005 0.73879 0.98820 0.95225 0.93238 0.98256 0.24640 0.92156 0.98820 0.96780 0.60834 0.98814 0.84247   75   50   75   25   25
   82  0.06271 0.73562 0.98777 0.95135 0.93491 0.98256 0.24554 0.92545 0.98777 0.94930 0.55679 0.98769 0.84281   75   50   75   25   50
   83  0.06895 0.73361 0.98816 0.95228 0.93297 0.98256 0.24534 0.93102 0.98816 0.98243 0.59147 0.98805 0.84079   75   50   75   25   75
   84  0.06957 0.74237 0.98801 0.95291 0.93148 0.98256 0.24664 0.92354 0.98801 0.96270 0.60290 0.98798 0.84281   75   50   75   25  100
   85  0.08945 0.88010 0.98736 0.95665 0.95091 0.98307 0.25764 0.92094 0.98736 0.96914 0.59942 0.98843 0.85572   75   50   75   50    1
   86  0.08641 0.88137 0.98753 0.95768 0.95500 0.98307 0.25819 0.91701 0.98753 0.96938 0.57515 0.98861 0.85684   75   50   75   50   25
   87  0.10043 0.88687 0.98748 0.95780 0.95139 0.97581 0.25854 0.91939 0.98748 0.96375 0.67381 0.98860 0.85585   75   50   75   50   50
   88  0.09514 0.88166 0.98738 0.95702 0.95220 0.98307 0.25815 0.91723 0.98738 0.98850 0.62289 0.98844 0.85740   75   50   75   50   75
   89  0.10070 0.88172 0.98722 0.95652 0.95786 0.98910 0.25800 0.91824 0.98722 0.97398 0.66198 0.98830 0.85659   75   50   75   50  100
   90  0.12293 0.95163 0.98643 0.96087 0.96829 0.97959 0.26860 0.91154 0.98643 0.96748 0.71710 0.98876 0.86727   75   50   75   75    1
   91  0.11684 0.95286 0.98638 0.96013 0.96365 0.97959 0.26884 0.91357 0.98638 0.95397 0.69253 0.98870 0.86675   75   50   75   75   25
   92  0.11930 0.95077 0.98631 0.96090 0.96781 0.97959 0.26909 0.91297 0.98631 0.95278 0.70631 0.98865 0.86627   75   50   75   75   50
   93  0.11418 0.94925 0.98648 0.96019 0.96654 0.97959 0.26909 0.90888 0.98648 0.91828 0.70550 0.98881 0.86783   75   50   75   75   75
   94  0.11267 0.95424 0.98599 0.96025 0.96564 0.97959 0.26868 0.91356 0.98599 0.96761 0.65712 0.98834 0.86682   75   50   75   75  100
   95  0.11512 0.81324 0.98502 0.96281 0.96748 0.99019 0.27679 0.90350 0.98502 0.95673 0.76382 0.98862 0.87548   75   50   75  100    1
   96  0.11619 0.81004 0.98541 0.96426 0.97481 0.99324 0.27749 0.90778 0.98541 0.98566 0.73620 0.98897 0.87523   75   50   75  100   25
   97  0.10743 0.81761 0.98539 0.96344 0.97095 0.99019 0.27746 0.90694 0.98539 0.95571 0.70228 0.98886 0.87469   75   50   75  100   50
   98  0.10505 0.81537 0.98529 0.96305 0.97271 0.99324 0.27692 0.90395 0.98529 0.97662 0.67414 0.98883 0.87527   75   50   75  100   75
   99  0.10442 0.81307 0.98524 0.96312 0.97054 0.99324 0.27669 0.90749 0.98524 0.95370 0.68835 0.98879 0.87433   75   50   75  100  100
  100  0.00540 0.55355 0.97989 0.92651 0.84126 0.98870 0.21864 0.92509 0.97989 0.91037 0.08969 0.97928 0.81514   75   50  100    1    1
  101  0.00245 0.54920 0.97959 0.92398 0.84182 0.98923 0.21818 0.92855 0.97959 0.91182 0.04101 0.97886 0.81355   75   50  100    1   25
  102  0.00035 0.54576 0.97952 0.92500 0.84235 0.98923 0.21717 0.92719 0.97952 0.84625 0.00643 0.97883 0.81375   75   50  100    1   50
  103  0.00187 0.54824 0.97936 0.92312 0.84733 0.99149 0.21744 0.92973 0.97936 0.91211 0.03126 0.97865 0.81470   75   50  100    1   75
  104  0.00275 0.54681 0.97963 0.92352 0.83422 0.98923 0.21726 0.92676 0.97963 0.97865 0.04388 0.97898 0.81335   75   50  100    1  100
  105  0.03375 0.62008 0.98391 0.93870 0.90059 0.98288 0.22973 0.94424 0.98391 0.90118 0.42587 0.98354 0.82639   75   50  100   25    1
  106  0.03743 0.61637 0.98378 0.93783 0.89973 0.98534 0.22977 0.93995 0.98378 0.93287 0.46134 0.98334 0.82576   75   50  100   25   25
  107  0.03034 0.61466 0.98422 0.93919 0.88783 0.98288 0.22897 0.94016 0.98422 0.93145 0.38214 0.98375 0.82497   75   50  100   25   50
  108  0.02706 0.61551 0.98417 0.93882 0.89064 0.98755 0.22992 0.94314 0.98417 0.93612 0.33352 0.98367 0.82530   75   50  100   25   75
  109  0.02635 0.60744 0.98396 0.93776 0.87785 0.99361 0.22842 0.94393 0.98396 0.98746 0.31770 0.98344 0.82335   75   50  100   25  100
  110  0.06053 0.73654 0.98373 0.94774 0.94514 0.99274 0.24259 0.93855 0.98373 0.96245 0.52472 0.98445 0.84372   75   50  100   50    1
  111  0.05591 0.72922 0.98387 0.94674 0.94018 0.98948 0.24149 0.94135 0.98387 0.97920 0.48796 0.98451 0.84097   75   50  100   50   25
  112  0.05795 0.72847 0.98379 0.94686 0.94767 0.99324 0.24189 0.93603 0.98379 0.95556 0.51432 0.98440 0.84191   75   50  100   50   50
  113  0.06563 0.73574 0.98361 0.94709 0.95034 0.99590 0.24261 0.93867 0.98361 0.91538 0.59434 0.98431 0.84340   75   50  100   50   75
  114  0.06237 0.73170 0.98347 0.94587 0.93419 0.99115 0.24219 0.93948 0.98347 0.95499 0.55897 0.98417 0.84185   75   50  100   50  100
  115  0.09374 0.87888 0.98302 0.95295 0.95879 0.99590 0.25511 0.92354 0.98302 0.95610 0.63811 0.98499 0.85670   75   50  100   75    1
  116  0.08622 0.87302 0.98319 0.95162 0.95498 0.99725 0.25479 0.92883 0.98319 0.96591 0.58517 0.98506 0.85550   75   50  100   75   25
  117  0.07658 0.86925 0.98314 0.95089 0.95195 0.99725 0.25447 0.93130 0.98314 0.91555 0.55240 0.98501 0.85517   75   50  100   75   50
  118  0.08745 0.86476 0.98306 0.95016 0.94857 0.99266 0.25354 0.92752 0.98306 0.95761 0.61621 0.98490 0.85582   75   50  100   75   75
  119  0.07846 0.86113 0.98320 0.95085 0.95301 0.99436 0.25364 0.92520 0.98320 0.87042 0.60801 0.98502 0.85508   75   50  100   75  100
  120  0.10755 0.97064 0.98193 0.95562 0.96896 0.99083 0.26536 0.92053 0.98193 0.95140 0.63125 0.98514 0.86668   75   50  100  100    1
  121  0.09969 0.97269 0.98247 0.95527 0.96839 0.98684 0.26515 0.91782 0.98247 0.97978 0.57146 0.98561 0.86606   75   50  100  100   25
  122  0.09979 0.97021 0.98234 0.95462 0.96815 0.99395 0.26563 0.91590 0.98234 0.86626 0.64445 0.98550 0.86688   75   50  100  100   50
  123  0.10034 0.98121 0.98194 0.95351 0.96591 0.99590 0.26446 0.92105 0.98194 0.91796 0.60713 0.98504 0.86471   75   50  100  100   75
  124  0.08905 0.97865 0.98206 0.95425 0.96855 0.99083 0.26463 0.92465 0.98206 0.74334 0.66480 0.98517 0.86485   75   50  100  100  100
