  run year index     sng      sdg      sdc       og       rt      pop     area    edges clusters    xmean    ymean      rad    slope  cl_size   diffus   spread    breed  slp_res  rd_grav   %urban    %road grw_rate leesalee  grw_pix 
    0 2011  0     107.98   181.27     0.00 23551.24    38.53 394018.02 394018.02 294707.64 72775.95   760.27  1403.84   354.15    77.56     5.00    91.00    95.00    94.00     1.00    62.00    31.91     0.00     6.06     0.00 23879.02 
    0 2012  0     104.38   172.76     0.00 25490.71    30.76 419816.63 419816.63 304801.95 70749.44   758.00  1398.72   365.56    77.66     5.00    91.91    95.95    94.94     1.00    62.32    33.78     0.00     6.15     0.00 25798.61 
    0 2013  0     100.37   168.00     0.00 27025.34    26.07 447136.41 447136.41 312944.06 68609.20   755.99  1393.73   377.26    77.77     6.00    92.83    96.91    95.89     1.00    62.66    35.77     0.00     6.11     0.00 27319.78 
    0 2014  0      96.52   160.65     0.00 28171.18    24.49 475589.25 475589.25 318836.78 66474.40   754.29  1388.89   389.08    77.88     7.00    93.76    97.88    96.85     1.00    63.01    37.83     0.00     5.98     0.00 28452.84 
    0 2015  0      92.54   154.52     0.00 28832.86    24.87 504694.04 504694.04 322612.94 64456.87   752.98  1384.16   400.81    78.00     7.00    94.69    98.86    97.82     1.00    63.39    39.95     0.00     5.77     0.00 29104.79 
    0 2016  0      89.69   148.50     0.00 29185.06    22.74 534140.03 534140.03 324379.29 62584.90   752.05  1379.49   412.34    78.12     8.00    95.64    99.85    98.79     1.00    63.79    42.09     0.00     5.51     0.00 29445.99 
    0 2017  0      84.06   141.22     0.00 28883.39    21.26 563269.96 563269.96 324464.93 60856.10   751.49  1374.89   423.43    78.24     9.00    96.60   100.00    99.78     1.00    64.21    44.21     0.00     5.17     0.00 29129.93 
    0 2018  0      79.64   134.10     0.00 28283.85    18.13 591785.68 591785.68 323211.10 59280.63   751.24  1370.44   434.02    78.35     9.20    97.56   100.00   100.00     1.00    64.66    46.28     0.00     4.82     0.00 28515.72 
    0 2019  0      74.29   123.55     0.00 27534.00    16.14 619533.66 619533.66 320917.02 57831.83   751.27  1366.09   444.08    78.45    10.00    98.54   100.00   100.00     1.00    65.12    48.29     0.00     4.48     0.00 27747.98 
    0 2020  0      69.62   115.11     0.00 26623.72    13.39 646355.50 646355.50 317822.15 56506.55   751.53  1361.85   453.59    78.55    11.00    99.53   100.00   100.00     1.00    65.60    50.24     0.00     4.15     0.00 26821.84 
    0 2021  0      64.80   105.55     0.00 25575.94    11.64 672113.43 672113.43 314103.75 55323.03   751.97  1357.72   462.54    78.64    12.00   100.00   100.00   100.00     1.00    66.10    52.11     0.00     3.83     0.00 25757.93 
    0 2022  0      60.57    98.18     0.00 24469.95    10.03 696752.16 696752.16 309942.17 54245.43   752.57  1353.67   470.94    78.72    12.00   100.00   100.00   100.00     1.00    66.62    53.90     0.00     3.54     0.00 24638.73 
    0 2023  0      55.46    89.56     0.00 23318.25    10.75 720226.18 720226.18 305418.53 53258.89   753.26  1349.73   478.81    78.80    13.00   100.00   100.00   100.00     1.00    67.16    55.61     0.00     3.26     0.00 23474.02 
    0 2024  0      52.03    83.54     0.00 22088.13    12.33 742462.21 742462.21 300730.96 52371.71   754.06  1345.88   486.14    78.87    14.00   100.00   100.00   100.00     1.00    67.72    57.23     0.00     2.99     0.00 22236.03 
    0 2025  0      48.54    77.41     0.00 20927.55    11.06 763526.77 763526.77 295865.65 51558.04   754.92  1342.17   492.99    78.94    14.00   100.00   100.00   100.00     1.00    68.29    58.76     0.00     2.76     0.00 21064.56 
    0 2026  0      44.25    69.91     0.00 19709.51    12.01 783362.45 783362.45 290969.74 50824.52   755.83  1338.58   499.35    79.00    15.00   100.00   100.00   100.00     1.00    68.88    60.20     0.00     2.53     0.00 19835.68 
    0 2027  0      41.05    64.91     0.00 18558.00    10.48 802036.89 802036.89 286136.10 50139.92   756.75  1335.11   505.27    79.06    15.45   100.00   100.00   100.00     1.00    69.48    61.56     0.00     2.33     0.00 18674.44 
    0 2028  0      37.75    58.44     0.00 17427.10     9.16 819569.34 819569.34 281356.15 49517.13   757.69  1331.79   510.76    79.12    16.00   100.00   100.00   100.00     1.00    70.10    62.83     0.00     2.14     0.00 17532.45 
    0 2029  0      33.90    51.97     0.00 16332.04     9.31 835996.56 835996.56 276618.81 48941.37   758.63  1328.62   515.85    79.16    17.00   100.00   100.00   100.00     1.00    70.73    64.02     0.00     1.96     0.00 16427.22 
    0 2030  0      31.61    48.07     0.00 15269.16     8.26 851353.66 851353.66 272002.64 48414.28   759.54  1325.62   520.57    79.21    17.00   100.00   100.00   100.00     1.00    71.37    65.14     0.00     1.80     0.00 15357.10 
