                                               Cluster
  Run  Product Compare     Pop   Edges Clusters   Size Leesalee  Slope  %Urban   Xmean   Ymean     Rad  Fmatch Diff  Brd Sprd  Slp   RG
    0  0.02099 0.18007 0.93777 0.92400 0.98137 0.75000 0.28882 0.86980 0.93777 0.99997 0.88476 0.96851 0.90521   50   25    1    1    1
    1  0.02225 0.18190 0.93801 0.92575 0.97910 0.75000 0.28837 0.87944 0.93801 0.99693 0.92260 0.96856 0.90502   50   25    1    1   25
    2  0.02078 0.18196 0.93894 0.92642 0.98174 0.75000 0.28830 0.87333 0.93894 0.99798 0.86158 0.96923 0.90502   50   25    1    1   50
    3  0.02256 0.18194 0.94102 0.92922 0.98169 0.75000 0.28822 0.87216 0.94102 0.96737 0.95819 0.97072 0.90505   50   25    1    1   75
    4  0.02256 0.18194 0.94102 0.92922 0.98169 0.75000 0.28822 0.87216 0.94102 0.96737 0.95819 0.97072 0.90505   50   25    1    1  100
    5  0.02068 0.17052 0.93855 0.92499 0.98166 0.75000 0.28960 0.85269 0.93855 1.00000 0.93266 0.96970 0.90527   50   25    1   25    1
    6  0.02151 0.17621 0.94025 0.92856 0.98287 0.75000 0.28941 0.85854 0.94025 1.00000 0.92399 0.97048 0.90524   50   25    1   25   25
    7  0.02247 0.17788 0.94103 0.92917 0.98341 0.75000 0.28935 0.86741 0.94103 0.99755 0.94611 0.97094 0.90523   50   25    1   25   50
    8  0.02069 0.17670 0.93742 0.92249 0.97924 0.75000 0.28950 0.87116 0.93742 0.98552 0.90243 0.96844 0.90521   50   25    1   25   75
    9  0.01981 0.17666 0.93673 0.92191 0.97941 0.75000 0.28952 0.87657 0.93673 0.96617 0.87847 0.96795 0.90520   50   25    1   25  100
   10  0.01589 0.16052 0.88315 0.85993 0.93964 0.75000 0.29018 0.92597 0.88315 0.99428 0.93156 0.92902 0.90604   50   25    1   50    1
   11  0.01886 0.16646 0.93132 0.91536 0.97596 0.75000 0.29017 0.85495 0.93132 0.99981 0.89917 0.96500 0.90572   50   25    1   50   25
   12  0.00904 0.15776 0.79618 0.75284 0.85035 0.75000 0.29004 0.97486 0.79618 0.96362 0.88958 0.85683 0.90618   50   25    1   50   50
   13  0.01594 0.16387 0.89523 0.87552 0.95200 0.75000 0.28975 0.91543 0.89523 0.99962 0.86212 0.93774 0.90551   50   25    1   50   75
   14  0.01594 0.16387 0.89523 0.87552 0.95200 0.75000 0.28975 0.91543 0.89523 0.99962 0.86212 0.93774 0.90551   50   25    1   50  100
   15  0.00000 0.14254 0.84031 0.72285 0.72361 0.00000 0.29408 0.95328 0.84031 0.93592 0.92159 0.89840 0.90718   50   25    1   75    1
   16  0.00000 0.14597 0.79849 0.69460 0.70149 0.00000 0.29217 0.96510 0.79849 0.99821 0.79796 0.86249 0.90736   50   25    1   75   25
   17  0.00000 0.14569 0.82477 0.72252 0.71688 0.00000 0.29220 0.96116 0.82477 0.98090 0.84135 0.88496 0.90712   50   25    1   75   50
   18  0.00435 0.14745 0.72757 0.62843 0.69050 0.75000 0.29198 0.98927 0.72757 0.97331 0.83863 0.80041 0.90644   50   25    1   75   75
   19  0.00435 0.14745 0.72757 0.62843 0.69050 0.75000 0.29198 0.98927 0.72757 0.97331 0.83863 0.80041 0.90644   50   25    1   75  100
   20  0.00000 0.13475 0.92742 0.91829 0.97759 0.00000 0.29870 0.83724 0.92742 0.99252 0.94361 0.96522 0.90767   50   25    1  100    1
   21  0.00000 0.13633 0.92465 0.89535 0.91000 0.00000 0.29757 0.87680 0.92465 0.99972 0.98217 0.96324 0.90768   50   25    1  100   25
   22  0.00000 0.13572 0.92893 0.95031 0.99652 0.00000 0.29800 0.83032 0.92893 0.97308 0.76130 0.96629 0.90764   50   25    1  100   50
   23  0.00000 0.13572 0.92893 0.95031 0.99652 0.00000 0.29800 0.83032 0.92893 0.97308 0.76130 0.96629 0.90764   50   25    1  100   75
   24  0.00000 0.13572 0.92893 0.95031 0.99652 0.00000 0.29800 0.83032 0.92893 0.97308 0.76130 0.96629 0.90764   50   25    1  100  100
   25  0.06409 0.36240 0.96491 0.95815 0.98081 1.00000 0.30520 0.84923 0.96491 0.99663 0.88474 0.98031 0.90213   50   25   25    1    1
   26  0.06390 0.36547 0.96552 0.95730 0.98021 1.00000 0.30486 0.84763 0.96552 0.99736 0.87700 0.98065 0.90181   50   25   25    1   25
   27  0.06384 0.36557 0.96573 0.95587 0.98318 1.00000 0.30506 0.84116 0.96573 0.99876 0.87856 0.98081 0.90215   50   25   25    1   50
   28  0.06401 0.36647 0.96582 0.95767 0.98363 1.00000 0.30494 0.83861 0.96582 0.99771 0.88095 0.98085 0.90162   50   25   25    1   75
   29  0.06392 0.36598 0.96569 0.95642 0.98276 1.00000 0.30517 0.84158 0.96569 0.99504 0.88136 0.98077 0.90204   50   25   25    1  100
   30  0.04620 0.33747 0.96504 0.95701 0.98476 0.75000 0.30688 0.86021 0.96504 0.99561 0.89310 0.98097 0.90323   50   25   25   25    1
   31  0.04561 0.34005 0.96519 0.95861 0.98421 0.75000 0.30646 0.85347 0.96519 0.99618 0.88165 0.98103 0.90286   50   25   25   25   25
   32  0.04676 0.33977 0.96512 0.95809 0.98275 0.75000 0.30633 0.86102 0.96512 0.99774 0.89776 0.98093 0.90281   50   25   25   25   50
   33  0.05917 0.34110 0.96559 0.95739 0.98245 0.96429 0.30631 0.85163 0.96559 0.99515 0.89168 0.98127 0.90305   50   25   25   25   75
   34  0.05917 0.34110 0.96559 0.95739 0.98245 0.96429 0.30631 0.85163 0.96559 0.99515 0.89168 0.98127 0.90305   50   25   25   25  100
   35  0.04229 0.30835 0.96239 0.95456 0.98335 0.75000 0.30708 0.86051 0.96239 0.99578 0.90211 0.97993 0.90424   50   25   25   50    1
   36  0.04338 0.31026 0.96358 0.95801 0.98374 0.75000 0.30723 0.86556 0.96358 0.99921 0.90427 0.98076 0.90414   50   25   25   50   25
   37  0.04221 0.31118 0.96264 0.95299 0.97770 0.75000 0.30721 0.86219 0.96264 0.99714 0.89497 0.98003 0.90421   50   25   25   50   50
   38  0.04180 0.31100 0.96260 0.95296 0.97946 0.75000 0.30714 0.85818 0.96260 0.99768 0.88904 0.98001 0.90423   50   25   25   50   75
   39  0.04180 0.31100 0.96260 0.95296 0.97946 0.75000 0.30714 0.85818 0.96260 0.99768 0.88904 0.98001 0.90423   50   25   25   50  100
   40  0.03915 0.28526 0.96091 0.95589 0.98074 0.75000 0.30738 0.86392 0.96091 0.99872 0.89917 0.97962 0.90496   50   25   25   75    1
   41  0.03985 0.28613 0.96086 0.95563 0.98713 0.75000 0.30721 0.86689 0.96086 0.99970 0.90349 0.97959 0.90494   50   25   25   75   25
   42  0.03877 0.28672 0.96040 0.95068 0.98393 0.75000 0.30724 0.86938 0.96040 0.99007 0.89178 0.97923 0.90484   50   25   25   75   50
   43  0.04846 0.28776 0.95916 0.95044 0.98336 0.92308 0.30723 0.87319 0.95916 0.99057 0.90185 0.97827 0.90490   50   25   25   75   75
   44  0.04846 0.28776 0.95916 0.95044 0.98336 0.92308 0.30723 0.87319 0.95916 0.99057 0.90185 0.97827 0.90490   50   25   25   75  100
   45  0.03695 0.26600 0.95817 0.95277 0.98516 0.75000 0.30720 0.86919 0.95817 0.99879 0.90962 0.97843 0.90561   50   25   25  100    1
   46  0.03749 0.26707 0.95859 0.95097 0.98313 0.75000 0.30734 0.86644 0.95859 0.99764 0.92538 0.97865 0.90562   50   25   25  100   25
   47  0.03683 0.26731 0.95763 0.94946 0.98315 0.75000 0.30745 0.86692 0.95763 0.99817 0.91092 0.97796 0.90555   50   25   25  100   50
   48  0.03672 0.26745 0.95920 0.95200 0.98357 0.75000 0.30680 0.86848 0.95920 0.99827 0.90117 0.97908 0.90538   50   25   25  100   75
   49  0.03672 0.26745 0.95920 0.95200 0.98357 0.75000 0.30680 0.86848 0.95920 0.99827 0.90117 0.97908 0.90538   50   25   25  100  100
   50  0.10163 0.62879 0.97537 0.95777 0.97929 0.98684 0.29516 0.84778 0.97537 0.99836 0.83971 0.98349 0.88965   50   25   50    1    1
   51  0.10058 0.63744 0.97567 0.95579 0.98012 0.99937 0.29435 0.84813 0.97567 0.99925 0.81192 0.98361 0.88876   50   25   50    1   25
   52  0.10271 0.63730 0.97601 0.95642 0.97968 0.99937 0.29431 0.85291 0.97601 0.99874 0.82477 0.98385 0.88807   50   25   50    1   50
   53  0.10128 0.63839 0.97571 0.95514 0.98165 1.00000 0.29399 0.84393 0.97571 0.99540 0.82238 0.98359 0.88972   50   25   50    1   75
   54  0.10470 0.63769 0.97573 0.95687 0.98490 1.00000 0.29429 0.85701 0.97573 0.99717 0.83224 0.98361 0.88889   50   25   50    1  100
   55  0.09464 0.57052 0.97604 0.95854 0.98311 0.98684 0.30026 0.85026 0.97604 0.99885 0.83517 0.98461 0.89298   50   25   50   25    1
   56  0.09593 0.57585 0.97632 0.96018 0.98290 0.98684 0.29988 0.85364 0.97632 0.99991 0.83415 0.98481 0.89242   50   25   50   25   25
   57  0.09786 0.57647 0.97653 0.95954 0.97826 0.98684 0.30026 0.86249 0.97653 0.99947 0.84429 0.98494 0.89287   50   25   50   25   50
   58  0.09725 0.57749 0.97709 0.96065 0.98335 0.98684 0.29988 0.85210 0.97709 0.99809 0.84385 0.98535 0.89224   50   25   50   25   75
   59  0.09673 0.57428 0.97637 0.96144 0.98356 0.98684 0.30006 0.85179 0.97637 0.99989 0.84274 0.98484 0.89271   50   25   50   25  100
   60  0.08758 0.50210 0.97396 0.95795 0.98027 1.00000 0.30505 0.85533 0.97396 0.99987 0.85105 0.98408 0.89628   50   25   50   50    1
   61  0.09038 0.50348 0.97377 0.96106 0.98490 1.00000 0.30483 0.86549 0.97377 0.99995 0.85946 0.98394 0.89645   50   25   50   50   25
   62  0.08996 0.50689 0.97407 0.95931 0.97986 1.00000 0.30402 0.86546 0.97407 0.99811 0.85961 0.98407 0.89570   50   25   50   50   50
   63  0.08950 0.50781 0.97484 0.96296 0.98498 1.00000 0.30429 0.85741 0.97484 0.99908 0.85061 0.98469 0.89555   50   25   50   50   75
   64  0.09128 0.50918 0.97409 0.96068 0.98480 1.00000 0.30426 0.86024 0.97409 0.99963 0.86590 0.98404 0.89572   50   25   50   50  100
   65  0.07808 0.45114 0.97146 0.96047 0.98586 0.96429 0.30750 0.86096 0.97146 0.99844 0.85965 0.98307 0.89911   50   25   50   75    1
   66  0.07820 0.45011 0.97210 0.95910 0.98219 0.96429 0.30772 0.86540 0.97210 0.99995 0.85946 0.98363 0.89911   50   25   50   75   25
   67  0.07843 0.44913 0.97197 0.95977 0.98305 0.96429 0.30804 0.86228 0.97197 0.99807 0.86677 0.98354 0.89893   50   25   50   75   50
   68  0.07862 0.45215 0.97191 0.95908 0.98299 0.96429 0.30742 0.86606 0.97191 0.99997 0.86046 0.98341 0.89878   50   25   50   75   75
   69  0.07949 0.45192 0.97220 0.95988 0.98084 0.96429 0.30801 0.86939 0.97220 0.99638 0.86881 0.98363 0.89895   50   25   50   75  100
   70  0.07239 0.40434 0.96940 0.95893 0.97840 0.97581 0.31013 0.87034 0.96940 0.99998 0.87082 0.98255 0.90106   50   25   50  100    1
   71  0.07243 0.40592 0.97002 0.95955 0.98670 0.96429 0.30968 0.87025 0.97002 0.99999 0.87017 0.98295 0.90109   50   25   50  100   25
   72  0.07143 0.40658 0.97002 0.95948 0.98068 0.96429 0.30939 0.86071 0.97002 0.99992 0.87285 0.98293 0.90071   50   25   50  100   50
   73  0.07232 0.40652 0.96993 0.95870 0.97817 0.96429 0.30956 0.86266 0.96993 1.00000 0.88436 0.98288 0.90092   50   25   50  100   75
   74  0.07125 0.40541 0.97025 0.96212 0.98628 0.96429 0.30956 0.85089 0.97025 0.99994 0.87454 0.98316 0.90097   50   25   50  100  100
   75  0.12873 0.95524 0.97799 0.94763 0.96899 0.99917 0.27124 0.87800 0.97799 0.98440 0.76657 0.98257 0.86970   50   25   75    1    1
   76  0.12623 0.95177 0.97819 0.94891 0.97437 0.99668 0.27220 0.87818 0.97819 0.98596 0.74686 0.98275 0.86950   50   25   75    1   25
   77  0.12150 0.95941 0.97788 0.94755 0.96625 0.99256 0.27132 0.87314 0.97788 0.98061 0.73409 0.98241 0.86986   50   25   75    1   50
   78  0.12296 0.95534 0.97837 0.94842 0.96794 0.99668 0.27201 0.86566 0.97837 0.98230 0.74248 0.98285 0.87070   50   25   75    1   75
   79  0.12583 0.96222 0.97785 0.94829 0.96104 0.99822 0.27129 0.88145 0.97785 0.97736 0.75323 0.98237 0.86932   50   25   75    1  100
   80  0.12609 0.86039 0.97986 0.95349 0.97752 0.99632 0.28049 0.87529 0.97986 0.99286 0.78113 0.98467 0.87667   50   25   75   25    1
   81  0.12394 0.85981 0.98027 0.95549 0.97854 0.99781 0.28039 0.86567 0.98027 0.98130 0.78228 0.98509 0.87600   50   25   75   25   25
   82  0.12280 0.86077 0.97999 0.95420 0.97249 0.99176 0.28080 0.87746 0.97999 0.97427 0.77934 0.98478 0.87608   50   25   75   25   50
   83  0.12556 0.86062 0.97998 0.95321 0.97837 0.99781 0.28072 0.87788 0.97998 0.97915 0.78303 0.98481 0.87734   50   25   75   25   75
   84  0.12450 0.86793 0.98015 0.95467 0.96568 0.99455 0.28000 0.87268 0.98015 0.99185 0.77951 0.98484 0.87529   50   25   75   25  100
   85  0.11640 0.74392 0.97868 0.95535 0.98168 0.98684 0.28907 0.87199 0.97868 0.99511 0.80870 0.98478 0.88363   50   25   75   50    1
   86  0.11651 0.74528 0.97842 0.95540 0.98294 0.98329 0.28896 0.87274 0.97842 0.99148 0.81374 0.98457 0.88280   50   25   75   50   25
   87  0.11787 0.74194 0.97898 0.95648 0.98482 0.99019 0.28921 0.87879 0.97898 0.98643 0.81444 0.98504 0.88362   50   25   75   50   50
   88  0.11879 0.74283 0.97860 0.95546 0.98618 0.99411 0.28902 0.87403 0.97860 0.97891 0.82877 0.98468 0.88344   50   25   75   50   75
   89  0.11274 0.74113 0.97821 0.95356 0.97617 0.97959 0.28874 0.87935 0.97821 0.98084 0.80559 0.98444 0.88276   50   25   75   50  100
   90  0.10833 0.65184 0.97712 0.95731 0.98169 0.99830 0.29601 0.87394 0.97712 0.99491 0.82500 0.98451 0.88749   50   25   75   75    1
   91  0.10752 0.64866 0.97658 0.95662 0.97856 0.99830 0.29673 0.87638 0.97658 0.99601 0.82138 0.98414 0.88825   50   25   75   75   25
   92  0.10561 0.65231 0.97670 0.95508 0.97915 0.99830 0.29607 0.86513 0.97670 0.99082 0.81890 0.98415 0.88885   50   25   75   75   50
   93  0.10590 0.65223 0.97672 0.95472 0.97675 0.99324 0.29633 0.87379 0.97672 0.98401 0.82515 0.98416 0.88810   50   25   75   75   75
   94  0.10902 0.65531 0.97720 0.95605 0.98193 0.99324 0.29597 0.86952 0.97720 0.99050 0.83839 0.98449 0.88807   50   25   75   75  100
   95  0.09891 0.57337 0.97480 0.95748 0.98488 1.00000 0.30168 0.86883 0.97480 0.99564 0.84025 0.98374 0.89241   50   25   75  100    1
   96  0.09954 0.57213 0.97494 0.95665 0.98412 0.99937 0.30215 0.87013 0.97494 0.99522 0.84620 0.98384 0.89312   50   25   75  100   25
   97  0.09887 0.57152 0.97486 0.95577 0.98314 0.99937 0.30165 0.87248 0.97486 0.99054 0.84665 0.98376 0.89278   50   25   75  100   50
   98  0.09873 0.57454 0.97516 0.95688 0.98488 0.99937 0.30133 0.87230 0.97516 0.99206 0.83756 0.98397 0.89282   50   25   75  100   75
   99  0.09927 0.57053 0.97543 0.95671 0.98547 0.99725 0.30185 0.86851 0.97543 0.98344 0.85802 0.98429 0.89327   50   25   75  100  100
  100  0.09418 0.87896 0.97279 0.93918 0.95772 0.99803 0.25514 0.88689 0.97279 0.95498 0.69589 0.97751 0.85809   50   25  100    1    1
  101  0.09534 0.88263 0.97297 0.93922 0.96552 0.99885 0.25595 0.89320 0.97297 0.96974 0.67604 0.97773 0.85965   50   25  100    1   25
  102  0.09246 0.87732 0.97369 0.94034 0.95734 0.99803 0.25544 0.89533 0.97369 0.94942 0.67708 0.97827 0.86026   50   25  100    1   50
  103  0.09604 0.87337 0.97333 0.94097 0.96348 0.99803 0.25531 0.89348 0.97333 0.96325 0.69402 0.97794 0.86015   50   25  100    1   75
  104  0.09737 0.87222 0.97311 0.93802 0.95201 0.99803 0.25466 0.89523 0.97311 0.98457 0.70198 0.97778 0.85856   50   25  100    1  100
  105  0.12483 0.98250 0.97595 0.94648 0.97044 0.99624 0.26607 0.89364 0.97595 0.97664 0.73789 0.98079 0.86741   50   25  100   25    1
  106  0.12036 0.96593 0.97602 0.94461 0.96274 0.99769 0.26485 0.89880 0.97602 0.95983 0.74288 0.98070 0.86605   50   25  100   25   25
  107  0.12738 0.96966 0.97609 0.94655 0.97285 0.99942 0.26519 0.90150 0.97609 0.97873 0.75487 0.98081 0.86479   50   25  100   25   50
  108  0.11932 0.96451 0.97583 0.94459 0.96954 1.00000 0.26454 0.89919 0.97583 0.95480 0.73589 0.98056 0.86555   50   25  100   25   75
  109  0.12218 0.96229 0.97580 0.94474 0.96719 1.00000 0.26353 0.90609 0.97580 0.97287 0.74048 0.98048 0.86522   50   25  100   25  100
  110  0.12163 0.88500 0.97452 0.94741 0.97727 0.99978 0.27583 0.88629 0.97452 0.97671 0.76302 0.98059 0.87509   50   25  100   50    1
  111  0.12060 0.89218 0.97448 0.94590 0.97809 1.00000 0.27525 0.89293 0.97448 0.94360 0.77377 0.98048 0.87448   50   25  100   50   25
  112  0.12474 0.89420 0.97543 0.94879 0.97742 0.99978 0.27489 0.89190 0.97543 0.97220 0.77380 0.98129 0.87368   50   25  100   50   50
  113  0.12484 0.88300 0.97461 0.94834 0.97661 1.00000 0.27630 0.88903 0.97461 0.97146 0.78452 0.98070 0.87535   50   25  100   50   75
  114  0.12374 0.89408 0.97418 0.94687 0.97583 1.00000 0.27472 0.89164 0.97418 0.98050 0.76685 0.98024 0.87423   50   25  100   50  100
  115  0.11076 0.77251 0.97289 0.94811 0.98116 1.00000 0.28422 0.88683 0.97289 0.96545 0.77493 0.98029 0.88091   50   25  100   75    1
  116  0.11363 0.76838 0.97323 0.94866 0.97909 1.00000 0.28447 0.88433 0.97323 0.97798 0.79033 0.98065 0.88154   50   25  100   75   25
  117  0.11409 0.77083 0.97298 0.94885 0.98178 1.00000 0.28408 0.88497 0.97298 0.97742 0.78988 0.98040 0.88195   50   25  100   75   50
  118  0.11345 0.77284 0.97322 0.94797 0.98245 1.00000 0.28443 0.88794 0.97322 0.96669 0.78911 0.98053 0.88093   50   25  100   75   75
  119  0.11688 0.77432 0.97327 0.94967 0.97827 0.99969 0.28437 0.89127 0.97327 0.97509 0.80343 0.98056 0.88124   50   25  100   75  100
  120  0.10523 0.67025 0.97098 0.94678 0.97985 0.99645 0.29302 0.88650 0.97098 0.99225 0.80317 0.97989 0.88806   50   25  100  100    1
  121  0.10649 0.67478 0.97137 0.94905 0.98421 0.99645 0.29228 0.88604 0.97137 0.98340 0.81112 0.98017 0.88749   50   25  100  100   25
  122  0.10889 0.67831 0.97171 0.94986 0.98543 0.99645 0.29189 0.89038 0.97171 0.97505 0.82754 0.98038 0.88665   50   25  100  100   50
  123  0.10463 0.67729 0.97146 0.94905 0.97996 0.99645 0.29192 0.88704 0.97146 0.95947 0.81757 0.98019 0.88720   50   25  100  100   75
  124  0.10424 0.67961 0.97159 0.94673 0.98055 0.99852 0.29198 0.89061 0.97159 0.95280 0.81426 0.98021 0.88642   50   25  100  100  100
