                                               Cluster
  Run  Product Compare     Pop   Edges Clusters   Size Leesalee  Slope  %Urban   Xmean   Ymean     Rad  Fmatch Diff  Brd Sprd  Slp   RG
    0  0.00000 0.69736 0.98003 0.99947 0.72857 0.00000 0.20514 0.95161 0.97298 0.60170 0.99198 0.98603 0.64697   50    1    1    1    1
    1  0.00000 0.69821 0.97963 0.99927 0.73077 0.00000 0.20492 0.94414 0.97259 0.82729 0.99991 0.98553 0.64370   50    1    1    1   25
    2  0.00000 0.69359 0.97857 0.99903 0.72079 0.00000 0.20541 0.95602 0.97154 0.60066 0.99758 0.98472 0.64745   50    1    1    1   50
    3  0.00000 0.68088 0.97761 0.99888 0.73406 0.00000 0.20577 0.96736 0.97073 0.73511 0.99955 0.98378 0.64162   50    1    1    1   75
    4  0.00000 0.67859 0.97890 0.99917 0.74393 0.00000 0.20550 0.91310 0.97206 0.78239 0.99045 0.98486 0.64365   50    1    1    1  100
    5  0.00000 0.73192 0.98336 0.99985 0.70734 0.00000 0.21847 0.98897 0.97628 0.77157 0.99880 0.98815 0.65393   50    1    1   25    1
    6  0.00000 0.72992 0.98201 0.99970 0.70754 0.00000 0.21541 0.97843 0.97487 0.82747 0.99479 0.98706 0.64192   50    1    1   25   25
    7  0.00000 0.72464 0.98269 0.99980 0.70785 0.00000 0.21635 0.98360 0.97564 0.67348 0.99997 0.98757 0.65265   50    1    1   25   50
    8  0.00000 0.71549 0.98134 0.99961 0.70655 0.00000 0.21449 0.99046 0.97434 0.84751 0.95633 0.98638 0.65365   50    1    1   25   75
    9  0.00000 0.71032 0.98264 0.99977 0.71910 0.00000 0.21327 0.97741 0.97574 0.73497 0.98889 0.98750 0.64840   50    1    1   25  100
   10  0.00000 0.80858 0.98627 1.00000 0.67584 0.00000 0.22452 0.99988 0.97854 0.78597 0.95649 0.99089 0.66205   50    1    1   50    1
   11  0.00000 0.81103 0.98670 0.99999 0.67111 0.00000 0.22668 0.99950 0.97900 0.84882 0.97607 0.99123 0.65830   50    1    1   50   25
   12  0.00000 0.79103 0.98689 0.99999 0.67284 0.00000 0.22406 0.99977 0.97942 0.74841 0.96629 0.99129 0.65753   50    1    1   50   50
   13  0.00000 0.79790 0.98822 0.99991 0.66845 0.00000 0.22649 0.99907 0.98081 0.90871 0.96551 0.99244 0.65465   50    1    1   50   75
   14  0.00000 0.78053 0.98746 0.99998 0.67088 0.00000 0.22483 0.99927 0.98016 0.77769 0.99997 0.99172 0.65940   50    1    1   50  100
   15  0.00000 0.89921 0.98583 1.00000 0.67800 0.00000 0.23888 0.99915 0.97696 0.60462 0.98561 0.99115 0.66495   50    1    1   75    1
   16  0.00000 0.89610 0.98604 1.00000 0.67192 0.00000 0.23701 0.99972 0.97721 0.68491 0.99172 0.99133 0.67402   50    1    1   75   25
   17  0.00000 0.89744 0.98686 1.00000 0.67110 0.00000 0.23612 0.99751 0.97811 0.93588 0.94783 0.99196 0.68035   50    1    1   75   50
   18  0.00000 0.87351 0.98430 0.99996 0.67087 0.00000 0.23669 0.99959 0.97559 0.79845 0.98592 0.98984 0.67397   50    1    1   75   75
   19  0.00000 0.87165 0.98590 1.00000 0.67160 0.00000 0.23658 0.99938 0.97740 0.80003 0.95509 0.99098 0.66637   50    1    1   75  100
   20  0.00000 0.98141 0.98395 0.99994 0.67316 0.00000 0.24763 0.99307 0.97387 0.76635 0.98112 0.99021 0.68053   50    1    1  100    1
   21  0.00000 0.97525 0.98406 0.99992 0.66834 0.00000 0.24573 0.99625 0.97409 0.97498 0.96049 0.99022 0.67845   50    1    1  100   25
   22  0.00000 0.96916 0.98356 0.99989 0.66532 0.00000 0.24236 0.99999 0.97364 0.84399 0.99759 0.98980 0.67710   50    1    1  100   50
   23  0.00000 0.96279 0.98552 0.99999 0.66918 0.00000 0.24432 0.99887 0.97579 0.71989 0.99845 0.99136 0.68058   50    1    1  100   75
   24  0.00000 0.95697 0.98289 0.99981 0.67704 0.00000 0.24624 0.99947 0.97308 0.81612 0.95319 0.98916 0.68173   50    1    1  100  100
   25  0.00013 0.15619 0.99988 0.92225 0.01877 0.99838 0.18408 0.99475 0.99998 0.77366 0.91903 0.99953 0.37027   50    1   25    1    1
   26  0.00023 0.15871 0.99985 0.93471 0.02748 0.99787 0.18631 0.99801 0.99997 0.92026 0.85812 0.99962 0.38215   50    1   25    1   25
   27  0.00017 0.15759 0.99980 0.92543 0.02317 0.99775 0.18688 0.99981 0.99994 0.72242 0.99608 0.99968 0.37997   50    1   25    1   50
   28  0.00006 0.15412 1.00000 0.90195 0.00941 0.99742 0.18097 0.99981 0.99996 0.70665 0.99973 0.99889 0.35295   50    1   25    1   75
   29  0.00005 0.15389 1.00000 0.91358 0.00783 0.99847 0.17898 0.99996 0.99998 0.67483 0.99176 0.99904 0.34945   50    1   25    1  100
   30  0.00194 0.16928 0.99977 0.95593 0.18614 0.99765 0.19478 0.99823 0.99993 0.85224 0.98951 0.99972 0.39495   50    1   25   25    1
   31  0.00222 0.16941 0.99920 0.97495 0.21290 0.99765 0.19868 0.99744 0.99956 0.80229 0.99997 1.00000 0.39840   50    1   25   25   25
   32  0.00178 0.16554 0.99928 0.95965 0.15643 0.99751 0.19610 0.99962 0.99962 0.95800 0.97040 0.99998 0.39513   50    1   25   25   50
   33  0.00138 0.16553 0.99980 0.95419 0.15060 0.99761 0.19598 0.99785 0.99995 0.87259 0.86853 0.99965 0.39300   50    1   25   25   75
   34  0.00093 0.16290 0.99995 0.94897 0.10766 0.99749 0.19192 0.99992 1.00000 0.85849 0.93778 0.99929 0.36135   50    1   25   25  100
   35  0.00830 0.18946 0.99666 0.99841 0.54618 0.99782 0.22015 0.95832 0.99763 0.98872 0.89533 0.99895 0.43400   50    1   25   50    1
   36  0.00721 0.19016 0.99767 0.99479 0.54105 0.99782 0.21806 0.95860 0.99845 0.89005 0.85827 0.99953 0.44400   50    1   25   50   25
   37  0.00775 0.18932 0.99865 0.98815 0.54118 0.99607 0.21615 0.96577 0.99921 0.99971 0.83212 0.99991 0.44330   50    1   25   50   50
   38  0.00575 0.18508 0.99774 0.99428 0.46742 0.99390 0.21124 0.95565 0.99849 0.89642 0.88060 0.99955 0.42382   50    1   25   50   75
   39  0.00483 0.18334 0.99907 0.98505 0.41755 0.99621 0.20786 0.95217 0.99950 0.99892 0.78034 0.99999 0.41717   50    1   25   50  100
   40  0.01446 0.21720 0.99663 0.99982 0.85959 0.99674 0.23456 0.90340 0.99776 0.85668 0.88576 0.99867 0.48675   50    1   25   75    1
   41  0.01446 0.21720 0.99663 0.99982 0.85959 0.99674 0.23456 0.90340 0.99776 0.85668 0.88576 0.99867 0.48675   50    1   25   75   25
   42  0.01459 0.21569 0.99771 0.99735 0.88762 0.99591 0.23131 0.89211 0.99860 0.90029 0.84371 0.99932 0.49155   50    1   25   75   50
   43  0.01115 0.20687 0.99774 0.99723 0.80596 0.99497 0.22397 0.87999 0.99858 0.97175 0.79290 0.99939 0.44587   50    1   25   75   75
   44  0.01183 0.20516 0.99775 0.99472 0.80209 0.99529 0.22595 0.88978 0.99858 0.86557 0.90904 0.99944 0.46077   50    1   25   75  100
   45  0.01518 0.24316 0.99848 0.99567 0.98624 0.99598 0.24189 0.86047 0.99925 0.93820 0.65004 0.99969 0.50425   50    1   25  100    1
   46  0.02519 0.24982 0.99784 0.99846 0.97209 0.99799 0.24572 0.90574 0.99883 0.98145 0.92598 0.99920 0.51673   50    1   25  100   25
   47  0.01364 0.24155 0.99883 0.99378 0.98127 0.99598 0.24057 0.84161 0.99948 0.98796 0.55175 0.99982 0.52760   50    1   25  100   50
   48  0.00520 0.24263 0.99883 0.99578 0.96423 0.99351 0.24066 0.75854 0.99948 0.87740 0.26493 0.99982 0.53057   50    1   25  100   75
   49  0.01101 0.23503 0.99912 0.99115 0.97829 0.99351 0.23343 0.81090 0.99965 0.88446 0.56386 0.99994 0.51562   50    1   25  100  100
   50  0.00010 0.12130 0.95794 0.17137 0.23379 0.99997 0.12387 0.99999 0.95780 0.83021 0.93432 0.94992 0.25350   50    1   50    1    1
   51  0.00011 0.12057 0.96632 0.20500 0.20643 0.99998 0.12624 1.00000 0.96602 0.77713 0.95779 0.95749 0.24682   50    1   50    1   25
   52  0.00008 0.12066 0.95773 0.14191 0.21110 1.00000 0.12556 0.99125 0.95761 0.86538 0.88943 0.94894 0.24890   50    1   50    1   50
   53  0.00011 0.12080 0.94856 0.14540 0.26407 0.99999 0.12357 0.99997 0.94864 0.90056 0.97206 0.94054 0.25153   50    1   50    1   75
   54  0.00008 0.12010 0.95635 0.14841 0.21152 0.99989 0.12248 0.99705 0.95625 0.87514 0.93884 0.94844 0.25210   50    1   50    1  100
   55  0.00010 0.12324 0.98278 0.31792 0.07875 1.00000 0.13853 0.99890 0.98226 0.90874 0.98858 0.97350 0.26948   50    1   50   25    1
   56  0.00010 0.12232 0.98357 0.34149 0.07783 0.99998 0.13702 0.99966 0.98306 0.95626 0.99174 0.97456 0.25912   50    1   50   25   25
   57  0.00012 0.12269 0.97690 0.30038 0.10516 0.99999 0.13576 0.99951 0.97645 0.99977 0.96875 0.96663 0.25903   50    1   50   25   50
   58  0.00010 0.12136 0.97214 0.24378 0.11927 0.99997 0.13196 0.99908 0.97176 0.95611 0.98804 0.96232 0.25607   50    1   50   25   75
   59  0.00011 0.12173 0.97491 0.27016 0.11348 0.99999 0.13300 0.99990 0.97449 0.99077 0.99910 0.96519 0.25195   50    1   50   25  100
   60  0.00010 0.12748 0.98760 0.46017 0.04735 0.99940 0.14469 0.99621 0.98704 0.89079 0.97037 0.97884 0.28940   50    1   50   50    1
   61  0.00006 0.12912 0.99092 0.51670 0.02278 0.99949 0.14685 0.99358 0.99035 0.97903 0.97646 0.98339 0.27725   50    1   50   50   25
   62  0.00008 0.12883 0.98954 0.58506 0.03098 0.99963 0.14563 0.98797 0.98896 0.94765 0.86387 0.98175 0.28877   50    1   50   50   50
   63  0.00005 0.12827 0.99013 0.62067 0.01589 0.99967 0.14592 0.98927 0.98956 0.95373 0.95912 0.98235 0.29478   50    1   50   50   75
   64  0.00006 0.12839 0.98750 0.54500 0.02741 0.99964 0.14287 0.98854 0.98692 0.96403 0.87003 0.97966 0.26710   50    1   50   50  100
   65  0.00000 0.13796 0.99821 0.75115 0.00001 0.99744 0.16009 0.93822 0.99781 0.99441 0.83848 0.99412 0.31387   50    1   50   75    1
   66  0.00000 0.13522 0.99753 0.69794 0.00027 0.99823 0.15472 0.95032 0.99709 0.91058 0.87904 0.99303 0.29978   50    1   50   75   25
   67  0.00002 0.13437 0.99603 0.67958 0.00778 0.99792 0.15475 0.93482 0.99554 0.91164 0.83031 0.99027 0.31515   50    1   50   75   50
   68  0.00000 0.13756 0.99612 0.76125 0.00021 0.99674 0.15500 0.94779 0.99561 0.99776 0.77829 0.99095 0.31813   50    1   50   75   75
   69  0.00001 0.13559 0.99771 0.72368 0.00437 0.99838 0.15688 0.93307 0.99729 0.97239 0.74435 0.99336 0.31732   50    1   50   75  100
   70  0.00014 0.14893 0.99923 0.82587 0.03128 0.99440 0.16923 0.89316 0.99891 0.86698 0.80036 0.99643 0.35842   50    1   50  100    1
   71  0.00018 0.14897 0.99961 0.81976 0.03588 0.99524 0.17095 0.89376 0.99936 0.99031 0.75648 0.99728 0.35655   50    1   50  100   25
   72  0.00036 0.15171 0.99933 0.82674 0.08759 0.99326 0.17060 0.88692 0.99902 0.95062 0.64118 0.99671 0.35480   50    1   50  100   50
   73  0.00014 0.14913 0.99853 0.87611 0.03470 0.99396 0.16621 0.87471 0.99811 0.94102 0.63997 0.99523 0.36257   50    1   50  100   75
   74  0.00003 0.14635 0.99800 0.81989 0.00682 0.99559 0.16398 0.89065 0.99755 0.97898 0.78471 0.99406 0.36250   50    1   50  100  100
   75  0.00014 0.12003 0.83359 0.17924 0.60620 0.99693 0.10370 0.96146 0.83700 0.76876 0.96233 0.85160 0.25155   50    1   75    1    1
   76  0.00018 0.12012 0.84581 0.18014 0.55575 0.99835 0.10438 0.98028 0.84883 0.90853 0.98799 0.86103 0.25842   50    1   75    1   25
   77  0.00017 0.12002 0.87848 0.23903 0.47627 0.99883 0.10531 0.96543 0.88048 0.81439 0.88383 0.88712 0.25070   50    1   75    1   50
   78  0.00009 0.12037 0.80461 0.13373 0.70483 0.99351 0.10037 0.93311 0.80897 0.61397 0.99962 0.83101 0.24647   50    1   75    1   75
   79  0.00017 0.12055 0.82333 0.22613 0.62379 0.99461 0.10123 0.95825 0.82710 0.74753 0.99146 0.84569 0.24265   50    1   75    1  100
   80  0.00016 0.12016 0.88868 0.32279 0.39894 0.99910 0.10852 0.97730 0.89037 0.57529 0.92723 0.89393 0.25720   50    1   75   25    1
   81  0.00017 0.12059 0.89039 0.31113 0.37810 0.99912 0.11005 0.97488 0.89202 0.64783 0.93291 0.89475 0.26005   50    1   75   25   25
   82  0.00019 0.11924 0.86295 0.25327 0.45833 0.99901 0.10650 0.96498 0.86543 0.91575 0.96160 0.87308 0.23745   50    1   75   25   50
   83  0.00024 0.12141 0.87341 0.29661 0.42487 0.99594 0.10846 0.98088 0.87556 0.87887 0.99994 0.88169 0.24807   50    1   75   25   75
   84  0.00014 0.12197 0.85855 0.29022 0.48365 0.99587 0.10764 0.95980 0.86117 0.50254 0.96831 0.87052 0.25870   50    1   75   25  100
   85  0.00018 0.12289 0.95186 0.48133 0.12485 0.99964 0.12011 0.99920 0.95180 0.95854 0.95154 0.94619 0.25870   50    1   75   50    1
   86  0.00021 0.12135 0.93178 0.36667 0.22449 0.99929 0.11719 0.99758 0.93224 0.90289 0.99997 0.92760 0.25060   50    1   75   50   25
   87  0.00034 0.12159 0.92960 0.46791 0.24468 0.99911 0.11607 0.99870 0.93011 0.99891 0.98596 0.92648 0.26590   50    1   75   50   50
   88  0.00028 0.12077 0.92793 0.43193 0.23919 0.99931 0.11467 0.99413 0.92848 0.96196 0.98991 0.92549 0.25685   50    1   75   50   75
   89  0.00023 0.12072 0.92608 0.39730 0.22626 0.99968 0.11328 0.99287 0.92668 0.97429 0.96951 0.92419 0.24702   50    1   75   50  100
   90  0.00016 0.12445 0.97241 0.63487 0.07187 0.99950 0.12738 0.99265 0.97195 0.96211 0.92523 0.96503 0.26743   50    1   75   75    1
   91  0.00022 0.12508 0.96640 0.70614 0.08929 0.99861 0.12580 0.99416 0.96603 0.98430 0.95542 0.95934 0.27015   50    1   75   75   25
   92  0.00024 0.12476 0.96896 0.67718 0.10799 0.99879 0.12595 0.99388 0.96855 0.93778 0.91901 0.96199 0.26665   50    1   75   75   50
   93  0.00024 0.12556 0.96125 0.72924 0.09749 0.99815 0.12392 0.99909 0.96097 0.86721 0.99998 0.95512 0.28360   50    1   75   75   75
   94  0.00029 0.12525 0.96053 0.69626 0.11258 0.99833 0.12455 0.99488 0.96026 0.99624 0.98145 0.95402 0.27420   50    1   75   75  100
   95  0.00016 0.13290 0.97942 0.78256 0.04948 0.99184 0.13463 0.96259 0.97880 0.99183 0.83427 0.97283 0.31045   50    1   75  100    1
   96  0.00012 0.13407 0.98279 0.80283 0.03801 0.99239 0.13707 0.95121 0.98212 0.93776 0.83090 0.97641 0.31442   50    1   75  100   25
   97  0.00017 0.13224 0.97934 0.85640 0.05795 0.99438 0.13333 0.96228 0.97870 0.95990 0.84352 0.97342 0.27527   50    1   75  100   50
   98  0.00013 0.13331 0.98365 0.89249 0.03879 0.99193 0.13473 0.94528 0.98298 1.00000 0.77533 0.97787 0.31203   50    1   75  100   75
   99  0.00017 0.13183 0.98471 0.88690 0.04180 0.99402 0.13428 0.96621 0.98404 0.98427 0.94481 0.97950 0.30635   50    1   75  100  100
  100  0.00009 0.12025 0.84104 0.20050 0.59509 0.99692 0.09735 0.94432 0.84427 0.52549 0.89477 0.86215 0.24390   50    1  100    1    1
  101  0.00018 0.12090 0.83979 0.23679 0.58952 0.99614 0.09711 0.97075 0.84308 0.76387 0.98108 0.86175 0.24370   50    1  100    1   25
  102  0.00016 0.12009 0.83555 0.21649 0.57167 0.99787 0.09667 0.95031 0.83897 0.84619 0.95086 0.85814 0.24325   50    1  100    1   50
  103  0.00013 0.12065 0.81572 0.19440 0.65841 0.99543 0.09652 0.90392 0.81981 0.70723 0.97126 0.84263 0.25160   50    1  100    1   75
  104  0.00010 0.12068 0.83812 0.21040 0.56695 0.99582 0.09667 0.95334 0.84146 0.49662 0.99564 0.86091 0.24223   50    1  100    1  100
  105  0.00014 0.12101 0.88273 0.31896 0.36471 0.99845 0.10237 0.97462 0.88458 0.80954 0.71422 0.89350 0.25537   50    1  100   25    1
  106  0.00024 0.12051 0.87826 0.29659 0.41200 0.99924 0.10327 0.96966 0.88026 0.94484 1.00000 0.88870 0.24772   50    1  100   25   25
  107  0.00021 0.12096 0.85564 0.26086 0.47415 0.99732 0.10142 0.96759 0.85838 0.93203 0.96938 0.87168 0.25218   50    1  100   25   50
  108  0.00025 0.12167 0.87979 0.33468 0.37851 0.99741 0.10231 0.96669 0.88173 0.95142 0.99799 0.89152 0.25395   50    1  100   25   75
  109  0.00015 0.12078 0.86402 0.35309 0.45279 0.99810 0.10127 0.95562 0.86648 0.78928 0.61882 0.87864 0.25313   50    1  100   25  100
  110  0.00017 0.12128 0.91857 0.41590 0.23993 0.99914 0.10986 0.98996 0.91935 0.65458 0.99948 0.91972 0.25315   50    1  100   50    1
  111  0.00028 0.12126 0.90961 0.42013 0.26130 0.99805 0.10837 0.99535 0.91065 0.99981 0.96914 0.91258 0.26412   50    1  100   50   25
  112  0.00024 0.12106 0.93181 0.53111 0.19756 0.99987 0.10971 0.99302 0.93221 0.87539 0.99742 0.93197 0.24750   50    1  100   50   50
  113  0.00025 0.12224 0.92303 0.44982 0.20649 0.99902 0.10952 0.99539 0.92366 0.99977 0.99978 0.92449 0.26085   50    1  100   50   75
  114  0.00020 0.12038 0.91110 0.40839 0.26002 0.99954 0.10560 0.97844 0.91208 0.78046 0.97510 0.91571 0.25535   50    1  100   50  100
  115  0.00018 0.12504 0.96667 0.73589 0.07362 0.99900 0.11827 0.99804 0.96622 0.96753 0.97940 0.96293 0.26013   50    1  100   75    1
  116  0.00019 0.12475 0.95677 0.63528 0.10774 0.99818 0.11786 0.99827 0.95654 0.95233 0.88182 0.95287 0.25653   50    1  100   75   25
  117  0.00027 0.12523 0.95568 0.70568 0.11712 0.99731 0.11726 0.99859 0.95546 0.99901 0.97395 0.95278 0.25960   50    1  100   75   50
  118  0.00020 0.12409 0.95522 0.63874 0.12307 0.99898 0.11532 1.00000 0.95501 0.85474 0.90614 0.95241 0.26870   50    1  100   75   75
  119  0.00020 0.12453 0.96153 0.78878 0.08952 0.99875 0.11624 0.99864 0.96118 0.90032 0.93875 0.95859 0.26555   50    1  100   75  100
  120  0.00011 0.13040 0.97902 0.85720 0.04051 0.99529 0.12569 0.97106 0.97836 0.93462 0.83654 0.97486 0.28170   50    1  100  100    1
  121  0.00017 0.12892 0.98220 0.88522 0.05286 0.99778 0.12616 0.96789 0.98153 0.99326 0.84268 0.97787 0.30057   50    1  100  100   25
  122  0.00016 0.13039 0.97335 0.79022 0.05867 0.99397 0.12336 0.97682 0.97274 0.87560 0.92288 0.96948 0.30520   50    1  100  100   50
  123  0.00015 0.13213 0.97579 0.89441 0.05107 0.99095 0.12507 0.96709 0.97513 0.97695 0.76283 0.97207 0.30660   50    1  100  100   75
  124  0.00018 0.12778 0.97878 0.83602 0.06128 0.99807 0.12285 0.97640 0.97813 0.96147 0.89523 0.97490 0.28265   50    1  100  100  100
  125  0.01528 0.38358 0.98144 0.99817 0.91638 0.99765 0.17156 0.92236 0.97806 0.50453 0.99801 0.98412 0.57982   50   25    1    1    1
  126  0.02415 0.38355 0.98189 0.99819 0.91985 0.99765 0.16778 0.97599 0.97851 0.78875 0.97814 0.98459 0.57505   50   25    1    1   25
  127  0.01068 0.36936 0.97979 0.99717 0.93628 0.99765 0.16469 0.88754 0.97648 0.41214 0.96111 0.98301 0.57003   50   25    1    1   50
  128  0.02388 0.36300 0.97696 0.99620 0.91476 0.89393 0.16352 0.93605 0.97366 0.99775 0.99702 0.98084 0.56842   50   25    1    1   75
  129  0.00048 0.36070 0.97770 0.99651 0.92248 0.79078 0.16785 0.84560 0.97438 0.02412 0.99753 0.98189 0.57080   50   25    1    1  100
  130  0.02369 0.39561 0.98197 0.99804 0.89439 0.99765 0.17482 0.96691 0.97860 0.77930 0.91569 0.98356 0.58985   50   25    1   25    1
  131  0.02554 0.39629 0.98153 0.99819 0.90316 0.99765 0.17578 0.95713 0.97813 0.79682 0.96206 0.98328 0.58842   50   25    1   25   25
  132  0.02046 0.38213 0.98174 0.99769 0.91227 0.99765 0.17726 0.94098 0.97850 0.63658 0.99884 0.98329 0.58870   50   25    1   25   50
  133  0.02071 0.37647 0.97816 0.99651 0.89872 0.99559 0.17383 0.94862 0.97487 0.68968 0.99499 0.98069 0.58305   50   25    1   25   75
  134  0.01537 0.37339 0.97907 0.99708 0.90546 0.99559 0.17289 0.92633 0.97578 0.52172 0.99987 0.98188 0.58420   50   25    1   25  100
  135  0.02981 0.42973 0.99220 0.99989 0.82170 0.99765 0.18971 0.99750 0.98905 0.77646 0.98085 0.99328 0.60242   50   25    1   50    1
  136  0.03087 0.43080 0.99174 0.99989 0.83019 0.99765 0.18699 0.99505 0.98854 0.82081 0.96268 0.99288 0.60462   50   25    1   50   25
  137  0.03125 0.41152 0.99138 0.99999 0.84462 0.99765 0.18696 0.99836 0.98830 0.87706 0.95676 0.99250 0.59162   50   25    1   50   50
  138  0.02321 0.40300 0.98835 0.99981 0.83047 0.99765 0.18472 0.99970 0.98510 0.66040 0.98783 0.98988 0.59895   50   25    1   50   75
  139  0.02494 0.40177 0.98957 0.99994 0.83100 0.99765 0.18559 0.99848 0.98636 0.72330 0.97001 0.99128 0.59522   50   25    1   50  100
  140  0.03702 0.48235 0.99315 0.99952 0.75355 0.99765 0.19899 0.97968 0.98964 0.90831 0.94736 0.99459 0.62287   50   25    1   75    1
  141  0.03148 0.47311 0.99304 0.99967 0.78844 0.99765 0.19753 0.98272 0.98963 0.86815 0.83928 0.99430 0.61220   50   25    1   75   25
  142  0.03412 0.45671 0.99171 0.99991 0.78570 0.99765 0.19953 0.98035 0.98826 0.90550 0.89876 0.99307 0.61525   50   25    1   75   50
  143  0.03161 0.44602 0.99130 0.99993 0.78001 0.99765 0.19223 0.97750 0.98785 0.94225 0.87134 0.99299 0.60717   50   25    1   75   75
  144  0.02953 0.44531 0.99170 0.99994 0.78041 0.99765 0.19405 0.98698 0.98826 0.79794 0.92453 0.99358 0.61908   50   25    1   75  100
  145  0.03496 0.52900 0.99016 0.99999 0.77925 0.99765 0.20606 0.97635 0.98587 0.71109 0.96890 0.99220 0.63320   50   25    1  100    1
  146  0.03848 0.53583 0.98986 0.99999 0.77616 0.99765 0.20448 0.96241 0.98542 0.86884 0.86756 0.99224 0.64603   50   25    1  100   25
  147  0.03115 0.51698 0.98957 1.00000 0.74491 0.99765 0.20468 0.96665 0.98528 0.71697 0.93037 0.99187 0.63535   50   25    1  100   50
  148  0.03453 0.49628 0.98982 0.99999 0.76020 0.99765 0.20198 0.98022 0.98569 0.81092 0.92703 0.99231 0.63675   50   25    1  100   75
  149  0.02867 0.48801 0.98881 1.00000 0.77686 0.99765 0.19971 0.99321 0.98463 0.64137 0.98814 0.99170 0.62450   50   25    1  100  100
  150  0.00001 0.12086 0.87838 0.00389 0.66990 0.99946 0.10655 0.96761 0.88038 0.95045 0.99896 0.88444 0.24870   50   25   25    1    1
  151  0.00000 0.12103 0.87883 0.00334 0.67614 0.99870 0.10793 0.98207 0.88082 0.89185 0.98795 0.88444 0.24835   50   25   25    1   25
  152  0.00001 0.12178 0.87080 0.00648 0.69280 0.99802 0.10531 0.96884 0.87304 0.89450 0.99836 0.87961 0.25660   50   25   25    1   50
  153  0.00001 0.12248 0.85743 0.00597 0.74804 0.99565 0.10418 0.96278 0.86010 0.86188 0.98129 0.87021 0.25990   50   25   25    1   75
  154  0.00001 0.12148 0.86965 0.00876 0.69141 0.99792 0.10397 0.98214 0.87192 0.97851 0.99944 0.87977 0.25107   50   25   25    1  100
  155  0.00000 0.12199 0.89975 0.00200 0.55531 0.99882 0.11312 0.97136 0.90112 0.82487 0.99804 0.89931 0.25978   50   25   25   25    1
  156  0.00000 0.12094 0.90190 0.00069 0.54275 0.99982 0.11315 0.97421 0.90322 0.79035 0.98976 0.90063 0.24865   50   25   25   25   25
  157  0.00000 0.12157 0.89709 0.00133 0.57433 0.99932 0.11230 0.95381 0.89853 0.74750 0.98670 0.89734 0.25592   50   25   25   25   50
  158  0.00000 0.12095 0.89247 0.00133 0.59081 0.99975 0.10998 0.94561 0.89405 0.64439 0.99919 0.89454 0.25188   50   25   25   25   75
  159  0.00000 0.12175 0.89071 0.00107 0.59731 0.99880 0.10970 0.93685 0.89234 0.64169 0.99649 0.89340 0.25595   50   25   25   25  100
  160  0.00002 0.12153 0.94864 0.01567 0.35794 1.00000 0.12112 0.99649 0.94873 0.88862 0.99059 0.93924 0.26020   50   25   25   50    1
  161  0.00002 0.12214 0.94215 0.01693 0.36666 0.99987 0.12028 0.99523 0.94238 0.90707 0.99912 0.93375 0.25978   50   25   25   50   25
  162  0.00002 0.12237 0.94934 0.01659 0.34515 0.99987 0.12215 0.99282 0.94940 0.82101 0.99979 0.94050 0.25620   50   25   25   50   50
  163  0.00001 0.12245 0.94137 0.01431 0.34913 0.99965 0.11902 0.98905 0.94160 0.79032 0.99042 0.93442 0.25592   50   25   25   50   75
  164  0.00001 0.12183 0.93898 0.00943 0.34443 0.99978 0.11671 0.98614 0.93927 0.74285 0.98445 0.93262 0.25648   50   25   25   50  100
  165  0.00009 0.12544 0.98026 0.11825 0.20749 0.99996 0.13147 0.97308 0.97974 0.98432 0.94907 0.97080 0.27253   50   25   25   75    1
  166  0.00009 0.12558 0.98367 0.13885 0.18020 0.99991 0.13278 0.97797 0.98312 0.92276 0.90765 0.97481 0.28238   50   25   25   75   25
  167  0.00007 0.12521 0.98144 0.10400 0.18632 0.99995 0.12841 0.98517 0.98091 0.91068 0.94956 0.97273 0.27097   50   25   25   75   50
  168  0.00006 0.12492 0.97875 0.12498 0.17296 0.99990 0.12646 0.98652 0.97824 0.91312 0.85234 0.97028 0.26575   50   25   25   75   75
  169  0.00006 0.12461 0.97667 0.09852 0.16149 0.99996 0.12635 0.99051 0.97618 0.88854 0.95263 0.96795 0.28515   50   25   25   75  100
  170  0.00022 0.13218 0.99344 0.39219 0.14283 0.99883 0.13839 0.90831 0.99288 0.97170 0.81112 0.98712 0.30860   50   25   25  100    1
  171  0.00017 0.13309 0.99419 0.40944 0.10317 0.99913 0.13944 0.91303 0.99363 0.94401 0.87708 0.98820 0.29745   50   25   25  100   25
  172  0.00016 0.13243 0.99291 0.39995 0.10563 0.99873 0.13659 0.91283 0.99232 0.95974 0.85473 0.98699 0.29285   50   25   25  100   50
  173  0.00014 0.13066 0.99179 0.31062 0.12826 0.99908 0.13416 0.93224 0.99120 0.94257 0.82271 0.98567 0.28530   50   25   25  100   75
  174  0.00018 0.13110 0.99141 0.32237 0.14346 0.99925 0.13294 0.92878 0.99080 0.93317 0.85764 0.98546 0.30640   50   25   25  100  100
  175  0.00011 0.11972 0.58402 0.83866 0.98391 0.67111 0.08251 0.78821 0.59599 0.46368 0.93556 0.67233 0.24975   50   25   50    1    1
  176  0.00012 0.11980 0.58659 0.82504 0.98433 0.64310 0.08250 0.79896 0.59856 0.53876 0.94652 0.67435 0.24888   50   25   50    1   25
  177  0.00013 0.11950 0.58790 0.84519 0.98573 0.61210 0.08182 0.79910 0.59996 0.57889 0.93502 0.67545 0.25135   50   25   50    1   50
  178  0.00011 0.11928 0.57985 0.79931 0.98611 0.64010 0.08111 0.78520 0.59221 0.50990 0.94025 0.66932 0.25605   50   25   50    1   75
  179  0.00007 0.11977 0.58606 0.79841 0.98549 0.58176 0.08108 0.78836 0.59848 0.36760 0.91618 0.67425 0.25093   50   25   50    1  100
  180  0.00022 0.11962 0.63011 0.94300 0.96710 0.84701 0.08757 0.81673 0.64007 0.50758 0.93032 0.70588 0.24375   50   25   50   25    1
  181  0.00024 0.12007 0.61490 0.99466 0.97055 0.82425 0.08685 0.82157 0.62539 0.53811 0.95830 0.69480 0.25225   50   25   50   25   25
  182  0.00015 0.11991 0.59642 0.97055 0.98109 0.72449 0.08548 0.79313 0.60751 0.46862 0.93325 0.68122 0.25093   50   25   50   25   50
  183  0.00019 0.11941 0.61144 0.97121 0.97691 0.77003 0.08505 0.80001 0.62225 0.52474 0.94235 0.69269 0.24602   50   25   50   25   75
  184  0.00024 0.11987 0.61536 0.99938 0.97061 0.84757 0.08630 0.81241 0.62594 0.55470 0.94190 0.69535 0.24795   50   25   50   25  100
  185  0.00018 0.11990 0.67607 0.42531 0.93063 0.93778 0.09270 0.86121 0.68437 0.63813 0.95562 0.73784 0.24725   50   25   50   50    1
  186  0.00017 0.11989 0.67653 0.42484 0.92972 0.95329 0.09277 0.85709 0.68485 0.57817 0.97318 0.73842 0.24950   50   25   50   50   25
  187  0.00019 0.12011 0.66241 0.56828 0.94476 0.90643 0.09188 0.84485 0.67114 0.54426 0.96374 0.72820 0.24700   50   25   50   50   50
  188  0.00018 0.12012 0.65890 0.49268 0.93455 0.92672 0.09120 0.83647 0.66779 0.58616 0.96856 0.72599 0.25120   50   25   50   50   75
  189  0.00022 0.12004 0.66078 0.60422 0.94236 0.91691 0.09007 0.84132 0.66974 0.59831 0.96168 0.72782 0.24690   50   25   50   50  100
  190  0.00002 0.12022 0.76577 0.02929 0.81008 0.98522 0.09945 0.92898 0.77128 0.77445 0.99999 0.80094 0.24987   50   25   50   75    1
  191  0.00001 0.11956 0.76325 0.01284 0.78818 0.99044 0.09931 0.92810 0.76883 0.77173 0.98507 0.79901 0.25082   50   25   50   75   25
  192  0.00002 0.11984 0.76219 0.02638 0.81270 0.98613 0.09721 0.91637 0.76787 0.71260 0.98974 0.79953 0.25385   50   25   50   75   50
  193  0.00003 0.12035 0.75225 0.04693 0.82882 0.98307 0.09765 0.91752 0.75823 0.65580 0.99909 0.79204 0.25135   50   25   50   75   75
  194  0.00004 0.12047 0.73449 0.06135 0.83626 0.97420 0.09549 0.89704 0.74108 0.63945 0.99619 0.77995 0.25622   50   25   50   75  100
  195  0.00000 0.12044 0.85604 0.00261 0.56456 0.99675 0.10398 0.99347 0.85874 0.88955 0.99844 0.86831 0.25360   50   25   50  100    1
  196  0.00000 0.11984 0.87458 0.00052 0.53270 0.99789 0.10356 0.99679 0.87669 0.94559 0.99961 0.88310 0.25055   50   25   50  100   25
  197  0.00000 0.12028 0.86560 0.00099 0.53288 0.99789 0.10343 0.99297 0.86800 0.90952 0.99996 0.87634 0.25422   50   25   50  100   50
  198  0.00000 0.11993 0.84577 0.00145 0.64497 0.99570 0.10094 0.98735 0.84880 0.86806 0.99987 0.86187 0.24663   50   25   50  100   75
  199  0.00000 0.12012 0.84781 0.00013 0.63398 0.99608 0.10116 0.98344 0.85078 0.80626 0.99502 0.86336 0.26072   50   25   50  100  100
  200  0.00003 0.11867 0.55603 0.67739 0.99200 0.31594 0.07391 0.75261 0.57320 0.42458 0.88785 0.65099 0.25207   50   25   75    1    1
  201  0.00003 0.11871 0.55589 0.67570 0.99196 0.33331 0.07450 0.75333 0.57229 0.42371 0.92301 0.65086 0.24547   50   25   75    1   25
  202  0.00003 0.11823 0.55562 0.67620 0.99197 0.33023 0.07407 0.75364 0.57218 0.42231 0.92508 0.65064 0.23980   50   25   75    1   50
  203  0.00003 0.11865 0.55619 0.67776 0.99242 0.30372 0.07373 0.75284 0.57339 0.42624 0.92559 0.65112 0.24602   50   25   75    1   75
  204  0.00003 0.11850 0.55636 0.67968 0.99234 0.31009 0.07319 0.75244 0.57415 0.42957 0.92204 0.65127 0.24125   50   25   75    1  100
  205  0.00003 0.11900 0.55589 0.67861 0.99256 0.29518 0.07684 0.75403 0.57060 0.42768 0.92248 0.65083 0.25242   50   25   75   25    1
  206  0.00003 0.11881 0.55572 0.67692 0.99274 0.28632 0.07726 0.75388 0.57016 0.42740 0.92338 0.65068 0.24547   50   25   75   25   25
  207  0.00003 0.11906 0.55594 0.67940 0.99205 0.32318 0.07604 0.75392 0.57128 0.42556 0.92384 0.65088 0.23260   50   25   75   25   50
  208  0.00003 0.11897 0.55574 0.67223 0.99268 0.28467 0.07604 0.75397 0.57099 0.42720 0.92389 0.65072 0.24110   50   25   75   25   75
  209  0.00003 0.11890 0.55606 0.67785 0.99236 0.29902 0.07613 0.75314 0.57129 0.42647 0.92411 0.65097 0.24582   50   25   75   25  100
  210  0.00004 0.11965 0.56281 0.71632 0.99080 0.36060 0.08155 0.76140 0.57554 0.43079 0.92931 0.65614 0.24307   50   25   75   50    1
  211  0.00005 0.11988 0.56209 0.72109 0.99010 0.40447 0.08163 0.76097 0.57485 0.42986 0.92552 0.65557 0.25192   50   25   75   50   25
  212  0.00003 0.11969 0.55620 0.68071 0.99210 0.31912 0.08019 0.75467 0.56954 0.42976 0.92412 0.65104 0.24880   50   25   75   50   50
  213  0.00003 0.11936 0.55656 0.67981 0.99126 0.35887 0.07921 0.75497 0.57017 0.42878 0.92302 0.65133 0.24345   50   25   75   50   75
  214  0.00005 0.11925 0.56603 0.72802 0.99058 0.40835 0.07970 0.76466 0.57920 0.44774 0.92655 0.65874 0.24570   50   25   75   50  100
  215  0.00015 0.11970 0.60510 0.89244 0.97451 0.70764 0.08386 0.80054 0.61630 0.51194 0.94191 0.68819 0.25067   50   25   75   75    1
  216  0.00011 0.11995 0.59596 0.86017 0.98426 0.55199 0.08407 0.78918 0.60734 0.48146 0.94108 0.68119 0.25780   50   25   75   75   25
  217  0.00016 0.12007 0.59504 0.91306 0.97569 0.70914 0.08421 0.78793 0.60647 0.53878 0.91646 0.68049 0.25703   50   25   75   75   50
  218  0.00014 0.11986 0.60016 0.96851 0.98087 0.64295 0.08479 0.79488 0.61132 0.49796 0.93990 0.68423 0.24217   50   25   75   75   75
  219  0.00017 0.11942 0.60716 0.92667 0.97283 0.75539 0.08313 0.79737 0.61842 0.53834 0.94087 0.68993 0.24678   50   25   75   75  100
  220  0.00033 0.12047 0.69735 0.65771 0.88584 0.93550 0.08877 0.88136 0.70551 0.69723 0.96308 0.75610 0.25520   50   25   75  100    1
  221  0.00038 0.12019 0.69221 0.87034 0.88834 0.93241 0.08849 0.87727 0.70050 0.64592 0.96358 0.75225 0.25012   50   25   75  100   25
  222  0.00018 0.11960 0.68411 0.43360 0.88755 0.96032 0.08786 0.86794 0.69265 0.62306 0.94900 0.74630 0.24897   50   25   75  100   50
  223  0.00005 0.11936 0.70204 0.10881 0.85899 0.96579 0.08826 0.87622 0.71001 0.62255 0.97839 0.75964 0.24862   50   25   75  100   75
  224  0.00013 0.11997 0.67027 0.30124 0.91552 0.93589 0.08846 0.85852 0.67917 0.69039 0.94407 0.73571 0.24643   50   25   75  100  100
  225  0.00003 0.11950 0.55655 0.67470 0.99239 0.30501 0.07264 0.75276 0.57633 0.43099 0.92511 0.65146 0.24277   50   25  100    1    1
  226  0.00003 0.11956 0.55622 0.67784 0.99239 0.29313 0.07249 0.75136 0.57627 0.42611 0.92382 0.65119 0.24065   50   25  100    1   25
  227  0.00003 0.11919 0.55647 0.67822 0.99215 0.31038 0.07261 0.75296 0.57596 0.42112 0.92722 0.65138 0.24778   50   25  100    1   50
  228  0.00003 0.11883 0.55629 0.67760 0.99196 0.32905 0.07176 0.75235 0.57720 0.42744 0.92551 0.65125 0.24608   50   25  100    1   75
  229  0.00002 0.11947 0.55683 0.67708 0.99317 0.26876 0.07224 0.75298 0.57767 0.42987 0.92168 0.65171 0.24465   50   25  100    1  100
  230  0.00003 0.11869 0.55585 0.67485 0.99219 0.31224 0.07416 0.75294 0.57272 0.42772 0.92123 0.65083 0.24217   50   25  100   25    1
  231  0.00003 0.11918 0.55607 0.67976 0.99241 0.29960 0.07468 0.75357 0.57261 0.41922 0.92456 0.65101 0.24420   50   25  100   25   25
  232  0.00003 0.11896 0.55622 0.67402 0.99219 0.31602 0.07408 0.75296 0.57321 0.42402 0.92246 0.65114 0.24643   50   25  100   25   50
  233  0.00003 0.11897 0.55626 0.67862 0.99197 0.32515 0.07415 0.75365 0.57337 0.42801 0.92352 0.65117 0.24358   50   25  100   25   75
  234  0.00003 0.11915 0.55601 0.67482 0.99208 0.31346 0.07344 0.75375 0.57417 0.42743 0.92433 0.65098 0.24412   50   25  100   25  100
  235  0.00003 0.11861 0.55625 0.68228 0.99214 0.32101 0.07762 0.75494 0.57042 0.42788 0.92358 0.65111 0.24608   50   25  100   50    1
  236  0.00003 0.11903 0.55586 0.68288 0.99215 0.31429 0.07784 0.75430 0.57007 0.42936 0.92267 0.65079 0.24825   50   25  100   50   25
  237  0.00003 0.11963 0.55597 0.67990 0.99227 0.31374 0.07808 0.75445 0.57026 0.42552 0.92408 0.65088 0.24400   50   25  100   50   50
  238  0.00003 0.11954 0.55584 0.67804 0.99175 0.33785 0.07693 0.75400 0.57085 0.42713 0.92304 0.65079 0.24727   50   25  100   50   75
  239  0.00003 0.11910 0.55624 0.67587 0.99248 0.30023 0.07672 0.75438 0.57111 0.42672 0.92421 0.65111 0.24555   50   25  100   50  100
  240  0.00013 0.11997 0.59839 0.89114 0.97437 0.69377 0.08172 0.79389 0.61038 0.49121 0.93388 0.68371 0.25020   50   25  100   75    1
  241  0.00011 0.11938 0.58864 0.83108 0.97500 0.65983 0.08056 0.78510 0.60110 0.48349 0.92980 0.67633 0.25592   50   25  100   75   25
  242  0.00009 0.11972 0.58273 0.79857 0.98163 0.60262 0.08011 0.77628 0.59553 0.46206 0.93209 0.67181 0.25348   50   25  100   75   50
  243  0.00005 0.11951 0.56617 0.72517 0.98989 0.39044 0.07943 0.76416 0.57951 0.45093 0.92631 0.65889 0.25315   50   25  100   75   75
  244  0.00006 0.11918 0.57782 0.76341 0.98766 0.47372 0.07942 0.77248 0.59087 0.46807 0.92664 0.66807 0.23863   50   25  100   75  100
  245  0.00021 0.11957 0.66665 0.60287 0.90944 0.94104 0.08484 0.85192 0.67611 0.57670 0.95436 0.73478 0.25400   50   25  100  100    1
  246  0.00025 0.12025 0.65783 0.68189 0.92978 0.86687 0.08545 0.84725 0.66754 0.66591 0.94637 0.72800 0.26388   50   25  100  100   25
  247  0.00032 0.12007 0.66075 0.95780 0.92949 0.88146 0.08410 0.84962 0.67059 0.60613 0.95483 0.73094 0.25192   50   25  100  100   50
  248  0.00008 0.11959 0.66943 0.24533 0.89645 0.93637 0.08416 0.84772 0.67891 0.58475 0.95643 0.73728 0.25207   50   25  100  100   75
  249  0.00023 0.11955 0.64417 0.87129 0.94359 0.87760 0.08301 0.83211 0.65457 0.55136 0.95399 0.71842 0.24277   50   25  100  100  100
  250  0.01261 0.28936 0.97595 0.99232 0.94970 0.97312 0.14290 0.92580 0.97348 0.72276 0.99191 0.97884 0.53865   50   50    1    1    1
  251  0.01317 0.28779 0.97865 0.99335 0.93695 0.97312 0.14506 0.93905 0.97621 0.76555 0.97919 0.98111 0.52802   50   50    1    1   25
  252  0.01486 0.28168 0.97643 0.99212 0.93515 0.87583 0.14461 0.92568 0.97399 0.99174 0.99996 0.97979 0.52500   50   50    1    1   50
  253  0.00074 0.28298 0.97417 0.99230 0.95779 0.87583 0.14321 0.85989 0.97167 0.05238 1.00000 0.97852 0.52490   50   50    1    1   75
  254  0.01365 0.28006 0.97487 0.99247 0.93377 0.96850 0.14298 0.91173 0.97238 0.85491 0.99631 0.97937 0.52680   50   50    1    1  100
  255  0.01482 0.29708 0.97888 0.99467 0.99543 0.96282 0.14957 0.94745 0.97641 0.73909 1.00000 0.98060 0.53300   50   50    1   25    1
  256  0.01192 0.29428 0.97753 0.99235 0.98593 0.96282 0.15166 0.92760 0.97511 0.61705 0.99984 0.97915 0.53092   50   50    1   25   25
  257  0.01275 0.28922 0.97656 0.99301 0.99858 0.96850 0.15122 0.93966 0.97415 0.67576 0.95996 0.97872 0.53480   50   50    1   25   50
  258  0.01186 0.28743 0.97519 0.99290 0.99834 0.90875 0.15201 0.92517 0.97276 0.66317 0.99347 0.97802 0.53268   50   50    1   25   75
  259  0.00990 0.28538 0.97254 0.99183 0.99726 0.96282 0.15111 0.92479 0.97012 0.53817 0.99362 0.97615 0.52905   50   50    1   25  100
  260  0.01651 0.31367 0.98807 0.99914 0.99723 0.96282 0.16236 0.99948 0.98566 0.65109 0.99010 0.98882 0.54450   50   50    1   50    1
  261  0.01751 0.31322 0.98852 0.99906 0.99691 0.96282 0.15932 0.99924 0.98613 0.70891 0.98840 0.98922 0.54193   50   50    1   50   25
  262  0.01758 0.30857 0.98705 0.99853 0.99164 0.96282 0.15939 0.99759 0.98463 0.70769 0.99498 0.98792 0.55575   50   50    1   50   50
  263  0.01618 0.30561 0.98511 0.99826 0.99604 0.96282 0.16010 0.99647 0.98262 0.67312 0.99645 0.98651 0.54112   50   50    1   50   75
  264  0.01451 0.30332 0.98443 0.99783 0.98256 0.93561 0.16123 0.99315 0.98195 0.62936 0.99775 0.98591 0.54400   50   50    1   50  100
  265  0.02249 0.34772 0.99283 0.99998 0.92519 0.92098 0.17480 0.97043 0.99046 0.85401 0.93789 0.99317 0.57197   50   50    1   75    1
  266  0.02383 0.34626 0.99258 0.99999 0.91618 0.92098 0.17097 0.96645 0.99018 0.92945 0.94996 0.99311 0.57283   50   50    1   75   25
  267  0.02169 0.33552 0.99269 0.99998 0.91705 0.94691 0.17268 0.97861 0.99036 0.81258 0.97453 0.99337 0.56977   50   50    1   75   50
  268  0.02316 0.32710 0.99092 0.99987 0.93982 0.96282 0.16899 0.98057 0.98849 0.87574 0.99085 0.99203 0.56012   50   50    1   75   75
  269  0.02340 0.32318 0.99153 0.99995 0.95612 0.99957 0.16787 0.99031 0.98915 0.83486 0.99465 0.99283 0.56372   50   50    1   75  100
  270  0.02500 0.38794 0.99069 0.99997 0.87191 0.92098 0.17999 0.97860 0.98772 0.85451 0.92118 0.99200 0.59637   50   50    1  100    1
  271  0.02407 0.38574 0.99106 0.99999 0.86523 0.92098 0.17863 0.97209 0.98814 0.92151 0.84688 0.99235 0.59465   50   50    1  100   25
  272  0.02196 0.36753 0.99113 1.00000 0.88638 0.95304 0.17704 0.97559 0.98837 0.73906 0.97223 0.99235 0.58615   50   50    1  100   50
  273  0.02204 0.36700 0.99092 1.00000 0.89161 0.99719 0.17861 0.97140 0.98810 0.71673 0.94969 0.99254 0.58863   50   50    1  100   75
  274  0.02451 0.36241 0.99157 0.99999 0.88163 0.99765 0.17824 0.97056 0.98881 0.85999 0.90706 0.99332 0.58495   50   50    1  100  100
  275  0.00025 0.12082 0.71183 0.42942 0.95033 0.95250 0.08960 0.91282 0.71938 0.67343 0.98422 0.76579 0.25462   50   50   25    1    1
  276  0.00019 0.12092 0.71993 0.31224 0.94133 0.96905 0.09109 0.91253 0.72716 0.67251 0.98709 0.77116 0.24983   50   50   25    1   25
  277  0.00031 0.12125 0.71300 0.46398 0.94164 0.96496 0.08961 0.89227 0.72061 0.79214 0.97252 0.76724 0.25285   50   50   25    1   50
  278  0.00027 0.12102 0.71120 0.48933 0.95134 0.94902 0.08904 0.91845 0.71887 0.64072 0.97878 0.76600 0.24785   50   50   25    1   75
  279  0.00037 0.12095 0.71523 0.43827 0.94032 0.96482 0.08831 0.91462 0.72280 0.96912 0.96999 0.76918 0.25142   50   50   25    1  100
  280  0.00012 0.12126 0.75212 0.15293 0.90578 0.98036 0.09522 0.89563 0.75818 0.72679 0.98211 0.79276 0.25418   50   50   25   25    1
  281  0.00011 0.12082 0.75256 0.15570 0.91929 0.97565 0.09515 0.89442 0.75861 0.69843 0.98545 0.79322 0.24868   50   50   25   25   25
  282  0.00012 0.12072 0.74677 0.19189 0.91820 0.98177 0.09342 0.88458 0.75305 0.65427 0.98004 0.78975 0.25128   50   50   25   25   50
  283  0.00010 0.12161 0.75106 0.11297 0.90742 0.98181 0.09457 0.90287 0.75721 0.83747 0.96514 0.79268 0.25383   50   50   25   25   75
  284  0.00014 0.12128 0.74634 0.20077 0.90600 0.97697 0.09292 0.89315 0.75271 0.75987 0.95763 0.79028 0.24848   50   50   25   25  100
  285  0.00001 0.12133 0.83170 0.01072 0.75486 0.99777 0.10298 0.94148 0.83516 0.77074 1.00000 0.84879 0.24865   50   50   25   50    1
  286  0.00001 0.12141 0.82416 0.01393 0.79551 0.99485 0.10287 0.94979 0.82785 0.76923 0.99892 0.84282 0.25357   50   50   25   50   25
  287  0.00002 0.12115 0.82975 0.01723 0.77786 0.99656 0.10185 0.94650 0.83328 0.78073 0.99625 0.84821 0.25782   50   50   25   50   50
  288  0.00002 0.12138 0.80938 0.02268 0.80017 0.99475 0.09954 0.92940 0.81356 0.70704 0.99248 0.83339 0.25273   50   50   25   50   75
  289  0.00002 0.12148 0.81392 0.02061 0.82631 0.99199 0.10043 0.92695 0.81797 0.71915 0.99961 0.83691 0.25255   50   50   25   50  100
  290  0.00000 0.12140 0.90272 0.00233 0.58613 0.99942 0.10755 0.99827 0.90399 0.83077 0.98631 0.90385 0.25462   50   50   25   75    1
  291  0.00000 0.12169 0.90245 0.00167 0.58017 0.99912 0.10839 0.99523 0.90373 0.81286 0.99530 0.90335 0.25505   50   50   25   75   25
  292  0.00000 0.12143 0.88883 0.00385 0.63213 0.99870 0.10610 0.99053 0.89051 0.86538 0.99734 0.89311 0.25653   50   50   25   75   50
  293  0.00001 0.12158 0.88577 0.00469 0.60810 0.99926 0.10592 0.98763 0.88755 0.78150 0.99757 0.89084 0.25750   50   50   25   75   75
  294  0.00000 0.12123 0.88302 0.00293 0.64168 0.99896 0.10499 0.98383 0.88487 0.82570 0.99680 0.88911 0.25725   50   50   25   75  100
  295  0.00000 0.12165 0.95912 0.00028 0.39101 0.99982 0.11344 0.96493 0.95892 0.93014 0.95608 0.95269 0.25915   50   50   25  100    1
  296  0.00000 0.12144 0.96023 0.00102 0.37561 0.99997 0.11251 0.96546 0.96000 0.93362 0.94884 0.95413 0.25357   50   50   25  100   25
  297  0.00000 0.12167 0.95641 0.00006 0.42359 0.99991 0.11238 0.97509 0.95625 0.95959 0.92092 0.95087 0.26493   50   50   25  100   50
  298  0.00000 0.12125 0.95922 0.00024 0.42340 0.99996 0.11218 0.97561 0.95900 0.91712 0.92766 0.95377 0.26263   50   50   25  100   75
  299  0.00000 0.12164 0.95276 0.00035 0.44499 0.99988 0.11177 0.98405 0.95268 0.91557 0.94494 0.94759 0.26385   50   50   25  100  100
  300  0.00003 0.11891 0.55650 0.67993 0.99185 0.34261 0.07469 0.75149 0.57258 0.43003 0.92476 0.65136 0.24840   50   50   50    1    1
  301  0.00003 0.11902 0.55646 0.68034 0.99237 0.30728 0.07492 0.75286 0.57242 0.42583 0.92144 0.65132 0.25043   50   50   50    1   25
  302  0.00003 0.11898 0.55645 0.67683 0.99185 0.34392 0.07459 0.75242 0.57287 0.42900 0.92687 0.65132 0.24320   50   50   50    1   50
  303  0.00003 0.11885 0.55647 0.67829 0.99222 0.31057 0.07414 0.75097 0.57324 0.42684 0.92373 0.65134 0.24425   50   50   50    1   75
  304  0.00003 0.11876 0.55648 0.67904 0.99256 0.29104 0.07453 0.75245 0.57283 0.43207 0.92302 0.65135 0.24265   50   50   50    1  100
  305  0.00003 0.11917 0.55616 0.67724 0.99214 0.32491 0.07748 0.75371 0.57043 0.42786 0.92237 0.65104 0.24615   50   50   50   25    1
  306  0.00003 0.11929 0.55613 0.68088 0.99261 0.29356 0.07731 0.75351 0.57062 0.42730 0.92354 0.65102 0.24848   50   50   50   25   25
  307  0.00003 0.11949 0.55606 0.67865 0.99232 0.31229 0.07752 0.75376 0.57060 0.42816 0.92361 0.65096 0.24625   50   50   50   25   50
  308  0.00003 0.11924 0.55647 0.68039 0.99226 0.31912 0.07708 0.75401 0.57109 0.43207 0.92368 0.65129 0.25043   50   50   50   25   75
  309  0.00003 0.11899 0.55634 0.67942 0.99201 0.32374 0.07653 0.75339 0.57113 0.42586 0.92414 0.65119 0.24498   50   50   50   25  100
  310  0.00005 0.11924 0.56530 0.71962 0.99048 0.42977 0.08187 0.76459 0.57764 0.44897 0.92504 0.65799 0.24272   50   50   50   50    1
  311  0.00006 0.11947 0.56590 0.73174 0.98777 0.51776 0.08174 0.76439 0.57833 0.44772 0.92783 0.65847 0.24872   50   50   50   50   25
  312  0.00006 0.11928 0.56929 0.74946 0.99055 0.41688 0.08113 0.76863 0.58174 0.45254 0.93100 0.66110 0.25965   50   50   50   50   50
  313  0.00006 0.11913 0.56782 0.73352 0.98951 0.47914 0.08107 0.76599 0.58037 0.45283 0.92897 0.66000 0.24262   50   50   50   50   75
  314  0.00005 0.11920 0.56587 0.73308 0.98941 0.46126 0.08036 0.76417 0.57871 0.45247 0.92843 0.65855 0.24782   50   50   50   50  100
  315  0.00025 0.11945 0.62496 0.99342 0.96625 0.86125 0.08557 0.82026 0.63521 0.56635 0.94037 0.70240 0.24730   50   50   50   75    1
  316  0.00021 0.11963 0.61632 0.94047 0.97047 0.80593 0.08512 0.81445 0.62693 0.54604 0.94267 0.69617 0.24910   50   50   50   75   25
  317  0.00018 0.11953 0.61110 0.93457 0.97464 0.74974 0.08461 0.80621 0.62188 0.54441 0.93881 0.69235 0.24485   50   50   50   75   50
  318  0.00018 0.11949 0.60658 0.95002 0.97667 0.78732 0.08448 0.80328 0.61748 0.50729 0.94726 0.68896 0.25003   50   50   50   75   75
  319  0.00022 0.11936 0.62359 0.97233 0.96801 0.83972 0.08468 0.81630 0.63404 0.52175 0.94837 0.70170 0.24277   50   50   50   75  100
  320  0.00045 0.11960 0.70190 0.89284 0.91801 0.95332 0.08873 0.89805 0.70976 0.64449 0.97088 0.75869 0.25490   50   50   50  100    1
  321  0.00035 0.11931 0.72439 0.66215 0.88955 0.95967 0.08965 0.91014 0.73151 0.62805 0.97646 0.77510 0.25275   50   50   50  100   25
  322  0.00043 0.11911 0.70437 0.86033 0.89557 0.97929 0.08818 0.89674 0.71217 0.65809 0.97834 0.76078 0.24705   50   50   50  100   50
  323  0.00040 0.11921 0.68970 0.90378 0.92151 0.95337 0.08735 0.88283 0.69802 0.61228 0.97073 0.75025 0.25245   50   50   50  100   75
  324  0.00038 0.11982 0.68029 0.88489 0.93037 0.92131 0.08747 0.87013 0.68891 0.64747 0.96456 0.74326 0.25440   50   50   50  100  100
  325  0.00003 0.11800 0.55699 0.67749 0.99210 0.31236 0.06972 0.75089 0.58253 0.43136 0.92522 0.65191 0.24203   50   50   75    1    1
  326  0.00003 0.11792 0.55659 0.67371 0.99183 0.32288 0.06969 0.75160 0.58211 0.42481 0.92198 0.65156 0.23540   50   50   75    1   25
  327  0.00003 0.11855 0.55673 0.67690 0.99177 0.32270 0.06987 0.75282 0.58373 0.41899 0.92583 0.65169 0.24723   50   50   75    1   50
  328  0.00002 0.11856 0.55658 0.67398 0.99278 0.28286 0.07011 0.75031 0.58220 0.43319 0.92228 0.65155 0.24137   50   50   75    1   75
  329  0.00003 0.11841 0.55647 0.67513 0.99256 0.29652 0.07012 0.75185 0.58181 0.42921 0.91518 0.65145 0.24968   50   50   75    1  100
  330  0.00003 0.11848 0.55611 0.67555 0.99220 0.35316 0.07152 0.75357 0.57666 0.42438 0.92394 0.65109 0.24897   50   50   75   25    1
  331  0.00003 0.11855 0.55612 0.67442 0.99246 0.29703 0.07155 0.75385 0.57662 0.42740 0.92587 0.65110 0.24762   50   50   75   25   25
  332  0.00003 0.11816 0.55656 0.67717 0.99217 0.32029 0.07115 0.75242 0.57791 0.42666 0.92306 0.65149 0.24978   50   50   75   25   50
  333  0.00003 0.11845 0.55611 0.67570 0.99236 0.30266 0.07111 0.75332 0.57795 0.42550 0.92421 0.65111 0.23908   50   50   75   25   75
  334  0.00003 0.11838 0.55616 0.67679 0.99224 0.30383 0.07091 0.75333 0.57835 0.43187 0.92279 0.65115 0.24053   50   50   75   25  100
  335  0.00003 0.11886 0.55556 0.67495 0.99202 0.32277 0.07453 0.75397 0.57209 0.42715 0.92309 0.65058 0.25592   50   50   75   50    1
  336  0.00003 0.11834 0.55581 0.67519 0.99214 0.32100 0.07396 0.75422 0.57264 0.42847 0.92367 0.65080 0.25032   50   50   75   50   25
  337  0.00003 0.11832 0.55562 0.67552 0.99186 0.34460 0.07336 0.75435 0.57301 0.42690 0.92413 0.65064 0.25188   50   50   75   50   50
  338  0.00003 0.11858 0.55557 0.67675 0.99165 0.33760 0.07375 0.75414 0.57273 0.42472 0.92373 0.65060 0.24135   50   50   75   50   75
  339  0.00003 0.11834 0.55608 0.67715 0.99195 0.34216 0.07369 0.75401 0.57320 0.42621 0.92372 0.65103 0.25030   50   50   75   50  100
  340  0.00003 0.11912 0.55544 0.67264 0.99288 0.27854 0.07683 0.75437 0.57009 0.42594 0.92373 0.65046 0.25235   50   50   75   75    1
  341  0.00003 0.11896 0.55542 0.67452 0.99222 0.30848 0.07666 0.75437 0.57019 0.42769 0.92352 0.65045 0.24480   50   50   75   75   25
  342  0.00003 0.11835 0.55552 0.67635 0.99232 0.30825 0.07659 0.75456 0.57004 0.42625 0.92370 0.65053 0.24172   50   50   75   75   50
  343  0.00003 0.11849 0.55556 0.67302 0.99264 0.28882 0.07593 0.75420 0.57057 0.42425 0.92400 0.65057 0.24968   50   50   75   75   75
  344  0.00003 0.11895 0.55565 0.67637 0.99221 0.31997 0.07627 0.75416 0.57059 0.42660 0.92389 0.65064 0.24968   50   50   75   75  100
  345  0.00008 0.11880 0.58201 0.76096 0.98436 0.59136 0.07872 0.77968 0.59496 0.46705 0.93153 0.67134 0.24993   50   50   75  100    1
  346  0.00010 0.11878 0.58868 0.77167 0.97721 0.70034 0.07933 0.78679 0.60119 0.49054 0.92812 0.67640 0.24242   50   50   75  100   25
  347  0.00007 0.11899 0.57650 0.74604 0.98445 0.55376 0.07902 0.77349 0.58949 0.46729 0.92851 0.66698 0.24785   50   50   75  100   50
  348  0.00005 0.11868 0.56525 0.69926 0.98930 0.43418 0.07817 0.76418 0.57874 0.44222 0.92625 0.65819 0.25825   50   50   75  100   75
  349  0.00004 0.11896 0.55895 0.68957 0.98975 0.40511 0.07827 0.75793 0.57262 0.43310 0.92514 0.65322 0.25410   50   50   75  100  100
  350  0.00003 0.11782 0.55712 0.67658 0.99162 0.34010 0.06857 0.75213 0.58942 0.42451 0.90563 0.65207 0.24110   50   50  100    1    1
  351  0.00002 0.11843 0.55688 0.67473 0.99240 0.29941 0.06892 0.75170 0.58898 0.42522 0.89965 0.65186 0.24733   50   50  100    1   25
  352  0.00003 0.11848 0.55770 0.67545 0.99087 0.34209 0.06870 0.75088 0.59219 0.46142 0.92866 0.65261 0.24975   50   50  100    1   50
  353  0.00003 0.11815 0.55758 0.67597 0.99178 0.31614 0.06857 0.75073 0.59130 0.43251 0.91916 0.65250 0.24277   50   50  100    1   75
  354  0.00002 0.11831 0.55782 0.67617 0.99316 0.27605 0.06859 0.75161 0.59206 0.42153 0.92711 0.65272 0.24373   50   50  100    1  100
  355  0.00003 0.11857 0.55629 0.67347 0.99154 0.32558 0.06969 0.75332 0.58385 0.42666 0.92542 0.65130 0.24592   50   50  100   25    1
  356  0.00003 0.11853 0.55692 0.67615 0.99228 0.30118 0.06973 0.75271 0.58416 0.42794 0.92528 0.65186 0.24688   50   50  100   25   25
  357  0.00002 0.11836 0.55595 0.67411 0.99269 0.28327 0.06962 0.75408 0.58350 0.42919 0.92369 0.65101 0.24927   50   50  100   25   50
  358  0.00003 0.11845 0.55595 0.67516 0.99202 0.31046 0.06963 0.75417 0.58309 0.42945 0.92304 0.65100 0.24675   50   50  100   25   75
  359  0.00002 0.11824 0.55671 0.67506 0.99242 0.28399 0.06957 0.75352 0.58421 0.42907 0.92408 0.65168 0.24755   50   50  100   25  100
  360  0.00003 0.11881 0.55579 0.67438 0.99226 0.31297 0.07215 0.75408 0.57576 0.42671 0.92318 0.65082 0.25368   50   50  100   50    1
  361  0.00003 0.11880 0.55559 0.67482 0.99226 0.30655 0.07215 0.75393 0.57555 0.42717 0.92394 0.65064 0.24498   50   50  100   50   25
  362  0.00003 0.11872 0.55592 0.67405 0.99206 0.31987 0.07194 0.75397 0.57627 0.42736 0.92381 0.65093 0.24655   50   50  100   50   50
  363  0.00003 0.11844 0.55592 0.67512 0.99256 0.29052 0.07174 0.75427 0.57628 0.42929 0.92354 0.65093 0.24698   50   50  100   50   75
  364  0.00003 0.11859 0.55572 0.67194 0.99193 0.31482 0.07199 0.75415 0.57572 0.43080 0.92369 0.65076 0.24940   50   50  100   50  100
  365  0.00003 0.11871 0.55566 0.67344 0.99227 0.30358 0.07437 0.75445 0.57212 0.42726 0.92361 0.65067 0.24330   50   50  100   75    1
  366  0.00003 0.11896 0.55564 0.67683 0.99168 0.32504 0.07488 0.75437 0.57177 0.42811 0.92431 0.65064 0.24463   50   50  100   75   25
  367  0.00003 0.11966 0.55577 0.67399 0.99168 0.32843 0.07474 0.75434 0.57253 0.42726 0.92345 0.65077 0.24768   50   50  100   75   50
  368  0.00003 0.11867 0.55547 0.67724 0.99158 0.33802 0.07421 0.75429 0.57216 0.42522 0.92369 0.65051 0.25288   50   50  100   75   75
  369  0.00003 0.11856 0.55594 0.67543 0.99206 0.32102 0.07396 0.75452 0.57275 0.42891 0.92377 0.65091 0.24640   50   50  100   75  100
  370  0.00005 0.11904 0.56667 0.70654 0.98860 0.44995 0.07640 0.76407 0.58140 0.44221 0.92707 0.65954 0.25620   50   50  100  100    1
  371  0.00004 0.11908 0.56673 0.70425 0.98995 0.39253 0.07705 0.76572 0.58096 0.44582 0.92722 0.65950 0.24287   50   50  100  100   25
  372  0.00004 0.11905 0.55976 0.69348 0.99032 0.38862 0.07656 0.75785 0.57444 0.43513 0.92542 0.65394 0.24715   50   50  100  100   50
  373  0.00003 0.11874 0.55966 0.68978 0.99113 0.33621 0.07599 0.75832 0.57462 0.43171 0.92542 0.65388 0.24438   50   50  100  100   75
  374  0.00003 0.11887 0.56283 0.68882 0.99189 0.32298 0.07606 0.76129 0.57769 0.43434 0.92482 0.65644 0.24268   50   50  100  100  100
  375  0.00394 0.25302 0.96244 0.97951 0.39717 0.95898 0.13182 0.99019 0.96046 0.71327 0.99707 0.96807 0.50270   50   75    1    1    1
  376  0.00280 0.25111 0.96478 0.98135 0.34535 0.97574 0.13078 0.97463 0.96278 0.58868 0.99944 0.96995 0.49875   50   75    1    1   25
  377  0.00088 0.24640 0.96219 0.98053 0.29461 0.94691 0.13244 0.84859 0.96026 0.26655 0.99005 0.96815 0.49347   50   75    1    1   50
  378  0.00293 0.24556 0.96175 0.98075 0.32598 0.94691 0.13018 0.94020 0.95981 0.72195 0.99338 0.96817 0.50175   50   75    1    1   75
  379  0.00406 0.24505 0.96168 0.98104 0.43970 0.94691 0.13100 0.87526 0.95970 0.81451 0.99327 0.96871 0.48902   50   75    1    1  100
  380  0.00494 0.25674 0.96492 0.98069 0.66931 0.97760 0.13730 0.93495 0.96296 0.51869 0.99713 0.96858 0.50140   50   75    1   25    1
  381  0.00626 0.25702 0.96658 0.98354 0.64302 0.96673 0.13677 0.91625 0.96458 0.72381 0.95475 0.97011 0.50860   50   75    1   25   25
  382  0.00417 0.25337 0.96528 0.98325 0.67776 0.92878 0.13551 0.91471 0.96330 0.47758 0.98124 0.96963 0.50715   50   75    1   25   50
  383  0.00553 0.25171 0.96180 0.98298 0.70758 0.93561 0.13680 0.91150 0.95989 0.60810 0.99751 0.96693 0.50017   50   75    1   25   75
  384  0.00401 0.24950 0.96283 0.98199 0.64363 0.93561 0.13608 0.90780 0.96089 0.49270 0.99278 0.96818 0.50275   50   75    1   25  100
  385  0.01243 0.27551 0.97714 0.99257 0.90945 0.96745 0.14742 0.99462 0.97490 0.74675 0.97596 0.97864 0.51840   50   75    1   50    1
  386  0.01192 0.27333 0.97781 0.99252 0.94286 0.95304 0.14723 0.99427 0.97560 0.69432 0.97872 0.97912 0.52635   50   75    1   50   25
  387  0.01063 0.26711 0.97496 0.99086 0.90981 0.98008 0.14624 0.98288 0.97276 0.65296 0.99436 0.97739 0.52062   50   75    1   50   50
  388  0.00832 0.26437 0.97185 0.98912 0.90677 0.97473 0.14596 0.97606 0.96971 0.54714 0.99388 0.97462 0.50580   50   75    1   50   75
  389  0.01034 0.26273 0.97123 0.98930 0.89586 0.96282 0.14439 0.97575 0.96908 0.68923 0.99959 0.97443 0.51805   50   75    1   50  100
  390  0.01681 0.29302 0.98799 0.99850 0.99915 0.94272 0.15514 0.98943 0.98572 0.77780 0.97785 0.98896 0.54230   50   75    1   75    1
  391  0.01552 0.29788 0.98788 0.99885 0.99801 0.96850 0.15507 0.98684 0.98558 0.70962 0.94918 0.98882 0.54373   50   75    1   75   25
  392  0.01609 0.28703 0.98461 0.99774 0.99999 0.97312 0.15395 0.98757 0.98227 0.76168 0.97370 0.98623 0.53693   50   75    1   75   50
  393  0.01592 0.28356 0.98405 0.99734 0.99991 0.98008 0.15411 0.99511 0.98171 0.75928 0.98497 0.98590 0.52573   50   75    1   75   75
  394  0.01620 0.28088 0.98498 0.99790 0.99943 0.98008 0.15288 0.98797 0.98266 0.78580 0.98178 0.98694 0.53000   50   75    1   75  100
  395  0.02142 0.32697 0.98735 0.99920 0.95926 0.97574 0.16291 0.96802 0.98474 0.84529 0.96444 0.98865 0.56692   50   75    1  100    1
  396  0.01896 0.32474 0.98771 0.99933 0.96104 0.92098 0.16123 0.95500 0.98512 0.80215 0.98079 0.98915 0.56615   50   75    1  100   25
  397  0.01913 0.31783 0.98768 0.99924 0.96941 0.96282 0.16316 0.97238 0.98511 0.80781 0.94432 0.98945 0.55388   50   75    1  100   50
  398  0.02051 0.31208 0.98674 0.99901 0.98242 0.96282 0.16096 0.96074 0.98417 0.86239 0.97565 0.98882 0.55658   50   75    1  100   75
  399  0.01864 0.30749 0.98716 0.99895 0.97308 0.96850 0.15969 0.97181 0.98461 0.82171 0.96961 0.98952 0.54155   50   75    1  100  100
  400  0.00032 0.12072 0.63421 0.99996 0.97801 0.84016 0.08310 0.85851 0.64484 0.65974 0.95845 0.71060 0.24762   50   75   25    1    1
  401  0.00030 0.12091 0.63572 0.99970 0.97942 0.83214 0.08317 0.84858 0.64630 0.62129 0.95665 0.71169 0.24970   50   75   25    1   25
  402  0.00030 0.12037 0.63790 0.99999 0.97770 0.83596 0.08270 0.85822 0.64845 0.61337 0.96089 0.71350 0.24975   50   75   25    1   50
  403  0.00027 0.12058 0.63095 0.99763 0.97935 0.83805 0.08213 0.85482 0.64179 0.59917 0.94536 0.70833 0.24358   50   75   25    1   75
  404  0.00025 0.12054 0.63097 0.99299 0.98338 0.74458 0.08176 0.85198 0.64195 0.61325 0.94137 0.70861 0.25168   50   75   25    1  100
  405  0.00031 0.12101 0.65996 0.84394 0.96714 0.92678 0.08649 0.83894 0.66932 0.57861 0.96803 0.72854 0.26142   50   75   25   25    1
  406  0.00032 0.12047 0.66766 0.78813 0.97013 0.90726 0.08711 0.84692 0.67667 0.67392 0.94323 0.73385 0.24657   50   75   25   25   25
  407  0.00027 0.12046 0.66452 0.86425 0.96959 0.90017 0.08538 0.84817 0.67381 0.52320 0.97486 0.73227 0.24945   50   75   25   25   50
  408  0.00032 0.12051 0.65812 0.89026 0.97062 0.88897 0.08506 0.85763 0.66763 0.61699 0.96923 0.72756 0.24573   50   75   25   25   75
  409  0.00032 0.12115 0.65823 0.86248 0.97304 0.86990 0.08582 0.84925 0.66777 0.64575 0.95343 0.72766 0.25278   50   75   25   25  100
  410  0.00015 0.12106 0.72278 0.26786 0.94504 0.95488 0.09235 0.88698 0.72980 0.62786 0.97396 0.77214 0.25782   50   75   25   50    1
  411  0.00018 0.12091 0.71987 0.30047 0.92862 0.96980 0.09208 0.88665 0.72701 0.65854 0.98055 0.77025 0.25548   50   75   25   50   25
  412  0.00014 0.12091 0.72184 0.27545 0.93299 0.97407 0.09149 0.88632 0.72894 0.55148 0.98394 0.77189 0.25008   50   75   25   50   50
  413  0.00016 0.12068 0.72049 0.31339 0.94631 0.95522 0.09082 0.87325 0.72767 0.60569 0.97592 0.77132 0.25220   50   75   25   50   75
  414  0.00015 0.12110 0.71238 0.30466 0.94858 0.95267 0.09046 0.86869 0.71982 0.60307 0.97301 0.76533 0.25627   50   75   25   50  100
  415  0.00008 0.12118 0.81026 0.08308 0.83357 0.99147 0.09780 0.96088 0.81444 0.72895 0.99486 0.83502 0.24700   50   75   25   75    1
  416  0.00007 0.12147 0.80866 0.07343 0.85175 0.98921 0.09807 0.96413 0.81289 0.73458 0.99948 0.83375 0.25458   50   75   25   75   25
  417  0.00008 0.12103 0.80740 0.08237 0.84545 0.99292 0.09704 0.95386 0.81168 0.74033 0.99834 0.83323 0.25743   50   75   25   75   50
  418  0.00007 0.12131 0.79777 0.07358 0.86683 0.98860 0.09710 0.95234 0.80236 0.74560 0.99181 0.82592 0.25845   50   75   25   75   75
  419  0.00009 0.12148 0.79913 0.09823 0.84152 0.99008 0.09588 0.94094 0.80372 0.75747 0.98981 0.82807 0.25760   50   75   25   75  100
  420  0.00007 0.12196 0.89578 0.05303 0.63881 0.99762 0.10245 0.99972 0.89723 0.85851 0.98659 0.90114 0.25535   50   75   25  100    1
  421  0.00005 0.12129 0.90280 0.03862 0.61859 0.99920 0.10349 0.99859 0.90405 0.90653 0.98381 0.90635 0.26165   50   75   25  100   25
  422  0.00005 0.12147 0.89606 0.04058 0.65800 0.99828 0.10211 0.99997 0.89750 0.86073 0.99159 0.90168 0.26362   50   75   25  100   50
  423  0.00005 0.12189 0.88862 0.04104 0.65769 0.99794 0.10182 1.00000 0.89030 0.86570 0.99051 0.89564 0.26298   50   75   25  100   75
  424  0.00008 0.12106 0.88417 0.05648 0.68602 0.99874 0.10004 0.99876 0.88598 0.89840 0.99573 0.89288 0.25692   50   75   25  100  100
  425  0.00003 0.11814 0.55649 0.67700 0.99224 0.31378 0.07163 0.75220 0.57624 0.42755 0.92567 0.65141 0.24023   50   75   50    1    1
  426  0.00003 0.11879 0.55718 0.67822 0.99239 0.29816 0.07194 0.75069 0.57710 0.42085 0.92476 0.65200 0.24453   50   75   50    1   25
  427  0.00003 0.11870 0.55674 0.67649 0.99172 0.33916 0.07183 0.75105 0.57705 0.41738 0.92421 0.65163 0.24148   50   75   50    1   50
  428  0.00003 0.11830 0.55689 0.68075 0.99207 0.32279 0.07174 0.75086 0.57675 0.42577 0.92454 0.65175 0.24430   50   75   50    1   75
  429  0.00003 0.11878 0.55744 0.67771 0.99183 0.34211 0.07158 0.74882 0.57840 0.41836 0.92492 0.65225 0.24540   50   75   50    1  100
  430  0.00002 0.11865 0.55602 0.67629 0.99278 0.28352 0.07345 0.75258 0.57354 0.42434 0.92111 0.65098 0.24575   50   75   50   25    1
  431  0.00003 0.11897 0.55654 0.67691 0.99213 0.31847 0.07365 0.75343 0.57397 0.42766 0.92386 0.65142 0.24717   50   75   50   25   25
  432  0.00003 0.11864 0.55637 0.67789 0.99241 0.30299 0.07314 0.75301 0.57399 0.43185 0.92312 0.65128 0.24610   50   75   50   25   50
  433  0.00003 0.11912 0.55666 0.67744 0.99172 0.34810 0.07351 0.75244 0.57444 0.42187 0.92358 0.65152 0.24440   50   75   50   25   75
  434  0.00003 0.11874 0.55599 0.67537 0.99179 0.34874 0.07286 0.75370 0.57429 0.42681 0.92332 0.65097 0.24955   50   75   50   25  100
  435  0.00003 0.11887 0.55600 0.67904 0.99249 0.29877 0.07697 0.75431 0.57051 0.42756 0.92407 0.65091 0.24805   50   75   50   50    1
  436  0.00003 0.11905 0.55595 0.67869 0.99269 0.29425 0.07691 0.75410 0.57056 0.42622 0.92403 0.65088 0.24207   50   75   50   50   25
  437  0.00003 0.11888 0.55596 0.67803 0.99216 0.32338 0.07604 0.75416 0.57090 0.42788 0.92413 0.65089 0.24545   50   75   50   50   50
  438  0.00003 0.11886 0.55608 0.67956 0.99262 0.28928 0.07643 0.75384 0.57083 0.42559 0.92304 0.65098 0.24393   50   75   50   50   75
  439  0.00003 0.11872 0.55601 0.67867 0.99249 0.30378 0.07614 0.75418 0.57094 0.42605 0.92412 0.65093 0.24455   50   75   50   50  100
  440  0.00005 0.11915 0.56859 0.72258 0.99094 0.39291 0.07966 0.76743 0.58150 0.44484 0.92798 0.66069 0.25200   50   75   50   75    1
  441  0.00005 0.11911 0.56891 0.71937 0.99000 0.43091 0.07952 0.76701 0.58185 0.44370 0.92810 0.66095 0.25565   50   75   50   75   25
  442  0.00005 0.11930 0.56591 0.71470 0.98991 0.42843 0.07957 0.76430 0.57897 0.44605 0.92962 0.65862 0.25267   50   75   50   75   50
  443  0.00005 0.11935 0.56606 0.70653 0.99051 0.40822 0.07941 0.76469 0.57921 0.44298 0.92784 0.65876 0.25313   50   75   50   75   75
  444  0.00004 0.11869 0.56253 0.70369 0.99090 0.39345 0.07880 0.76199 0.57576 0.43945 0.92706 0.65600 0.24345   50   75   50   75  100
  445  0.00024 0.11919 0.62609 0.95170 0.96598 0.87260 0.08258 0.82610 0.63676 0.56013 0.93671 0.70418 0.24790   50   75   50  100    1
  446  0.00021 0.11959 0.62393 0.92445 0.97467 0.74982 0.08270 0.82330 0.63475 0.57347 0.93426 0.70266 0.25470   50   75   50  100   25
  447  0.00021 0.11893 0.62109 0.92234 0.96473 0.86392 0.08216 0.82050 0.63197 0.52098 0.94676 0.70051 0.24868   50   75   50  100   50
  448  0.00021 0.11934 0.61695 0.91246 0.97286 0.78773 0.08262 0.81741 0.62793 0.57052 0.93807 0.69733 0.25462   50   75   50  100   75
  449  0.00017 0.11877 0.60843 0.87547 0.97630 0.79690 0.08113 0.80869 0.61984 0.52552 0.94252 0.69114 0.24592   50   75   50  100  100
  450  0.00003 0.11802 0.55729 0.67778 0.99201 0.30593 0.06830 0.75125 0.59313 0.42591 0.92443 0.65225 0.23920   50   75   75    1    1
  451  0.00003 0.11779 0.55734 0.67549 0.99203 0.30520 0.06824 0.75184 0.59236 0.43358 0.92072 0.65229 0.24270   50   75   75    1   25
  452  0.00003 0.11782 0.55835 0.68080 0.99219 0.30025 0.06801 0.75093 0.59647 0.43002 0.92540 0.65322 0.23933   50   75   75    1   50
  453  0.00003 0.11747 0.55731 0.67585 0.99064 0.39107 0.06798 0.75147 0.59379 0.42186 0.92785 0.65227 0.23960   50   75   75    1   75
  454  0.00002 0.11775 0.55804 0.68096 0.99236 0.28916 0.06796 0.74906 0.59681 0.41851 0.92227 0.65295 0.23985   50   75   75    1  100
  455  0.00003 0.11776 0.55615 0.67658 0.99228 0.30507 0.06902 0.75285 0.58495 0.42752 0.91966 0.65119 0.23968   50   75   75   25    1
  456  0.00003 0.11786 0.55634 0.67418 0.99213 0.31248 0.06913 0.75392 0.58472 0.42646 0.92436 0.65136 0.24425   50   75   75   25   25
  457  0.00003 0.11790 0.55706 0.67605 0.99212 0.31307 0.06901 0.75386 0.58646 0.43097 0.92581 0.65200 0.23975   50   75   75   25   50
  458  0.00002 0.11807 0.55672 0.67700 0.99227 0.29806 0.06902 0.75453 0.58703 0.42993 0.92415 0.65171 0.23795   50   75   75   25   75
  459  0.00003 0.11818 0.55701 0.67747 0.99150 0.32954 0.06899 0.75324 0.58698 0.43319 0.92370 0.65196 0.24692   50   75   75   25  100
  460  0.00003 0.11791 0.55549 0.67363 0.99214 0.31828 0.07129 0.75425 0.57613 0.42811 0.92403 0.65056 0.24017   50   75   75   50    1
  461  0.00003 0.11775 0.55576 0.67413 0.99196 0.31626 0.07108 0.75425 0.57656 0.42564 0.92299 0.65080 0.24065   50   75   75   50   25
  462  0.00003 0.11803 0.55571 0.67498 0.99213 0.31801 0.07079 0.75406 0.57771 0.42823 0.92377 0.65077 0.24455   50   75   75   50   50
  463  0.00003 0.11828 0.55570 0.67510 0.99222 0.30581 0.07073 0.75410 0.57804 0.42625 0.92444 0.65075 0.24663   50   75   75   50   75
  464  0.00003 0.11824 0.55577 0.67460 0.99189 0.32525 0.07087 0.75441 0.57803 0.42748 0.92379 0.65081 0.24152   50   75   75   50  100
  465  0.00003 0.11831 0.55560 0.67564 0.99273 0.28185 0.07396 0.75430 0.57220 0.42709 0.92394 0.65062 0.24782   50   75   75   75    1
  466  0.00003 0.11820 0.55552 0.67503 0.99148 0.34373 0.07328 0.75407 0.57283 0.42684 0.92399 0.65057 0.24823   50   75   75   75   25
  467  0.00003 0.11815 0.55537 0.67397 0.99172 0.35748 0.07359 0.75424 0.57224 0.42637 0.92370 0.65043 0.24325   50   75   75   75   50
  468  0.00003 0.11858 0.55555 0.67357 0.99246 0.30254 0.07350 0.75418 0.57285 0.42749 0.92362 0.65059 0.25352   50   75   75   75   75
  469  0.00003 0.11809 0.55547 0.67458 0.99256 0.29793 0.07326 0.75422 0.57276 0.42689 0.92345 0.65052 0.24620   50   75   75   75  100
  470  0.00003 0.11855 0.55539 0.67367 0.99156 0.34173 0.07571 0.75451 0.57048 0.42697 0.92335 0.65043 0.24753   50   75   75  100    1
  471  0.00003 0.11863 0.55555 0.67517 0.99246 0.29901 0.07569 0.75459 0.57077 0.42644 0.92350 0.65056 0.25288   50   75   75  100   25
  472  0.00003 0.11844 0.55544 0.67631 0.99193 0.32462 0.07508 0.75429 0.57091 0.42713 0.92296 0.65048 0.24702   50   75   75  100   50
  473  0.00003 0.11837 0.55564 0.67237 0.99247 0.29870 0.07489 0.75460 0.57121 0.42644 0.92389 0.65064 0.24545   50   75   75  100   75
  474  0.00003 0.11835 0.55529 0.67287 0.99220 0.31092 0.07518 0.75462 0.57065 0.42651 0.92335 0.65036 0.24283   50   75   75  100  100
  475  0.00003 0.11814 0.55898 0.67706 0.99010 0.33940 0.06759 0.75002 0.60788 0.41997 0.93121 0.65386 0.24150   50   75  100    1    1
  476  0.00003 0.11790 0.55887 0.67844 0.99087 0.34549 0.06751 0.74990 0.60715 0.42998 0.92173 0.65375 0.24610   50   75  100    1   25
  477  0.00003 0.11790 0.55958 0.67848 0.99047 0.34018 0.06717 0.74889 0.61431 0.41752 0.91306 0.65443 0.24365   50   75  100    1   50
  478  0.00003 0.11765 0.55893 0.67489 0.99201 0.29333 0.06724 0.75152 0.61050 0.43259 0.92630 0.65382 0.24145   50   75  100    1   75
  479  0.00003 0.11829 0.55974 0.67845 0.99226 0.31779 0.06750 0.75039 0.61351 0.41881 0.92458 0.65458 0.24367   50   75  100    1  100
  480  0.00003 0.11833 0.55740 0.67459 0.99213 0.30408 0.06822 0.75274 0.59716 0.42808 0.92174 0.65237 0.24645   50   75  100   25    1
  481  0.00003 0.11801 0.55744 0.67903 0.99166 0.31389 0.06797 0.75253 0.59768 0.42915 0.91689 0.65240 0.24412   50   75  100   25   25
  482  0.00003 0.11801 0.55747 0.67437 0.99236 0.29482 0.06821 0.75331 0.59486 0.43028 0.92491 0.65242 0.24518   50   75  100   25   50
  483  0.00003 0.11800 0.55874 0.67857 0.99073 0.32615 0.06784 0.75269 0.60044 0.43316 0.92609 0.65360 0.24627   50   75  100   25   75
  484  0.00002 0.11774 0.55756 0.67588 0.99256 0.29911 0.06775 0.75334 0.59759 0.41986 0.92389 0.65252 0.24567   50   75  100   25  100
  485  0.00003 0.11816 0.55625 0.67499 0.99173 0.32293 0.06986 0.75385 0.58208 0.42464 0.92513 0.65126 0.24460   50   75  100   50    1
  486  0.00003 0.11853 0.55640 0.67743 0.99228 0.30420 0.06977 0.75411 0.58333 0.42732 0.92493 0.65140 0.25095   50   75  100   50   25
  487  0.00003 0.11852 0.55618 0.67414 0.99240 0.30338 0.06948 0.75430 0.58495 0.42619 0.92484 0.65121 0.25163   50   75  100   50   50
  488  0.00003 0.11841 0.55630 0.67502 0.99227 0.30936 0.06963 0.75428 0.58368 0.42698 0.92327 0.65131 0.24667   50   75  100   50   75
  489  0.00003 0.11805 0.55628 0.67376 0.99178 0.32272 0.06920 0.75434 0.58475 0.42270 0.92529 0.65130 0.24217   50   75  100   50  100
  490  0.00003 0.11865 0.55574 0.67458 0.99267 0.28268 0.07221 0.75441 0.57528 0.42585 0.92394 0.65077 0.25688   50   75  100   75    1
  491  0.00002 0.11862 0.55557 0.67550 0.99317 0.27444 0.07230 0.75417 0.57489 0.42719 0.92325 0.65062 0.24685   50   75  100   75   25
  492  0.00003 0.11861 0.55575 0.67556 0.99185 0.32755 0.07175 0.75434 0.57604 0.42684 0.92420 0.65078 0.23978   50   75  100   75   50
  493  0.00003 0.11871 0.55586 0.67431 0.99221 0.30896 0.07172 0.75410 0.57627 0.42703 0.92335 0.65088 0.24905   50   75  100   75   75
  494  0.00003 0.11819 0.55581 0.67687 0.99172 0.33227 0.07118 0.75432 0.57685 0.42764 0.92364 0.65084 0.24903   50   75  100   75  100
  495  0.00003 0.11904 0.55556 0.67489 0.99232 0.30659 0.07389 0.75448 0.57268 0.42609 0.92377 0.65059 0.24852   50   75  100  100    1
  496  0.00003 0.11865 0.55556 0.67174 0.99232 0.30504 0.07364 0.75465 0.57254 0.42704 0.92364 0.65059 0.24698   50   75  100  100   25
  497  0.00003 0.11844 0.55526 0.67223 0.99234 0.29428 0.07344 0.75436 0.57249 0.42703 0.92335 0.65035 0.24530   50   75  100  100   50
  498  0.00003 0.11891 0.55574 0.67459 0.99110 0.34668 0.07352 0.75457 0.57330 0.42788 0.92407 0.65074 0.24238   50   75  100  100   75
  499  0.00003 0.11896 0.55573 0.67245 0.99196 0.30658 0.07319 0.75451 0.57379 0.42812 0.92345 0.65075 0.24920   50   75  100  100  100
  500  0.00084 0.24473 0.96279 0.97891 0.17745 0.95949 0.12583 0.95989 0.96078 0.40666 0.97188 0.96988 0.48005   50  100    1    1    1
  501  0.00071 0.24445 0.96294 0.97828 0.18233 0.95160 0.12572 0.95168 0.96095 0.32655 0.98668 0.96962 0.49395   50  100    1    1   25
  502  0.00076 0.24055 0.96175 0.97788 0.20050 0.96282 0.12555 0.91622 0.95977 0.33175 0.99718 0.96938 0.49210   50  100    1    1   50
  503  0.00035 0.23834 0.96176 0.98005 0.17778 0.95304 0.12635 0.87890 0.95973 0.18335 0.98788 0.97018 0.48690   50  100    1    1   75
  504  0.00063 0.23807 0.96036 0.97786 0.18049 0.96282 0.12542 0.92404 0.95837 0.31018 0.99989 0.96905 0.48290   50  100    1    1  100
  505  0.00444 0.25216 0.96198 0.97671 0.42516 0.96282 0.13097 0.93971 0.96002 0.81548 0.99704 0.96774 0.49242   50  100    1   25    1
  506  0.00270 0.25012 0.96465 0.97958 0.45312 0.94691 0.12927 0.90901 0.96266 0.49318 0.99847 0.96976 0.49198   50  100    1   25   25
  507  0.00337 0.24764 0.96083 0.97829 0.48790 0.95160 0.13187 0.93987 0.95893 0.55200 0.99545 0.96685 0.49400   50  100    1   25   50
  508  0.00212 0.24409 0.95897 0.97687 0.42022 0.95160 0.13092 0.94750 0.95710 0.41962 0.98662 0.96607 0.48878   50  100    1   25   75
  509  0.00337 0.24414 0.95985 0.97857 0.47777 0.95577 0.13075 0.89248 0.95794 0.60741 0.99998 0.96713 0.49025   50  100    1   25  100
  510  0.00954 0.26596 0.97358 0.98956 0.86578 0.98495 0.13986 0.99259 0.97135 0.64933 0.99355 0.97699 0.51380   50  100    1   50    1
  511  0.01012 0.26332 0.97452 0.98899 0.87301 0.98495 0.13916 0.98719 0.97231 0.70792 0.98487 0.97775 0.50930   50  100    1   50   25
  512  0.00678 0.25823 0.97217 0.98808 0.76186 0.94966 0.14091 0.98000 0.97000 0.57553 0.99982 0.97601 0.50205   50  100    1   50   50
  513  0.00690 0.25710 0.96981 0.98703 0.77135 0.92878 0.13856 0.98024 0.96765 0.60354 0.99598 0.97433 0.50815   50  100    1   50   75
  514  0.00571 0.25481 0.96738 0.98496 0.81095 0.92878 0.13837 0.97064 0.96528 0.48787 0.99248 0.97228 0.51162   50  100    1   50  100
  515  0.01736 0.28453 0.98589 0.99797 0.99520 0.98008 0.14775 0.98295 0.98356 0.86249 0.97282 0.98783 0.53710   50  100    1   75    1
  516  0.01381 0.28805 0.98664 0.99767 0.99754 0.97312 0.14758 0.99070 0.98430 0.70181 0.92903 0.98847 0.54112   50  100    1   75   25
  517  0.01447 0.27896 0.98436 0.99735 0.98298 0.98272 0.14637 0.97920 0.98200 0.77274 0.97492 0.98696 0.52248   50  100    1   75   50
  518  0.01473 0.27532 0.98420 0.99681 0.99005 0.94691 0.14716 0.99583 0.98184 0.79494 0.99672 0.98708 0.51695   50  100    1   75   75
  519  0.01490 0.27581 0.98243 0.99630 0.99883 0.93969 0.14617 0.99378 0.98003 0.79903 0.98691 0.98558 0.53132   50  100    1   75  100
  520  0.02009 0.31476 0.98636 0.99870 0.98339 0.96282 0.15615 0.95874 0.98372 0.88105 0.94623 0.98876 0.56380   50  100    1  100    1
  521  0.01972 0.31449 0.98635 0.99886 0.98836 0.95577 0.15528 0.96541 0.98370 0.90802 0.92251 0.98879 0.55152   50  100    1  100   25
  522  0.02116 0.30697 0.98788 0.99937 0.98718 0.96282 0.15844 0.95584 0.98534 0.93196 0.94843 0.99037 0.56248   50  100    1  100   50
  523  0.01715 0.30120 0.98719 0.99898 0.99609 0.97693 0.15385 0.97761 0.98464 0.77350 0.95820 0.99007 0.54612   50  100    1  100   75
  524  0.01877 0.29908 0.98642 0.99895 0.99243 0.97312 0.15405 0.95808 0.98385 0.86544 0.98284 0.98938 0.53978   50  100    1  100  100
  525  0.00016 0.12098 0.60146 0.88584 0.98763 0.60417 0.08004 0.81552 0.61379 0.63553 0.94697 0.68641 0.24958   50  100   25    1    1
  526  0.00016 0.12052 0.59969 0.87275 0.98790 0.62015 0.07936 0.81561 0.61209 0.62584 0.92721 0.68508 0.25590   50  100   25    1   25
  527  0.00015 0.12090 0.60348 0.86898 0.98541 0.66225 0.07975 0.81836 0.61590 0.55777 0.95284 0.68813 0.24850   50  100   25    1   50
  528  0.00014 0.12052 0.59745 0.88471 0.98781 0.60003 0.07914 0.79728 0.61008 0.59988 0.93480 0.68345 0.25040   50  100   25    1   75
  529  0.00014 0.12048 0.60059 0.88264 0.98664 0.63891 0.07927 0.82101 0.61319 0.53902 0.92899 0.68596 0.24950   50  100   25    1  100
  530  0.00027 0.12077 0.63541 0.99999 0.97889 0.81821 0.08338 0.83189 0.64589 0.58253 0.93711 0.71127 0.25583   50  100   25   25    1
  531  0.00028 0.12090 0.63571 1.00000 0.97683 0.84974 0.08317 0.83611 0.64620 0.57358 0.95274 0.71151 0.25282   50  100   25   25   25
  532  0.00023 0.12100 0.62596 0.98902 0.97906 0.82425 0.08240 0.81795 0.63695 0.51652 0.95561 0.70449 0.25368   50  100   25   25   50
  533  0.00024 0.12122 0.62694 0.98675 0.98114 0.76691 0.08254 0.82044 0.63796 0.57768 0.95041 0.70534 0.25368   50  100   25   25   75
  534  0.00026 0.12077 0.62665 0.99180 0.97924 0.84182 0.08214 0.82471 0.63773 0.58139 0.94473 0.70523 0.25440   50  100   25   25  100
  535  0.00031 0.12098 0.68391 0.73537 0.96161 0.90688 0.08806 0.86651 0.69237 0.60203 0.98065 0.74551 0.25350   50  100   25   50    1
  536  0.00027 0.12110 0.68104 0.69536 0.95988 0.92287 0.08789 0.86196 0.68962 0.56184 0.97118 0.74352 0.25160   50  100   25   50   25
  537  0.00031 0.12075 0.69135 0.69838 0.95458 0.93268 0.08794 0.86907 0.69963 0.59760 0.97612 0.75125 0.25465   50  100   25   50   50
  538  0.00030 0.12145 0.67642 0.68934 0.96346 0.90919 0.08733 0.84997 0.68524 0.64813 0.96866 0.74050 0.25295   50  100   25   50   75
  539  0.00029 0.12090 0.68350 0.69153 0.95995 0.92482 0.08725 0.85983 0.69207 0.59128 0.97452 0.74567 0.25305   50  100   25   50  100
  540  0.00024 0.12166 0.76391 0.31163 0.89501 0.97734 0.09255 0.93911 0.76971 0.70955 0.99243 0.80310 0.25453   50  100   25   75    1
  541  0.00023 0.12159 0.76288 0.27200 0.89733 0.97783 0.09270 0.93433 0.76871 0.75028 0.98876 0.80241 0.25697   50  100   25   75   25
  542  0.00025 0.12153 0.76629 0.31612 0.89506 0.97663 0.09204 0.93319 0.77203 0.69560 0.98977 0.80515 0.26200   50  100   25   75   50
  543  0.00026 0.12169 0.75459 0.34168 0.90468 0.97457 0.09178 0.92314 0.76074 0.70185 0.99563 0.79678 0.26450   50  100   25   75   75
  544  0.00019 0.12143 0.76091 0.26067 0.89959 0.97704 0.09217 0.92606 0.76682 0.66851 0.99372 0.80121 0.25775   50  100   25   75  100
  545  0.00013 0.12202 0.86713 0.10715 0.71752 0.99427 0.09796 0.99778 0.86948 0.79005 0.99986 0.88054 0.26673   50  100   25  100    1
  546  0.00015 0.12160 0.86528 0.12814 0.73965 0.99475 0.09704 0.99653 0.86769 0.78454 0.99984 0.87922 0.26195   50  100   25  100   25
  547  0.00017 0.12225 0.85146 0.14424 0.76426 0.99281 0.09664 0.99340 0.85434 0.80482 0.99995 0.86898 0.26335   50  100   25  100   50
  548  0.00017 0.12162 0.85379 0.14657 0.74853 0.99474 0.09608 0.99069 0.85659 0.82815 1.00000 0.87121 0.25433   50  100   25  100   75
  549  0.00017 0.12149 0.84918 0.14016 0.76365 0.99548 0.09679 0.99285 0.85213 0.83273 0.99977 0.86707 0.25990   50  100   25  100  100
  550  0.00003 0.11883 0.55775 0.67866 0.99256 0.29460 0.07048 0.74935 0.58184 0.43560 0.92584 0.65256 0.24550   50  100   50    1    1
  551  0.00003 0.11866 0.55795 0.67878 0.99190 0.32983 0.07020 0.74878 0.58199 0.42319 0.91941 0.65273 0.24370   50  100   50    1   25
  552  0.00006 0.11856 0.55768 0.67871 0.99245 0.29668 0.07022 0.74895 0.58191 0.99653 0.92362 0.65250 0.24602   50  100   50    1   50
  553  0.00003 0.11871 0.55769 0.67924 0.99256 0.29457 0.07045 0.74986 0.58150 0.43159 0.93160 0.65250 0.24900   50  100   50    1   75
  554  0.00003 0.11808 0.55721 0.67731 0.99140 0.35418 0.06997 0.75094 0.58166 0.42403 0.92242 0.65209 0.24358   50  100   50    1  100
  555  0.00003 0.11866 0.55630 0.67551 0.99219 0.31773 0.07196 0.75360 0.57620 0.42660 0.92325 0.65125 0.24293   50  100   50   25    1
  556  0.00003 0.11853 0.55666 0.67842 0.99202 0.32686 0.07187 0.75322 0.57646 0.42836 0.92528 0.65156 0.24612   50  100   50   25   25
  557  0.00003 0.11884 0.55680 0.67955 0.99211 0.32021 0.07194 0.75297 0.57698 0.42816 0.92457 0.65168 0.24017   50  100   50   25   50
  558  0.00003 0.11863 0.55696 0.67843 0.99229 0.32097 0.07165 0.75270 0.57752 0.42900 0.92642 0.65183 0.24995   50  100   50   25   75
  559  0.00003 0.11859 0.55675 0.67755 0.99229 0.29286 0.07161 0.75275 0.57712 0.42325 0.92347 0.65164 0.24737   50  100   50   25  100
  560  0.00003 0.11892 0.55590 0.67783 0.99197 0.32908 0.07460 0.75429 0.57204 0.42617 0.92426 0.65087 0.24540   50  100   50   50    1
  561  0.00003 0.11913 0.55598 0.67556 0.99219 0.32976 0.07488 0.75431 0.57205 0.42721 0.92410 0.65093 0.24625   50  100   50   50   25
  562  0.00003 0.11931 0.55613 0.67916 0.99209 0.31826 0.07471 0.75432 0.57246 0.42404 0.92425 0.65105 0.24675   50  100   50   50   50
  563  0.00003 0.11904 0.55619 0.67561 0.99233 0.30706 0.07446 0.75396 0.57279 0.42758 0.92464 0.65111 0.24435   50  100   50   50   75
  564  0.00003 0.11905 0.55602 0.67717 0.99232 0.31056 0.07414 0.75409 0.57281 0.42572 0.92385 0.65097 0.25030   50  100   50   50  100
  565  0.00003 0.11902 0.55622 0.67900 0.99165 0.34269 0.07695 0.75491 0.57059 0.42833 0.92415 0.65109 0.24865   50  100   50   75    1
  566  0.00003 0.11919 0.55623 0.67867 0.99241 0.29701 0.07745 0.75503 0.57040 0.42831 0.92343 0.65109 0.24275   50  100   50   75   25
  567  0.00003 0.11917 0.55628 0.67707 0.99204 0.32820 0.07690 0.75489 0.57066 0.42890 0.92317 0.65113 0.25082   50  100   50   75   50
  568  0.00003 0.11961 0.55596 0.67578 0.99270 0.28985 0.07725 0.75456 0.57050 0.42746 0.92338 0.65088 0.25675   50  100   50   75   75
  569  0.00003 0.11855 0.55629 0.67784 0.99212 0.31917 0.07632 0.75493 0.57082 0.42764 0.92413 0.65115 0.24058   50  100   50   75  100
  570  0.00011 0.11972 0.59103 0.78184 0.97876 0.67815 0.07989 0.79040 0.60346 0.49401 0.93233 0.67819 0.25418   50  100   50  100    1
  571  0.00014 0.11949 0.60414 0.83207 0.97293 0.76281 0.08029 0.80439 0.61603 0.49944 0.93669 0.68821 0.25212   50  100   50  100   25
  572  0.00011 0.11937 0.59769 0.79411 0.98202 0.63542 0.07945 0.79536 0.61005 0.50033 0.93561 0.68347 0.24670   50  100   50  100   50
  573  0.00013 0.11925 0.60228 0.80305 0.98308 0.68588 0.07955 0.80010 0.61444 0.50677 0.93351 0.68698 0.25395   50  100   50  100   75
  574  0.00012 0.11865 0.59576 0.79621 0.98032 0.73073 0.07877 0.79493 0.60816 0.50218 0.93373 0.68199 0.24363   50  100   50  100  100
  575  0.00003 0.11807 0.55794 0.67604 0.99200 0.31312 0.06766 0.75114 0.60342 0.44678 0.92300 0.65288 0.23705   50  100   75    1    1
  576  0.00003 0.11760 0.55811 0.67807 0.99099 0.34157 0.06736 0.75042 0.60327 0.42357 0.90958 0.65304 0.23880   50  100   75    1   25
  577  0.00002 0.11743 0.55804 0.67617 0.99311 0.27696 0.06723 0.74938 0.60526 0.42310 0.92578 0.65298 0.23880   50  100   75    1   50
  578  0.00003 0.11779 0.55835 0.67845 0.99139 0.33579 0.06744 0.75030 0.60599 0.42546 0.92928 0.65327 0.24050   50  100   75    1   75
  579  0.00003 0.11786 0.56066 0.68044 0.99137 0.32487 0.06732 0.74535 0.61130 0.41767 0.91190 0.65541 0.23950   50  100   75    1  100
  580  0.00003 0.11778 0.55672 0.67590 0.99237 0.30365 0.06819 0.75317 0.59217 0.42675 0.92410 0.65173 0.24367   50  100   75   25    1
  581  0.00003 0.11782 0.55702 0.67716 0.99181 0.32479 0.06814 0.75356 0.59348 0.42777 0.92639 0.65201 0.24635   50  100   75   25   25
  582  0.00003 0.11806 0.55811 0.67833 0.99077 0.35042 0.06822 0.75319 0.59589 0.42355 0.92674 0.65301 0.24670   50  100   75   25   50
  583  0.00003 0.11801 0.55760 0.67739 0.99143 0.34638 0.06829 0.75336 0.59394 0.42800 0.92557 0.65253 0.23773   50  100   75   25   75
  584  0.00002 0.11805 0.55743 0.67637 0.99277 0.28458 0.06815 0.75244 0.59549 0.42826 0.92272 0.65238 0.24705   50  100   75   25  100
  585  0.00003 0.11808 0.55612 0.67452 0.99229 0.30401 0.06979 0.75393 0.58176 0.42606 0.92465 0.65114 0.24230   50  100   75   50    1
  586  0.00003 0.11777 0.55622 0.67772 0.99199 0.31376 0.06950 0.75387 0.58205 0.42418 0.92386 0.65123 0.23863   50  100   75   50   25
  587  0.00003 0.11816 0.55629 0.67454 0.99256 0.29336 0.06964 0.75405 0.58266 0.42846 0.92373 0.65130 0.24990   50  100   75   50   50
  588  0.00003 0.11801 0.55597 0.67306 0.99185 0.31577 0.06957 0.75423 0.58239 0.42955 0.92288 0.65102 0.24532   50  100   75   50   75
  589  0.00003 0.11806 0.55638 0.67593 0.99242 0.29859 0.06950 0.75416 0.58309 0.42844 0.92206 0.65138 0.24878   50  100   75   50  100
  590  0.00003 0.11860 0.55569 0.67531 0.99213 0.31471 0.07264 0.75427 0.57422 0.42781 0.92383 0.65071 0.24740   50  100   75   75    1
  591  0.00003 0.11832 0.55564 0.67613 0.99266 0.28882 0.07208 0.75421 0.57490 0.42697 0.92348 0.65068 0.24582   50  100   75   75   25
  592  0.00003 0.11860 0.55566 0.67339 0.99234 0.30075 0.07244 0.75444 0.57465 0.42679 0.92411 0.65069 0.24430   50  100   75   75   50
  593  0.00003 0.11832 0.55533 0.67483 0.99266 0.28604 0.07192 0.75430 0.57487 0.42666 0.92366 0.65042 0.24903   50  100   75   75   75
  594  0.00003 0.11834 0.55588 0.67562 0.99222 0.30752 0.07169 0.75442 0.57570 0.42799 0.92387 0.65089 0.24885   50  100   75   75  100
  595  0.00003 0.11906 0.55541 0.67325 0.99234 0.30161 0.07425 0.75448 0.57205 0.42683 0.92340 0.65047 0.24843   50  100   75  100    1
  596  0.00003 0.11834 0.55519 0.67393 0.99224 0.30427 0.07391 0.75441 0.57178 0.42559 0.92370 0.65028 0.25493   50  100   75  100   25
  597  0.00003 0.11832 0.55545 0.67197 0.99216 0.30591 0.07377 0.75446 0.57211 0.42644 0.92318 0.65050 0.24622   50  100   75  100   50
  598  0.00003 0.11832 0.55541 0.67542 0.99235 0.29734 0.07382 0.75442 0.57206 0.42635 0.92389 0.65047 0.24608   50  100   75  100   75
  599  0.00003 0.11848 0.55573 0.67558 0.99256 0.29591 0.07314 0.75423 0.57323 0.42573 0.92387 0.65074 0.23710   50  100   75  100  100
  600  0.00003 0.11780 0.56085 0.67635 0.98989 0.34382 0.06690 0.74641 0.62958 0.43650 0.92136 0.65566 0.24338   50  100  100    1    1
  601  0.00003 0.11805 0.56305 0.68364 0.99304 0.29593 0.06692 0.74608 0.63697 0.42775 0.95057 0.65773 0.24080   50  100  100    1   25
  602  0.00003 0.11789 0.56178 0.67913 0.99208 0.31338 0.06680 0.74803 0.63111 0.40105 0.92796 0.65653 0.23725   50  100  100    1   50
  603  0.00002 0.11807 0.56235 0.68223 0.99256 0.27468 0.06693 0.74510 0.63315 0.41098 0.90053 0.65707 0.24252   50  100  100    1   75
  604  0.00003 0.11771 0.56101 0.67944 0.98894 0.33263 0.06670 0.74858 0.63554 0.44714 0.92117 0.65583 0.23975   50  100  100    1  100
  605  0.00003 0.11766 0.55708 0.67559 0.99128 0.32211 0.06725 0.75347 0.60626 0.42746 0.91930 0.65210 0.24397   50  100  100   25    1
  606  0.00003 0.11795 0.55925 0.67858 0.99192 0.29608 0.06748 0.75172 0.60810 0.43327 0.92234 0.65410 0.23980   50  100  100   25   25
  607  0.00003 0.11794 0.55785 0.67758 0.99132 0.30258 0.06749 0.75335 0.60747 0.42603 0.92421 0.65281 0.24735   50  100  100   25   50
  608  0.00003 0.11799 0.55867 0.67987 0.99197 0.31045 0.06738 0.75270 0.61003 0.42245 0.92492 0.65358 0.24803   50  100  100   25   75
  609  0.00003 0.11786 0.55974 0.68019 0.99219 0.29658 0.06714 0.75167 0.61585 0.42923 0.92480 0.65459 0.24070   50  100  100   25  100
  610  0.00003 0.11801 0.55657 0.67639 0.99256 0.29549 0.06867 0.75419 0.58869 0.42588 0.92287 0.65158 0.24785   50  100  100   50    1
  611  0.00003 0.11834 0.55620 0.67568 0.99133 0.32894 0.06865 0.75423 0.59011 0.42780 0.92435 0.65125 0.25065   50  100  100   50   25
  612  0.00002 0.11825 0.55625 0.67475 0.99273 0.28856 0.06868 0.75392 0.58958 0.42608 0.92290 0.65130 0.24113   50  100  100   50   50
  613  0.00003 0.11874 0.55722 0.67465 0.99235 0.31483 0.06885 0.75498 0.59184 0.42911 0.92628 0.65218 0.24303   50  100  100   50   75
  614  0.00003 0.11812 0.55666 0.67597 0.99218 0.30243 0.06859 0.75412 0.59086 0.43114 0.92036 0.65167 0.24332   50  100  100   50  100
  615  0.00003 0.11894 0.55579 0.67348 0.99227 0.30569 0.07107 0.75446 0.57829 0.42666 0.92432 0.65083 0.25662   50  100  100   75    1
  616  0.00003 0.11827 0.55576 0.67640 0.99188 0.32333 0.07085 0.75436 0.57794 0.42770 0.92343 0.65081 0.24547   50  100  100   75   25
  617  0.00003 0.11863 0.55585 0.67609 0.99242 0.30521 0.07080 0.75426 0.57873 0.42619 0.92343 0.65089 0.25325   50  100  100   75   50
  618  0.00003 0.11849 0.55600 0.67349 0.99167 0.31710 0.07044 0.75441 0.57992 0.42689 0.92402 0.65103 0.24868   50  100  100   75   75
  619  0.00003 0.11836 0.55590 0.67339 0.99191 0.31609 0.07045 0.75422 0.57961 0.42774 0.92360 0.65094 0.24485   50  100  100   75  100
  620  0.00003 0.11865 0.55549 0.67487 0.99203 0.30833 0.07238 0.75431 0.57445 0.42679 0.92345 0.65056 0.24827   50  100  100  100    1
  621  0.00003 0.11872 0.55566 0.67579 0.99177 0.31674 0.07251 0.75454 0.57442 0.42716 0.92334 0.65069 0.24840   50  100  100  100   25
  622  0.00003 0.11871 0.55539 0.67275 0.99269 0.28351 0.07216 0.75429 0.57485 0.42611 0.92381 0.65047 0.25025   50  100  100  100   50
  623  0.00003 0.11861 0.55544 0.67366 0.99191 0.31605 0.07206 0.75439 0.57491 0.42496 0.92435 0.65052 0.24615   50  100  100  100   75
  624  0.00003 0.11897 0.55531 0.67286 0.99188 0.31555 0.07214 0.75435 0.57502 0.42693 0.92375 0.65040 0.24938   50  100  100  100  100
