                                               Cluster
  Run  Product Compare     Pop   Edges Clusters   Size Leesalee  Slope  %Urban   Xmean   Ymean     Rad  Fmatch Diff  Brd Sprd  Slp   RG
    0  0.00000 0.13455 0.92542 0.94088 0.98658 0.00000 0.30041 0.78035 0.92542 0.96059 0.92966 0.96364 0.90778    1   50    1    1    1
    1  0.00000 0.13454 0.93154 0.93289 0.99959 0.00000 0.30046 0.83353 0.93154 0.99510 0.90872 0.96794 0.90779    1   50    1    1   25
    2  0.00000 0.13462 0.93245 0.96093 0.98902 0.00000 0.30045 0.74834 0.93245 0.97106 0.92276 0.96858 0.90782    1   50    1    1   50
    3  0.00000 0.13462 0.93245 0.96093 0.98902 0.00000 0.30045 0.74834 0.93245 0.97106 0.92276 0.96858 0.90782    1   50    1    1   75
    4  0.00000 0.13462 0.93270 0.96144 0.99020 0.00000 0.30045 0.74962 0.93270 0.97509 0.92560 0.96875 0.90782    1   50    1    1  100
    5  0.00000 0.13402 0.93791 0.91408 0.98695 0.00000 0.30026 0.81419 0.93791 0.77031 0.95268 0.97237 0.90782    1   50    1   25    1
    6  0.00000 0.13407 0.92469 0.93507 0.99662 0.00000 0.30034 0.88189 0.92469 0.98030 0.95572 0.96317 0.90777    1   50    1   25   25
    7  0.00000 0.13421 0.92789 0.91892 0.99977 0.00000 0.30028 0.82398 0.92789 0.99749 0.88210 0.96542 0.90776    1   50    1   25   50
    8  0.00000 0.13410 0.92681 0.90169 0.99073 0.00000 0.30024 0.81409 0.92681 0.99459 0.96455 0.96468 0.90777    1   50    1   25   75
    9  0.00000 0.13410 0.92681 0.90169 0.99073 0.00000 0.30024 0.81409 0.92681 0.99459 0.96455 0.96468 0.90777    1   50    1   25  100
   10  0.00000 0.13348 0.92396 0.91750 0.99959 0.00000 0.30017 0.80983 0.92396 0.95114 0.91805 0.96269 0.90777    1   50    1   50    1
   11  0.00000 0.13363 0.93624 0.92845 0.97429 0.00000 0.30014 0.85410 0.93624 0.97683 0.85203 0.97128 0.90776    1   50    1   50   25
   12  0.00000 0.13357 0.93233 0.93530 0.99077 0.00000 0.30012 0.86652 0.93233 0.99622 0.97528 0.96860 0.90781    1   50    1   50   50
   13  0.00000 0.13354 0.93374 0.95129 0.95005 0.00000 0.30008 0.85597 0.93374 0.97784 0.99150 0.96958 0.90776    1   50    1   50   75
   14  0.00000 0.13354 0.93374 0.95129 0.95005 0.00000 0.30008 0.85597 0.93374 0.97784 0.99150 0.96958 0.90776    1   50    1   50  100
   15  0.00000 0.13300 0.92563 0.91242 0.98269 0.00000 0.30005 0.84307 0.92563 0.98732 0.91041 0.96394 0.90774    1   50    1   75    1
   16  0.00000 0.13311 0.93156 0.91880 0.98856 0.00000 0.30008 0.85831 0.93156 0.97788 0.89583 0.96810 0.90779    1   50    1   75   25
   17  0.00000 0.13314 0.93437 0.91241 0.99990 0.00000 0.30006 0.81520 0.93437 0.91650 0.94069 0.97003 0.90775    1   50    1   75   50
   18  0.00000 0.13314 0.93437 0.91241 0.99990 0.00000 0.30006 0.81520 0.93437 0.91650 0.94069 0.97003 0.90775    1   50    1   75   75
   19  0.00000 0.13314 0.93437 0.91241 0.99990 0.00000 0.30006 0.81520 0.93437 0.91650 0.94069 0.97003 0.90775    1   50    1   75  100
   20  0.00000 0.13276 0.93585 0.92112 0.99815 0.00000 0.30000 0.84404 0.93585 0.91987 0.95090 0.97108 0.90774    1   50    1  100    1
   21  0.00000 0.13284 0.92702 0.90994 0.98619 0.00000 0.30009 0.84248 0.92702 0.95729 0.91629 0.96494 0.90772    1   50    1  100   25
   22  0.00000 0.13292 0.93030 0.90436 0.99445 0.00000 0.30000 0.83168 0.93030 0.99354 0.88417 0.96723 0.90773    1   50    1  100   50
   23  0.00000 0.13292 0.93030 0.90436 0.99445 0.00000 0.30000 0.83168 0.93030 0.99354 0.88417 0.96723 0.90773    1   50    1  100   75
   24  0.00000 0.13292 0.93030 0.90436 0.99445 0.00000 0.30000 0.83168 0.93030 0.99354 0.88417 0.96723 0.90773    1   50    1  100  100
   25  0.04988 0.28493 0.95021 0.93039 0.96342 0.99668 0.32205 0.84206 0.95021 0.99766 0.90884 0.97222 0.90790    1   50   25    1    1
   26  0.04695 0.28657 0.95028 0.93754 0.87580 0.99668 0.32139 0.85703 0.95028 0.99819 0.91362 0.97222 0.90769    1   50   25    1   25
   27  0.05031 0.28646 0.94956 0.93534 0.94807 0.99908 0.32154 0.85517 0.94956 0.99690 0.90946 0.97164 0.90764    1   50   25    1   50
   28  0.05069 0.28702 0.95072 0.93793 0.96637 1.00000 0.32136 0.83904 0.95072 0.99598 0.90937 0.97251 0.90764    1   50   25    1   75
   29  0.05069 0.28702 0.95072 0.93793 0.96637 1.00000 0.32136 0.83904 0.95072 0.99598 0.90937 0.97251 0.90764    1   50   25    1  100
   30  0.05039 0.26952 0.95241 0.93771 0.95110 1.00000 0.32139 0.88599 0.95241 0.99573 0.92129 0.97440 0.90808    1   50   25   25    1
   31  0.05249 0.27166 0.95146 0.93816 0.97988 1.00000 0.32129 0.89092 0.95146 0.99706 0.92018 0.97357 0.90811    1   50   25   25   25
   32  0.04977 0.27173 0.95274 0.94179 0.94824 1.00000 0.32162 0.87062 0.95274 0.99402 0.91728 0.97448 0.90813    1   50   25   25   50
   33  0.05214 0.27200 0.95162 0.94222 0.99675 1.00000 0.32157 0.87301 0.95162 0.99237 0.91515 0.97362 0.90803    1   50   25   25   75
   34  0.05214 0.27200 0.95162 0.94222 0.99675 1.00000 0.32157 0.87301 0.95162 0.99237 0.91515 0.97362 0.90803    1   50   25   25  100
   35  0.04638 0.25063 0.94974 0.94095 0.94906 0.99083 0.32064 0.88476 0.94974 0.99557 0.92850 0.97320 0.90864    1   50   25   50    1
   36  0.04370 0.25286 0.95161 0.93909 0.88037 0.99083 0.32034 0.89043 0.95161 0.99082 0.93134 0.97444 0.90843    1   50   25   50   25
   37  0.04765 0.25342 0.95104 0.93979 0.97702 0.96429 0.32032 0.89699 0.95104 0.99443 0.92870 0.97397 0.90841    1   50   25   50   50
   38  0.04725 0.25211 0.95016 0.94412 0.99125 0.96429 0.32053 0.87428 0.95016 0.99627 0.93167 0.97341 0.90852    1   50   25   50   75
   39  0.04725 0.25211 0.95016 0.94412 0.99125 0.96429 0.32053 0.87428 0.95016 0.99627 0.93167 0.97341 0.90852    1   50   25   50  100
   40  0.04505 0.23585 0.94801 0.93007 0.99215 1.00000 0.31920 0.88954 0.94801 0.99297 0.92419 0.97260 0.90881    1   50   25   75    1
   41  0.04241 0.23705 0.94849 0.93491 0.91223 0.99590 0.31879 0.89119 0.94849 0.99473 0.93727 0.97288 0.90858    1   50   25   75   25
   42  0.04644 0.23787 0.94947 0.94296 0.99760 1.00000 0.31891 0.88947 0.94947 0.98792 0.92882 0.97358 0.90856    1   50   25   75   50
   43  0.04567 0.23749 0.95055 0.93530 0.98887 1.00000 0.31881 0.88002 0.95055 0.99349 0.93243 0.97440 0.90861    1   50   25   75   75
   44  0.04567 0.23749 0.95055 0.93530 0.98887 1.00000 0.31881 0.88002 0.95055 0.99349 0.93243 0.97440 0.90861    1   50   25   75  100
   45  0.04057 0.22371 0.94671 0.92698 0.98918 0.96429 0.31786 0.88372 0.94671 0.99176 0.92970 0.97231 0.90876    1   50   25  100    1
   46  0.04098 0.22513 0.94902 0.94060 0.97852 0.96429 0.31752 0.88557 0.94902 0.99044 0.92405 0.97390 0.90864    1   50   25  100   25
   47  0.04154 0.22510 0.94848 0.93922 0.98683 0.96429 0.31803 0.87810 0.94848 0.99156 0.93672 0.97350 0.90883    1   50   25  100   50
   48  0.04134 0.22510 0.94641 0.94250 0.98813 0.96429 0.31770 0.88814 0.94641 0.99201 0.92335 0.97203 0.90875    1   50   25  100   75
   49  0.04134 0.22510 0.94641 0.94250 0.98813 0.96429 0.31770 0.88814 0.94641 0.99201 0.92335 0.97203 0.90875    1   50   25  100  100
   50  0.07627 0.45727 0.95670 0.92562 0.96084 0.99838 0.31757 0.83018 0.95670 0.99996 0.88757 0.97262 0.90176    1   50   50    1    1
   51  0.07138 0.45926 0.95645 0.92475 0.90594 1.00000 0.31774 0.82199 0.95645 0.99988 0.88547 0.97234 0.90190    1   50   50    1   25
   52  0.07430 0.46238 0.95641 0.92929 0.90522 1.00000 0.31731 0.84202 0.95641 0.99924 0.89219 0.97225 0.90171    1   50   50    1   50
   53  0.07486 0.46376 0.95661 0.92721 0.90519 0.99822 0.31745 0.84987 0.95661 0.99988 0.89051 0.97233 0.90137    1   50   50    1   75
   54  0.07583 0.46395 0.95816 0.93107 0.91256 0.99507 0.31709 0.84963 0.95816 0.99782 0.89255 0.97358 0.90142    1   50   50    1  100
   55  0.07256 0.42386 0.95829 0.93183 0.94426 0.99590 0.32053 0.83809 0.95829 0.99999 0.89970 0.97438 0.90330    1   50   50   25    1
   56  0.07523 0.42810 0.95896 0.93235 0.97238 0.99590 0.32086 0.84112 0.95896 0.99970 0.89095 0.97473 0.90332    1   50   50   25   25
   57  0.07121 0.42814 0.95874 0.93161 0.91527 0.99590 0.32055 0.84104 0.95874 0.99981 0.89829 0.97452 0.90310    1   50   50   25   50
   58  0.07049 0.42811 0.95912 0.93663 0.88963 0.99590 0.32066 0.84973 0.95912 1.00000 0.89907 0.97488 0.90318    1   50   50   25   75
   59  0.06792 0.42961 0.95942 0.92759 0.84561 0.99590 0.32071 0.86074 0.95942 0.99941 0.90484 0.97505 0.90331    1   50   50   25  100
   60  0.07183 0.38752 0.95719 0.93470 0.96373 0.99969 0.32258 0.87554 0.95719 0.99909 0.90297 0.97436 0.90491    1   50   50   50    1
   61  0.06800 0.39122 0.95748 0.93561 0.89879 1.00000 0.32231 0.87834 0.95748 0.99741 0.90567 0.97446 0.90470    1   50   50   50   25
   62  0.06876 0.39062 0.95702 0.93331 0.92839 1.00000 0.32234 0.87042 0.95702 0.99858 0.89850 0.97409 0.90458    1   50   50   50   50
   63  0.07003 0.38955 0.95623 0.92800 0.95688 1.00000 0.32250 0.86349 0.95623 0.99993 0.90278 0.97354 0.90472    1   50   50   50   75
   64  0.07316 0.39039 0.95799 0.93029 0.98251 1.00000 0.32235 0.87168 0.95799 1.00000 0.90154 0.97487 0.90466    1   50   50   50  100
   65  0.06230 0.35474 0.95636 0.93257 0.88958 1.00000 0.32321 0.88796 0.95636 0.99847 0.91474 0.97461 0.90606    1   50   50   75    1
   66  0.06725 0.35680 0.95572 0.93204 0.97619 0.99803 0.32339 0.87855 0.95572 0.99947 0.90680 0.97399 0.90604    1   50   50   75   25
   67  0.06407 0.35700 0.95694 0.93363 0.90189 1.00000 0.32336 0.89312 0.95694 0.99958 0.91303 0.97491 0.90577    1   50   50   75   50
   68  0.06739 0.35705 0.95695 0.93382 0.95635 0.99947 0.32356 0.88676 0.95695 0.99923 0.91199 0.97491 0.90593    1   50   50   75   75
   69  0.06739 0.35705 0.95695 0.93382 0.95635 0.99947 0.32356 0.88676 0.95695 0.99923 0.91199 0.97491 0.90593    1   50   50   75  100
   70  0.06115 0.32800 0.95462 0.93752 0.94458 1.00000 0.32335 0.88773 0.95462 0.99806 0.91287 0.97405 0.90684    1   50   50  100    1
   71  0.06299 0.33011 0.95496 0.93360 0.98839 1.00000 0.32325 0.87354 0.95496 0.99755 0.91126 0.97423 0.90681    1   50   50  100   25
   72  0.06236 0.32914 0.95462 0.93416 0.96715 1.00000 0.32315 0.89639 0.95462 0.99086 0.90782 0.97396 0.90680    1   50   50  100   50
   73  0.06435 0.33071 0.95559 0.93613 0.98805 1.00000 0.32314 0.88741 0.95559 0.99694 0.91201 0.97468 0.90664    1   50   50  100   75
   74  0.06435 0.33071 0.95559 0.93613 0.98805 1.00000 0.32314 0.88741 0.95559 0.99694 0.91201 0.97468 0.90664    1   50   50  100  100
   75  0.10067 0.64915 0.95664 0.90962 0.94423 0.99885 0.30054 0.86887 0.95664 0.99611 0.87816 0.96960 0.89184    1   50   75    1    1
   76  0.10366 0.65214 0.95742 0.91558 0.96991 0.99885 0.30025 0.85955 0.95742 0.99003 0.88440 0.97019 0.89172    1   50   75    1   25
   77  0.10061 0.65590 0.95831 0.91587 0.93991 0.99933 0.30010 0.86190 0.95831 0.97946 0.88547 0.97076 0.89163    1   50   75    1   50
   78  0.10033 0.65997 0.95841 0.91282 0.94606 0.99973 0.29967 0.85642 0.95841 0.98019 0.88094 0.97072 0.89113    1   50   75    1   75
   79  0.10471 0.66204 0.95820 0.91535 0.97351 0.99885 0.29896 0.86942 0.95820 0.97427 0.88397 0.97057 0.89082    1   50   75    1  100
   80  0.09345 0.59902 0.95977 0.91028 0.91180 0.99777 0.30688 0.86332 0.95977 0.99720 0.88922 0.97251 0.89514    1   50   75   25    1
   81  0.09928 0.60440 0.96042 0.91875 0.96749 0.99852 0.30610 0.85113 0.96042 0.99440 0.88999 0.97296 0.89435    1   50   75   25   25
   82  0.09623 0.60217 0.96080 0.92398 0.91307 0.99852 0.30645 0.87115 0.96080 0.99217 0.89107 0.97326 0.89460    1   50   75   25   50
   83  0.09939 0.60752 0.96096 0.92202 0.92787 0.99852 0.30575 0.87780 0.96096 0.99170 0.89544 0.97328 0.89406    1   50   75   25   75
   84  0.09505 0.60791 0.96178 0.91962 0.90199 0.99852 0.30581 0.87087 0.96178 0.98524 0.89269 0.97395 0.89453    1   50   75   25  100
   85  0.08966 0.53934 0.95934 0.91804 0.93730 0.99704 0.31230 0.86616 0.95934 0.99892 0.89169 0.97307 0.89794    1   50   75   50    1
   86  0.08929 0.54233 0.95964 0.91760 0.92526 0.99803 0.31207 0.86736 0.95964 0.99912 0.89312 0.97319 0.89760    1   50   75   50   25
   87  0.09087 0.54303 0.96042 0.92194 0.93127 0.99803 0.31205 0.86744 0.96042 0.99839 0.89613 0.97382 0.89775    1   50   75   50   50
   88  0.08868 0.54156 0.96054 0.92183 0.91626 0.99803 0.31234 0.86531 0.96054 0.99328 0.89697 0.97389 0.89781    1   50   75   50   75
   89  0.09766 0.54617 0.96034 0.92220 0.98758 0.99803 0.31156 0.88032 0.96034 0.99033 0.89877 0.97367 0.89743    1   50   75   50  100
   90  0.08448 0.48751 0.95878 0.91970 0.92699 1.00000 0.31620 0.88497 0.95878 0.99973 0.90168 0.97357 0.90036    1   50   75   75    1
   91  0.08620 0.49002 0.95844 0.91383 0.94400 1.00000 0.31626 0.89121 0.95844 0.99918 0.89989 0.97317 0.90015    1   50   75   75   25
   92  0.08573 0.49002 0.95895 0.91886 0.95962 0.99749 0.31609 0.87137 0.95895 0.99987 0.89612 0.97356 0.90028    1   50   75   75   50
   93  0.08302 0.49028 0.95960 0.92219 0.90653 1.00000 0.31624 0.88546 0.95960 0.99806 0.89747 0.97405 0.90041    1   50   75   75   75
   94  0.08374 0.49235 0.96075 0.92564 0.91528 0.99590 0.31588 0.87532 0.96075 0.99667 0.90299 0.97486 0.90023    1   50   75   75  100
   95  0.07901 0.44463 0.95779 0.92204 0.92747 1.00000 0.31905 0.89282 0.95779 0.99947 0.90574 0.97353 0.90232    1   50   75  100    1
   96  0.08208 0.44515 0.95821 0.92116 0.96185 1.00000 0.31926 0.89018 0.95821 0.99878 0.90846 0.97388 0.90249    1   50   75  100   25
   97  0.07998 0.44398 0.95907 0.92438 0.93608 1.00000 0.31957 0.88930 0.95907 0.99985 0.90559 0.97458 0.90257    1   50   75  100   50
   98  0.07854 0.44552 0.95954 0.92924 0.91573 1.00000 0.31939 0.88367 0.95954 0.99920 0.90690 0.97489 0.90252    1   50   75  100   75
   99  0.07985 0.44508 0.95812 0.92207 0.95431 1.00000 0.31924 0.88041 0.95812 0.99850 0.90055 0.97381 0.90240    1   50   75  100  100
  100  0.10784 0.76404 0.95160 0.89618 0.93966 0.99981 0.28596 0.88730 0.95160 0.98945 0.86300 0.96502 0.88541    1   50  100    1    1
  101  0.11383 0.76946 0.95180 0.90391 0.96265 1.00000 0.28546 0.90062 0.95180 0.97875 0.87324 0.96504 0.88497    1   50  100    1   25
  102  0.11101 0.77648 0.95213 0.89590 0.98803 0.99982 0.28517 0.88958 0.95213 0.94742 0.86815 0.96512 0.88488    1   50  100    1   50
  103  0.10919 0.77902 0.95210 0.90239 0.94878 0.99982 0.28438 0.89019 0.95210 0.96656 0.86531 0.96508 0.88394    1   50  100    1   75
  104  0.11125 0.79142 0.95210 0.89468 0.97848 1.00000 0.28290 0.88446 0.95210 0.95700 0.86761 0.96499 0.88357    1   50  100    1  100
  105  0.10340 0.70823 0.95463 0.91342 0.91625 0.99977 0.29286 0.87970 0.95463 0.99171 0.87126 0.96775 0.88883    1   50  100   25    1
  106  0.11134 0.71282 0.95509 0.91127 0.94572 0.99949 0.29276 0.90457 0.95509 0.98815 0.88329 0.96801 0.88843    1   50  100   25   25
  107  0.10903 0.71575 0.95512 0.91271 0.94980 0.99977 0.29247 0.89740 0.95512 0.96843 0.88194 0.96794 0.88797    1   50  100   25   50
  108  0.11122 0.72044 0.95561 0.90758 0.98936 0.99803 0.29183 0.88957 0.95561 0.96431 0.87645 0.96829 0.88793    1   50  100   25   75
  109  0.11494 0.72183 0.95546 0.90271 0.99758 0.99912 0.29180 0.89875 0.95546 0.97560 0.88132 0.96810 0.88807    1   50  100   25  100
  110  0.10191 0.63410 0.95372 0.90670 0.95247 0.99992 0.30084 0.89036 0.95372 0.99488 0.88824 0.96786 0.89314    1   50  100   50    1
  111  0.10477 0.63691 0.95414 0.90728 0.97471 1.00000 0.30025 0.89200 0.95414 0.99387 0.88812 0.96816 0.89277    1   50  100   50   25
  112  0.09532 0.64054 0.95537 0.91187 0.88986 1.00000 0.30006 0.89054 0.95537 0.98160 0.88569 0.96904 0.89257    1   50  100   50   50
  113  0.10424 0.64345 0.95532 0.91597 0.98466 0.99992 0.29965 0.88382 0.95532 0.96758 0.88847 0.96893 0.89226    1   50  100   50   75
  114  0.09969 0.64550 0.95466 0.90878 0.95035 0.99992 0.29919 0.89237 0.95466 0.96285 0.88374 0.96834 0.89194    1   50  100   50  100
  115  0.09427 0.57098 0.95310 0.90656 0.94115 1.00000 0.30663 0.90179 0.95310 0.99792 0.88915 0.96821 0.89673    1   50  100   75    1
  116  0.08708 0.57087 0.95293 0.91408 0.88631 1.00000 0.30687 0.88471 0.95293 0.99471 0.88460 0.96808 0.89654    1   50  100   75   25
  117  0.08854 0.57242 0.95371 0.91236 0.87838 1.00000 0.30697 0.89814 0.95371 0.99197 0.89399 0.96867 0.89599    1   50  100   75   50
  118  0.09499 0.57447 0.95405 0.90920 0.94753 1.00000 0.30676 0.90042 0.95405 0.98239 0.89512 0.96888 0.89606    1   50  100   75   75
  119  0.08781 0.57685 0.95443 0.91497 0.88411 1.00000 0.30611 0.89736 0.95443 0.97177 0.89119 0.96911 0.89603    1   50  100   75  100
  120  0.08570 0.51540 0.95204 0.90746 0.92848 1.00000 0.31179 0.89865 0.95204 0.99790 0.89451 0.96828 0.89909    1   50  100  100    1
  121  0.08614 0.51896 0.95323 0.91095 0.93153 1.00000 0.31152 0.89325 0.95323 0.99709 0.89069 0.96915 0.89880    1   50  100  100   25
  122  0.08758 0.51586 0.95295 0.91287 0.96251 1.00000 0.31163 0.88956 0.95295 0.99598 0.88461 0.96899 0.89912    1   50  100  100   50
  123  0.09074 0.51897 0.95352 0.91071 0.97058 1.00000 0.31145 0.90067 0.95352 0.98869 0.90017 0.96936 0.89903    1   50  100  100   75
  124  0.09054 0.51900 0.95457 0.92106 0.97498 1.00000 0.31140 0.89039 0.95457 0.98383 0.89638 0.97022 0.89868    1   50  100  100  100
