                                               Cluster
  Run  Product Compare     Pop   Edges Clusters   Size Leesalee  Slope  %Urban   Xmean   Ymean     Rad  Fmatch Diff  Brd Sprd  Slp   RG
    0  0.02797 0.27873 0.92872 0.91400 0.97353 0.75000 0.25879 0.88875 0.92872 0.97213 0.90689 0.95740 0.89787  100  100    1    1    1
    1  0.02997 0.28325 0.93042 0.91608 0.97451 0.75000 0.25796 0.90766 0.93042 1.00000 0.90587 0.95860 0.89769  100  100    1    1   25
    2  0.02822 0.28457 0.92896 0.91449 0.97394 0.75000 0.25768 0.91031 0.92896 0.99587 0.85701 0.95747 0.89751  100  100    1    1   50
    3  0.02867 0.28440 0.92960 0.91516 0.97332 0.75000 0.25740 0.89931 0.92960 0.99958 0.87746 0.95800 0.89768  100  100    1    1   75
    4  0.02943 0.28472 0.92947 0.91525 0.97273 0.75000 0.25768 0.90690 0.92947 1.00000 0.89165 0.95786 0.89781  100  100    1    1  100
    5  0.02905 0.26661 0.93344 0.91975 0.97712 0.75000 0.26167 0.89939 0.93344 0.99992 0.91260 0.96139 0.89867  100  100    1   25    1
    6  0.02765 0.27035 0.93275 0.91838 0.97505 0.75000 0.26108 0.90427 0.93275 0.99999 0.85887 0.96070 0.89845  100  100    1   25   25
    7  0.02443 0.27088 0.93156 0.91740 0.97532 0.75000 0.26061 0.90493 0.93156 0.92552 0.82292 0.95980 0.89848  100  100    1   25   50
    8  0.02799 0.27144 0.93079 0.91596 0.97537 0.75000 0.26068 0.91266 0.93079 0.99742 0.86864 0.95919 0.89848  100  100    1   25   75
    9  0.02799 0.27144 0.93079 0.91596 0.97537 0.75000 0.26068 0.91266 0.93079 0.99742 0.86864 0.95919 0.89848  100  100    1   25  100
   10  0.02644 0.25250 0.92997 0.91552 0.97485 0.75000 0.26468 0.90157 0.92997 0.98951 0.88763 0.95927 0.89970  100  100    1   50    1
   11  0.02850 0.25558 0.93115 0.91684 0.97486 0.75000 0.26391 0.90896 0.93115 0.99964 0.92656 0.96010 0.89938  100  100    1   50   25
   12  0.02594 0.25603 0.93274 0.91845 0.97746 0.75000 0.26385 0.89939 0.93274 0.99581 0.84652 0.96128 0.89943  100  100    1   50   50
   13  0.02776 0.25661 0.93178 0.91741 0.97624 0.75000 0.26366 0.89904 0.93178 0.99741 0.90813 0.96056 0.89937  100  100    1   50   75
   14  0.02776 0.25661 0.93178 0.91741 0.97624 0.75000 0.26366 0.89904 0.93178 0.99741 0.90813 0.96056 0.89937  100  100    1   50  100
   15  0.00000 0.24093 0.93279 0.91873 0.97665 0.00000 0.26763 0.89958 0.93279 0.98494 0.79989 0.96189 0.90050  100  100    1   75    1
   16  0.00000 0.24299 0.93040 0.91614 0.97478 0.00000 0.26654 0.89845 0.93040 0.98469 0.88336 0.96004 0.90014  100  100    1   75   25
   17  0.00000 0.24349 0.92955 0.91496 0.97569 0.00000 0.26687 0.89756 0.92955 0.98722 0.92202 0.95936 0.90019  100  100    1   75   50
   18  0.00000 0.24380 0.93056 0.91603 0.97523 0.00000 0.26649 0.89803 0.93056 0.99925 0.85332 0.96016 0.90013  100  100    1   75   75
   19  0.00000 0.24382 0.93180 0.91787 0.97625 0.00000 0.26643 0.89143 0.93180 0.99810 0.90216 0.96113 0.90031  100  100    1   75  100
   20  0.00000 0.22968 0.93053 0.91639 0.97725 0.00000 0.26984 0.89661 0.93053 0.99210 0.91024 0.96070 0.90121  100  100    1  100    1
   21  0.00000 0.23191 0.92919 0.91513 0.97458 0.00000 0.26938 0.89876 0.92919 0.99912 0.99426 0.95958 0.90099  100  100    1  100   25
   22  0.00000 0.23228 0.92920 0.91532 0.97579 0.00000 0.26920 0.88759 0.92920 0.99133 0.81227 0.95961 0.90106  100  100    1  100   50
   23  0.00000 0.23183 0.93018 0.91619 0.97608 0.00000 0.26941 0.89770 0.93018 0.93459 0.93604 0.96036 0.90093  100  100    1  100   75
   24  0.00000 0.23198 0.92927 0.91510 0.97450 0.00000 0.26938 0.89434 0.92927 0.99452 0.99943 0.95966 0.90093  100  100    1  100  100
   25  0.09324 0.66065 0.97192 0.95261 0.95847 0.96429 0.25753 0.90570 0.97192 0.99984 0.84310 0.98033 0.88036  100  100   25    1    1
   26  0.09176 0.66147 0.97210 0.95266 0.96073 0.96429 0.25778 0.90098 0.97210 0.99501 0.83401 0.98047 0.88023  100  100   25    1   25
   27  0.09502 0.66537 0.97208 0.95256 0.95849 0.96429 0.25747 0.90144 0.97208 0.99446 0.86189 0.98041 0.88010  100  100   25    1   50
   28  0.09235 0.66674 0.97140 0.95137 0.95910 0.96429 0.25704 0.88970 0.97140 0.99973 0.84663 0.97980 0.87960  100  100   25    1   75
   29  0.09379 0.66724 0.97148 0.95175 0.95705 0.96429 0.25689 0.89743 0.97148 0.99977 0.85351 0.97990 0.87968  100  100   25    1  100
   30  0.09244 0.59371 0.97246 0.95468 0.96441 1.00000 0.26296 0.91036 0.97246 0.99653 0.86377 0.98152 0.88413  100  100   25   25    1
   31  0.09471 0.59530 0.97286 0.95487 0.96613 1.00000 0.26243 0.91419 0.97286 0.99940 0.87613 0.98183 0.88344  100  100   25   25   25
   32  0.09549 0.59865 0.97274 0.95516 0.96555 1.00000 0.26220 0.91852 0.97274 0.99916 0.87565 0.98165 0.88362  100  100   25   25   50
   33  0.09285 0.59823 0.97308 0.95578 0.96518 1.00000 0.26244 0.90821 0.97308 0.99962 0.85960 0.98197 0.88354  100  100   25   25   75
   34  0.09356 0.59970 0.97192 0.95428 0.96271 1.00000 0.26252 0.91317 0.97192 0.99817 0.86711 0.98098 0.88322  100  100   25   25  100
   35  0.08070 0.51853 0.97049 0.95449 0.97128 1.00000 0.26760 0.90384 0.97049 0.99983 0.84555 0.98118 0.88837  100  100   25   50    1
   36  0.08262 0.52089 0.97018 0.95418 0.97159 1.00000 0.26743 0.90401 0.97018 0.99988 0.86322 0.98092 0.88806  100  100   25   50   25
   37  0.08906 0.52461 0.97014 0.95409 0.96533 1.00000 0.26730 0.90166 0.97014 0.99998 0.93294 0.98082 0.88809  100  100   25   50   50
   38  0.08152 0.52173 0.97038 0.95426 0.97170 1.00000 0.26752 0.90229 0.97038 0.99997 0.85089 0.98108 0.88811  100  100   25   50   75
   39  0.08325 0.52249 0.97046 0.95451 0.97082 1.00000 0.26734 0.90040 0.97046 0.99905 0.87133 0.98109 0.88811  100  100   25   50  100
   40  0.05805 0.45842 0.96781 0.95310 0.97377 0.75000 0.27198 0.90468 0.96781 0.99999 0.90331 0.98022 0.89153  100  100   25   75    1
   41  0.05141 0.46561 0.96745 0.95095 0.96728 0.75000 0.27041 0.90234 0.96745 0.99721 0.80495 0.97984 0.89095  100  100   25   75   25
   42  0.05621 0.46330 0.96716 0.95167 0.96928 0.75000 0.27097 0.90026 0.96716 0.99626 0.88362 0.97967 0.89111  100  100   25   75   50
   43  0.05654 0.46449 0.96762 0.95219 0.97124 0.75000 0.27108 0.90029 0.96762 0.99990 0.87942 0.97997 0.89130  100  100   25   75   75
   44  0.05416 0.46374 0.96798 0.95331 0.97338 0.75000 0.27089 0.90035 0.96798 0.99872 0.84173 0.98033 0.89097  100  100   25   75  100
   45  0.06011 0.41137 0.96533 0.95131 0.97141 0.92308 0.27482 0.89834 0.96533 0.99931 0.85057 0.97939 0.89451  100  100   25  100    1
   46  0.06827 0.41372 0.96598 0.95240 0.97457 1.00000 0.27431 0.89289 0.96598 0.99735 0.89033 0.97986 0.89401  100  100   25  100   25
   47  0.05648 0.41380 0.96565 0.95122 0.97109 1.00000 0.27428 0.88875 0.96565 0.99745 0.74424 0.97960 0.89396  100  100   25  100   50
   48  0.06765 0.41498 0.96438 0.95019 0.97249 1.00000 0.27445 0.89360 0.96438 0.99882 0.88505 0.97860 0.89407  100  100   25  100   75
   49  0.06122 0.41553 0.96529 0.95082 0.97183 1.00000 0.27388 0.89637 0.96529 0.99582 0.79967 0.97931 0.89384  100  100   25  100  100
   50  0.06758 0.75907 0.98044 0.94296 0.88670 0.96429 0.23073 0.91936 0.98044 0.97648 0.67095 0.98159 0.84208  100  100   50    1    1
   51  0.06440 0.75267 0.98032 0.94170 0.88382 0.96429 0.23046 0.92370 0.98032 0.98360 0.64155 0.98141 0.84140  100  100   50    1   25
   52  0.06427 0.74822 0.98011 0.94065 0.87425 0.97744 0.22962 0.92472 0.98011 0.97734 0.65029 0.98114 0.84021  100  100   50    1   50
   53  0.06904 0.75050 0.98025 0.94120 0.88071 0.97138 0.23036 0.92280 0.98025 0.98379 0.68923 0.98132 0.84052  100  100   50    1   75
   54  0.06584 0.74981 0.98011 0.94050 0.88575 0.97138 0.23008 0.92529 0.98011 0.99354 0.64709 0.98116 0.84118  100  100   50    1  100
   55  0.09739 0.85949 0.98323 0.95129 0.92309 0.97959 0.24026 0.94292 0.98323 0.98467 0.72932 0.98479 0.85049  100  100   50   25    1
   56  0.09587 0.85365 0.98351 0.95123 0.91359 0.97959 0.23965 0.94058 0.98351 0.99551 0.72622 0.98496 0.84966  100  100   50   25   25
   57  0.09745 0.85462 0.98334 0.95080 0.91580 0.97959 0.24024 0.94286 0.98334 0.99278 0.73397 0.98481 0.85057  100  100   50   25   50
   58  0.09431 0.84463 0.98312 0.95037 0.90915 0.97959 0.23862 0.94126 0.98312 0.99614 0.72856 0.98457 0.85047  100  100   50   25   75
   59  0.09666 0.84658 0.98310 0.95030 0.91627 0.98842 0.23897 0.94318 0.98310 0.99688 0.72985 0.98457 0.85011  100  100   50   25  100
   60  0.12374 0.97255 0.98213 0.95500 0.94835 0.97959 0.24996 0.93105 0.98213 0.98381 0.76442 0.98509 0.86236  100  100   50   50    1
   61  0.12046 0.97103 0.98236 0.95551 0.93969 0.96429 0.25032 0.93178 0.98236 0.99198 0.75515 0.98529 0.86243  100  100   50   50   25
   62  0.12400 0.97868 0.98206 0.95449 0.93917 0.96429 0.24942 0.93949 0.98206 0.98795 0.77322 0.98496 0.86195  100  100   50   50   50
   63  0.12077 0.97731 0.98230 0.95510 0.94032 0.97959 0.24984 0.92853 0.98230 0.99049 0.74648 0.98521 0.86139  100  100   50   50   75
   64  0.12031 0.97990 0.98214 0.95458 0.94048 0.96429 0.24944 0.93140 0.98214 0.98690 0.75545 0.98505 0.86173  100  100   50   50  100
   65  0.10961 0.82653 0.98036 0.95626 0.95582 0.99176 0.25779 0.92229 0.98036 0.97916 0.76233 0.98476 0.87092  100  100   50   75    1
   66  0.10867 0.83164 0.98043 0.95653 0.95832 0.98684 0.25750 0.92744 0.98043 0.98925 0.74147 0.98479 0.87109  100  100   50   75   25
   67  0.09856 0.82593 0.98033 0.95555 0.94973 0.98684 0.25821 0.92349 0.98033 0.98204 0.69103 0.98476 0.87008  100  100   50   75   50
   68  0.10617 0.82888 0.98068 0.95704 0.95251 0.99590 0.25790 0.92214 0.98068 0.98659 0.72838 0.98505 0.87150  100  100   50   75   75
   69  0.10842 0.83095 0.98064 0.95632 0.95513 0.99590 0.25749 0.92793 0.98064 0.99324 0.73300 0.98497 0.87050  100  100   50   75  100
   70  0.08988 0.70506 0.97863 0.95751 0.95893 0.99885 0.26488 0.91386 0.97863 0.98773 0.70258 0.98460 0.87752  100  100   50  100    1
   71  0.09755 0.70921 0.97891 0.95699 0.95946 0.99885 0.26468 0.91562 0.97891 0.96826 0.77183 0.98476 0.87753  100  100   50  100   25
   72  0.09756 0.70677 0.97895 0.95803 0.96265 0.99852 0.26525 0.91764 0.97895 0.98602 0.75360 0.98485 0.87810  100  100   50  100   50
   73  0.09393 0.70505 0.97849 0.95638 0.96500 0.99324 0.26531 0.91614 0.97849 0.98495 0.73334 0.98449 0.87826  100  100   50  100   75
   74  0.09601 0.71062 0.97848 0.95679 0.95756 1.00000 0.26436 0.92011 0.97848 0.93802 0.78119 0.98441 0.87778  100  100   50  100  100
   75  0.00749 0.46872 0.97856 0.90469 0.50235 0.97822 0.20045 0.94107 0.97856 0.89034 0.28915 0.97631 0.79160  100  100   75    1    1
   76  0.00204 0.46834 0.97825 0.90465 0.52122 0.98178 0.19980 0.93858 0.97825 0.95185 0.07124 0.97605 0.79239  100  100   75    1   25
   77  0.00175 0.46816 0.97832 0.90465 0.48060 0.98178 0.19938 0.94001 0.97832 0.96325 0.06561 0.97611 0.79097  100  100   75    1   50
   78  0.00065 0.46624 0.97829 0.90475 0.48949 0.98178 0.19908 0.94083 0.97829 0.93601 0.02455 0.97608 0.79163  100  100   75    1   75
   79  0.00272 0.46618 0.97811 0.90315 0.49089 0.98381 0.19947 0.93931 0.97811 0.98841 0.09778 0.97593 0.79191  100  100   75    1  100
   80  0.02545 0.53197 0.98408 0.92674 0.72393 0.97906 0.21239 0.97011 0.98408 0.93401 0.49277 0.98213 0.80765  100  100   75   25    1
   81  0.02847 0.52622 0.98390 0.92579 0.69275 0.97623 0.21138 0.97203 0.98390 0.98307 0.55839 0.98191 0.80611  100  100   75   25   25
   82  0.02071 0.52256 0.98374 0.92405 0.69266 0.98011 0.21047 0.96649 0.98374 0.99154 0.40955 0.98174 0.80506  100  100   75   25   50
   83  0.02025 0.52347 0.98381 0.92596 0.69185 0.97316 0.21100 0.97345 0.98381 0.99137 0.39806 0.98184 0.80557  100  100   75   25   75
   84  0.02568 0.52124 0.98350 0.92339 0.68633 0.97453 0.21033 0.96996 0.98350 0.99327 0.51461 0.98149 0.80562  100  100   75   25  100
   85  0.03809 0.64108 0.98453 0.93881 0.84873 0.97351 0.22447 0.96384 0.98453 0.96387 0.46581 0.98382 0.82700  100  100   75   50    1
   86  0.04373 0.63685 0.98445 0.93874 0.84210 0.97351 0.22401 0.96422 0.98445 0.95830 0.54687 0.98368 0.82688  100  100   75   50   25
   87  0.04706 0.63462 0.98433 0.93880 0.84327 0.97351 0.22387 0.96491 0.98433 0.97219 0.58250 0.98355 0.82543  100  100   75   50   50
   88  0.04924 0.63364 0.98435 0.93889 0.85135 0.97120 0.22378 0.96712 0.98435 0.99154 0.59328 0.98353 0.82502  100  100   75   50   75
   89  0.05249 0.63218 0.98419 0.93790 0.82724 0.97351 0.22361 0.96459 0.98419 0.97965 0.66170 0.98341 0.82540  100  100   75   50  100
   90  0.05024 0.77142 0.98399 0.94768 0.91797 0.99725 0.23642 0.95419 0.98399 0.91956 0.45028 0.98455 0.84299  100  100   75   75    1
   91  0.06771 0.76444 0.98397 0.94530 0.89443 0.99590 0.23615 0.95868 0.98397 0.95136 0.60932 0.98445 0.84092  100  100   75   75   25
   92  0.05569 0.76486 0.98392 0.94625 0.91064 0.99725 0.23595 0.95093 0.98392 0.94622 0.49724 0.98440 0.84225  100  100   75   75   50
   93  0.05944 0.76122 0.98395 0.94598 0.91063 0.99590 0.23547 0.95658 0.98395 0.96400 0.52318 0.98443 0.84060  100  100   75   75   75
   94  0.04117 0.76055 0.98380 0.94546 0.90491 0.99436 0.23542 0.95301 0.98380 0.98866 0.35794 0.98427 0.84129  100  100   75   75  100
   95  0.07552 0.91833 0.98335 0.95239 0.93752 0.98381 0.24703 0.94427 0.98335 0.94167 0.52347 0.98518 0.85468  100  100   75  100    1
   96  0.08013 0.91639 0.98350 0.95183 0.93569 0.98973 0.24689 0.94424 0.98350 0.93271 0.55978 0.98528 0.85520  100  100   75  100   25
   97  0.08553 0.91082 0.98322 0.95196 0.92779 0.97492 0.24626 0.94574 0.98322 0.97763 0.58843 0.98501 0.85485  100  100   75  100   50
   98  0.05108 0.90834 0.98311 0.95167 0.93495 0.98381 0.24648 0.94680 0.98311 0.80189 0.42220 0.98488 0.85416  100  100   75  100   75
   99  0.07544 0.90763 0.98318 0.95047 0.92941 0.99083 0.24563 0.94538 0.98318 0.89320 0.56340 0.98497 0.85347  100  100   75  100  100
  100  0.00283 0.34153 0.97167 0.83281 0.15047 0.97120 0.17644 0.95117 0.97167 0.78958 0.75382 0.96785 0.74551  100  100  100    1    1
  101  0.00400 0.34140 0.97177 0.83221 0.14581 0.97120 0.17646 0.95228 0.97177 0.91169 0.95165 0.96795 0.74581  100  100  100    1   25
  102  0.00315 0.34093 0.97166 0.83284 0.14003 0.97197 0.17651 0.95311 0.97166 0.77590 0.91782 0.96789 0.74563  100  100  100    1   50
  103  0.00477 0.34080 0.97153 0.83134 0.17297 0.97043 0.17660 0.95496 0.97153 0.94983 0.91916 0.96778 0.74531  100  100  100    1   75
  104  0.00559 0.34070 0.97126 0.83237 0.19967 0.97120 0.17629 0.95075 0.97126 0.95450 0.93386 0.96760 0.74543  100  100  100    1  100
  105  0.00041 0.37863 0.97969 0.87330 0.04090 0.96716 0.18779 0.97971 0.97969 0.95008 0.25057 0.97571 0.76222  100  100  100   25    1
  106  0.00050 0.37577 0.97951 0.87306 0.03030 0.97167 0.18742 0.98071 0.97951 0.98001 0.40193 0.97548 0.76079  100  100  100   25   25
  107  0.00035 0.37465 0.97916 0.86893 0.01417 0.96982 0.18669 0.97843 0.97916 0.95706 0.63467 0.97515 0.76240  100  100  100   25   50
  108  0.00023 0.37561 0.97928 0.87184 0.02085 0.96982 0.18676 0.97787 0.97928 0.99047 0.27304 0.97526 0.76134  100  100  100   25   75
  109  0.00017 0.37330 0.97896 0.86963 0.00582 0.97227 0.18677 0.98127 0.97896 0.98179 0.72363 0.97495 0.76045  100  100  100   25  100
  110  0.00615 0.44976 0.98292 0.90622 0.46998 0.98034 0.20136 0.98390 0.98292 0.92915 0.23902 0.97992 0.78611  100  100  100   50    1
  111  0.00008 0.44954 0.98298 0.90756 0.46967 0.98145 0.20098 0.98825 0.98298 0.97314 0.00301 0.98001 0.78697  100  100  100   50   25
  112  0.00091 0.44942 0.98275 0.90622 0.46734 0.98034 0.20086 0.98650 0.98275 0.99168 0.03352 0.97977 0.78646  100  100  100   50   50
  113  0.00146 0.44740 0.98265 0.90577 0.45294 0.97922 0.20024 0.98630 0.98265 1.00000 0.05551 0.97962 0.78569  100  100  100   50   75
  114  0.00071 0.44629 0.98261 0.90627 0.48017 0.97922 0.20004 0.98631 0.98261 0.99283 0.02575 0.97964 0.78423  100  100  100   50  100
  115  0.00020 0.54270 0.98380 0.92716 0.75218 0.98419 0.21426 0.97783 0.98380 0.94427 0.00346 0.98198 0.81117  100  100  100   75    1
  116  0.00018 0.53790 0.98379 0.92650 0.74323 0.98553 0.21351 0.97966 0.98379 0.98033 0.00313 0.98195 0.80887  100  100  100   75   25
  117  0.02000 0.53909 0.98353 0.92532 0.77522 0.98553 0.21326 0.98029 0.98353 0.85171 0.38388 0.98170 0.80842  100  100  100   75   50
  118  0.00539 0.53655 0.98349 0.92491 0.74716 0.98283 0.21283 0.98152 0.98349 0.93233 0.09911 0.98161 0.80728  100  100  100   75   75
  119  0.00006 0.53650 0.98363 0.92551 0.76951 0.98553 0.21299 0.97866 0.98363 0.97146 0.00109 0.98175 0.80687  100  100  100   75  100
  120  0.01040 0.64872 0.98404 0.93800 0.89428 0.98684 0.22616 0.97207 0.98404 0.90774 0.12323 0.98335 0.82722  100  100  100  100    1
  121  0.00159 0.64828 0.98427 0.93821 0.87742 0.98928 0.22663 0.96908 0.98427 0.98469 0.01767 0.98356 0.82691  100  100  100  100   25
  122  0.00739 0.64184 0.98411 0.93757 0.85725 0.98509 0.22588 0.97221 0.98411 0.98672 0.08530 0.98332 0.82618  100  100  100  100   50
  123  0.00645 0.64227 0.98412 0.93727 0.84823 0.98218 0.22551 0.97163 0.98412 0.89558 0.08334 0.98334 0.82563  100  100  100  100   75
  124  0.00264 0.64428 0.98396 0.93642 0.84554 0.98218 0.22583 0.97017 0.98396 0.99069 0.03083 0.98322 0.82812  100  100  100  100  100
