                                               Cluster
  Run  Product Compare     Pop   Edges Clusters   Size Leesalee  Slope  %Urban   Xmean   Ymean     Rad  Fmatch Diff  Brd Sprd  Slp   RG
    0  0.01534 0.22114 0.96447 0.99343 0.68536 0.52927 0.39523 0.98996 0.90622 0.79754 0.96205 0.98799 0.74250    1    1    1    1    1
    1  0.01534 0.22114 0.96447 0.99343 0.68536 0.52927 0.39523 0.98996 0.90622 0.79754 0.96205 0.98799 0.74250    1    1    1    1   25
    2  0.01823 0.23125 0.95496 0.98634 0.70957 0.51866 0.39680 0.99492 0.90502 0.87270 0.99999 0.98142 0.74330    1    1    1    1   50
    3  0.00539 0.23718 0.96323 0.99072 0.70651 0.43430 0.39470 0.99217 0.91008 0.32945 0.90589 0.98656 0.73993    1    1    1    1   75
    4  0.02076 0.24639 0.96402 0.99556 0.71278 0.49994 0.39480 0.99690 0.91259 0.99562 0.94315 0.98662 0.74037    1    1    1    1  100
    5  0.01887 0.21354 0.97009 0.99712 0.62883 0.61904 0.39903 0.99727 0.90638 0.89862 0.98906 0.99141 0.73840    1    1    1   25    1
    6  0.01887 0.21354 0.97009 0.99712 0.62883 0.61904 0.39903 0.99727 0.90638 0.89862 0.98906 0.99141 0.73840    1    1    1   25   25
    7  0.01336 0.21914 0.97157 0.99761 0.72114 0.55358 0.39132 0.95479 0.90895 0.70622 0.89530 0.99197 0.73955    1    1    1   25   50
    8  0.00890 0.22237 0.95854 0.98871 0.73115 0.52927 0.39205 0.98872 0.90424 0.47010 0.90920 0.98424 0.74025    1    1    1   25   75
    9  0.01832 0.22932 0.96157 0.98490 0.74593 0.57662 0.39207 0.98237 0.90646 0.77355 0.99990 0.98583 0.73668    1    1    1   25  100
   10  0.00967 0.20581 0.96730 0.99758 0.61666 0.65172 0.39850 0.79232 0.90166 0.63393 0.91609 0.99034 0.74020    1    1    1   50    1
   11  0.00967 0.20581 0.96730 0.99758 0.61666 0.65172 0.39850 0.79232 0.90166 0.63393 0.91609 0.99034 0.74020    1    1    1   50   25
   12  0.01830 0.21470 0.96137 0.99575 0.72983 0.55900 0.39897 0.98852 0.90081 0.95474 0.88290 0.98683 0.73843    1    1    1   50   50
   13  0.01516 0.22101 0.96571 0.99963 0.64344 0.57897 0.39822 0.98912 0.90645 0.73560 0.99426 0.98868 0.73892    1    1    1   50   75
   14  0.01767 0.22211 0.97517 0.99918 0.60321 0.67024 0.39221 0.98838 0.91105 0.86477 0.90001 0.99408 0.73890    1    1    1   50  100
   15  0.00247 0.20111 0.95721 0.97959 0.69837 0.56755 0.40075 0.31410 0.89666 0.88912 0.45127 0.98478 0.74203    1    1    1   75    1
   16  0.00247 0.20111 0.95721 0.97959 0.69837 0.56755 0.40075 0.31410 0.89666 0.88912 0.45127 0.98478 0.74203    1    1    1   75   25
   17  0.00038 0.21013 0.97685 0.99933 0.68832 0.57397 0.39794 0.03861 0.90706 0.92635 0.49286 0.99515 0.74217    1    1    1   75   50
   18  0.00825 0.21373 0.98482 1.00000 0.69762 0.54331 0.39847 0.51913 0.91382 0.99217 0.74613 0.99825 0.73988    1    1    1   75   75
   19  0.01357 0.21579 0.94509 0.97389 0.74847 0.52927 0.39145 0.99968 0.89596 0.79868 0.84829 0.97662 0.74320    1    1    1   75  100
   20  0.01585 0.19615 0.98000 0.99952 0.66311 0.58625 0.40055 0.93808 0.90366 0.86057 0.97680 0.99675 0.74582    1    1    1  100    1
   21  0.01585 0.19615 0.98000 0.99952 0.66311 0.58625 0.40055 0.93808 0.90366 0.86057 0.97680 0.99675 0.74582    1    1    1  100   25
   22  0.00006 0.20942 0.95765 0.98884 0.66908 0.58298 0.39481 0.98760 0.89866 0.64419 0.00434 0.98468 0.74015    1    1    1  100   50
   23  0.00192 0.20774 0.95884 0.98722 0.72775 0.55358 0.39457 0.22149 0.89894 0.97668 0.43188 0.98538 0.74380    1    1    1  100   75
   24  0.00042 0.21522 0.96628 0.99675 0.69039 0.65685 0.39272 0.98188 0.90362 0.02223 0.78396 0.98949 0.74123    1    1    1  100  100
   25  0.05155 0.49677 0.99560 0.99692 0.70194 0.85993 0.38522 0.98495 0.99270 0.72691 0.97046 0.99499 0.65520    1    1   25    1    1
   26  0.06294 0.49148 0.99563 0.99458 0.77153 0.88535 0.38484 0.98752 0.99278 0.80372 0.96381 0.99486 0.65118    1    1   25    1   25
   27  0.06666 0.46930 0.99710 0.99894 0.85442 0.93969 0.37735 0.97416 0.99472 0.76305 0.98492 0.99650 0.64860    1    1   25    1   50
   28  0.06746 0.45845 0.99671 0.99323 0.82175 0.91794 0.37516 0.97521 0.99433 0.85689 0.96756 0.99582 0.65613    1    1   25    1   75
   29  0.06286 0.44239 0.99567 0.99520 0.84273 0.91016 0.36122 0.98588 0.99317 0.85602 0.96726 0.99455 0.64185    1    1   25    1  100
   30  0.06606 0.50621 0.99631 0.99563 0.68856 0.86424 0.39204 0.99561 0.99351 0.92648 0.94400 0.99564 0.65465    1    1   25   25    1
   31  0.05248 0.50598 0.99616 0.99881 0.64025 0.82628 0.39558 0.98649 0.99334 0.81450 0.97135 0.99538 0.64555    1    1   25   25   25
   32  0.05725 0.49769 0.99678 0.99847 0.69205 0.87109 0.39313 0.99436 0.99416 0.77072 0.98466 0.99610 0.65263    1    1   25   25   50
   33  0.04760 0.47295 0.99780 0.99950 0.67524 0.86301 0.38849 0.99841 0.99564 0.79829 0.86674 0.99701 0.65005    1    1   25   25   75
   34  0.05573 0.48220 0.99798 0.99969 0.69964 0.88404 0.38499 0.99224 0.99582 0.79302 0.95915 0.99730 0.64910    1    1   25   25  100
   35  0.06183 0.54747 0.99871 0.99934 0.57950 0.84202 0.40920 0.98883 0.99648 0.90250 0.95609 0.99851 0.66760    1    1   25   50    1
   36  0.05801 0.54660 0.99877 0.99944 0.55950 0.82815 0.40848 0.98818 0.99657 0.90353 0.95192 0.99857 0.66413    1    1   25   50   25
   37  0.07698 0.54341 0.99776 0.99968 0.76559 0.92458 0.40572 0.99454 0.99515 0.77594 0.97531 0.99743 0.66200    1    1   25   50   50
   38  0.08654 0.51802 0.99832 0.99638 0.74834 0.90977 0.40169 0.98118 0.99610 0.98958 0.96185 0.99783 0.66158    1    1   25   50   75
   39  0.05614 0.50123 0.99793 0.99906 0.66201 0.85539 0.38892 0.96305 0.99563 0.94211 0.88511 0.99737 0.63963    1    1   25   50  100
   40  0.08976 0.60304 0.99784 0.99804 0.71815 0.89769 0.42182 0.99036 0.99488 0.82677 0.99164 0.99778 0.68192    1    1   25   75    1
   41  0.09948 0.61684 0.99761 0.99756 0.69864 0.89661 0.42486 0.98207 0.99447 0.93676 0.97468 0.99759 0.68453    1    1   25   75   25
   42  0.08368 0.59290 0.99862 0.99878 0.68009 0.88557 0.41728 0.98651 0.99608 0.88467 0.96195 0.99859 0.67425    1    1   25   75   50
   43  0.07944 0.57895 0.99812 0.99644 0.71278 0.89661 0.41273 0.96810 0.99543 0.88616 0.90136 0.99794 0.68093    1    1   25   75   75
   44  0.07285 0.57571 0.99744 0.99907 0.70817 0.88444 0.40467 0.97374 0.99449 0.84937 0.91978 0.99735 0.66395    1    1   25   75  100
   45  0.06831 0.65098 0.99642 0.99890 0.58603 0.81934 0.41947 0.97425 0.99257 0.86474 0.93283 0.99674 0.67317    1    1   25  100    1
   46  0.08051 0.67215 0.99568 0.99646 0.63142 0.83924 0.42896 0.98224 0.99147 0.84095 0.94522 0.99607 0.68878    1    1   25  100   25
   47  0.09841 0.65629 0.99650 0.99967 0.72040 0.89393 0.41869 0.96628 0.99262 0.94086 0.90577 0.99691 0.68507    1    1   25  100   50
   48  0.06300 0.62403 0.99676 0.99891 0.59824 0.82775 0.41159 0.94268 0.99322 0.95302 0.82021 0.99695 0.68180    1    1   25  100   75
   49  0.06315 0.62529 0.99680 0.99728 0.65505 0.84617 0.40558 0.95492 0.99327 0.88642 0.79865 0.99692 0.67513    1    1   25  100  100
   50  0.01417 0.24498 0.97969 0.94426 0.89838 0.83986 0.22546 0.99677 0.97799 0.76869 0.98726 0.97642 0.50880    1    1   50    1    1
   51  0.01367 0.24056 0.97831 0.95392 0.95047 0.84761 0.22088 0.99397 0.97665 0.73488 0.96408 0.97511 0.51022    1    1   50    1   25
   52  0.01341 0.24686 0.97779 0.94474 0.84085 0.81927 0.22469 0.99476 0.97607 0.78582 0.98063 0.97463 0.52097    1    1   50    1   50
   53  0.01494 0.23592 0.97471 0.91019 0.96884 0.89245 0.21788 0.99242 0.97314 0.84254 0.96978 0.97112 0.49435    1    1   50    1   75
   54  0.01010 0.22508 0.96776 0.88672 0.94917 0.81902 0.20671 0.99902 0.96638 0.73583 0.98637 0.96430 0.48138    1    1   50    1  100
   55  0.01673 0.24959 0.98117 0.94448 0.99947 0.91709 0.23249 0.99492 0.97945 0.69801 0.98635 0.97741 0.51745    1    1   50   25    1
   56  0.01684 0.24887 0.98110 0.96524 0.96033 0.87543 0.22932 0.99589 0.97938 0.75581 0.97168 0.97762 0.52915    1    1   50   25   25
   57  0.01332 0.25022 0.97930 0.91556 0.89923 0.83589 0.23121 0.99758 0.97757 0.71168 0.96932 0.97574 0.52052    1    1   50   25   50
   58  0.01795 0.24470 0.97458 0.91106 0.99514 0.88452 0.22640 0.99888 0.97294 0.88472 0.93975 0.97062 0.52865    1    1   50   25   75
   59  0.01188 0.23013 0.97506 0.82866 0.99616 0.87214 0.21583 0.99685 0.97356 0.75169 0.97645 0.97080 0.49260    1    1   50   25  100
   60  0.01854 0.26609 0.98839 0.95238 0.86331 0.86096 0.24807 0.99914 0.98665 0.82976 0.93585 0.98499 0.53228    1    1   50   50    1
   61  0.01764 0.26833 0.98918 0.96183 0.77751 0.83865 0.25057 0.99946 0.98744 0.85585 0.92475 0.98580 0.54915    1    1   50   50   25
   62  0.02298 0.25847 0.98921 0.94946 0.96197 0.89623 0.24489 0.99860 0.98755 0.92786 0.91997 0.98562 0.54043    1    1   50   50   50
   63  0.01889 0.25354 0.98634 0.89620 0.97373 0.92098 0.24089 0.99151 0.98466 0.83554 0.90349 0.98231 0.53890    1    1   50   50   75
   64  0.01802 0.24986 0.98381 0.88836 0.98723 0.89191 0.23401 0.99797 0.98211 0.85073 0.91766 0.97996 0.53405    1    1   50   50  100
   65  0.02288 0.28245 0.99277 0.94199 0.87097 0.88404 0.25913 0.97809 0.99107 0.91430 0.87146 0.99030 0.56760    1    1   50   75    1
   66  0.02564 0.28332 0.99150 0.92897 0.98094 0.92707 0.25891 0.97133 0.98973 0.90009 0.88351 0.98863 0.55210    1    1   50   75   25
   67  0.02604 0.28402 0.99018 0.93756 0.99641 0.91636 0.25812 0.96484 0.98835 0.92391 0.84414 0.98728 0.57080    1    1   50   75   50
   68  0.02137 0.26937 0.98947 0.88635 0.97957 0.90949 0.24950 0.96180 0.98773 0.91800 0.87530 0.98613 0.54065    1    1   50   75   75
   69  0.01959 0.26502 0.98766 0.86486 0.95063 0.87740 0.24661 0.96112 0.98592 0.95869 0.85797 0.98383 0.54873    1    1   50   75  100
   70  0.02036 0.30914 0.99350 0.94821 0.72005 0.83819 0.27154 0.94862 0.99166 0.96001 0.83932 0.99148 0.56773    1    1   50  100    1
   71  0.02036 0.30914 0.99350 0.94821 0.72005 0.83819 0.27154 0.94862 0.99166 0.96001 0.83932 0.99148 0.56773    1    1   50  100   25
   72  0.02102 0.29868 0.99241 0.89159 0.83205 0.86642 0.26535 0.94763 0.99058 0.96256 0.82995 0.98988 0.56005    1    1   50  100   50
   73  0.02273 0.29308 0.99083 0.84606 0.99767 0.90541 0.26539 0.93694 0.98897 0.99692 0.74621 0.98780 0.56685    1    1   50  100   75
   74  0.02012 0.28824 0.98686 0.76489 0.99256 0.89646 0.25795 0.92808 0.98489 0.94798 0.83409 0.98357 0.56662    1    1   50  100  100
   75  0.00432 0.18915 0.94585 0.98400 0.97541 0.77517 0.16219 1.00000 0.94522 0.52821 0.99488 0.94752 0.42490    1    1   75    1    1
   76  0.00398 0.19035 0.94605 0.98911 0.71757 0.84560 0.16265 0.99999 0.94540 0.57045 0.99041 0.94794 0.44708    1    1   75    1   25
   77  0.00326 0.18543 0.93131 0.96843 0.66898 0.84307 0.15772 0.99981 0.93119 0.57467 0.99719 0.93469 0.43915    1    1   75    1   50
   78  0.00151 0.18450 0.93476 0.97600 0.34656 0.83369 0.15811 0.99945 0.93453 0.56563 0.99568 0.93762 0.39687    1    1   75    1   75
   79  0.00209 0.18106 0.93059 0.98916 0.74022 0.75309 0.15326 0.99997 0.93051 0.41195 0.98698 0.93482 0.41493    1    1   75    1  100
   80  0.00665 0.19644 0.94759 0.99036 0.99277 0.84125 0.17095 0.99133 0.94689 0.63408 0.98477 0.94802 0.45475    1    1   75   25    1
   81  0.00614 0.19421 0.94649 0.99216 0.99195 0.80526 0.16888 0.99618 0.94584 0.64562 0.98524 0.94706 0.43955    1    1   75   25   25
   82  0.00105 0.19251 0.94051 0.98555 0.30768 0.65400 0.16722 0.99528 0.94007 0.45331 0.99539 0.94154 0.43915    1    1   75   25   50
   83  0.00231 0.18909 0.93589 0.98947 0.88447 0.73074 0.16342 0.99846 0.93562 0.34319 0.99373 0.93773 0.41822    1    1   75   25   75
   84  0.00171 0.19117 0.92530 0.99266 0.38957 0.78035 0.16200 0.99212 0.92535 0.53627 0.99426 0.92962 0.43420    1    1   75   25  100
   85  0.00387 0.20209 0.95342 0.97794 0.80354 0.76589 0.17908 0.99488 0.95253 0.45825 0.98588 0.95215 0.45687    1    1   75   50    1
   86  0.00575 0.20297 0.95012 0.97560 0.91191 0.76868 0.17834 0.99488 0.94931 0.62386 0.97509 0.94940 0.44835    1    1   75   50   25
   87  0.00425 0.19957 0.94851 0.97519 0.90619 0.77024 0.17647 0.99585 0.94779 0.48063 0.94985 0.94763 0.45820    1    1   75   50   50
   88  0.00453 0.19888 0.94434 0.98553 0.96713 0.77637 0.17383 0.99899 0.94373 0.48059 0.95851 0.94434 0.45675    1    1   75   50   75
   89  0.00411 0.19683 0.94082 0.99250 0.91965 0.75661 0.17102 0.99750 0.94032 0.48669 0.98133 0.94189 0.44513    1    1   75   50  100
   90  0.00466 0.21670 0.96492 0.99279 0.67646 0.72824 0.19197 0.99489 0.96362 0.57207 0.93486 0.96293 0.48050    1    1   75   75    1
   91  0.00824 0.21772 0.96475 0.98115 0.95592 0.82094 0.19152 0.99499 0.96343 0.63498 0.94172 0.96311 0.48202    1    1   75   75   25
   92  0.00503 0.21184 0.96820 0.99424 0.59624 0.74541 0.18992 0.99227 0.96689 0.73352 0.90365 0.96576 0.47587    1    1   75   75   50
   93  0.00681 0.21206 0.95181 0.99739 0.83036 0.75113 0.18448 0.98997 0.95086 0.73678 0.92225 0.95148 0.48305    1    1   75   75   75
   94  0.00001 0.20463 0.95384 0.99397 0.00115 0.74582 0.17928 0.99403 0.95291 0.65142 0.93399 0.95308 0.45865    1    1   75   75  100
   95  0.00957 0.23503 0.97176 0.96283 0.81974 0.80721 0.20535 0.96994 0.97016 0.75869 0.89920 0.96975 0.51450    1    1   75  100    1
   96  0.00756 0.23411 0.97167 0.95820 0.74202 0.77692 0.20410 0.96894 0.97007 0.68233 0.94367 0.96986 0.50203    1    1   75  100   25
   97  0.00717 0.23234 0.97046 0.95871 0.69039 0.78627 0.20307 0.97053 0.96891 0.71332 0.91390 0.96838 0.50673    1    1   75  100   50
   98  0.00713 0.23224 0.96151 0.92274 0.71278 0.76909 0.20011 0.96439 0.96012 0.78308 0.89257 0.96027 0.50740    1    1   75  100   75
   99  0.00102 0.21995 0.96229 0.97784 0.13065 0.72290 0.18977 0.96151 0.96099 0.71971 0.90225 0.96122 0.47767    1    1   75  100  100
  100  0.00006 0.18255 0.93682 0.99748 0.01736 0.68589 0.14702 0.99989 0.93641 0.51759 0.98503 0.94368 0.41578    1    1  100    1    1
  101  0.00038 0.18187 0.93740 0.99430 0.14485 0.80952 0.14684 1.00000 0.93698 0.36780 0.99498 0.94397 0.40073    1    1  100    1   25
  102  0.00117 0.18052 0.93237 0.99572 0.29787 0.80194 0.14570 0.99978 0.93214 0.58275 0.97706 0.93958 0.40075    1    1  100    1   50
  103  0.00023 0.18018 0.92149 0.99733 0.09502 0.69908 0.14464 0.99901 0.92165 0.41467 0.98989 0.93041 0.41932    1    1  100    1   75
  104  0.00348 0.17662 0.92504 0.99735 0.99488 0.70181 0.14068 0.99994 0.92507 0.62282 0.99031 0.93415 0.40767    1    1  100    1  100
  105  0.00065 0.18441 0.94075 0.99432 0.16616 0.80546 0.15286 0.99507 0.94025 0.52240 0.98639 0.94521 0.40215    1    1  100   25    1
  106  0.00331 0.18896 0.93527 0.99551 0.99120 0.76546 0.15459 0.99302 0.93490 0.41840 0.99313 0.94101 0.44183    1    1  100   25   25
  107  0.00220 0.18660 0.93311 0.99289 0.72548 0.70708 0.15279 0.99906 0.93284 0.45359 0.99219 0.93901 0.41245    1    1  100   25   50
  108  0.00253 0.18414 0.92486 0.99320 0.89999 0.73414 0.15063 0.99888 0.92491 0.40691 0.99598 0.93196 0.43050    1    1  100   25   75
  109  0.00000 0.18227 0.92549 0.99267 0.00009 0.74916 0.14812 0.99858 0.92552 0.41627 0.98964 0.93294 0.41982    1    1  100   25  100
  110  0.00293 0.19490 0.95153 0.99872 0.62424 0.70990 0.16471 0.99651 0.95065 0.56357 0.95338 0.95366 0.44650    1    1  100   50    1
  111  0.00271 0.19507 0.94948 0.99879 0.63643 0.73559 0.16331 0.99401 0.94864 0.49971 0.96266 0.95228 0.44423    1    1  100   50   25
  112  0.00125 0.19368 0.94485 0.99846 0.33581 0.61456 0.16166 0.99716 0.94416 0.54083 0.96811 0.94832 0.44015    1    1  100   50   50
  113  0.00213 0.18862 0.94197 0.99409 0.54970 0.69904 0.15897 0.99799 0.94144 0.50595 0.98454 0.94508 0.44570    1    1  100   50   75
  114  0.00212 0.18798 0.93775 0.99820 0.77026 0.73154 0.15501 0.99604 0.93732 0.36899 0.98529 0.94262 0.43030    1    1  100   50  100
  115  0.00285 0.20463 0.95825 0.99928 0.47567 0.70394 0.17213 0.99816 0.95709 0.66162 0.93881 0.95988 0.44335    1    1  100   75    1
  116  0.00604 0.20742 0.95582 0.99727 0.90420 0.78413 0.17354 0.99915 0.95470 0.61849 0.92256 0.95779 0.47645    1    1  100   75   25
  117  0.00377 0.20317 0.95789 0.99941 0.66025 0.72355 0.17036 0.99827 0.95675 0.59404 0.95078 0.95967 0.45985    1    1  100   75   50
  118  0.00071 0.19846 0.95300 0.99697 0.30304 0.67052 0.16720 0.99685 0.95205 0.28427 0.95263 0.95491 0.45222    1    1  100   75   75
  119  0.00019 0.20226 0.94687 0.99951 0.05401 0.60786 0.16876 0.99656 0.94605 0.46272 0.94925 0.94984 0.45638    1    1  100   75  100
  120  0.00114 0.21973 0.96570 0.98977 0.17928 0.65933 0.18244 0.98355 0.96421 0.67038 0.86514 0.96694 0.47363    1    1  100  100    1
  121  0.00321 0.22394 0.96592 0.98646 0.41540 0.70825 0.18475 0.98162 0.96438 0.69072 0.87878 0.96738 0.49840    1    1  100  100   25
  122  0.00341 0.21988 0.96206 0.98515 0.50787 0.70126 0.18169 0.97565 0.96065 0.64223 0.90209 0.96369 0.48283    1    1  100  100   50
  123  0.00738 0.21744 0.96310 0.99520 0.93495 0.79497 0.17970 0.96941 0.96168 0.67569 0.90368 0.96471 0.48248    1    1  100  100   75
  124  0.00471 0.21514 0.95851 0.99912 0.58916 0.74783 0.17687 0.97488 0.95721 0.73023 0.89223 0.96099 0.50225    1    1  100  100  100
  125  0.01692 0.23660 0.96214 0.99702 0.68357 0.61904 0.40454 0.99673 0.90526 0.67477 0.97847 0.98670 0.74090    1   25    1    1    1
  126  0.01692 0.23660 0.96214 0.99702 0.68357 0.61904 0.40454 0.99673 0.90526 0.67477 0.97847 0.98670 0.74090    1   25    1    1   25
  127  0.01337 0.23113 0.94658 0.98871 0.74341 0.43639 0.40148 0.97065 0.90114 0.76361 0.98662 0.97605 0.73763    1   25    1    1   50
  128  0.01811 0.23795 0.96497 0.99597 0.68972 0.49489 0.39263 0.99283 0.91060 0.91779 0.97335 0.98784 0.74050    1   25    1    1   75
  129  0.02879 0.52100 0.97303 0.99469 0.69569 0.38919 0.36358 0.93265 0.94873 0.95648 0.96385 0.98433 0.72223    1   25    1    1  100
  130  0.01719 0.22230 0.96406 0.99369 0.68948 0.61904 0.38952 0.99998 0.90343 0.75849 0.96763 0.98792 0.74123    1   25    1   25    1
  131  0.01719 0.22230 0.96406 0.99369 0.68948 0.61904 0.38952 0.99998 0.90343 0.75849 0.96763 0.98792 0.74123    1   25    1   25   25
  132  0.01395 0.23506 0.96692 0.99832 0.68365 0.60006 0.39075 0.89004 0.90747 0.93404 0.69411 0.98950 0.73997    1   25    1   25   50
  133  0.01913 0.24369 0.97113 0.99792 0.67000 0.54331 0.38748 0.96181 0.91180 0.89466 0.99798 0.99180 0.73945    1   25    1   25   75
  134  0.02453 0.29136 0.95459 0.99623 0.69962 0.67868 0.35978 0.93332 0.90409 0.84300 0.99633 0.98337 0.74348    1   25    1   25  100
  135  0.01543 0.21180 0.97186 0.99649 0.61399 0.68124 0.39634 0.78160 0.90400 0.87357 0.99672 0.99278 0.74305    1   25    1   50    1
  136  0.01543 0.21180 0.97186 0.99649 0.61399 0.68124 0.39634 0.78160 0.90400 0.87357 0.99672 0.99278 0.74305    1   25    1   50   25
  137  0.01639 0.23828 0.95931 0.99724 0.64185 0.81771 0.38523 0.72062 0.90231 0.76765 0.97770 0.98583 0.73920    1   25    1   50   50
  138  0.00812 0.28369 0.88256 0.94961 0.72595 0.57662 0.37612 0.83047 0.87830 0.47135 0.90825 0.93723 0.74110    1   25    1   50   75
  139  0.01032 0.38399 0.98223 0.99975 0.72639 0.61904 0.35512 0.99991 0.94176 0.26560 0.94411 0.99346 0.73070    1   25    1   50  100
  140  0.00000 0.21290 0.96760 0.99646 0.65800 0.66389 0.39699 0.05031 0.90266 0.48323 0.00735 0.99020 0.74133    1   25    1   75    1
  141  0.00000 0.21290 0.96760 0.99646 0.65800 0.66389 0.39699 0.05031 0.90266 0.48323 0.00735 0.99020 0.74133    1   25    1   75   25
  142  0.00223 0.21657 0.96042 0.99498 0.65946 0.60006 0.38900 0.65874 0.89944 1.00000 0.16380 0.98615 0.73270    1   25    1   75   50
  143  0.00669 0.22494 0.97706 0.99972 0.63874 0.63470 0.38885 0.85442 0.90991 0.73447 0.45755 0.99513 0.74327    1   25    1   75   75
  144  0.01251 0.24858 0.96172 0.99302 0.70810 0.52927 0.38084 0.82445 0.90261 0.71074 0.95696 0.98711 0.73892    1   25    1   75  100
  145  0.01212 0.20562 0.96677 0.98802 0.73042 0.54087 0.39740 0.79243 0.89841 0.76274 0.98305 0.99052 0.74353    1   25    1  100    1
  146  0.01212 0.20562 0.96677 0.98802 0.73042 0.54087 0.39740 0.79243 0.89841 0.76274 0.98305 0.99052 0.74353    1   25    1  100   25
  147  0.01506 0.21418 0.96715 0.99494 0.65442 0.66389 0.39543 0.86584 0.90193 0.73864 0.99941 0.99046 0.74470    1   25    1  100   50
  148  0.00310 0.23467 0.97622 0.99772 0.71778 0.52927 0.39206 0.26512 0.90879 0.95526 0.53618 0.99449 0.74285    1   25    1  100   75
  149  0.00002 0.23544 0.98048 0.99978 0.56770 0.72658 0.38447 0.86380 0.90973 0.62684 0.00121 0.99686 0.74440    1   25    1  100  100
  150  0.02463 0.31604 0.99790 0.99626 0.92168 0.94272 0.30522 0.97775 0.99663 0.52299 0.99286 0.99586 0.58657    1   25   25    1    1
  151  0.03981 0.32272 0.99772 0.99895 0.90510 0.93148 0.31301 0.98543 0.99640 0.81192 0.99995 0.99549 0.59110    1   25   25    1   25
  152  0.02795 0.31593 0.99741 0.99156 0.86084 0.91438 0.30754 0.98322 0.99606 0.67329 0.98816 0.99515 0.56985    1   25   25    1   50
  153  0.02304 0.28740 0.99424 0.96230 0.91903 0.89976 0.27892 0.97053 0.99269 0.67383 0.99987 0.99064 0.56495    1   25   25    1   75
  154  0.02623 0.28239 0.99329 0.97329 0.99977 0.91759 0.26552 0.96287 0.99165 0.73815 0.99992 0.99048 0.56510    1   25   25    1  100
  155  0.03348 0.33413 0.99823 0.99498 0.81005 0.90046 0.31394 0.97998 0.99696 0.77098 0.99431 0.99636 0.59035    1   25   25   25    1
  156  0.02888 0.33149 0.99924 0.99937 0.76510 0.90350 0.32218 0.98724 0.99831 0.69344 0.96219 0.99786 0.59698    1   25   25   25   25
  157  0.03211 0.32274 0.99771 0.99188 0.89513 0.92829 0.31338 0.99077 0.99639 0.67778 0.99565 0.99537 0.58218    1   25   25   25   50
  158  0.03715 0.29904 0.99546 0.97969 0.98922 0.94231 0.28390 0.97690 0.99393 0.90857 0.99771 0.99276 0.55085    1   25   25   25   75
  159  0.02944 0.28326 0.99438 0.97649 0.95916 0.91276 0.27001 0.99000 0.99284 0.81073 0.99330 0.99126 0.57715    1   25   25   25  100
  160  0.04994 0.35385 0.99973 0.99678 0.89297 0.94811 0.32901 0.98692 0.99901 0.89317 0.96201 0.99891 0.60080    1   25   25   50    1
  161  0.03333 0.34530 0.99989 0.99923 0.65966 0.88174 0.33121 0.98332 0.99935 0.87986 0.96363 0.99913 0.60235    1   25   25   50   25
  162  0.04064 0.34578 0.99972 0.99880 0.81123 0.93612 0.32843 0.99214 0.99902 0.82639 0.96800 0.99881 0.59585    1   25   25   50   50
  163  0.03943 0.33637 0.99928 0.99923 0.75466 0.90852 0.31647 0.98740 0.99834 0.98020 0.91841 0.99816 0.61088    1   25   25   50   75
  164  0.03844 0.32056 0.99917 0.99601 0.96496 0.95516 0.30563 0.98068 0.99823 0.76976 0.99303 0.99795 0.57285    1   25   25   50  100
  165  0.04361 0.40254 0.99945 0.99861 0.80846 0.92784 0.34844 0.94522 0.99834 0.74032 0.90459 0.99877 0.65790    1   25   25   75    1
  166  0.04774 0.39869 0.99940 0.99928 0.84122 0.94272 0.34654 0.95847 0.99828 0.87220 0.82230 0.99867 0.63657    1   25   25   75   25
  167  0.05002 0.37586 0.99939 0.99343 0.91358 0.94853 0.33538 0.95012 0.99837 0.90836 0.85782 0.99837 0.62500    1   25   25   75   50
  168  0.05225 0.36624 0.99951 0.99637 0.91309 0.96654 0.32398 0.95619 0.99858 0.95902 0.88496 0.99871 0.61902    1   25   25   75   75
  169  0.03993 0.35724 0.99915 0.99929 0.81595 0.92451 0.31757 0.95759 0.99805 0.82204 0.95035 0.99829 0.62690    1   25   25   75  100
  170  0.02941 0.46642 0.99819 0.99946 0.68460 0.86801 0.36836 0.93959 0.99621 0.52932 0.89884 0.99737 0.65013    1   25   25  100    1
  171  0.02500 0.43810 0.99876 0.99782 0.69105 0.87951 0.34955 0.92907 0.99715 0.91530 0.49984 0.99794 0.63715    1   25   25  100   25
  172  0.05144 0.43147 0.99855 0.99520 0.73331 0.89966 0.35380 0.94578 0.99689 0.93448 0.89690 0.99760 0.65200    1   25   25  100   50
  173  0.05525 0.41603 0.99833 0.99568 0.96341 0.96217 0.33692 0.95086 0.99664 0.98054 0.72456 0.99747 0.63700    1   25   25  100   75
  174  0.04122 0.40969 0.99873 0.99908 0.93631 0.95655 0.33243 0.92534 0.99720 0.58921 0.97926 0.99813 0.63730    1   25   25  100  100
  175  0.00552 0.18551 0.98104 0.95333 0.78921 0.91064 0.18328 0.99988 0.97992 0.57519 0.98365 0.97604 0.44640    1   25   50    1    1
  176  0.00572 0.17843 0.98026 0.96025 0.87775 0.87888 0.17837 0.99999 0.97922 0.62830 0.99987 0.97461 0.41282    1   25   50    1   25
  177  0.00442 0.17895 0.97512 0.92774 0.69435 0.88239 0.17814 0.99974 0.97412 0.69976 0.99956 0.96921 0.37885    1   25   50    1   50
  178  0.00001 0.17743 0.96518 0.92601 0.00204 0.88772 0.16892 1.00000 0.96430 0.49296 0.99431 0.96104 0.37843    1   25   50    1   75
  179  0.00012 0.16613 0.96124 0.87170 0.02371 0.94412 0.15633 0.99863 0.96053 0.65311 0.99191 0.95783 0.40840    1   25   50    1  100
  180  0.00869 0.19236 0.98107 0.94753 0.88758 0.92389 0.19340 0.99988 0.97991 0.71236 0.99997 0.97503 0.45050    1   25   50   25    1
  181  0.00990 0.19442 0.98139 0.96017 0.95531 0.90111 0.19473 0.99905 0.98020 0.77629 0.98842 0.97576 0.43970    1   25   50   25   25
  182  0.00282 0.18750 0.97790 0.92352 0.43263 0.94068 0.18721 0.99971 0.97680 0.54702 0.99040 0.97185 0.42585    1   25   50   25   50
  183  0.00006 0.17904 0.97335 0.94033 0.00936 0.91255 0.17730 1.00000 0.97237 0.63113 0.98560 0.96755 0.43100    1   25   50   25   75
  184  0.00055 0.17867 0.96766 0.93848 0.11923 0.88903 0.17232 0.99910 0.96674 0.47073 0.99911 0.96275 0.42565    1   25   50   25  100
  185  0.01225 0.20936 0.98817 0.97496 0.97581 0.91090 0.20950 0.99330 0.98692 0.74871 0.97866 0.98311 0.46187    1   25   50   50    1
  186  0.00994 0.20455 0.98887 0.98896 0.91428 0.86945 0.20510 0.99702 0.98765 0.70172 0.99290 0.98411 0.45145    1   25   50   50   25
  187  0.00876 0.20079 0.98791 0.95644 0.93170 0.91522 0.20422 0.99654 0.98673 0.61626 0.99671 0.98266 0.44673    1   25   50   50   50
  188  0.00642 0.18807 0.98685 0.97129 0.67395 0.92657 0.19172 0.99843 0.98575 0.73514 0.98406 0.98130 0.42565    1   25   50   50   75
  189  0.00459 0.18271 0.97673 0.95199 0.64282 0.88463 0.18043 0.99955 0.97567 0.65496 0.99983 0.97105 0.42483    1   25   50   50  100
  190  0.01058 0.21927 0.99264 0.93043 0.96402 0.94676 0.21996 0.96562 0.99144 0.59491 0.98111 0.98841 0.47120    1   25   50   75    1
  191  0.00711 0.21272 0.99511 0.96863 0.99133 0.91799 0.21849 0.96608 0.99409 0.39374 0.95788 0.99117 0.48568    1   25   50   75   25
  192  0.01334 0.21261 0.98818 0.92414 0.99972 0.88713 0.20997 0.97025 0.98689 0.81552 0.94936 0.98345 0.50592    1   25   50   75   50
  193  0.00538 0.20020 0.98795 0.92682 0.47788 0.94679 0.19874 0.96612 0.98675 0.83412 0.86699 0.98311 0.48115    1   25   50   75   75
  194  0.00672 0.19959 0.99008 0.98569 0.71067 0.93153 0.19827 0.97176 0.98891 0.65094 0.97418 0.98586 0.43775    1   25   50   75  100
  195  0.01481 0.23937 0.99214 0.89301 0.98811 0.90226 0.22959 0.91934 0.99076 0.87682 0.84039 0.98827 0.51425    1   25   50  100    1
  196  0.01116 0.23552 0.99346 0.93799 0.73042 0.83713 0.22722 0.92197 0.99217 0.83445 0.91072 0.98992 0.53195    1   25   50  100   25
  197  0.01634 0.23187 0.99390 0.95842 0.99882 0.92337 0.22692 0.92978 0.99267 0.87520 0.90645 0.99032 0.48742    1   25   50  100   50
  198  0.01201 0.22323 0.99192 0.97074 0.89564 0.87980 0.21252 0.94046 0.99061 0.81850 0.90917 0.98862 0.48665    1   25   50  100   75
  199  0.00928 0.21592 0.98994 0.95918 0.84040 0.89444 0.20593 0.93898 0.98863 0.72186 0.95496 0.98619 0.46332    1   25   50  100  100
  200  0.00002 0.15145 0.94179 0.97047 0.01696 0.89259 0.13667 0.99994 0.94166 0.24199 0.95390 0.94153 0.31982    1   25   75    1    1
  201  0.00038 0.15301 0.93963 0.97029 0.12903 0.86047 0.13739 0.99983 0.93955 0.55696 0.98450 0.93978 0.36985    1   25   75    1   25
  202  0.00125 0.15415 0.94227 0.98970 0.35653 0.83566 0.13738 0.99672 0.94209 0.72501 0.99957 0.94258 0.33185    1   25   75    1   50
  203  0.00056 0.15055 0.93578 0.99284 0.21687 0.88446 0.13011 0.99852 0.93577 0.51443 0.98711 0.93884 0.36155    1   25   75    1   75
  204  0.00070 0.14779 0.91995 0.95818 0.61887 0.85058 0.12453 0.99349 0.92045 0.70888 0.40547 0.92598 0.33605    1   25   75    1  100
  205  0.00009 0.15888 0.93457 0.97745 0.02419 0.84424 0.14185 0.98487 0.93460 0.72509 0.99991 0.93490 0.35145    1   25   75   25    1
  206  0.00006 0.15701 0.94503 0.97641 0.01194 0.91404 0.14278 0.99755 0.94478 0.83986 0.99287 0.94359 0.35015    1   25   75   25   25
  207  0.00133 0.15446 0.93928 0.97583 0.31579 0.85765 0.14076 0.99632 0.93922 0.78620 0.91283 0.93821 0.38985    1   25   75   25   50
  208  0.00025 0.14562 0.93206 0.93246 0.08740 0.93286 0.12950 0.97804 0.93224 0.71398 0.97387 0.93337 0.31457    1   25   75   25   75
  209  0.00063 0.15187 0.92560 0.97942 0.45366 0.85279 0.13047 0.98841 0.92591 0.32558 0.99799 0.92941 0.33055    1   25   75   25  100
  210  0.00106 0.16414 0.95561 0.97895 0.29544 0.86654 0.15404 0.99781 0.95506 0.50114 0.97991 0.95195 0.39190    1   25   75   50    1
  211  0.00308 0.16822 0.95519 0.99440 0.78430 0.84689 0.15675 0.99940 0.95461 0.52176 0.99944 0.95191 0.39135    1   25   75   50   25
  212  0.00051 0.16323 0.95033 0.99060 0.09882 0.87754 0.15082 0.99186 0.94991 0.74498 0.99517 0.94764 0.38005    1   25   75   50   50
  213  0.00015 0.16168 0.95146 0.99752 0.05705 0.87251 0.14458 0.99604 0.95097 0.42052 0.97745 0.95086 0.37125    1   25   75   50   75
  214  0.00166 0.15650 0.93496 0.99120 0.87885 0.78718 0.13810 0.98704 0.93498 0.38242 0.99542 0.93638 0.36503    1   25   75   50  100
  215  0.00529 0.17280 0.96413 0.98489 0.99643 0.81487 0.16072 0.99673 0.96330 0.67614 0.93707 0.96055 0.42283    1   25   75   75    1
  216  0.00526 0.17553 0.96650 0.99221 0.93170 0.83832 0.16509 0.99372 0.96561 0.69807 0.89390 0.96254 0.42050    1   25   75   75   25
  217  0.00060 0.17165 0.96869 0.99965 0.99996 0.82833 0.16006 0.99737 0.96778 0.07379 0.98783 0.96517 0.40282    1   25   75   75   50
  218  0.00113 0.17326 0.96620 0.99983 0.42690 0.83584 0.15861 0.99899 0.96528 0.35212 0.96595 0.96380 0.37677    1   25   75   75   75
  219  0.00028 0.15816 0.95244 0.99091 0.06158 0.90522 0.14227 0.99915 0.95196 0.68654 0.99980 0.95117 0.37975    1   25   75   75  100
  220  0.00271 0.18840 0.97385 0.98360 0.62954 0.79471 0.17383 0.96218 0.97269 0.43073 0.93723 0.97051 0.47115    1   25   75  100    1
  221  0.00586 0.19778 0.97053 0.96670 0.90619 0.82349 0.18016 0.96349 0.96934 0.63763 0.90190 0.96726 0.45230    1   25   75  100   25
  222  0.00181 0.18437 0.97653 0.99850 0.48529 0.77022 0.17028 0.96902 0.97538 0.40411 0.98077 0.97325 0.43472    1   25   75  100   50
  223  0.00002 0.18107 0.97405 0.99999 0.00440 0.77751 0.16348 0.98026 0.97292 0.61419 0.95873 0.97202 0.42897    1   25   75  100   75
  224  0.00102 0.17864 0.97195 0.99504 0.14499 0.88965 0.16187 0.97747 0.97088 0.75304 0.98391 0.96970 0.41662    1   25   75  100  100
  225  0.00112 0.14444 0.93057 0.97233 0.49359 0.87640 0.12075 0.99460 0.93073 0.59238 0.99998 0.93611 0.31985    1   25  100    1    1
  226  0.00057 0.14786 0.93941 0.97867 0.23324 0.89669 0.12478 0.99810 0.93927 0.55534 0.95405 0.94380 0.34297    1   25  100    1   25
  227  0.00094 0.14827 0.92701 0.99074 0.27514 0.86107 0.12258 0.99853 0.92723 0.79571 0.97506 0.93375 0.35528    1   25  100    1   50
  228  0.00078 0.14024 0.92587 0.97123 0.39751 0.92113 0.11629 0.99883 0.92619 0.52560 0.99922 0.93262 0.32067    1   25  100    1   75
  229  0.00165 0.14288 0.91945 0.98913 0.57737 0.88398 0.11437 0.99771 0.91990 0.85310 0.96305 0.92983 0.30960    1   25  100    1  100
  230  0.00002 0.15280 0.94295 0.96530 0.08474 0.89898 0.13020 0.99223 0.94269 0.03795 0.97861 0.94608 0.36115    1   25  100   25    1
  231  0.00003 0.15310 0.94110 0.98185 0.00744 0.89354 0.12993 0.99518 0.94088 0.80318 0.99859 0.94463 0.33968    1   25  100   25   25
  232  0.00000 0.14973 0.93502 0.98487 0.00115 0.91681 0.12722 0.99035 0.93502 0.19226 0.87851 0.93887 0.32270    1   25  100   25   50
  233  0.00050 0.14914 0.92773 0.99337 0.31125 0.86666 0.12331 0.98877 0.92792 0.39836 0.99020 0.93471 0.32418    1   25  100   25   75
  234  0.00064 0.13941 0.92946 0.97281 0.46420 0.91385 0.11656 0.97651 0.92968 0.71747 0.55149 0.93540 0.30615    1   25  100   25  100
  235  0.00191 0.15785 0.95020 0.98659 0.43970 0.88431 0.13895 0.99825 0.94976 0.74260 0.99660 0.95038 0.35822    1   25  100   50    1
  236  0.00033 0.15952 0.94053 0.99779 0.12020 0.89465 0.13673 0.99984 0.94031 0.45030 0.98865 0.94304 0.37635    1   25  100   50   25
  237  0.00087 0.16051 0.94856 0.99971 0.89338 0.81459 0.13944 0.99550 0.94811 0.16723 0.99937 0.94982 0.37747    1   25  100   50   50
  238  0.00003 0.15890 0.93744 0.99858 0.01797 0.87515 0.13346 0.98914 0.93727 0.28759 0.99682 0.94200 0.34085    1   25  100   50   75
  239  0.00050 0.15011 0.94254 0.99262 0.17149 0.87518 0.12890 0.98370 0.94232 0.62734 0.98828 0.94537 0.33575    1   25  100   50  100
  240  0.00201 0.16562 0.96715 0.99589 0.73835 0.87785 0.14813 0.99973 0.96625 0.37459 0.97689 0.96593 0.38397    1   25  100   75    1
  241  0.00393 0.17184 0.96460 0.99997 0.78545 0.88191 0.15306 0.99886 0.96369 0.64068 0.97557 0.96359 0.38575    1   25  100   75   25
  242  0.00402 0.17144 0.95688 0.99808 0.90118 0.78380 0.14845 0.99740 0.95611 0.66720 0.99386 0.95759 0.38680    1   25  100   75   50
  243  0.00027 0.16771 0.95768 0.99962 0.14059 0.87073 0.14366 0.99930 0.95689 0.28022 0.99453 0.95924 0.36990    1   25  100   75   75
  244  0.00007 0.16160 0.94705 0.99611 0.03245 0.91438 0.13732 0.99578 0.94658 0.33643 0.99748 0.94994 0.39335    1   25  100   75  100
  245  0.00193 0.18640 0.97238 0.99963 0.40708 0.74079 0.16390 0.96855 0.97118 0.55503 0.92010 0.97139 0.46215    1   25  100  100    1
  246  0.00163 0.18466 0.97595 0.99996 0.42911 0.79393 0.16183 0.97155 0.97470 0.43980 0.94965 0.97526 0.42603    1   25  100  100   25
  247  0.00585 0.17292 0.96945 0.99759 0.93958 0.82019 0.15371 0.97500 0.96845 0.88494 0.91988 0.96791 0.39687    1   25  100  100   50
  248  0.00409 0.17273 0.96847 0.99762 0.74321 0.86518 0.14744 0.98872 0.96739 0.73777 0.99536 0.96952 0.37970    1   25  100  100   75
  249  0.00410 0.17457 0.96762 0.99841 0.92423 0.85332 0.14876 0.98987 0.96652 0.55400 0.97475 0.96896 0.41380    1   25  100  100  100
  250  0.01781 0.24781 0.96147 0.99491 0.69605 0.52927 0.39201 0.98050 0.90537 0.80510 0.99812 0.98623 0.73958    1   50    1    1    1
  251  0.01781 0.24781 0.96147 0.99491 0.69605 0.52927 0.39201 0.98050 0.90537 0.80510 0.99812 0.98623 0.73958    1   50    1    1   25
  252  0.01913 0.24916 0.97418 0.99802 0.68490 0.55358 0.38197 0.98313 0.91321 0.92197 0.89640 0.99330 0.73997    1   50    1    1   50
  253  0.01054 0.58104 0.97392 0.99763 0.63643 0.20922 0.35616 0.99695 0.95329 0.58719 0.99954 0.98335 0.71758    1   50    1    1   75
  254  0.02314 0.43880 0.96562 0.99249 0.62809 0.61904 0.36153 0.89367 0.93645 0.66678 0.99939 0.98182 0.71505    1   50    1    1  100
  255  0.02457 0.25006 0.96591 0.99838 0.65722 0.65172 0.38169 0.99545 0.90433 0.95265 0.99319 0.98957 0.73930    1   50    1   25    1
  256  0.02457 0.25006 0.96591 0.99838 0.65722 0.65172 0.38169 0.99545 0.90433 0.95265 0.99319 0.98957 0.73930    1   50    1   25   25
  257  0.01825 0.23712 0.95429 0.99471 0.68853 0.61904 0.38223 0.91706 0.90060 0.95195 0.87524 0.98275 0.73590    1   50    1   25   50
  258  0.01984 0.29000 0.89957 0.96046 0.75481 0.51368 0.37595 0.91194 0.88435 0.96153 0.99819 0.94814 0.74020    1   50    1   25   75
  259  0.03789 0.59804 0.97961 0.99809 0.65573 0.55358 0.35478 0.95651 0.95957 0.79831 0.97570 0.98775 0.71245    1   50    1   25  100
  260  0.01030 0.22340 0.97278 0.99698 0.66025 0.61904 0.38676 0.75173 0.90595 0.92402 0.64763 0.99314 0.74330    1   50    1   50    1
  261  0.01030 0.22340 0.97278 0.99698 0.66025 0.61904 0.38676 0.75173 0.90595 0.92402 0.64763 0.99314 0.74330    1   50    1   50   25
  262  0.01500 0.23841 0.96045 0.99023 0.73363 0.51866 0.38736 0.99717 0.90393 0.68911 0.99971 0.98605 0.73308    1   50    1   50   50
  263  0.00531 0.25779 0.95639 0.98906 0.74818 0.45828 0.38531 0.94123 0.90242 0.97134 0.27346 0.98379 0.74235    1   50    1   50   75
  264  0.03190 0.43004 0.96675 0.99711 0.69422 0.56755 0.35635 0.99910 0.93518 0.99847 0.82539 0.98131 0.72522    1   50    1   50  100
  265  0.00631 0.22398 0.98080 0.99907 0.65384 0.66389 0.38514 0.92633 0.90675 0.96858 0.28505 0.99723 0.74360    1   50    1   75    1
  266  0.00631 0.22398 0.98080 0.99907 0.65384 0.66389 0.38514 0.92633 0.90675 0.96858 0.28505 0.99723 0.74360    1   50    1   75   25
  267  0.00978 0.22913 0.96341 0.99268 0.66612 0.63704 0.38569 0.70329 0.90072 0.60326 0.97308 0.98864 0.74152    1   50    1   75   50
  268  0.01955 0.25058 0.96824 0.99198 0.70742 0.61904 0.38115 0.88070 0.90430 0.90962 0.91597 0.99122 0.73985    1   50    1   75   75
  269  0.00060 0.25870 0.95266 0.99372 0.69635 0.63704 0.36879 0.10431 0.89907 0.99057 0.21855 0.98245 0.74630    1   50    1   75  100
  270  0.00041 0.21644 0.96448 0.98650 0.74354 0.46709 0.38765 0.34604 0.90125 0.91645 0.07031 0.98897 0.74190    1   50    1  100    1
  271  0.00041 0.21644 0.96448 0.98650 0.74354 0.46709 0.38765 0.34604 0.90125 0.91645 0.07031 0.98897 0.74190    1   50    1  100   25
  272  0.00108 0.23125 0.98361 0.99969 0.65814 0.63289 0.38063 0.81666 0.90936 0.89377 0.06114 0.99815 0.73962    1   50    1  100   50
  273  0.00925 0.24240 0.97732 0.99715 0.64708 0.59417 0.37505 0.59156 0.91035 0.89395 0.77163 0.99542 0.73470    1   50    1  100   75
  274  0.00023 0.24188 0.97579 0.99696 0.64609 0.69043 0.37575 0.99997 0.90633 0.21200 0.04056 0.99504 0.74133    1   50    1  100  100
  275  0.01912 0.26138 0.99687 0.98877 0.97745 0.93066 0.26226 0.98855 0.99573 0.58439 0.97875 0.99399 0.55590    1   50   25    1    1
  276  0.03200 0.26634 0.99670 0.98825 0.99876 0.95762 0.26471 0.99259 0.99550 0.90536 0.99057 0.99390 0.54700    1   50   25    1   25
  277  0.01277 0.25395 0.99494 0.97585 0.96471 0.95001 0.25835 0.99240 0.99366 0.42130 0.99928 0.99113 0.53140    1   50   25    1   50
  278  0.00864 0.24146 0.99238 0.96522 0.94801 0.93781 0.23554 0.96920 0.99100 0.39785 0.94002 0.98860 0.50230    1   50   25    1   75
  279  0.01150 0.23774 0.99217 0.96651 0.87784 0.95149 0.23004 0.97597 0.99079 0.63162 0.82801 0.98874 0.52515    1   50   25    1  100
  280  0.01642 0.27880 0.99753 0.99076 0.92362 0.93142 0.28199 0.98992 0.99641 0.55346 0.80946 0.99452 0.55888    1   50   25   25    1
  281  0.02401 0.28119 0.99721 0.99279 0.91911 0.92944 0.27800 0.99348 0.99602 0.66896 0.99289 0.99433 0.55582    1   50   25   25   25
  282  0.02562 0.26824 0.99663 0.98404 0.86931 0.91152 0.26638 0.99275 0.99542 0.85528 0.99688 0.99353 0.55123    1   50   25   25   50
  283  0.02257 0.24817 0.99474 0.97563 0.99032 0.95010 0.25006 0.98290 0.99349 0.76405 0.99830 0.99073 0.53973    1   50   25   25   75
  284  0.01877 0.24860 0.99368 0.97316 0.99869 0.92788 0.24275 0.97650 0.99232 0.75189 0.92548 0.99021 0.51980    1   50   25   25  100
  285  0.03773 0.30392 0.99893 0.99489 0.92839 0.93503 0.30052 0.97205 0.99800 0.96737 0.92002 0.99702 0.55630    1   50   25   50    1
  286  0.02907 0.30504 0.99937 0.99984 0.81171 0.91791 0.29998 0.96472 0.99859 0.85359 0.89324 0.99794 0.58213    1   50   25   50   25
  287  0.03050 0.27560 0.99787 0.98054 0.93704 0.93522 0.27362 0.98638 0.99681 0.88742 0.95834 0.99519 0.56680    1   50   25   50   50
  288  0.03192 0.28282 0.99804 0.99002 0.95264 0.93689 0.27473 0.99298 0.99697 0.86174 0.98178 0.99588 0.55857    1   50   25   50   75
  289  0.03461 0.27177 0.99793 0.99124 0.96293 0.93613 0.26183 0.99365 0.99687 1.00000 0.97866 0.99603 0.56500    1   50   25   50  100
  290  0.03809 0.34031 0.99871 0.99588 0.89802 0.92205 0.30841 0.95015 0.99754 0.90065 0.82891 0.99722 0.62448    1   50   25   75    1
  291  0.03796 0.34369 0.99940 0.99708 0.85426 0.95222 0.31490 0.95481 0.99850 0.77710 0.94999 0.99838 0.61580    1   50   25   75   25
  292  0.03183 0.32809 0.99965 0.99696 0.83457 0.94033 0.30978 0.95911 0.99894 0.78356 0.88736 0.99863 0.60188    1   50   25   75   50
  293  0.03466 0.31429 0.99824 0.97675 0.99674 0.95999 0.29028 0.97068 0.99705 0.76096 0.96441 0.99657 0.57538    1   50   25   75   75
  294  0.02639 0.28933 0.99898 0.99310 0.83696 0.91986 0.27303 0.96095 0.99809 0.98968 0.81920 0.99768 0.56370    1   50   25   75  100
  295  0.03921 0.37701 0.99809 0.99548 0.77688 0.89666 0.31894 0.95060 0.99655 0.93579 0.86069 0.99678 0.61953    1   50   25  100    1
  296  0.03296 0.37988 0.99797 0.99315 0.79461 0.89134 0.32017 0.93310 0.99637 0.96283 0.69600 0.99673 0.62173    1   50   25  100   25
  297  0.03302 0.37710 0.99856 0.99636 0.82074 0.92501 0.32596 0.94730 0.99717 0.98754 0.59981 0.99722 0.63740    1   50   25  100   50
  298  0.04705 0.36488 0.99820 0.99442 0.87062 0.94197 0.30676 0.96830 0.99673 0.92588 0.94463 0.99723 0.61345    1   50   25  100   75
  299  0.03783 0.34009 0.99591 0.98529 0.84877 0.89442 0.28272 0.95096 0.99411 0.99552 0.92314 0.99457 0.61120    1   50   25  100  100
  300  0.00214 0.16650 0.97915 0.94176 0.38758 0.94114 0.16737 0.99799 0.97822 0.70238 0.91361 0.97333 0.37437    1   50   50    1    1
  301  0.00000 0.15763 0.97688 0.89828 0.00047 0.96429 0.16087 0.99925 0.97606 0.35446 0.75766 0.97034 0.37023    1   50   50    1   25
  302  0.00020 0.16202 0.96893 0.88614 0.05922 0.93481 0.15931 0.99669 0.96816 0.65237 0.75532 0.96336 0.35353    1   50   50    1   50
  303  0.00043 0.15853 0.95913 0.89137 0.10503 0.93302 0.14888 0.99742 0.95854 0.61100 0.99698 0.95538 0.39037    1   50   50    1   75
  304  0.00148 0.15394 0.96182 0.84385 0.35495 0.94000 0.14428 0.99935 0.96120 0.91129 0.89154 0.95867 0.32958    1   50   50    1  100
  305  0.00028 0.16829 0.97823 0.91343 0.04433 0.94824 0.17213 0.99998 0.97732 0.72124 0.94619 0.97136 0.39850    1   50   50   25    1
  306  0.00093 0.17447 0.97613 0.95264 0.16319 0.91245 0.17448 0.99666 0.97516 0.58673 1.00000 0.97014 0.40003    1   50   50   25   25
  307  0.00038 0.16078 0.97648 0.90987 0.05847 0.95893 0.16471 0.99350 0.97565 0.80647 0.96937 0.96955 0.39173    1   50   50   25   50
  308  0.00005 0.16086 0.97133 0.94004 0.00988 0.89767 0.15870 0.99507 0.97053 0.70551 0.96081 0.96574 0.38842    1   50   50   25   75
  309  0.00002 0.15625 0.96990 0.88077 0.00462 0.96389 0.15239 0.99708 0.96915 0.75894 0.96705 0.96474 0.36248    1   50   50   25  100
  310  0.00213 0.18099 0.98501 0.94155 0.83421 0.91297 0.18649 0.99423 0.98397 0.22688 0.98944 0.97861 0.41642    1   50   50   50    1
  311  0.00302 0.17192 0.98476 0.92768 0.40426 0.95643 0.18038 0.99700 0.98382 0.77153 0.93333 0.97763 0.39987    1   50   50   50   25
  312  0.00314 0.17671 0.98705 0.98523 0.39147 0.91308 0.18227 0.99271 0.98605 0.73594 0.97850 0.98118 0.40527    1   50   50   50   50
  313  0.00045 0.16794 0.98033 0.95111 0.07015 0.90996 0.16843 0.99982 0.97939 0.72355 0.98975 0.97427 0.39255    1   50   50   50   75
  314  0.00028 0.16461 0.97734 0.91333 0.03795 0.95116 0.16394 0.99992 0.97644 0.89649 0.94081 0.97153 0.40033    1   50   50   50  100
  315  0.00807 0.19148 0.99313 0.96922 0.99025 0.92986 0.19502 0.95743 0.99214 0.64822 0.92545 0.98875 0.43288    1   50   50   75    1
  316  0.00710 0.18897 0.99163 0.96639 0.76339 0.93541 0.19282 0.96210 0.99060 0.73440 0.94588 0.98685 0.43565    1   50   50   75   25
  317  0.00562 0.18408 0.99058 0.96665 0.67240 0.92733 0.18821 0.96429 0.98957 0.74912 0.92381 0.98556 0.41772    1   50   50   75   50
  318  0.00626 0.18689 0.99301 0.98318 0.73881 0.96028 0.18783 0.98122 0.99201 0.63650 0.96304 0.98934 0.43633    1   50   50   75   75
  319  0.00308 0.17752 0.99070 0.98689 0.40819 0.94257 0.17775 0.98010 0.98970 0.73835 0.91544 0.98664 0.40113    1   50   50   75  100
  320  0.00911 0.20742 0.99099 0.95474 0.99593 0.91745 0.20214 0.92261 0.98980 0.73377 0.82470 0.98681 0.46093    1   50   50  100    1
  321  0.01038 0.20145 0.99303 0.95935 0.96316 0.91804 0.20048 0.92281 0.99196 0.79464 0.88906 0.98877 0.47705    1   50   50  100   25
  322  0.00965 0.20468 0.99134 0.96635 0.81493 0.85872 0.20290 0.92704 0.99018 0.91656 0.89432 0.98690 0.46660    1   50   50  100   50
  323  0.00880 0.19555 0.99274 0.97968 0.88053 0.91408 0.19354 0.93434 0.99168 0.78046 0.93718 0.98886 0.44313    1   50   50  100   75
  324  0.00003 0.19537 0.99131 0.97629 0.00239 0.92863 0.19129 0.94449 0.99019 0.99627 0.87592 0.98773 0.45263    1   50   50  100  100
  325  0.00091 0.13827 0.93317 0.94924 0.37655 0.91267 0.12387 0.99219 0.93339 0.93321 0.72954 0.93380 0.29662    1   50   75    1    1
  326  0.00035 0.14070 0.93324 0.96871 0.55546 0.88709 0.12507 0.98248 0.93343 0.18494 0.86359 0.93441 0.33050    1   50   75    1   25
  327  0.00091 0.13765 0.93186 0.93159 0.25054 0.94397 0.12297 0.99724 0.93212 0.99627 0.99962 0.93278 0.30200    1   50   75    1   50
  328  0.00097 0.13435 0.92265 0.92801 0.40776 0.93566 0.11689 0.98375 0.92318 0.77311 0.99943 0.92633 0.29210    1   50   75    1   75
  329  0.00064 0.13118 0.92041 0.90161 0.24459 0.95389 0.11114 0.99375 0.92099 0.94077 0.98375 0.92651 0.28953    1   50   75    1  100
  330  0.00072 0.14112 0.93767 0.94909 0.19537 0.93212 0.12806 0.99104 0.93776 0.88674 0.99767 0.93689 0.32120    1   50   75   25    1
  331  0.00046 0.14074 0.93197 0.94631 0.13200 0.91547 0.12871 0.98770 0.93223 0.95324 0.98998 0.93165 0.29662    1   50   75   25   25
  332  0.00037 0.13931 0.93617 0.95740 0.22858 0.93309 0.12580 0.98408 0.93631 0.38591 0.99722 0.93626 0.33145    1   50   75   25   50
  333  0.00085 0.13647 0.92507 0.93298 0.60396 0.87638 0.12011 0.97116 0.92552 0.50347 0.99802 0.92788 0.27182    1   50   75   25   75
  334  0.00125 0.13444 0.90931 0.91948 0.61336 0.90558 0.11472 0.98363 0.91025 0.74294 0.99243 0.91595 0.28848    1   50   75   25  100
  335  0.00002 0.14762 0.95319 0.96790 0.00597 0.91718 0.14045 0.98879 0.95286 0.56400 0.99292 0.94905 0.32050    1   50   75   50    1
  336  0.00016 0.15161 0.94916 0.98002 0.05733 0.87519 0.14028 0.99322 0.94887 0.53209 0.95980 0.94658 0.35305    1   50   75   50   25
  337  0.00048 0.14836 0.94774 0.97328 0.12802 0.88424 0.13697 0.99777 0.94751 0.78420 0.99983 0.94538 0.32265    1   50   75   50   50
  338  0.00047 0.14180 0.94654 0.98306 0.17429 0.91476 0.12862 0.98594 0.94636 0.62217 0.99915 0.94559 0.31975    1   50   75   50   75
  339  0.00184 0.14204 0.93817 0.97739 0.62992 0.88958 0.12714 0.97618 0.93821 0.80022 0.95517 0.93864 0.30115    1   50   75   50  100
  340  0.00006 0.16049 0.96850 0.99577 0.01322 0.86341 0.15034 0.99918 0.96769 0.73527 0.89170 0.96465 0.37883    1   50   75   75    1
  341  0.00337 0.16107 0.96761 0.99995 0.94038 0.81481 0.14967 0.99751 0.96680 0.57239 0.96767 0.96443 0.36582    1   50   75   75   25
  342  0.00271 0.15973 0.97152 0.99836 0.85235 0.81218 0.14987 0.99914 0.97067 0.50970 0.98395 0.96797 0.35803    1   50   75   75   50
  343  0.00004 0.15351 0.96093 0.99299 0.00844 0.91115 0.14162 0.99957 0.96032 0.74874 0.99943 0.95807 0.36217    1   50   75   75   75
  344  0.00041 0.14661 0.95600 0.98158 0.10892 0.94060 0.13479 0.99954 0.95556 0.82108 0.92833 0.95412 0.31050    1   50   75   75  100
  345  0.00370 0.16501 0.97785 0.98379 0.63414 0.90508 0.15728 0.97150 0.97690 0.82268 0.83104 0.97335 0.40832    1   50   75  100    1
  346  0.00008 0.17041 0.97637 0.98285 0.01600 0.87783 0.15891 0.97608 0.97535 0.61806 0.92707 0.97285 0.41595    1   50   75  100   25
  347  0.00000 0.16011 0.97400 0.97529 0.00025 0.91823 0.15257 0.96716 0.97314 0.93221 0.86764 0.96946 0.40065    1   50   75  100   50
  348  0.00029 0.16737 0.97547 0.98392 0.05017 0.90903 0.15273 0.98654 0.97446 0.71606 0.97737 0.97288 0.39290    1   50   75  100   75
  349  0.00019 0.15618 0.97229 0.98224 0.03626 0.90826 0.14437 0.98560 0.97144 0.96673 0.79439 0.96949 0.37310    1   50   75  100  100
  350  0.00088 0.13458 0.92728 0.97090 0.45840 0.92425 0.11219 0.99500 0.92760 0.66814 0.95038 0.93344 0.27940    1   50  100    1    1
  351  0.00102 0.13952 0.93051 0.98405 0.45185 0.90309 0.11610 0.99773 0.93069 0.57807 0.99055 0.93648 0.33685    1   50  100    1   25
  352  0.00100 0.13207 0.90838 0.90611 0.49719 0.91958 0.10935 0.99233 0.90933 0.87763 0.92925 0.91712 0.27147    1   50  100    1   50
  353  0.00084 0.12996 0.91632 0.94448 0.59475 0.89619 0.10401 0.97464 0.91696 0.61381 0.99854 0.92699 0.26623    1   50  100    1   75
  354  0.00095 0.13472 0.89652 0.92132 0.67376 0.90661 0.10433 0.98327 0.89779 0.60728 0.99861 0.91253 0.27518    1   50  100    1  100
  355  0.00131 0.13668 0.92370 0.93970 0.48174 0.90829 0.11657 0.99102 0.92416 0.81042 0.99085 0.92913 0.31770    1   50  100   25    1
  356  0.00051 0.13849 0.93290 0.96245 0.16945 0.95089 0.11885 0.99621 0.93307 0.80212 0.92693 0.93674 0.32822    1   50  100   25   25
  357  0.00020 0.13603 0.92700 0.94871 0.19058 0.93977 0.11543 0.98051 0.92735 0.37250 0.86321 0.93206 0.29193    1   50  100   25   50
  358  0.00049 0.13416 0.90923 0.88265 0.48353 0.91854 0.11070 0.97124 0.91013 0.41108 0.92612 0.91839 0.29748    1   50  100   25   75
  359  0.00078 0.13358 0.90269 0.89279 0.38227 0.94791 0.10809 0.97117 0.90380 0.82248 0.94929 0.91437 0.29500    1   50  100   25  100
  360  0.00062 0.14918 0.94338 0.99045 0.20971 0.87761 0.12941 0.98116 0.94316 0.65851 0.99548 0.94535 0.32615    1   50  100   50    1
  361  0.00000 0.14784 0.95489 0.99623 0.00000 0.92288 0.13072 0.99159 0.95440 0.65513 0.98081 0.95523 0.35110    1   50  100   50   25
  362  0.00049 0.14546 0.94291 0.98777 0.23973 0.88724 0.12627 0.99440 0.94274 0.47523 0.98406 0.94463 0.32380    1   50  100   50   50
  363  0.00046 0.14154 0.93636 0.96315 0.20127 0.93412 0.11986 0.97772 0.93637 0.57780 0.99688 0.94052 0.32210    1   50  100   50   75
  364  0.00033 0.14091 0.93510 0.97963 0.53932 0.90357 0.11901 0.98262 0.93514 0.17116 0.93627 0.93983 0.31642    1   50  100   50  100
  365  0.00000 0.15612 0.96326 0.99832 0.29227 0.94332 0.13823 0.99952 0.96251 0.00017 0.98287 0.96264 0.36610    1   50  100   75    1
  366  0.00059 0.15767 0.96389 0.99999 0.12396 0.85608 0.13942 0.99959 0.96310 0.86363 0.96198 0.96371 0.33942    1   50  100   75   25
  367  0.00054 0.14926 0.95554 0.99458 0.28157 0.91396 0.13118 0.99948 0.95502 0.35745 0.98876 0.95562 0.35098    1   50  100   75   50
  368  0.00001 0.14728 0.95429 0.99495 0.00166 0.92841 0.12868 0.99826 0.95381 0.88549 0.96673 0.95503 0.34035    1   50  100   75   75
  369  0.00246 0.14791 0.94460 0.99832 0.53132 0.90759 0.12598 0.99654 0.94433 0.91295 0.99049 0.94747 0.36007    1   50  100   75  100
  370  0.00053 0.17090 0.96938 0.99999 0.10030 0.79617 0.14779 0.98804 0.96833 0.75736 0.91184 0.96937 0.42175    1   50  100  100    1
  371  0.00460 0.16796 0.97312 0.99925 0.76908 0.84832 0.14951 0.98175 0.97209 0.86814 0.92090 0.97188 0.38967    1   50  100  100   25
  372  0.00002 0.16173 0.97090 0.99797 0.00452 0.90697 0.14452 0.98062 0.96997 0.48523 0.98803 0.96952 0.37285    1   50  100  100   50
  373  0.00008 0.15727 0.96883 0.99890 0.01674 0.89626 0.13663 0.98834 0.96792 0.81019 0.93688 0.96902 0.36562    1   50  100  100   75
  374  0.00061 0.15264 0.96387 0.99922 0.13550 0.91716 0.13108 0.99005 0.96308 0.97149 0.81547 0.96477 0.35087    1   50  100  100  100
  375  0.01608 0.28929 0.90202 0.96743 0.72207 0.61904 0.36949 0.92792 0.88453 0.99737 0.67485 0.95064 0.73413    1   75    1    1    1
  376  0.01608 0.28929 0.90202 0.96743 0.72207 0.61904 0.36949 0.92792 0.88453 0.99737 0.67485 0.95064 0.73413    1   75    1    1   25
  377  0.02136 0.56899 0.89369 0.95292 0.70915 0.61904 0.34696 0.87203 0.88933 0.56334 0.99402 0.92082 0.72365    1   75    1    1   50
  378  0.02257 0.41220 0.88705 0.95322 0.72631 0.70788 0.35896 0.95363 0.88304 0.92673 0.66385 0.93083 0.72768    1   75    1    1   75
  379  0.00758 0.51198 0.95649 0.99291 0.59298 0.82119 0.33862 0.85113 0.93062 0.17062 0.98261 0.97304 0.73180    1   75    1    1  100
  380  0.01469 0.23660 0.96137 0.99357 0.72650 0.56140 0.39536 0.97633 0.90258 0.97346 0.64363 0.98629 0.74010    1   75    1   25    1
  381  0.01469 0.23660 0.96137 0.99357 0.72650 0.56140 0.39536 0.97633 0.90258 0.97346 0.64363 0.98629 0.74010    1   75    1   25   25
  382  0.01718 0.24214 0.93984 0.98345 0.73935 0.49489 0.39456 0.98316 0.89811 0.90154 0.93393 0.97112 0.73652    1   75    1   25   50
  383  0.05166 0.63579 0.89211 0.94809 0.72425 0.99765 0.35120 0.85442 0.88903 0.75693 0.99878 0.91750 0.71852    1   75    1   25   75
  384  0.02085 0.52506 0.87240 0.93746 0.73767 0.89393 0.33988 0.80822 0.87463 0.48264 0.98869 0.91232 0.70410    1   75    1   25  100
  385  0.00904 0.21773 0.96672 0.99491 0.63294 0.65894 0.39511 0.82338 0.90351 0.61215 0.78428 0.98981 0.74095    1   75    1   50    1
  386  0.00904 0.21773 0.96672 0.99491 0.63294 0.65894 0.39511 0.82338 0.90351 0.61215 0.78428 0.98981 0.74095    1   75    1   50   25
  387  0.00872 0.22468 0.95653 0.99130 0.64099 0.63470 0.39017 0.99999 0.89936 0.82038 0.47908 0.98388 0.74185    1   75    1   50   50
  388  0.00334 0.26237 0.97923 0.99846 0.62092 0.63704 0.36937 0.99992 0.91235 0.86496 0.15434 0.99630 0.73548    1   75    1   50   75
  389  0.00904 0.41420 0.75948 0.86213 0.80811 0.72021 0.34739 0.76378 0.82027 0.42691 0.99874 0.83697 0.73707    1   75    1   50  100
  390  0.00618 0.21083 0.94764 0.97944 0.66593 0.61904 0.39457 0.66311 0.89397 0.67586 0.67046 0.97890 0.73782    1   75    1   75    1
  391  0.00618 0.21083 0.94764 0.97944 0.66593 0.61904 0.39457 0.66311 0.89397 0.67586 0.67046 0.97890 0.73782    1   75    1   75   25
  392  0.00787 0.22501 0.98354 0.99990 0.64185 0.67024 0.38831 0.61453 0.91126 0.59078 0.86774 0.99802 0.74353    1   75    1   75   50
  393  0.00820 0.30971 0.84397 0.93233 0.76559 0.60006 0.36921 0.43393 0.86380 0.82557 0.96617 0.91548 0.72505    1   75    1   75   75
  394  0.02780 0.44344 0.97598 0.99999 0.63010 0.56755 0.34824 0.99842 0.94158 0.81344 0.92921 0.98748 0.73502    1   75    1   75  100
  395  0.01760 0.21721 0.98695 0.99997 0.56148 0.75358 0.39152 0.88197 0.90987 0.85687 0.98128 0.99918 0.73518    1   75    1  100    1
  396  0.01760 0.21721 0.98695 0.99997 0.56148 0.75358 0.39152 0.88197 0.90987 0.85687 0.98128 0.99918 0.73518    1   75    1  100   25
  397  0.00013 0.21721 0.94662 0.98929 0.74718 0.52927 0.39016 0.02004 0.89474 0.56559 0.55703 0.97822 0.73870    1   75    1  100   50
  398  0.01496 0.26945 0.98236 0.99993 0.57394 0.74204 0.36089 0.86928 0.91108 0.72313 0.86709 0.99766 0.74238    1   75    1  100   75
  399  0.00333 0.35133 0.81084 0.90334 0.69095 0.85349 0.34663 0.60820 0.85088 0.59771 0.31282 0.89264 0.73345    1   75    1  100  100
  400  0.01616 0.23681 0.99458 0.97949 0.99474 0.94469 0.23756 0.98170 0.99336 0.63143 0.99821 0.99095 0.51525    1   75   25    1    1
  401  0.01364 0.23474 0.99647 0.98816 0.99948 0.96194 0.24333 0.99645 0.99544 0.52971 0.91895 0.99285 0.52613    1   75   25    1   25
  402  0.01759 0.23103 0.99307 0.96604 0.99589 0.91871 0.23196 0.98458 0.99182 0.76716 0.99577 0.98880 0.50692    1   75   25    1   50
  403  0.00961 0.21626 0.99245 0.95416 0.76873 0.97119 0.21805 0.97707 0.99126 0.60873 0.98899 0.98812 0.50058    1   75   25    1   75
  404  0.00979 0.21537 0.99017 0.94182 0.69916 0.95551 0.20854 0.97826 0.98887 0.77627 0.99849 0.98636 0.47300    1   75   25    1  100
  405  0.00226 0.24695 0.99642 0.98456 0.98391 0.95255 0.24998 0.99735 0.99532 0.07549 0.99569 0.99294 0.53630    1   75   25   25    1
  406  0.02171 0.24906 0.99641 0.98209 0.99977 0.94196 0.25308 0.98894 0.99530 0.73010 0.98236 0.99289 0.53333    1   75   25   25   25
  407  0.01517 0.23587 0.99391 0.97697 0.99941 0.93694 0.23878 0.98829 0.99268 0.60392 0.99891 0.98956 0.50570    1   75   25   25   50
  408  0.01338 0.23011 0.99393 0.97299 0.92798 0.94301 0.23081 0.98130 0.99272 0.61925 1.00000 0.99000 0.49860    1   75   25   25   75
  409  0.01028 0.22268 0.99365 0.98108 0.90527 0.93851 0.21785 0.98399 0.99245 0.55298 0.98466 0.99023 0.48583    1   75   25   25  100
  410  0.03069 0.26506 0.99924 0.99325 0.95195 0.94161 0.27012 0.98430 0.99855 0.91845 0.98198 0.99737 0.54492    1   75   25   50    1
  411  0.01804 0.26575 0.99860 0.99146 0.71479 0.87879 0.26413 0.99058 0.99773 0.90240 0.84412 0.99644 0.55098    1   75   25   50   25
  412  0.02984 0.26245 0.99915 0.99294 0.98617 0.96714 0.26952 0.99635 0.99844 0.87000 0.98467 0.99710 0.52463    1   75   25   50   50
  413  0.02447 0.25619 0.99808 0.98817 0.99973 0.95577 0.25578 0.99938 0.99714 0.74146 0.99702 0.99582 0.54018    1   75   25   50   75
  414  0.01983 0.24849 0.99659 0.98750 0.93292 0.91348 0.24210 0.99965 0.99546 0.77012 0.95660 0.99407 0.53927    1   75   25   50  100
  415  0.02209 0.30117 0.99940 0.99711 0.81945 0.92197 0.28484 0.96068 0.99863 0.63771 0.95917 0.99812 0.58395    1   75   25   75    1
  416  0.02873 0.30975 0.99913 0.99509 0.83240 0.93781 0.28885 0.96065 0.99822 0.74290 0.98461 0.99785 0.59115    1   75   25   75   25
  417  0.03508 0.29415 0.99882 0.98758 0.97959 0.96782 0.27938 0.96672 0.99788 0.87962 0.95936 0.99708 0.56243    1   75   25   75   50
  418  0.03759 0.28534 0.99844 0.98624 0.97554 0.95324 0.27011 0.97367 0.99743 0.99860 0.95890 0.99663 0.57468    1   75   25   75   75
  419  0.02779 0.27437 0.99835 0.99150 0.93301 0.92796 0.26004 0.97320 0.99736 0.87960 0.96166 0.99660 0.55545    1   75   25   75  100
  420  0.02535 0.33236 0.99814 0.99269 0.68308 0.86632 0.29130 0.94680 0.99684 0.94651 0.84614 0.99662 0.59277    1   75   25  100    1
  421  0.02618 0.33621 0.99817 0.99282 0.72165 0.87204 0.29443 0.94400 0.99686 0.85065 0.86568 0.99659 0.61413    1   75   25  100   25
  422  0.02650 0.33180 0.99768 0.98787 0.71495 0.88336 0.29078 0.93109 0.99628 0.87131 0.90599 0.99609 0.60500    1   75   25  100   50
  423  0.03400 0.31692 0.99681 0.98816 0.95336 0.93247 0.27474 0.96956 0.99530 0.82529 0.94706 0.99517 0.59403    1   75   25  100   75
  424  0.02810 0.30458 0.99679 0.97904 0.97451 0.94584 0.26683 0.96267 0.99534 0.69018 0.98469 0.99524 0.59310    1   75   25  100  100
  425  0.00016 0.14567 0.97007 0.85031 0.05448 0.93876 0.14687 0.99147 0.96945 0.56056 0.99846 0.96328 0.33283    1   75   50    1    1
  426  0.00000 0.14715 0.96808 0.80015 0.00009 0.96754 0.14795 0.99520 0.96748 0.94296 0.93576 0.96130 0.33378    1   75   50    1   25
  427  0.00147 0.15172 0.95786 0.82610 0.44692 0.91712 0.14490 0.99824 0.95738 0.61648 0.99366 0.95365 0.36817    1   75   50    1   50
  428  0.00045 0.14381 0.95884 0.81329 0.21759 0.95500 0.13592 0.99532 0.95839 0.53209 0.92326 0.95515 0.31565    1   75   50    1   75
  429  0.00055 0.14139 0.96035 0.78747 0.15023 0.96605 0.13348 0.99791 0.95988 0.94144 0.99953 0.95686 0.30913    1   75   50    1  100
  430  0.00001 0.15332 0.97578 0.88893 0.00100 0.96201 0.15796 0.99971 0.97503 0.95601 0.86359 0.96857 0.35400    1   75   50   25    1
  431  0.00008 0.15324 0.97659 0.90869 0.01897 0.95304 0.15595 0.99946 0.97582 0.64659 0.99911 0.96982 0.34525    1   75   50   25   25
  432  0.00002 0.15443 0.97279 0.88585 0.00622 0.97734 0.15545 0.99341 0.97204 0.58088 0.98568 0.96627 0.35035    1   75   50   25   50
  433  0.00018 0.14848 0.96248 0.80458 0.05434 0.97278 0.14526 0.99034 0.96195 0.67009 0.99170 0.95684 0.33602    1   75   50   25   75
  434  0.00047 0.14588 0.96355 0.85734 0.16333 0.94621 0.13955 0.99483 0.96299 0.62612 0.93540 0.95930 0.33652    1   75   50   25  100
  435  0.00046 0.16046 0.98538 0.92989 0.05686 0.97106 0.16779 0.99999 0.98451 0.97864 0.99702 0.97891 0.36085    1   75   50   50    1
  436  0.00021 0.16107 0.98358 0.94406 0.02818 0.95547 0.16444 0.99758 0.98269 0.89992 0.97975 0.97740 0.36718    1   75   50   50   25
  437  0.00010 0.16074 0.98133 0.95528 0.01460 0.95046 0.16475 0.99956 0.98045 0.76724 0.99300 0.97486 0.38820    1   75   50   50   50
  438  0.00021 0.16064 0.97842 0.92545 0.03648 0.95156 0.16243 0.99942 0.97756 0.71244 0.98744 0.97222 0.37683    1   75   50   50   75
  439  0.00016 0.15936 0.97364 0.90555 0.04097 0.95755 0.15675 0.99802 0.97281 0.60013 0.97223 0.96800 0.34317    1   75   50   50  100
  440  0.00259 0.16824 0.99396 0.95537 0.26456 0.96040 0.18186 0.97180 0.99317 0.91014 0.95831 0.98884 0.42138    1   75   50   75    1
  441  0.00439 0.17020 0.99256 0.95967 0.51471 0.94120 0.18142 0.97366 0.99170 0.87025 0.94586 0.98734 0.39295    1   75   50   75   25
  442  0.00069 0.16917 0.99080 0.96458 0.08711 0.95812 0.17512 0.96813 0.98990 0.98924 0.80911 0.98566 0.38473    1   75   50   75   50
  443  0.00184 0.16809 0.98946 0.95532 0.22240 0.96198 0.17126 0.97800 0.98853 0.91432 0.93818 0.98447 0.38642    1   75   50   75   75
  444  0.00033 0.16654 0.98809 0.96885 0.04695 0.96007 0.16551 0.98536 0.98713 0.81483 0.86872 0.98392 0.40573    1   75   50   75  100
  445  0.00609 0.19011 0.99335 0.96872 0.71528 0.91708 0.19112 0.92986 0.99237 0.82387 0.76266 0.98931 0.46308    1   75   50  100    1
  446  0.00476 0.18693 0.99502 0.98397 0.81195 0.94004 0.19005 0.92963 0.99413 0.48081 0.94716 0.99133 0.42950    1   75   50  100   25
  447  0.00424 0.18809 0.99237 0.96615 0.45854 0.93693 0.18681 0.92986 0.99135 0.93977 0.80239 0.98851 0.42682    1   75   50  100   50
  448  0.00387 0.18222 0.99383 0.97206 0.42639 0.94375 0.18207 0.94650 0.99290 0.82014 0.93116 0.99033 0.42255    1   75   50  100   75
  449  0.00007 0.17572 0.99175 0.97628 0.00883 0.92595 0.17480 0.93578 0.99079 0.98046 0.80461 0.98806 0.41943    1   75   50  100  100
  450  0.00040 0.13179 0.91959 0.90114 0.29671 0.96377 0.11396 0.98757 0.92023 0.48266 0.98258 0.92385 0.28357    1   75   75    1    1
  451  0.00039 0.12698 0.91461 0.87195 0.15773 0.97590 0.11109 0.99242 0.91545 0.99547 0.98498 0.91871 0.27593    1   75   75    1   25
  452  0.00128 0.12917 0.90984 0.87659 0.54531 0.95296 0.11170 0.99714 0.91080 0.98653 0.96800 0.91539 0.26888    1   75   75    1   50
  453  0.00030 0.13006 0.89314 0.85443 0.52718 0.95009 0.10862 0.98320 0.89462 0.26841 0.97418 0.90346 0.26998    1   75   75    1   75
  454  0.00098 0.12949 0.90635 0.88172 0.43502 0.95770 0.10742 0.99484 0.90738 0.95144 0.97194 0.91536 0.27605    1   75   75    1  100
  455  0.00020 0.13190 0.91595 0.82056 0.27643 0.95047 0.11849 0.96368 0.91674 0.29934 0.98739 0.91801 0.27053    1   75   75   25    1
  456  0.00028 0.13404 0.91991 0.89097 0.33510 0.93973 0.12070 0.96502 0.92057 0.31335 0.90281 0.92155 0.29423    1   75   75   25   25
  457  0.00034 0.12956 0.92692 0.87011 0.17928 0.97179 0.11591 0.98063 0.92738 0.76080 0.99991 0.92839 0.25020    1   75   75   25   50
  458  0.00064 0.12867 0.90988 0.82065 0.30470 0.97317 0.11352 0.97207 0.91085 0.91156 0.99973 0.91421 0.27007    1   75   75   25   75
  459  0.00089 0.13197 0.90793 0.87600 0.47464 0.93312 0.11289 0.97853 0.90893 0.77806 0.97544 0.91459 0.27340    1   75   75   25  100
  460  0.00014 0.13719 0.94564 0.95806 0.03954 0.94712 0.12819 0.98883 0.94557 0.92638 0.98825 0.94281 0.29850    1   75   75   50    1
  461  0.00000 0.13836 0.94706 0.94127 0.00011 0.94651 0.12997 0.98990 0.94695 0.90654 0.98267 0.94378 0.33948    1   75   75   50   25
  462  0.00001 0.13685 0.95353 0.93642 0.00312 0.97456 0.12866 0.99088 0.95327 0.55271 0.93995 0.95002 0.31500    1   75   75   50   50
  463  0.00095 0.13349 0.93601 0.94041 0.33604 0.93397 0.12103 0.98341 0.93619 0.85830 0.98229 0.93590 0.29193    1   75   75   50   75
  464  0.00143 0.13557 0.91430 0.93492 0.59781 0.91578 0.11820 0.97667 0.91509 0.78014 0.98306 0.91883 0.30310    1   75   75   50  100
  465  0.00009 0.14540 0.95831 0.98440 0.02237 0.90436 0.13528 0.99782 0.95785 0.87119 0.93208 0.95493 0.31888    1   75   75   75    1
  466  0.00036 0.15138 0.96038 0.99101 0.08603 0.88359 0.14066 0.99984 0.95981 0.78067 0.98845 0.95727 0.33248    1   75   75   75   25
  467  0.00003 0.14297 0.95429 0.97309 0.01013 0.94524 0.13229 0.99999 0.95394 0.68817 0.94926 0.95126 0.32810    1   75   75   75   50
  468  0.00077 0.14274 0.94925 0.96221 0.23696 0.93449 0.12998 0.99835 0.94900 0.80896 0.91373 0.94762 0.30922    1   75   75   75   75
  469  0.00013 0.14316 0.95757 0.96520 0.04904 0.94016 0.13209 0.99533 0.95712 0.56137 0.97513 0.95530 0.31690    1   75   75   75  100
  470  0.00023 0.16102 0.97100 0.98286 0.05506 0.91263 0.15016 0.97193 0.97016 0.60384 0.93826 0.96742 0.38725    1   75   75  100    1
  471  0.00106 0.15762 0.97673 0.99657 0.24908 0.91117 0.14750 0.97205 0.97582 0.62571 0.99179 0.97346 0.36075    1   75   75  100   25
  472  0.00061 0.15641 0.96913 0.97656 0.16460 0.86050 0.14710 0.98778 0.96837 0.64622 0.93104 0.96489 0.35372    1   75   75  100   50
  473  0.00018 0.15472 0.96937 0.99308 0.04441 0.94146 0.14156 0.99050 0.96856 0.61428 0.98484 0.96733 0.36237    1   75   75  100   75
  474  0.00082 0.14741 0.96253 0.97862 0.19411 0.94621 0.13237 0.99508 0.96190 0.96593 0.86360 0.96110 0.31712    1   75   75  100  100
  475  0.00065 0.12795 0.89596 0.82780 0.37881 0.96470 0.10442 0.99486 0.89733 0.81674 0.96973 0.90751 0.28075    1   75  100    1    1
  476  0.00002 0.12918 0.91669 0.91205 0.31013 0.95388 0.10614 0.98158 0.91737 0.61580 0.04671 0.92519 0.28575    1   75  100    1   25
  477  0.00043 0.12699 0.90439 0.81931 0.37656 0.97172 0.10376 0.97694 0.90548 0.66782 0.83964 0.91486 0.26820    1   75  100    1   50
  478  0.00054 0.12908 0.89212 0.89078 0.50579 0.94097 0.10131 0.96762 0.89359 0.52143 0.99812 0.90755 0.26842    1   75  100    1   75
  479  0.00036 0.12888 0.88207 0.86186 0.64956 0.91868 0.09950 0.96414 0.88390 0.26740 0.99979 0.90067 0.29842    1   75  100    1  100
  480  0.00118 0.13363 0.92129 0.92743 0.63103 0.90997 0.11208 0.98341 0.92183 0.70390 0.99485 0.92753 0.27380    1   75  100   25    1
  481  0.00081 0.13174 0.92204 0.93156 0.37016 0.95147 0.11087 0.98886 0.92257 0.79429 0.98972 0.92794 0.27700    1   75  100   25   25
  482  0.00078 0.13113 0.92489 0.92684 0.34456 0.92645 0.11006 0.98503 0.92533 0.84029 0.99993 0.93082 0.27850    1   75  100   25   50
  483  0.00060 0.12878 0.89840 0.79587 0.44030 0.93843 0.10651 0.96220 0.89969 0.74329 0.98439 0.90888 0.25787    1   75  100   25   75
  484  0.00050 0.12995 0.90318 0.86915 0.52437 0.91727 0.10472 0.96127 0.90428 0.55646 0.77775 0.91538 0.28378    1   75  100   25  100
  485  0.00006 0.13302 0.94511 0.94403 0.03562 0.97023 0.11865 0.98051 0.94502 0.48482 0.99924 0.94538 0.28485    1   75  100   50    1
  486  0.00025 0.13372 0.93174 0.93129 0.08390 0.94134 0.11741 0.98669 0.93201 0.88262 0.97389 0.93371 0.31180    1   75  100   50   25
  487  0.00123 0.13386 0.92610 0.92608 0.43448 0.91687 0.11585 0.98983 0.92653 0.92582 0.98903 0.92947 0.29853    1   75  100   50   50
  488  0.00091 0.13618 0.93063 0.98273 0.28679 0.94795 0.11505 0.98354 0.93085 0.95060 0.96508 0.93578 0.29825    1   75  100   50   75
  489  0.00080 0.13713 0.91196 0.94770 0.39959 0.91724 0.11219 0.96126 0.91274 0.69005 1.00000 0.92139 0.29495    1   75  100   50  100
  490  0.00003 0.14509 0.95919 0.98901 0.01573 0.90816 0.13118 0.99997 0.95865 0.40947 0.99424 0.95820 0.29580    1   75  100   75    1
  491  0.00009 0.14440 0.95808 0.99645 0.02335 0.91205 0.12933 0.99997 0.95756 0.79421 0.99987 0.95759 0.32627    1   75  100   75   25
  492  0.00027 0.14405 0.94503 0.98295 0.07227 0.90466 0.12517 0.99678 0.94482 0.86534 0.92419 0.94650 0.34903    1   75  100   75   50
  493  0.00092 0.14122 0.95042 0.98885 0.47107 0.83633 0.12134 0.99270 0.95006 0.51278 0.98919 0.95237 0.31680    1   75  100   75   75
  494  0.00152 0.14171 0.94376 0.99036 0.51241 0.88941 0.12048 0.98599 0.94355 0.78602 0.91118 0.94693 0.33145    1   75  100   75  100
  495  0.00038 0.15873 0.97078 1.00000 0.06895 0.88900 0.13864 0.99037 0.96984 0.92958 0.89769 0.97058 0.37337    1   75  100  100    1
  496  0.00075 0.15524 0.96869 0.99915 0.16096 0.89543 0.13711 0.98711 0.96784 0.72201 0.97026 0.96800 0.38945    1   75  100  100   25
  497  0.00004 0.14862 0.97225 0.99999 0.00911 0.91930 0.13338 0.97752 0.97143 0.96748 0.82544 0.97074 0.34750    1   75  100  100   50
  498  0.00016 0.14856 0.95392 0.99441 0.03741 0.93894 0.12704 0.99376 0.95340 0.96339 0.87521 0.95547 0.34053    1   75  100  100   75
  499  0.00126 0.15145 0.96379 0.99996 0.25126 0.90077 0.13066 0.99289 0.96302 0.99608 0.90183 0.96480 0.35133    1   75  100  100  100
  500  0.02545 0.27673 0.96882 0.99743 0.60059 0.72936 0.36347 0.98507 0.90934 0.94819 0.95126 0.99209 0.74575    1  100    1    1    1
  501  0.02545 0.27673 0.96882 0.99743 0.60059 0.72936 0.36347 0.98507 0.90934 0.94819 0.95126 0.99209 0.74575    1  100    1    1   25
  502  0.01233 0.27860 0.94480 0.98329 0.75374 0.54331 0.37126 0.86601 0.90035 0.61089 0.91007 0.97556 0.74080    1  100    1    1   50
  503  0.03284 0.52809 0.89392 0.95879 0.74801 0.72021 0.34413 0.88822 0.88865 0.77313 0.96684 0.92717 0.71548    1  100    1    1   75
  504  0.00906 0.65937 0.96920 0.99617 0.70531 0.29313 0.33445 0.90125 0.94998 0.71258 0.46318 0.98143 0.74215    1  100    1    1  100
  505  0.01589 0.23441 0.95344 0.98900 0.66731 0.52927 0.40045 0.98673 0.90104 0.78232 0.99925 0.98219 0.74448    1  100    1   25    1
  506  0.01589 0.23441 0.95344 0.98900 0.66731 0.52927 0.40045 0.98673 0.90104 0.78232 0.99925 0.98219 0.74448    1  100    1   25   25
  507  0.01306 0.24697 0.96454 0.99102 0.71524 0.50891 0.38734 0.95900 0.90773 0.72475 0.84930 0.98785 0.74110    1  100    1   25   50
  508  0.00163 0.65299 0.95820 0.98901 0.68103 0.61904 0.32457 0.95050 0.94051 0.66414 0.04600 0.97008 0.72487    1  100    1   25   75
  509  0.02780 0.74684 0.95582 0.99092 0.69123 0.44303 0.34311 0.96736 0.94184 0.93122 0.64106 0.96880 0.70977    1  100    1   25  100
  510  0.02213 0.24936 0.97411 0.99842 0.72348 0.54087 0.38584 0.98237 0.90849 0.95478 0.96870 0.99403 0.73665    1  100    1   50    1
  511  0.02213 0.24936 0.97411 0.99842 0.72348 0.54087 0.38584 0.98237 0.90849 0.95478 0.96870 0.99403 0.73665    1  100    1   50   25
  512  0.01084 0.22913 0.95946 0.99079 0.69055 0.55358 0.38591 0.97942 0.90074 0.52893 0.99682 0.98562 0.73572    1  100    1   50   50
  513  0.01183 0.23667 0.96135 0.99703 0.62735 0.67024 0.38703 0.76922 0.90269 0.69104 0.91569 0.98727 0.73887    1  100    1   50   75
  514  0.01330 0.37587 0.83321 0.92157 0.77961 0.59130 0.33659 0.69735 0.85883 0.74521 0.99582 0.90490 0.73843    1  100    1   50  100
  515  0.00034 0.21412 0.96993 0.99642 0.65301 0.63470 0.39556 0.52040 0.90244 0.02922 0.99458 0.99255 0.74408    1  100    1   75    1
  516  0.00034 0.21412 0.96993 0.99642 0.65301 0.63470 0.39556 0.52040 0.90244 0.02922 0.99458 0.99255 0.74408    1  100    1   75   25
  517  0.00030 0.22475 0.97617 0.99997 0.66635 0.60265 0.39000 0.12958 0.90807 0.99577 0.10222 0.99491 0.74400    1  100    1   75   50
  518  0.02566 0.29090 0.97318 0.99701 0.65023 0.60265 0.35771 0.99630 0.90534 0.99393 0.99197 0.99352 0.73418    1  100    1   75   75
  519  0.00123 0.33670 0.83097 0.90327 0.71593 0.73642 0.35473 0.33766 0.85947 0.57059 0.24008 0.90447 0.72490    1  100    1   75  100
  520  0.00017 0.21837 0.95585 0.99059 0.66251 0.61904 0.38622 0.02736 0.89610 0.76463 0.38637 0.98399 0.73970    1  100    1  100    1
  521  0.00017 0.21837 0.95585 0.99059 0.66251 0.61904 0.38622 0.02736 0.89610 0.76463 0.38637 0.98399 0.73970    1  100    1  100   25
  522  0.00140 0.24420 0.96252 0.99830 0.69849 0.54331 0.37857 0.39863 0.90092 0.81110 0.19555 0.98766 0.73720    1  100    1  100   50
  523  0.00173 0.26746 0.97133 0.99741 0.57962 0.66389 0.36670 0.96859 0.90718 0.07602 0.96094 0.99228 0.74177    1  100    1  100   75
  524  0.00260 0.24800 0.95625 0.98617 0.73692 0.58768 0.37495 0.12212 0.90045 0.85686 0.99829 0.98453 0.74045    1  100    1  100  100
  525  0.00734 0.22354 0.99581 0.95793 0.99065 0.94095 0.23323 0.98611 0.99479 0.33903 0.99079 0.99184 0.48458    1  100   25    1    1
  526  0.01172 0.22300 0.99306 0.96321 0.97541 0.92705 0.22317 0.98811 0.99186 0.60816 0.94138 0.98870 0.49075    1  100   25    1   25
  527  0.01567 0.21994 0.99223 0.95910 0.98654 0.92098 0.22016 0.99639 0.99100 0.77459 0.99999 0.98793 0.49538    1  100   25    1   50
  528  0.01062 0.21962 0.98959 0.94839 0.97883 0.91349 0.21561 0.97243 0.98827 0.61428 0.99340 0.98512 0.46275    1  100   25    1   75
  529  0.00611 0.20925 0.98914 0.94320 0.87248 0.93330 0.20053 0.98666 0.98785 0.50869 0.85019 0.98562 0.46120    1  100   25    1  100
  530  0.01881 0.24693 0.99514 0.97148 0.99720 0.94563 0.24915 0.99515 0.99392 0.63897 0.99612 0.99116 0.53760    1  100   25   25    1
  531  0.01612 0.24189 0.99473 0.97823 0.96288 0.90916 0.24032 0.99549 0.99350 0.62650 0.98906 0.99109 0.53595    1  100   25   25   25
  532  0.01994 0.23293 0.99290 0.96453 0.99874 0.93505 0.23139 0.98736 0.99163 0.87665 0.99639 0.98847 0.48925    1  100   25   25   50
  533  0.01086 0.22209 0.99405 0.96528 0.96307 0.94303 0.22476 0.96819 0.99291 0.54193 0.99991 0.98993 0.48423    1  100   25   25   75
  534  0.00786 0.21583 0.99199 0.95972 0.86663 0.93485 0.21185 0.97757 0.99076 0.50190 0.97711 0.98818 0.47490    1  100   25   25  100
  535  0.02419 0.26156 0.99894 0.99476 0.84595 0.91715 0.26325 0.98842 0.99816 0.86853 0.97888 0.99702 0.54488    1  100   25   50    1
  536  0.02482 0.25957 0.99899 0.99608 0.92582 0.93781 0.25975 0.99238 0.99824 0.88260 0.94200 0.99717 0.51870    1  100   25   50   25
  537  0.02707 0.25446 0.99711 0.98087 0.98159 0.92789 0.25090 0.98913 0.99603 0.94052 0.97955 0.99420 0.52753    1  100   25   50   50
  538  0.02301 0.24910 0.99725 0.98685 0.95561 0.92662 0.24312 0.99907 0.99620 0.86841 0.96299 0.99480 0.52655    1  100   25   50   75
  539  0.01794 0.23220 0.99683 0.97935 0.99668 0.92454 0.22730 0.99979 0.99581 0.80272 0.98395 0.99447 0.48318    1  100   25   50  100
  540  0.03087 0.29387 0.99867 0.98844 0.90586 0.92623 0.27843 0.96429 0.99768 0.85843 0.95899 0.99704 0.57687    1  100   25   75    1
  541  0.02350 0.28442 0.99930 0.99164 0.87546 0.93160 0.27158 0.96015 0.99855 0.72791 0.98543 0.99796 0.54848    1  100   25   75   25
  542  0.02202 0.28624 0.99843 0.99569 0.77291 0.87445 0.26980 0.94373 0.99742 0.82131 0.95344 0.99659 0.57783    1  100   25   75   50
  543  0.02205 0.28072 0.99806 0.98001 0.99207 0.96680 0.26204 0.97584 0.99698 0.58730 0.99900 0.99634 0.56182    1  100   25   75   75
  544  0.01994 0.27250 0.99837 0.98999 0.81509 0.90171 0.25251 0.97103 0.99738 0.80816 0.92392 0.99699 0.55338    1  100   25   75  100
  545  0.02948 0.33139 0.99767 0.99289 0.77323 0.90804 0.28299 0.93891 0.99623 0.99371 0.81019 0.99642 0.60225    1  100   25  100    1
  546  0.03366 0.32297 0.99820 0.99367 0.93395 0.95492 0.27941 0.94210 0.99694 0.93987 0.82902 0.99685 0.57802    1  100   25  100   25
  547  0.03469 0.30913 0.99695 0.97941 0.96843 0.95326 0.27101 0.93266 0.99552 0.92493 0.87016 0.99523 0.61762    1  100   25  100   50
  548  0.03018 0.30234 0.99814 0.99131 0.87536 0.91984 0.27041 0.95791 0.99696 0.98593 0.86041 0.99677 0.57375    1  100   25  100   75
  549  0.02589 0.31230 0.99733 0.99316 0.94372 0.94540 0.26935 0.97154 0.99591 0.64485 0.95813 0.99623 0.58485    1  100   25  100  100
  550  0.00016 0.14268 0.96853 0.83997 0.05191 0.98125 0.13912 0.99545 0.96793 0.69187 0.91229 0.96332 0.33170    1  100   50    1    1
  551  0.00066 0.14626 0.96202 0.79711 0.15876 0.97380 0.14245 0.99769 0.96151 0.94437 0.94804 0.95679 0.32680    1  100   50    1   25
  552  0.00005 0.14021 0.96591 0.83562 0.02927 0.97376 0.13712 0.99805 0.96538 0.40721 0.98896 0.96052 0.31027    1  100   50    1   50
  553  0.00004 0.13970 0.95626 0.77957 0.01749 0.97861 0.13153 0.99544 0.95590 0.56080 0.99573 0.95290 0.30355    1  100   50    1   75
  554  0.00013 0.13936 0.95900 0.75255 0.09034 0.96915 0.13011 0.99411 0.95857 0.46879 0.85885 0.95621 0.31265    1  100   50    1  100
  555  0.00005 0.14769 0.97357 0.85651 0.01010 0.96311 0.14994 0.99722 0.97289 0.88041 0.97399 0.96672 0.32060    1  100   50   25    1
  556  0.00030 0.15139 0.97200 0.88903 0.08073 0.95511 0.15330 0.99785 0.97131 0.70253 0.83701 0.96501 0.35075    1  100   50   25   25
  557  0.00001 0.14848 0.96540 0.81267 0.00257 0.97715 0.14832 0.99583 0.96484 0.91337 0.99101 0.95885 0.31865    1  100   50   25   50
  558  0.00036 0.14793 0.96495 0.86349 0.09530 0.95955 0.14290 0.99581 0.96436 0.77495 0.96594 0.96003 0.32745    1  100   50   25   75
  559  0.00012 0.13918 0.95352 0.78632 0.29603 0.95070 0.13052 0.99643 0.95323 0.14254 0.86217 0.95023 0.28970    1  100   50   25  100
  560  0.00016 0.15655 0.98664 0.94850 0.03459 0.97564 0.16349 0.99998 0.98580 0.58704 0.99940 0.98033 0.35750    1  100   50   50    1
  561  0.00011 0.15804 0.98526 0.93316 0.02408 0.96282 0.16541 0.99993 0.98440 0.55070 0.99631 0.97884 0.38240    1  100   50   50   25
  562  0.00041 0.15555 0.98424 0.94776 0.08797 0.94862 0.15902 0.99933 0.98339 0.65023 0.99920 0.97830 0.33990    1  100   50   50   50
  563  0.00001 0.15403 0.97784 0.91719 0.00255 0.96412 0.15224 0.99976 0.97701 0.64748 0.91430 0.97228 0.36147    1  100   50   50   75
  564  0.00089 0.15612 0.96858 0.88410 0.20299 0.92238 0.14929 0.99677 0.96784 0.80300 0.95129 0.96397 0.33665    1  100   50   50  100
  565  0.00039 0.16357 0.99237 0.90982 0.05395 0.96392 0.17464 0.96942 0.99157 0.89051 0.94607 0.98672 0.36158    1  100   50   75    1
  566  0.00019 0.16705 0.98827 0.94074 0.02985 0.96677 0.17030 0.97908 0.98734 0.75113 0.92250 0.98281 0.38400    1  100   50   75   25
  567  0.00420 0.17292 0.99155 0.95726 0.54671 0.95005 0.17983 0.98067 0.99064 0.81226 0.89226 0.98638 0.39463    1  100   50   75   50
  568  0.00048 0.15834 0.98474 0.90440 0.08767 0.96345 0.15875 0.98426 0.98385 0.76848 0.86563 0.97967 0.40637    1  100   50   75   75
  569  0.00010 0.15820 0.98630 0.92691 0.01607 0.97436 0.15810 0.99326 0.98540 0.82823 0.95289 0.98171 0.37547    1  100   50   75  100
  570  0.00265 0.17862 0.99359 0.90198 0.34374 0.95198 0.18459 0.92122 0.99271 0.84350 0.85995 0.98900 0.41805    1  100   50  100    1
  571  0.00614 0.17923 0.99512 0.97280 0.66523 0.94790 0.18257 0.93359 0.99429 0.88524 0.88446 0.99135 0.42690    1  100   50  100   25
  572  0.00002 0.17034 0.99053 0.89839 0.00356 0.93688 0.17473 0.94218 0.98962 0.75717 0.91342 0.98513 0.38450    1  100   50  100   50
  573  0.00338 0.18350 0.99060 0.95560 0.39247 0.92642 0.17789 0.94245 0.98954 0.93894 0.80389 0.98708 0.43262    1  100   50  100   75
  574  0.00073 0.17080 0.99195 0.93380 0.08330 0.97272 0.16863 0.96172 0.99102 0.99752 0.90173 0.98859 0.39687    1  100   50  100  100
  575  0.00050 0.12751 0.90093 0.77782 0.50533 0.94437 0.10913 0.96981 0.90217 0.49892 0.98065 0.90832 0.27463    1  100   75    1    1
  576  0.00041 0.12973 0.90494 0.77230 0.33827 0.96898 0.11188 0.98074 0.90606 0.57406 0.98277 0.91104 0.27163    1  100   75    1   25
  577  0.00121 0.12877 0.87911 0.77304 0.66325 0.92612 0.10601 0.97923 0.88106 0.97669 0.99932 0.89247 0.28140    1  100   75    1   50
  578  0.00105 0.12650 0.89285 0.90306 0.59445 0.94017 0.10386 0.97558 0.89434 0.86825 0.99589 0.90453 0.25872    1  100   75    1   75
  579  0.00062 0.12567 0.86643 0.77350 0.55894 0.93561 0.09988 0.97597 0.86882 0.71747 0.98576 0.88476 0.26618    1  100   75    1  100
  580  0.00052 0.12933 0.91591 0.89491 0.29225 0.96701 0.11388 0.97214 0.91669 0.69612 0.96646 0.91920 0.27410    1  100   75   25    1
  581  0.00103 0.13016 0.90443 0.81098 0.43075 0.93368 0.11477 0.98025 0.90557 0.95912 1.00000 0.90910 0.30163    1  100   75   25   25
  582  0.00063 0.12905 0.89828 0.82804 0.25999 0.96556 0.11282 0.98638 0.89963 0.99812 0.97718 0.90429 0.29415    1  100   75   25   50
  583  0.00063 0.12957 0.90581 0.82676 0.39597 0.95610 0.11235 0.97054 0.90690 0.74453 0.98706 0.91174 0.25725    1  100   75   25   75
  584  0.00087 0.13027 0.89392 0.83400 0.47164 0.93194 0.10909 0.96695 0.89538 0.90679 0.99990 0.90428 0.26392    1  100   75   25  100
  585  0.00053 0.13942 0.93849 0.94712 0.20452 0.92623 0.12778 0.99251 0.93858 0.63303 0.98377 0.93701 0.32670    1  100   75   50    1
  586  0.00045 0.13566 0.92795 0.90877 0.17928 0.94811 0.12418 0.98717 0.92838 0.76919 0.97007 0.92728 0.29092    1  100   75   50   25
  587  0.00036 0.13506 0.93255 0.85235 0.16070 0.95666 0.12414 0.98390 0.93285 0.71526 0.95309 0.93140 0.30433    1  100   75   50   50
  588  0.00032 0.13318 0.92188 0.89254 0.14297 0.95289 0.11900 0.97417 0.92248 0.80603 0.96007 0.92374 0.28275    1  100   75   50   75
  589  0.00095 0.13285 0.91450 0.90035 0.57434 0.91335 0.11653 0.97524 0.91531 0.78208 0.84389 0.91876 0.26365    1  100   75   50  100
  590  0.00008 0.14405 0.95656 0.93602 0.02524 0.93329 0.13547 0.99980 0.95617 0.66855 0.97586 0.95275 0.32548    1  100   75   75    1
  591  0.00000 0.14479 0.96110 0.96867 0.00080 0.92744 0.13581 0.99886 0.96059 0.31019 0.98749 0.95761 0.33555    1  100   75   75   25
  592  0.00009 0.14634 0.95845 0.98634 0.01963 0.92343 0.13378 0.99997 0.95794 0.87011 0.98887 0.95634 0.33742    1  100   75   75   50
  593  0.00138 0.14412 0.93810 0.97354 0.43305 0.91627 0.12800 0.99685 0.93813 0.78798 0.97847 0.93840 0.30530    1  100   75   75   75
  594  0.00059 0.14079 0.95456 0.96534 0.24454 0.94898 0.12821 0.98485 0.95418 0.55287 0.99430 0.95316 0.30867    1  100   75   75  100
  595  0.00097 0.15751 0.96977 0.97675 0.19932 0.91396 0.14686 0.98315 0.96897 0.84664 0.92954 0.96627 0.33713    1  100   75  100    1
  596  0.00120 0.15734 0.97128 0.99326 0.24265 0.87849 0.14542 0.98041 0.97045 0.86369 0.89693 0.96807 0.35625    1  100   75  100   25
  597  0.00164 0.15638 0.97206 0.99326 0.30084 0.92290 0.14546 0.98435 0.97122 0.80235 0.91823 0.96869 0.39448    1  100   75  100   50
  598  0.00143 0.15076 0.96992 0.98329 0.24326 0.89284 0.13863 0.98753 0.96914 0.97982 0.95497 0.96733 0.38155    1  100   75  100   75
  599  0.00211 0.14793 0.96334 0.99041 0.53273 0.91154 0.13320 0.99371 0.96269 0.87754 0.91543 0.96183 0.31305    1  100   75  100  100
  600  0.00098 0.13031 0.87560 0.82514 0.65589 0.92675 0.10253 0.96911 0.87766 0.78967 0.98127 0.89314 0.28372    1  100  100    1    1
  601  0.00075 0.12892 0.89321 0.82419 0.47817 0.94298 0.10366 0.97823 0.89466 0.80095 0.99740 0.90637 0.26702    1  100  100    1   25
  602  0.00066 0.12682 0.85818 0.81435 0.65889 0.94834 0.09909 0.97784 0.86088 0.60204 0.99366 0.87946 0.27132    1  100  100    1   50
  603  0.00018 0.12550 0.87701 0.76018 0.54975 0.94551 0.09876 0.94982 0.87903 0.24430 0.88368 0.89471 0.26085    1  100  100    1   75
  604  0.00044 0.13098 0.83014 0.74390 0.82609 0.86368 0.09692 0.93207 0.83400 0.47505 0.86124 0.86132 0.28782    1  100  100    1  100
  605  0.00056 0.13280 0.89530 0.86702 0.43357 0.95895 0.11023 0.96457 0.89670 0.72895 0.64837 0.90572 0.31822    1  100  100   25    1
  606  0.00044 0.12963 0.90589 0.84092 0.33743 0.96767 0.10846 0.95656 0.90695 0.85168 0.61974 0.91416 0.29835    1  100  100   25   25
  607  0.00056 0.12892 0.89833 0.86560 0.36490 0.94628 0.10590 0.96077 0.89962 0.74556 0.93869 0.90921 0.27817    1  100  100   25   50
  608  0.00082 0.12822 0.89068 0.91133 0.61603 0.94031 0.10242 0.97321 0.89221 0.61720 0.98755 0.90505 0.27558    1  100  100   25   75
  609  0.00059 0.12661 0.86585 0.84440 0.58324 0.93261 0.09834 0.94777 0.86827 0.64910 0.98022 0.88648 0.25863    1  100  100   25  100
  610  0.00041 0.13584 0.92648 0.93153 0.24344 0.94495 0.11700 0.98492 0.92687 0.52508 0.99948 0.93045 0.29278    1  100  100   50    1
  611  0.00100 0.13839 0.93271 0.97065 0.29891 0.90333 0.11933 0.98793 0.93289 0.97022 0.99610 0.93591 0.29830    1  100  100   50   25
  612  0.00083 0.13301 0.91881 0.89995 0.38339 0.94916 0.11291 0.97479 0.91945 0.79558 0.99491 0.92441 0.28133    1  100  100   50   50
  613  0.00051 0.12967 0.91042 0.90184 0.30084 0.95784 0.10819 0.97489 0.91132 0.67907 0.99754 0.91846 0.27793    1  100  100   50   75
  614  0.00073 0.13099 0.91427 0.93369 0.49364 0.93486 0.10870 0.96164 0.91503 0.56671 0.98232 0.92252 0.28655    1  100  100   50  100
  615  0.00002 0.13560 0.95886 0.95759 0.00493 0.96258 0.12246 0.99505 0.95842 0.80700 0.98455 0.95759 0.29987    1  100  100   75    1
  616  0.00008 0.14036 0.94187 0.95983 0.02514 0.92894 0.12385 0.99836 0.94181 0.89461 0.93382 0.94275 0.29673    1  100  100   75   25
  617  0.00006 0.13738 0.94687 0.96496 0.02593 0.95921 0.12012 0.99586 0.94667 0.62622 0.98555 0.94783 0.31018    1  100  100   75   50
  618  0.00036 0.13561 0.93589 0.95340 0.19783 0.94229 0.11542 0.98790 0.93598 0.51184 0.97865 0.93965 0.31392    1  100  100   75   75
  619  0.00108 0.13886 0.93313 0.98224 0.35495 0.93191 0.11664 0.98544 0.93325 0.85957 0.95716 0.93836 0.31090    1  100  100   75  100
  620  0.00221 0.14799 0.97033 0.99668 0.54415 0.85246 0.13107 0.99082 0.96951 0.80962 0.87748 0.96965 0.38360    1  100  100  100    1
  621  0.00107 0.15238 0.96824 0.99788 0.26323 0.85416 0.13355 0.99010 0.96740 0.92084 0.81843 0.96810 0.34703    1  100  100  100   25
  622  0.00011 0.14886 0.96820 0.99885 0.02237 0.92201 0.13075 0.99299 0.96740 0.95606 0.93607 0.96784 0.34790    1  100  100  100   50
  623  0.00102 0.14789 0.96226 0.99997 0.21143 0.92391 0.12652 0.99792 0.96154 0.89061 0.98420 0.96388 0.35810    1  100  100  100   75
  624  0.00057 0.15007 0.95747 0.99111 0.20604 0.92815 0.12783 0.99869 0.95683 0.59207 0.96016 0.95961 0.31593    1  100  100  100  100
