                                               Cluster
  Run  Product Compare     Pop   Edges Clusters   Size Leesalee  Slope  %Urban   Xmean   Ymean     Rad  Fmatch Diff  Brd Sprd  Slp   RG
    0  0.00000 0.13434 0.92057 0.91179 0.95041 0.00000 0.30044 0.80679 0.92057 0.99982 0.84866 0.96016 0.90781    1    1    1    1    1
    1  0.00000 0.13423 0.93215 0.91467 0.97683 0.00000 0.30029 0.60226 0.93215 0.99985 0.85809 0.96838 0.90780    1    1    1    1  100
    3  0.00000 0.13267 0.94318 0.89975 0.88919 0.00000 0.30014 0.81650 0.94318 0.98257 0.90425 0.97601 0.90777    1    1    1  100    1
    2  0.00000 0.13279 0.93196 0.89835 0.96154 0.00000 0.30007 0.81908 0.93196 0.98985 0.92351 0.96839 0.90775    1    1    1  100  100
    5  0.10979 0.74053 0.94792 0.89107 0.96781 0.99924 0.28757 0.89772 0.94792 0.99488 0.86713 0.96248 0.89323    1    1  100    1    1
    4  0.10868 0.74337 0.94709 0.88687 0.97906 1.00000 0.28726 0.89075 0.94709 0.99046 0.86229 0.96175 0.89312    1    1  100    1  100
    7  0.08511 0.50575 0.95061 0.90655 0.93398 1.00000 0.31238 0.90261 0.95061 0.99813 0.89394 0.96741 0.90367    1    1  100  100    1
    6  0.07880 0.50510 0.95032 0.91540 0.85383 1.00000 0.31217 0.90056 0.95032 0.99949 0.89968 0.96726 0.90382    1    1  100  100  100
    9  0.00000 0.13477 0.93601 0.92682 0.96951 0.00000 0.30039 0.73145 0.93601 0.99684 0.85254 0.97103 0.90780    1  100    1    1    1
    8  0.00000 0.13495 0.92379 0.86129 0.98458 0.00000 0.30026 0.72045 0.92379 0.85339 0.83296 0.96247 0.90781    1  100    1    1  100
   10  0.00000 0.13294 0.90851 0.86545 0.97921 0.00000 0.29991 0.83672 0.90851 0.93636 0.84114 0.95149 0.90775    1  100    1  100  100
   11  0.00000 0.13287 0.92870 0.90060 0.97818 0.00000 0.30002 0.87175 0.92870 0.86454 0.95655 0.96612 0.90776    1  100    1  100    1
   12  0.11142 0.78710 0.95275 0.90873 0.94242 0.99982 0.28373 0.88660 0.95275 0.97829 0.86073 0.96549 0.89054    1  100  100    1    1
   13  0.11790 0.81511 0.95427 0.90351 0.97671 0.99931 0.28053 0.87941 0.95427 0.98514 0.86282 0.96642 0.88880    1  100  100    1  100
   15  0.09316 0.52236 0.95380 0.91566 0.96308 1.00000 0.31101 0.90556 0.95380 0.99802 0.90317 0.96954 0.90320    1  100  100  100    1
   14  0.08652 0.52925 0.95514 0.91948 0.92424 1.00000 0.31058 0.89425 0.95514 0.97046 0.89295 0.97035 0.90286    1  100  100  100  100
   16  0.01995 0.17900 0.92958 0.91472 0.97768 0.75000 0.28490 0.87737 0.92958 0.98629 0.89494 0.96298 0.90515  100    1    1    1  100
   17  0.01938 0.17855 0.92701 0.91155 0.97600 0.75000 0.28502 0.86362 0.92701 0.99764 0.88586 0.96109 0.90516  100    1    1    1    1
   19  0.00000 0.15778 0.76300 0.72049 0.83383 0.00000 0.28923 0.98392 0.76300 0.91625 0.81316 0.82861 0.90608  100    1    1  100  100
   18  0.00000 0.16172 0.89658 0.87664 0.95572 0.00000 0.28913 0.90188 0.89658 0.93810 0.89092 0.93941 0.90591  100    1    1  100    1
   21  0.11436 0.82732 0.95137 0.90277 0.96411 0.98684 0.27685 0.89855 0.95137 0.97857 0.85272 0.96440 0.88818  100    1  100    1  100
   20  0.11537 0.82708 0.95203 0.90577 0.96028 0.98684 0.27728 0.89731 0.95203 0.98980 0.84947 0.96493 0.88828  100    1  100    1    1
   22  0.09085 0.55202 0.95307 0.90966 0.97193 0.96429 0.30382 0.90933 0.95307 0.99860 0.88253 0.96867 0.90112  100    1  100  100    1
   23  0.09252 0.55238 0.95262 0.91586 0.97318 0.96429 0.30347 0.90767 0.95262 0.99826 0.89509 0.96835 0.90102  100    1  100  100  100
   25  0.02755 0.27897 0.92907 0.91470 0.97464 0.75000 0.25839 0.89680 0.92907 0.99983 0.85733 0.95776 0.89929  100  100    1    1    1
   24  0.03154 0.28437 0.92975 0.91548 0.97429 0.75000 0.25814 0.90447 0.92975 0.99973 0.95382 0.95806 0.89915  100  100    1    1  100
   27  0.00000 0.22953 0.92974 0.91565 0.97506 0.00000 0.26984 0.90080 0.92974 0.90123 0.97142 0.96020 0.90195  100  100    1  100    1
   26  0.00000 0.23268 0.93176 0.91758 0.97672 0.00000 0.26906 0.88956 0.93176 0.95601 0.62024 0.96157 0.90188  100  100    1  100  100
   29  0.00331 0.34225 0.97238 0.83268 0.14529 0.96587 0.17673 0.95432 0.97238 0.76915 0.91935 0.96856 0.75678  100  100  100    1    1
   28  0.00509 0.34032 0.97100 0.83091 0.18327 0.97470 0.17581 0.95542 0.97100 0.95214 0.91348 0.96737 0.75570  100  100  100    1  100
   31  0.00406 0.65266 0.98394 0.93751 0.86218 0.98684 0.22626 0.97081 0.98394 0.95469 0.04657 0.98334 0.83830  100  100  100  100    1
   30  0.01955 0.64097 0.98392 0.93621 0.85779 0.98684 0.22517 0.97444 0.98392 0.97665 0.22556 0.98321 0.83655  100  100  100  100  100
