                                               Cluster
  Run  Product Compare     Pop   Edges Clusters   Size Leesalee  Slope  %Urban   Xmean   Ymean     Rad  Fmatch Diff  Brd Sprd  Slp   RG
    0  0.02199 0.20338 0.93166 0.91776 0.97620 0.75000 0.27795 0.88318 0.93166 0.99057 0.87658 0.96297 0.90324  100   25    1    1    1
    1  0.02272 0.20517 0.92822 0.91369 0.97569 0.75000 0.27743 0.88523 0.92822 0.96509 0.93530 0.96035 0.90312  100   25    1    1   25
    2  0.02144 0.20490 0.92559 0.91106 0.97395 0.75000 0.27745 0.88177 0.92559 0.99816 0.86830 0.95839 0.90310  100   25    1    1   50
    3  0.02112 0.20518 0.92467 0.90994 0.97350 0.75000 0.27760 0.88256 0.92467 0.99975 0.85564 0.95766 0.90304  100   25    1    1   75
    4  0.02112 0.20518 0.92467 0.90994 0.97350 0.75000 0.27760 0.88256 0.92467 0.99975 0.85564 0.95766 0.90304  100   25    1    1  100
    5  0.02020 0.19677 0.93005 0.91648 0.97653 0.75000 0.27971 0.87802 0.93005 0.99830 0.82950 0.96214 0.90355  100   25    1   25    1
    6  0.02121 0.19864 0.92944 0.91510 0.97785 0.75000 0.27932 0.88886 0.92944 0.99503 0.85803 0.96158 0.90352  100   25    1   25   25
    7  0.02275 0.19898 0.92889 0.91391 0.97498 0.75000 0.27922 0.88797 0.92889 0.99248 0.92804 0.96115 0.90340  100   25    1   25   50
    8  0.02150 0.19895 0.93052 0.91691 0.97734 0.75000 0.27925 0.88779 0.93052 1.00000 0.86173 0.96235 0.90343  100   25    1   25   75
    9  0.02150 0.19895 0.93052 0.91691 0.97734 0.75000 0.27925 0.88779 0.93052 1.00000 0.86173 0.96235 0.90343  100   25    1   25  100
   10  0.02111 0.18999 0.93098 0.91600 0.97585 0.75000 0.28156 0.87832 0.93098 0.98983 0.89702 0.96319 0.90394  100   25    1   50    1
   11  0.02195 0.19154 0.92855 0.91460 0.97644 0.75000 0.28103 0.88376 0.92855 0.99785 0.92147 0.96130 0.90386  100   25    1   50   25
   12  0.02002 0.19204 0.92784 0.91342 0.97491 0.75000 0.28105 0.87674 0.92784 0.99843 0.84873 0.96074 0.90397  100   25    1   50   50
   13  0.02013 0.19239 0.93044 0.91622 0.97518 0.75000 0.28077 0.87888 0.93044 0.98718 0.85116 0.96264 0.90384  100   25    1   50   75
   14  0.02013 0.19239 0.93044 0.91622 0.97518 0.75000 0.28077 0.87888 0.93044 0.98718 0.85116 0.96264 0.90384  100   25    1   50  100
   15  0.02093 0.18451 0.93033 0.91647 0.97683 0.75000 0.28280 0.87313 0.93033 0.99503 0.91217 0.96309 0.90429  100   25    1   75    1
   16  0.02195 0.18554 0.93233 0.91856 0.97816 0.75000 0.28254 0.87471 0.93233 0.96677 0.96909 0.96448 0.90426  100   25    1   75   25
   17  0.02234 0.18558 0.92888 0.91470 0.97699 0.75000 0.28239 0.87989 0.92888 0.99463 0.96816 0.96197 0.90432  100   25    1   75   50
   18  0.02087 0.18562 0.92694 0.91257 0.97633 0.75000 0.28227 0.88030 0.92694 0.98698 0.91953 0.96051 0.90423  100   25    1   75   75
   19  0.02087 0.18562 0.92694 0.91257 0.97633 0.75000 0.28227 0.88030 0.92694 0.98698 0.91953 0.96051 0.90423  100   25    1   75  100
   20  0.00000 0.17945 0.93025 0.91606 0.97738 0.00000 0.28416 0.87321 0.93025 0.99970 0.95359 0.96335 0.90454  100   25    1  100    1
   21  0.00000 0.18009 0.92770 0.91307 0.97607 0.00000 0.28385 0.87522 0.92770 0.94287 0.85183 0.96145 0.90459  100   25    1  100   25
   22  0.00000 0.18022 0.93018 0.91624 0.97726 0.00000 0.28397 0.87436 0.93018 0.98902 0.85586 0.96324 0.90454  100   25    1  100   50
   23  0.00000 0.18010 0.92668 0.91079 0.97532 0.00000 0.28395 0.87536 0.92668 0.99680 0.94835 0.96068 0.90442  100   25    1  100   75
   24  0.00000 0.18000 0.92626 0.91086 0.97551 0.00000 0.28405 0.87884 0.92626 0.99247 0.99362 0.96038 0.90449  100   25    1  100  100
   25  0.04844 0.39326 0.96033 0.94668 0.97319 0.75000 0.29207 0.86578 0.96033 0.99989 0.87117 0.97650 0.89865  100   25   25    1    1
   26  0.04851 0.39613 0.96068 0.94668 0.97521 0.75000 0.29134 0.86105 0.96068 0.99852 0.87159 0.97673 0.89865  100   25   25    1   25
   27  0.05994 0.39722 0.96019 0.94697 0.97265 0.92308 0.29200 0.87100 0.96019 0.99771 0.86473 0.97628 0.89860  100   25   25    1   50
   28  0.04850 0.39566 0.95968 0.94637 0.97109 0.75000 0.29187 0.87294 0.95968 0.99992 0.86431 0.97593 0.89864  100   25   25    1   75
   29  0.04874 0.39845 0.96055 0.94887 0.97375 0.75000 0.29163 0.87381 0.96055 0.99709 0.85814 0.97657 0.89841  100   25   25    1  100
   30  0.04662 0.36496 0.95911 0.94569 0.97714 0.75000 0.29409 0.88231 0.95911 0.99991 0.87894 0.97624 0.90013  100   25   25   25    1
   31  0.04677 0.36674 0.96024 0.94916 0.97345 0.75000 0.29351 0.88400 0.96024 0.99699 0.87752 0.97702 0.89985  100   25   25   25   25
   32  0.04704 0.36768 0.96020 0.94729 0.97764 0.75000 0.29382 0.87827 0.96020 0.99999 0.88057 0.97694 0.89994  100   25   25   25   50
   33  0.04756 0.36732 0.96006 0.94819 0.97540 0.75000 0.29381 0.89455 0.96006 0.99910 0.87727 0.97687 0.89997  100   25   25   25   75
   34  0.04759 0.36732 0.96006 0.94819 0.97539 0.75000 0.29381 0.89463 0.96006 0.99913 0.87765 0.97687 0.89997  100   25   25   25  100
   35  0.04229 0.33377 0.95681 0.94572 0.97393 0.75000 0.29514 0.87620 0.95681 0.99604 0.88457 0.97541 0.90141  100   25   25   50    1
   36  0.04332 0.33422 0.95789 0.94600 0.97541 0.75000 0.29554 0.88381 0.95789 0.99595 0.89143 0.97621 0.90160  100   25   25   50   25
   37  0.04343 0.33328 0.95817 0.94637 0.97566 0.75000 0.29528 0.88439 0.95817 0.99989 0.89182 0.97646 0.90149  100   25   25   50   50
   38  0.04272 0.33439 0.95717 0.94555 0.97462 0.75000 0.29525 0.88257 0.95717 0.99901 0.88110 0.97567 0.90145  100   25   25   50   75
   39  0.04272 0.33439 0.95717 0.94555 0.97462 0.75000 0.29525 0.88257 0.95717 0.99901 0.88110 0.97567 0.90145  100   25   25   50  100
   40  0.03921 0.30441 0.95356 0.94303 0.97317 0.75000 0.29676 0.88351 0.95356 0.99950 0.89314 0.97395 0.90289  100   25   25   75    1
   41  0.03849 0.30623 0.95496 0.94437 0.97570 0.75000 0.29628 0.88091 0.95496 0.99982 0.86854 0.97494 0.90260  100   25   25   75   25
   42  0.03946 0.30677 0.95439 0.94294 0.97475 0.75000 0.29623 0.88338 0.95439 0.99221 0.89686 0.97451 0.90276  100   25   25   75   50
   43  0.03883 0.30569 0.95511 0.94382 0.97418 0.75000 0.29612 0.88326 0.95511 0.99996 0.87708 0.97510 0.90270  100   25   25   75   75
   44  0.03883 0.30569 0.95511 0.94382 0.97418 0.75000 0.29612 0.88326 0.95511 0.99996 0.87708 0.97510 0.90270  100   25   25   75  100
   45  0.00000 0.28294 0.95267 0.94153 0.97616 0.00000 0.29684 0.88057 0.95267 0.99997 0.90274 0.97418 0.90353  100   25   25  100    1
   46  0.00000 0.28443 0.95222 0.93975 0.97764 0.00000 0.29705 0.88569 0.95222 0.98705 0.86314 0.97373 0.90325  100   25   25  100   25
   47  0.00000 0.28364 0.95246 0.94086 0.97516 0.00000 0.29735 0.88069 0.95246 0.99987 0.87393 0.97399 0.90345  100   25   25  100   50
   48  0.00000 0.28440 0.95252 0.94154 0.97632 0.00000 0.29727 0.88743 0.95252 0.98741 0.88284 0.97397 0.90334  100   25   25  100   75
   49  0.00000 0.28485 0.95246 0.94310 0.97669 0.00000 0.29707 0.87969 0.95246 0.99996 0.87872 0.97388 0.90350  100   25   25  100  100
   50  0.09776 0.68570 0.97260 0.94914 0.96977 0.99852 0.28101 0.86711 0.97260 0.99825 0.77762 0.98078 0.88399  100   25   50    1    1
   51  0.09868 0.68792 0.97251 0.94838 0.96175 1.00000 0.28069 0.86525 0.97251 0.99451 0.79421 0.98068 0.88388  100   25   50    1   25
   52  0.09920 0.68741 0.97243 0.94893 0.96560 0.99324 0.28088 0.86880 0.97243 0.99928 0.79300 0.98063 0.88426  100   25   50    1   50
   53  0.09806 0.68654 0.97265 0.94933 0.96754 0.99852 0.28130 0.86188 0.97265 0.99661 0.78531 0.98082 0.88452  100   25   50    1   75
   54  0.09853 0.68801 0.97241 0.94853 0.96483 0.99482 0.28065 0.87415 0.97241 0.99844 0.78378 0.98061 0.88366  100   25   50    1  100
   55  0.09475 0.61669 0.97394 0.95294 0.97154 0.96429 0.28708 0.87428 0.97394 0.99950 0.82876 0.98262 0.88810  100   25   50   25    1
   56  0.09201 0.61951 0.97407 0.95340 0.97003 0.96429 0.28691 0.86603 0.97407 0.99948 0.80955 0.98269 0.88847  100   25   50   25   25
   57  0.09492 0.62396 0.97384 0.95218 0.96960 0.96429 0.28644 0.88142 0.97384 0.99537 0.82191 0.98240 0.88795  100   25   50   25   50
   58  0.09378 0.62261 0.97476 0.95367 0.96872 0.96429 0.28654 0.87813 0.97476 0.99856 0.81185 0.98317 0.88729  100   25   50   25   75
   59  0.09245 0.62057 0.97413 0.95367 0.96556 0.96429 0.28653 0.87926 0.97413 0.99690 0.80724 0.98271 0.88746  100   25   50   25  100
   60  0.08997 0.54011 0.97111 0.95314 0.97131 1.00000 0.29200 0.88687 0.97111 0.99959 0.84153 0.98154 0.89234  100   25   50   50    1
   61  0.08696 0.53986 0.97086 0.95215 0.97269 1.00000 0.29212 0.87597 0.97086 0.99985 0.82322 0.98130 0.89280  100   25   50   50   25
   62  0.08822 0.54190 0.97116 0.95386 0.97348 1.00000 0.29168 0.88054 0.97116 0.99994 0.82657 0.98155 0.89210  100   25   50   50   50
   63  0.08695 0.53853 0.97108 0.95214 0.96940 1.00000 0.29234 0.87703 0.97108 0.99867 0.82682 0.98151 0.89274  100   25   50   50   75
   64  0.08707 0.53991 0.97107 0.95477 0.97372 1.00000 0.29225 0.87893 0.97107 0.99856 0.81858 0.98153 0.89265  100   25   50   50  100
   65  0.07190 0.47614 0.96827 0.95096 0.97558 0.89286 0.29606 0.88428 0.96827 1.00000 0.84542 0.98045 0.89601  100   25   50   75    1
   66  0.07949 0.48020 0.96914 0.95341 0.97625 0.97581 0.29604 0.88404 0.96914 0.99893 0.84446 0.98104 0.89590  100   25   50   75   25
   67  0.07463 0.47941 0.96903 0.95200 0.97450 0.93557 0.29572 0.88023 0.96903 0.99987 0.83521 0.98101 0.89566  100   25   50   75   50
   68  0.07828 0.48146 0.96910 0.95191 0.97778 0.97581 0.29559 0.88302 0.96910 0.99968 0.83149 0.98101 0.89563  100   25   50   75   75
   69  0.07699 0.48146 0.96897 0.95271 0.97420 0.94937 0.29549 0.87937 0.96897 0.99571 0.85049 0.98091 0.89548  100   25   50   75  100
   70  0.07314 0.42479 0.96613 0.95200 0.97652 1.00000 0.29929 0.87731 0.96613 0.99971 0.85859 0.97992 0.89841  100   25   50  100    1
   71  0.07410 0.42663 0.96582 0.95154 0.97964 1.00000 0.29930 0.87622 0.96582 0.99978 0.86530 0.97966 0.89871  100   25   50  100   25
   72  0.07052 0.42802 0.96622 0.95203 0.97909 1.00000 0.29865 0.87400 0.96622 0.99986 0.82410 0.97989 0.89838  100   25   50  100   50
   73  0.07202 0.42736 0.96622 0.95278 0.97820 1.00000 0.29838 0.87403 0.96622 0.99965 0.84393 0.97994 0.89830  100   25   50  100   75
   74  0.07242 0.42542 0.96610 0.95289 0.98009 1.00000 0.29887 0.87905 0.96610 0.99998 0.84422 0.97990 0.89865  100   25   50  100  100
   75  0.10549 0.95261 0.97578 0.94030 0.94701 0.97959 0.25791 0.89693 0.97578 0.98710 0.69093 0.98007 0.86224  100   25   75    1    1
   76  0.10671 0.95090 0.97589 0.94021 0.95066 0.97959 0.25814 0.88600 0.97589 0.97057 0.71685 0.98012 0.86287  100   25   75    1   25
   77  0.10494 0.94258 0.97640 0.94254 0.94790 0.98842 0.25787 0.89348 0.97640 0.97855 0.69403 0.98047 0.86196  100   25   75    1   50
   78  0.10525 0.94355 0.97613 0.93969 0.94026 0.97959 0.25745 0.89739 0.97613 0.97031 0.71405 0.98024 0.86202  100   25   75    1   75
   79  0.10714 0.94308 0.97628 0.94141 0.95355 0.99482 0.25714 0.89382 0.97628 0.98075 0.70088 0.98042 0.86172  100   25   75    1  100
   80  0.11928 0.93189 0.97808 0.94790 0.95757 0.99217 0.26789 0.89999 0.97808 0.98812 0.72868 0.98274 0.87089  100   25   75   25    1
   81  0.12144 0.94544 0.97855 0.94747 0.95999 1.00000 0.26713 0.90361 0.97855 0.99309 0.72032 0.98300 0.86887  100   25   75   25   25
   82  0.12156 0.93761 0.97851 0.94720 0.95909 0.99954 0.26709 0.89372 0.97851 0.98971 0.73886 0.98307 0.86901  100   25   75   25   50
   83  0.12503 0.94287 0.97846 0.94636 0.95608 0.99954 0.26709 0.90358 0.97846 0.99108 0.74933 0.98294 0.86936  100   25   75   25   75
   84  0.12462 0.94715 0.97859 0.94751 0.96192 0.99645 0.26680 0.90190 0.97859 0.99382 0.74005 0.98302 0.86957  100   25   75   25  100
   85  0.11364 0.80425 0.97715 0.94967 0.96445 1.00000 0.27657 0.89762 0.97715 0.99746 0.75581 0.98302 0.87819  100   25   75   50    1
   86  0.11158 0.79835 0.97651 0.94882 0.96801 1.00000 0.27750 0.89323 0.97651 0.98315 0.75889 0.98256 0.87823  100   25   75   50   25
   87  0.11569 0.80481 0.97719 0.95044 0.96475 1.00000 0.27660 0.90102 0.97719 0.98766 0.77278 0.98313 0.87791  100   25   75   50   50
   88  0.11605 0.80635 0.97686 0.94927 0.96605 1.00000 0.27606 0.89505 0.97686 0.99032 0.77899 0.98279 0.87790  100   25   75   50   75
   89  0.11584 0.80633 0.97689 0.94882 0.96250 1.00000 0.27678 0.89770 0.97689 0.98872 0.77794 0.98281 0.87763  100   25   75   50  100
   90  0.10417 0.68850 0.97467 0.95207 0.97212 0.99590 0.28500 0.89472 0.97467 0.99580 0.78310 0.98228 0.88465  100   25   75   75    1
   91  0.10435 0.69873 0.97522 0.95011 0.96305 0.98684 0.28423 0.89554 0.97522 0.99665 0.78962 0.98259 0.88354  100   25   75   75   25
   92  0.10675 0.69608 0.97468 0.95014 0.97416 0.99176 0.28447 0.89942 0.97468 0.98653 0.80239 0.98217 0.88409  100   25   75   75   50
   93  0.10262 0.69978 0.97533 0.95156 0.96884 0.98684 0.28401 0.88946 0.97533 0.98897 0.78141 0.98265 0.88333  100   25   75   75   75
   94  0.10169 0.69477 0.97512 0.95070 0.96572 0.98684 0.28414 0.88757 0.97512 0.98397 0.78786 0.98258 0.88438  100   25   75   75  100
   95  0.08753 0.60509 0.97269 0.95002 0.97296 0.93232 0.29055 0.89021 0.97269 0.99619 0.78874 0.98176 0.88921  100   25   75  100    1
   96  0.09109 0.60155 0.97319 0.95205 0.97770 0.94231 0.29154 0.88827 0.97319 0.99790 0.80712 0.98221 0.88974  100   25   75  100   25
   97  0.08584 0.60524 0.97273 0.94986 0.97214 0.93232 0.29041 0.89154 0.97273 0.98790 0.77999 0.98176 0.88887  100   25   75  100   50
   98  0.08909 0.60818 0.97280 0.95030 0.97419 0.92308 0.29052 0.89357 0.97280 0.98347 0.81295 0.98183 0.88889  100   25   75  100   75
   99  0.09248 0.60254 0.97264 0.95050 0.97430 0.95301 0.29095 0.88800 0.97264 0.99160 0.82137 0.98178 0.88980  100   25   75  100  100
  100  0.04533 0.69661 0.97636 0.92922 0.90463 0.99704 0.23532 0.91334 0.97636 0.94488 0.48823 0.97846 0.83955  100   25  100    1    1
  101  0.04455 0.68663 0.97611 0.92835 0.90674 0.99590 0.23458 0.91237 0.97611 0.93912 0.49254 0.97806 0.83890  100   25  100    1   25
  102  0.04857 0.69058 0.97595 0.92729 0.90684 0.99590 0.23523 0.91069 0.97595 0.94455 0.53216 0.97797 0.83733  100   25  100    1   50
  103  0.04533 0.69198 0.97596 0.92849 0.91902 0.99463 0.23475 0.91117 0.97596 0.96619 0.47898 0.97806 0.83708  100   25  100    1   75
  104  0.05269 0.68961 0.97613 0.92907 0.90513 0.99463 0.23448 0.91223 0.97613 0.96051 0.56927 0.97815 0.83796  100   25  100    1  100
  105  0.07140 0.77454 0.97931 0.93869 0.93614 0.99769 0.24610 0.92045 0.97931 0.95833 0.60783 0.98153 0.84656  100   25  100   25    1
  106  0.07690 0.77528 0.97925 0.93638 0.92806 0.99482 0.24591 0.92123 0.97925 0.97028 0.65465 0.98145 0.84722  100   25  100   25   25
  107  0.06703 0.77094 0.97943 0.93726 0.92805 0.99324 0.24589 0.92058 0.97943 0.91411 0.60979 0.98158 0.84712  100   25  100   25   50
  108  0.07405 0.77105 0.97976 0.93848 0.93305 0.99769 0.24612 0.92026 0.97976 0.94871 0.64067 0.98186 0.84721  100   25  100   25   75
  109  0.07410 0.76668 0.97960 0.93834 0.93309 0.99864 0.24467 0.92298 0.97960 0.98078 0.62595 0.98172 0.84639  100   25  100   25  100
  110  0.10510 0.91211 0.97841 0.94335 0.95029 0.98938 0.25799 0.91462 0.97841 0.96308 0.70744 0.98189 0.85973  100   25  100   50    1
  111  0.10457 0.90886 0.97847 0.94212 0.95142 0.98938 0.25778 0.91488 0.97847 0.96307 0.70670 0.98188 0.85983  100   25  100   50   25
  112  0.09757 0.90084 0.97890 0.94336 0.94806 0.98938 0.25673 0.91525 0.97890 0.94184 0.68388 0.98221 0.85933  100   25  100   50   50
  113  0.09787 0.90419 0.97877 0.94302 0.95137 0.98938 0.25744 0.91315 0.97877 0.92625 0.69218 0.98215 0.85993  100   25  100   50   75
  114  0.10191 0.90486 0.97855 0.94201 0.95530 0.98938 0.25706 0.91636 0.97855 0.94756 0.70042 0.98193 0.86049  100   25  100   50  100
  115  0.12165 0.93831 0.97718 0.94365 0.96552 0.99969 0.26825 0.90671 0.97718 0.96376 0.74434 0.98196 0.87005  100   25  100   75    1
  116  0.11664 0.94469 0.97760 0.94500 0.96032 0.99969 0.26759 0.91023 0.97760 0.94829 0.72238 0.98227 0.86889  100   25  100   75   25
  117  0.11906 0.94235 0.97775 0.94489 0.96102 0.99969 0.26831 0.90774 0.97775 0.93849 0.74595 0.98238 0.86918  100   25  100   75   50
  118  0.11580 0.94393 0.97769 0.94554 0.95540 0.99969 0.26786 0.90961 0.97769 0.93077 0.73376 0.98233 0.86939  100   25  100   75   75
  119  0.11952 0.94988 0.97733 0.94426 0.96041 0.99756 0.26746 0.91595 0.97733 0.96937 0.71891 0.98198 0.86857  100   25  100   75  100
  120  0.11316 0.81048 0.97611 0.94695 0.96791 0.99590 0.27741 0.90503 0.97611 0.98467 0.75258 0.98221 0.87852  100   25  100  100    1
  121  0.11096 0.81008 0.97625 0.94803 0.96834 0.99324 0.27728 0.90013 0.97625 0.97226 0.75303 0.98235 0.87807  100   25  100  100   25
  122  0.11254 0.81221 0.97637 0.94888 0.96521 0.99803 0.27715 0.90610 0.97637 0.96835 0.75944 0.98238 0.87645  100   25  100  100   50
  123  0.11232 0.81093 0.97621 0.94739 0.96545 0.99324 0.27707 0.90454 0.97621 0.97986 0.75577 0.98228 0.87753  100   25  100  100   75
  124  0.11271 0.80784 0.97595 0.94926 0.96749 0.99803 0.27728 0.90075 0.97595 0.93928 0.78985 0.98209 0.87823  100   25  100  100  100
