                                               Cluster
  Run  Product Compare     Pop   Edges Clusters   Size Leesalee  Slope  %Urban   Xmean   Ymean     Rad  Fmatch Diff  Brd Sprd  Slp   RG
    0  0.02638 0.53077 0.97028 0.99632 0.82540 0.99765 0.17249 0.91129 0.96499 0.68857 0.99630 0.97750 0.61380   75    1    1    1    1
    1  0.02536 0.52884 0.96943 0.99622 0.83697 0.99765 0.17280 0.91902 0.96417 0.65776 0.99797 0.97677 0.60567   75    1    1    1   25
    2  0.03449 0.51984 0.96939 0.99587 0.84143 0.99765 0.17227 0.93023 0.96423 0.90554 0.99287 0.97668 0.60338   75    1    1    1   50
    3  0.02677 0.52197 0.96760 0.99540 0.83526 0.99765 0.17440 0.92158 0.96244 0.69099 0.99851 0.97527 0.61397   75    1    1    1   75
    4  0.03039 0.51640 0.96777 0.99509 0.84597 0.99765 0.17596 0.92929 0.96265 0.78037 0.99569 0.97551 0.60693   75    1    1    1  100
    5  0.03388 0.55592 0.97095 0.99644 0.80496 0.99765 0.18101 0.97355 0.96552 0.75813 0.99482 0.97733 0.62542   75    1    1   25    1
    6  0.03117 0.55952 0.97171 0.99684 0.81702 0.99765 0.18321 0.95785 0.96623 0.68494 0.99885 0.97800 0.62185   75    1    1   25   25
    7  0.02959 0.55054 0.97334 0.99748 0.80464 0.99765 0.18387 0.97086 0.96794 0.66362 0.98157 0.97931 0.62572   75    1    1   25   50
    8  0.03522 0.54470 0.97160 0.99681 0.81596 0.99765 0.18339 0.94698 0.96631 0.80952 0.99795 0.97766 0.61888   75    1    1   25   75
    9  0.02887 0.54136 0.97220 0.99673 0.81806 0.99765 0.18377 0.94111 0.96694 0.65828 0.99418 0.97812 0.62988   75    1    1   25  100
   10  0.00000 0.61474 0.98063 0.99946 0.75347 0.00000 0.19388 0.99648 0.97463 0.86778 0.99107 0.98565 0.63367   75    1    1   50    1
   11  0.00000 0.61125 0.98021 0.99928 0.75714 0.00000 0.19320 0.99699 0.97421 0.80750 0.93182 0.98543 0.63058   75    1    1   50   25
   12  0.00000 0.59975 0.98074 0.99941 0.76106 0.00000 0.19239 0.99987 0.97490 0.70945 0.98999 0.98571 0.63762   75    1    1   50   50
   13  0.04307 0.59774 0.97825 0.99885 0.77498 0.99765 0.19407 1.00000 0.97240 0.81902 0.99788 0.98350 0.62880   75    1    1   50   75
   14  0.04175 0.59186 0.97949 0.99915 0.76824 0.99765 0.19203 0.99921 0.97368 0.92265 0.87233 0.98474 0.63507   75    1    1   50  100
   15  0.00000 0.67716 0.97552 0.99827 0.74954 0.00000 0.20311 0.99802 0.96868 0.72928 0.99913 0.98201 0.64530   75    1    1   75    1
   16  0.00000 0.67894 0.97669 0.99863 0.74604 0.00000 0.20291 0.99976 0.96983 0.70832 0.99531 0.98299 0.64535   75    1    1   75   25
   17  0.00000 0.67376 0.97617 0.99836 0.75455 0.00000 0.20224 0.99999 0.96938 0.67443 0.98590 0.98244 0.65812   75    1    1   75   50
   18  0.00000 0.67276 0.97664 0.99858 0.75222 0.00000 0.20391 0.99850 0.96984 0.75918 0.99780 0.98293 0.64925   75    1    1   75   75
   19  0.00000 0.66972 0.97816 0.99887 0.75710 0.00000 0.20573 0.99890 0.97139 0.82235 0.92608 0.98426 0.64255   75    1    1   75  100
   20  0.00000 0.75100 0.97448 0.99799 0.73795 0.00000 0.21401 1.00000 0.96672 0.67804 0.96993 0.98180 0.66875   75    1    1  100    1
   21  0.00000 0.74238 0.97540 0.99825 0.73932 0.00000 0.20923 0.99557 0.96771 0.80692 0.99055 0.98260 0.66293   75    1    1  100   25
   22  0.00000 0.74804 0.97271 0.99730 0.75235 0.00000 0.21054 0.99526 0.96500 0.78831 0.99066 0.98031 0.65860   75    1    1  100   50
   23  0.00000 0.73594 0.97593 0.99835 0.74784 0.00000 0.20997 0.99995 0.96833 0.77121 0.99959 0.98298 0.66505   75    1    1  100   75
   24  0.00000 0.73580 0.97058 0.99668 0.75705 0.00000 0.20907 0.99746 0.96302 0.77218 0.99960 0.97856 0.64952   75    1    1  100  100
   25  0.00023 0.13601 0.99189 0.49135 0.09222 0.99956 0.14901 0.99814 0.99128 0.88157 0.98895 0.98481 0.29298   75    1   25    1    1
   26  0.00017 0.13761 0.99355 0.56291 0.08311 0.99959 0.15120 0.99924 0.99296 0.56968 0.99728 0.98714 0.31122   75    1   25    1   25
   27  0.00021 0.13514 0.99476 0.57412 0.08177 0.99988 0.14959 0.99024 0.99422 0.77106 0.99742 0.98852 0.29795   75    1   25    1   50
   28  0.00021 0.13426 0.99139 0.44772 0.10212 0.99962 0.14747 0.99427 0.99079 0.82473 0.99631 0.98409 0.29568   75    1   25    1   75
   29  0.00024 0.13402 0.98923 0.46922 0.12539 0.99951 0.14605 0.99981 0.98861 0.77892 0.93880 0.98141 0.29785   75    1   25    1  100
   30  0.00005 0.14338 0.99667 0.69203 0.01175 0.99913 0.16390 0.99960 0.99616 0.84125 0.99952 0.99097 0.33845   75    1   25   25    1
   31  0.00006 0.14189 0.99730 0.68783 0.01582 0.99964 0.16205 0.99984 0.99684 0.79142 0.97129 0.99203 0.32045   75    1   25   25   25
   32  0.00008 0.14275 0.99593 0.67822 0.01761 0.99918 0.15742 0.99770 0.99538 0.92905 0.96900 0.99031 0.33858   75    1   25   25   50
   33  0.00012 0.13969 0.99490 0.62215 0.04097 0.99937 0.15661 0.99923 0.99434 0.72185 0.97951 0.98827 0.32322   75    1   25   25   75
   34  0.00011 0.13999 0.99445 0.64479 0.03117 0.99922 0.15574 0.99672 0.99387 0.82288 0.98452 0.98783 0.32678   75    1   25   25  100
   35  0.00005 0.15492 0.99993 0.84933 0.00828 0.99899 0.17646 0.96614 0.99980 0.88446 0.87760 0.99814 0.36510   75    1   25   50    1
   36  0.00009 0.15789 0.99973 0.86905 0.01473 0.99772 0.17705 0.97049 0.99950 0.89447 0.81399 0.99746 0.36443   75    1   25   50   25
   37  0.00002 0.15380 0.99943 0.83987 0.00303 0.99826 0.17377 0.97151 0.99914 0.88890 0.90049 0.99659 0.35522   75    1   25   50   50
   38  0.00002 0.15585 0.99956 0.85643 0.00206 0.99719 0.17429 0.95950 0.99929 0.99201 0.89743 0.99688 0.37255   75    1   25   50   75
   39  0.00002 0.15562 0.99874 0.83629 0.00272 0.99621 0.17051 0.97317 0.99833 0.88358 0.85658 0.99522 0.36068   75    1   25   50  100
   40  0.00090 0.17577 0.99988 0.95468 0.11140 0.99615 0.19034 0.87663 0.99999 0.98255 0.71124 0.99962 0.41620   75    1   25   75    1
   41  0.00052 0.17404 0.99988 0.93341 0.09042 0.99153 0.18623 0.87496 0.99968 0.95531 0.56959 0.99825 0.40007   75    1   25   75   25
   42  0.00081 0.17503 0.99975 0.91295 0.13090 0.99086 0.18665 0.85961 0.99950 0.92690 0.64228 0.99777 0.41107   75    1   25   75   50
   43  0.00049 0.17271 0.99992 0.92424 0.07829 0.99297 0.18661 0.88202 0.99975 0.92461 0.66285 0.99840 0.39360   75    1   25   75   75
   44  0.00057 0.17282 0.99991 0.92256 0.08471 0.99214 0.18461 0.86606 0.99974 0.98166 0.65929 0.99840 0.41113   75    1   25   75  100
   45  0.00312 0.20504 1.00000 0.96576 0.50319 0.98649 0.20561 0.79140 0.99995 0.80587 0.53450 0.99940 0.45330   75    1   25  100    1
   46  0.00356 0.20272 0.99989 0.94949 0.42786 0.98457 0.20219 0.81255 0.99966 0.90006 0.65237 0.99857 0.45580   75    1   25  100   25
   47  0.00295 0.19863 0.99999 0.95286 0.34922 0.98602 0.20173 0.80977 0.99988 0.99748 0.60965 0.99912 0.45663   75    1   25  100   50
   48  0.00259 0.19659 0.99974 0.95837 0.33578 0.98351 0.19792 0.79972 0.99943 0.99426 0.57761 0.99812 0.45893   75    1   25  100   75
   49  0.00389 0.20110 0.99999 0.96446 0.39459 0.98532 0.19893 0.82743 0.99988 0.98651 0.68690 0.99921 0.46245   75    1   25  100  100
   50  0.00001 0.12032 0.83650 0.01257 0.69325 0.99648 0.10835 0.96082 0.83978 0.61623 0.99863 0.85093 0.25090   75    1   50    1    1
   51  0.00001 0.12094 0.82273 0.01399 0.71873 0.99598 0.10869 0.96097 0.82643 0.74211 0.99981 0.84041 0.25003   75    1   50    1   25
   52  0.00001 0.12020 0.82187 0.01060 0.71433 0.99788 0.10805 0.95449 0.82560 0.71303 0.96350 0.83967 0.25427   75    1   50    1   50
   53  0.00003 0.12053 0.83906 0.02325 0.67996 0.99863 0.10863 0.96437 0.84227 0.90382 0.99492 0.85299 0.25302   75    1   50    1   75
   54  0.00002 0.11987 0.82341 0.02245 0.73536 0.99753 0.10788 0.93900 0.82709 0.73260 0.89239 0.84086 0.24827   75    1   50    1  100
   55  0.00005 0.12141 0.88105 0.05017 0.54010 0.99867 0.11628 0.97296 0.88298 0.82711 0.99999 0.88302 0.25885   75    1   50   25    1
   56  0.00005 0.12096 0.88834 0.04403 0.49044 0.99942 0.11691 0.98082 0.89006 0.94809 0.90955 0.88881 0.26170   75    1   50   25   25
   57  0.00003 0.12104 0.88925 0.05548 0.46719 0.99887 0.11742 0.96141 0.89094 0.49136 0.99334 0.89013 0.25778   75    1   50   25   50
   58  0.00004 0.12146 0.85333 0.03317 0.60016 0.99783 0.11392 0.96672 0.85609 0.96731 0.99218 0.86176 0.25107   75    1   50   25   75
   59  0.00003 0.12051 0.85399 0.02668 0.58878 0.99868 0.11163 0.97523 0.85673 0.85693 0.99895 0.86312 0.25558   75    1   50   25  100
   60  0.00007 0.12195 0.93435 0.08359 0.30021 0.99968 0.12483 0.99939 0.93479 0.96816 0.92622 0.92610 0.26083   75    1   50   50    1
   61  0.00009 0.12131 0.93552 0.09262 0.31759 0.99985 0.12432 0.99995 0.93593 0.99806 0.96633 0.92725 0.25490   75    1   50   50   25
   62  0.00009 0.12143 0.94169 0.11015 0.25867 0.99987 0.12528 0.99967 0.94195 0.97230 0.96386 0.93269 0.26015   75    1   50   50   50
   63  0.00008 0.12158 0.94454 0.09866 0.27368 0.99990 0.12666 0.99999 0.94473 0.94855 0.91110 0.93526 0.25795   75    1   50   50   75
   64  0.00009 0.12222 0.93770 0.10995 0.29886 0.99971 0.12631 0.99989 0.93805 0.99904 0.88582 0.92923 0.25340   75    1   50   50  100
   65  0.00013 0.12742 0.97544 0.22737 0.14527 0.99862 0.13611 0.96725 0.97496 0.99870 0.91763 0.96559 0.27520   75    1   50   75    1
   66  0.00016 0.12762 0.97784 0.32502 0.14164 0.99856 0.13800 0.95814 0.97733 0.98691 0.81090 0.96820 0.27795   75    1   50   75   25
   67  0.00016 0.12550 0.97050 0.23406 0.17407 0.99940 0.13400 0.97146 0.97012 0.99793 0.96053 0.96025 0.27960   75    1   50   75   50
   68  0.00016 0.12512 0.97492 0.26823 0.15781 0.99973 0.13524 0.97242 0.97448 0.96530 0.92970 0.96463 0.27628   75    1   50   75   75
   69  0.00012 0.12438 0.97273 0.21666 0.16147 0.99973 0.13293 0.97291 0.97231 0.99999 0.88097 0.96290 0.27305   75    1   50   75  100
   70  0.00015 0.13628 0.99088 0.52462 0.06900 0.99594 0.14778 0.89846 0.99025 0.99983 0.71960 0.98400 0.32522   75    1   50  100    1
   71  0.00016 0.13571 0.98824 0.46635 0.09382 0.99565 0.14577 0.88975 0.98760 0.99989 0.72447 0.98061 0.30535   75    1   50  100   25
   72  0.00019 0.13507 0.98665 0.59615 0.10011 0.99501 0.14285 0.90119 0.98600 0.99365 0.63211 0.97921 0.30570   75    1   50  100   50
   73  0.00019 0.13389 0.98678 0.45413 0.11580 0.99600 0.14348 0.89145 0.98615 0.99673 0.68387 0.97899 0.31805   75    1   50  100   75
   74  0.00021 0.13412 0.98585 0.49038 0.10647 0.99580 0.14330 0.90280 0.98522 0.99970 0.80748 0.97779 0.31003   75    1   50  100  100
   75  0.00000 0.11945 0.67088 0.00000 0.92943 0.95948 0.09208 0.87518 0.67938 0.70730 0.85204 0.73447 0.24993   75    1   75    1    1
   76  0.00000 0.11926 0.67423 0.00048 0.92658 0.96777 0.09198 0.87237 0.68265 0.70939 0.93116 0.73700 0.24315   75    1   75    1   25
   77  0.00000 0.11988 0.65584 0.00077 0.94287 0.93588 0.09180 0.83450 0.66481 0.56256 0.93573 0.72369 0.24647   75    1   75    1   50
   78  0.00000 0.11897 0.65862 0.01388 0.94369 0.94858 0.09012 0.84823 0.66758 0.47905 0.95123 0.72610 0.24665   75    1   75    1   75
   79  0.00000 0.11996 0.66524 0.00209 0.93659 0.95391 0.09216 0.84708 0.67394 0.50710 0.94054 0.73048 0.24015   75    1   75    1  100
   80  0.00002 0.11969 0.69248 0.02647 0.90218 0.97501 0.09638 0.89812 0.70016 0.85820 0.89028 0.74857 0.24643   75    1   75   25    1
   81  0.00001 0.11921 0.72389 0.02273 0.86714 0.98642 0.09755 0.90571 0.73064 0.75867 0.91186 0.77091 0.24240   75    1   75   25   25
   82  0.00001 0.12021 0.68790 0.02605 0.90890 0.95766 0.09658 0.86390 0.69573 0.73414 0.91480 0.74533 0.25027   75    1   75   25   50
   83  0.00002 0.11958 0.71352 0.02461 0.87162 0.98434 0.09653 0.89562 0.72064 0.87857 0.96772 0.76400 0.25770   75    1   75   25   75
   84  0.00002 0.11914 0.71023 0.03849 0.87742 0.98905 0.09558 0.88447 0.71746 0.58419 0.98308 0.76199 0.25258   75    1   75   25  100
   85  0.00008 0.12027 0.78491 0.10543 0.72566 0.99295 0.10419 0.94316 0.78979 0.72586 0.97423 0.81354 0.25155   75    1   75   50    1
   86  0.00010 0.12028 0.79234 0.11401 0.71087 0.99324 0.10428 0.94299 0.79700 0.81710 0.98903 0.81926 0.25122   75    1   75   50   25
   87  0.00007 0.12027 0.78682 0.07614 0.73722 0.99199 0.10436 0.94293 0.79164 0.76675 0.99988 0.81486 0.26338   75    1   75   50   50
   88  0.00013 0.11978 0.78999 0.12838 0.70584 0.99445 0.10393 0.94974 0.79472 0.95286 0.97284 0.81756 0.24950   75    1   75   50   75
   89  0.00010 0.12018 0.79542 0.09776 0.70185 0.99409 0.10301 0.94434 0.80001 0.91678 0.99956 0.82240 0.25660   75    1   75   50  100
   90  0.00019 0.12040 0.87344 0.17019 0.49563 0.99802 0.11161 0.99295 0.87559 0.99842 0.99585 0.87899 0.25502   75    1   75   75    1
   91  0.00016 0.12004 0.87510 0.15653 0.49443 0.99832 0.11012 0.99451 0.87720 0.98042 0.92399 0.88110 0.25113   75    1   75   75   25
   92  0.00017 0.12060 0.88505 0.16523 0.45458 0.99828 0.11053 0.99104 0.88685 0.97732 0.99293 0.88920 0.25668   75    1   75   75   50
   93  0.00016 0.12154 0.87236 0.16337 0.47022 0.99671 0.11077 0.99109 0.87455 0.91715 0.98396 0.87914 0.25738   75    1   75   75   75
   94  0.00016 0.12030 0.86292 0.14803 0.52868 0.99819 0.10857 0.98606 0.86539 0.93086 0.99961 0.87201 0.26417   75    1   75   75  100
   95  0.00029 0.12090 0.94733 0.35212 0.30376 0.99950 0.11804 0.97642 0.94741 0.99978 0.88475 0.94134 0.26077   75    1   75  100    1
   96  0.00024 0.12140 0.95100 0.30964 0.28137 0.99951 0.11964 0.97827 0.95099 0.99892 0.89372 0.94437 0.25918   75    1   75  100   25
   97  0.00028 0.12137 0.94971 0.36359 0.27762 0.99962 0.11905 0.97824 0.94973 0.99014 0.89038 0.94345 0.26105   75    1   75  100   50
   98  0.00029 0.12163 0.94609 0.34471 0.32113 0.99882 0.11761 0.98218 0.94618 0.98377 0.86677 0.94076 0.26357   75    1   75  100   75
   99  0.00027 0.12102 0.94284 0.28464 0.34486 0.99947 0.11702 0.98094 0.94301 0.99712 0.90477 0.93772 0.25875   75    1   75  100  100
  100  0.00000 0.11920 0.67371 0.00661 0.93223 0.95764 0.08890 0.86880 0.68242 0.33483 0.87127 0.73798 0.24127   75    1  100    1    1
  101  0.00000 0.11942 0.66770 0.00059 0.94307 0.92968 0.08796 0.83153 0.67669 0.65546 0.85579 0.73395 0.24498   75    1  100    1   25
  102  0.00001 0.11890 0.65846 0.02709 0.94589 0.95365 0.08702 0.85759 0.66775 0.67935 0.71815 0.72727 0.24172   75    1  100    1   50
  103  0.00000 0.11941 0.65305 0.01055 0.94090 0.92907 0.08685 0.84521 0.66257 0.60751 0.92489 0.72358 0.24262   75    1  100    1   75
  104  0.00001 0.11932 0.64652 0.01882 0.95436 0.92599 0.08691 0.84036 0.65618 0.56223 0.92919 0.71849 0.24065   75    1  100    1  100
  105  0.00002 0.11880 0.71494 0.03797 0.86881 0.98753 0.09205 0.89601 0.72223 0.50387 0.94524 0.76714 0.24938   75    1  100   25    1
  106  0.00001 0.11950 0.70478 0.01670 0.90163 0.96299 0.09180 0.90698 0.71242 0.75433 0.89327 0.75997 0.24575   75    1  100   25   25
  107  0.00002 0.11926 0.71990 0.02621 0.86252 0.98512 0.09219 0.89410 0.72707 0.73432 0.99996 0.77097 0.25203   75    1  100   25   50
  108  0.00001 0.11944 0.70758 0.01761 0.88580 0.96797 0.09229 0.87851 0.71511 0.80373 0.76978 0.76198 0.25142   75    1  100   25   75
  109  0.00001 0.11949 0.69803 0.01591 0.88847 0.97398 0.09128 0.87255 0.70591 0.78490 0.94997 0.75525 0.25040   75    1  100   25  100
  110  0.00010 0.11993 0.79355 0.11960 0.69215 0.99418 0.09858 0.93631 0.79828 0.87577 0.95808 0.82339 0.24483   75    1  100   50    1
  111  0.00013 0.12018 0.80020 0.13959 0.66324 0.99428 0.09949 0.95164 0.80471 0.92402 0.97679 0.82802 0.25230   75    1  100   50   25
  112  0.00007 0.12025 0.77558 0.08459 0.75822 0.98815 0.09862 0.94013 0.78088 0.84946 0.96109 0.80976 0.25390   75    1  100   50   50
  113  0.00006 0.12058 0.75220 0.07477 0.80072 0.98312 0.09708 0.91732 0.75827 0.86399 0.99980 0.79310 0.24913   75    1  100   50   75
  114  0.00009 0.11962 0.77834 0.10948 0.71321 0.99157 0.09673 0.94128 0.78358 0.91688 0.99146 0.81287 0.24905   75    1  100   50  100
  115  0.00013 0.12034 0.86247 0.13544 0.51474 0.99818 0.10451 0.98276 0.86496 0.91317 0.99789 0.87445 0.24823   75    1  100   75    1
  116  0.00016 0.12042 0.86830 0.16667 0.48379 0.99787 0.10388 0.98881 0.87061 0.98130 0.99360 0.87949 0.24027   75    1  100   75   25
  117  0.00015 0.12044 0.87871 0.19467 0.42139 0.99900 0.10630 0.98875 0.88069 0.81722 0.99543 0.88674 0.25190   75    1  100   75   50
  118  0.00013 0.12071 0.85968 0.17864 0.48692 0.99722 0.10316 0.97808 0.86227 0.75273 0.99939 0.87299 0.24978   75    1  100   75   75
  119  0.00015 0.12060 0.85449 0.16436 0.50901 0.99751 0.10352 0.97192 0.85724 0.92921 0.99268 0.86881 0.25700   75    1  100   75  100
  120  0.00028 0.12157 0.93646 0.38157 0.29827 0.99904 0.11074 0.99211 0.93674 0.97217 0.94365 0.93518 0.24915   75    1  100  100    1
  121  0.00026 0.12100 0.92964 0.31955 0.32700 0.99936 0.10960 0.99732 0.93011 0.90748 0.98133 0.92928 0.25817   75    1  100  100   25
  122  0.00027 0.12107 0.94977 0.35399 0.26775 0.99957 0.11312 0.98741 0.94973 0.99909 0.97123 0.94655 0.25325   75    1  100  100   50
  123  0.00027 0.12132 0.93870 0.36625 0.29068 0.99935 0.11097 0.99303 0.93892 0.90456 0.99172 0.93714 0.25605   75    1  100  100   75
  124  0.00033 0.12160 0.92016 0.37458 0.35802 0.99830 0.10843 0.99850 0.92089 0.96204 0.95741 0.92157 0.26225   75    1  100  100  100
  125  0.01241 0.31319 0.96264 0.98617 0.99059 0.90171 0.14084 0.93124 0.96001 0.72839 0.96780 0.96873 0.54333   75   25    1    1    1
  126  0.01530 0.31396 0.96325 0.98669 0.99287 0.84037 0.14103 0.91677 0.96061 0.96339 0.98623 0.96916 0.53733   75   25    1    1   25
  127  0.00537 0.30565 0.96275 0.98480 0.97769 0.92098 0.14298 0.85653 0.96018 0.33373 0.99990 0.96907 0.54110   75   25    1    1   50
  128  0.01592 0.30433 0.95868 0.98330 0.99449 0.92098 0.14109 0.90139 0.95621 0.95839 0.99886 0.96593 0.53887   75   25    1    1   75
  129  0.00916 0.30134 0.95896 0.98354 0.98776 0.92098 0.14106 0.87506 0.95649 0.58398 0.99746 0.96637 0.53328   75   25    1    1  100
  130  0.01197 0.32769 0.96410 0.98828 0.99913 0.99765 0.14889 0.92441 0.96141 0.54998 0.99990 0.96857 0.54575   75   25    1   25    1
  131  0.01480 0.32364 0.96411 0.98738 0.99954 0.99765 0.14871 0.91574 0.96148 0.68431 0.99937 0.96833 0.55560   75   25    1   25   25
  132  0.01070 0.31903 0.96283 0.98631 0.99994 0.89393 0.14896 0.93079 0.96023 0.56503 0.99977 0.96786 0.54265   75   25    1   25   50
  133  0.01047 0.31322 0.95961 0.98462 0.99982 0.87583 0.14872 0.91904 0.95713 0.58972 0.99494 0.96525 0.54548   75   25    1   25   75
  134  0.00797 0.31167 0.95967 0.98496 0.99979 0.87583 0.14780 0.92358 0.95717 0.44971 0.99418 0.96577 0.54740   75   25    1   25  100
  135  0.02190 0.35022 0.97640 0.99499 0.97207 0.99765 0.15878 0.99765 0.97336 0.80638 0.97475 0.97908 0.55932   75   25    1   50    1
  136  0.02093 0.34877 0.97920 0.99645 0.95848 0.99765 0.16039 0.99999 0.97619 0.75832 0.97229 0.98151 0.56767   75   25    1   50   25
  137  0.02034 0.33808 0.97498 0.99450 0.97458 0.99559 0.15838 0.99988 0.97203 0.77935 0.98252 0.97810 0.55467   75   25    1   50   50
  138  0.01930 0.33815 0.97201 0.99277 0.97971 0.96282 0.15830 0.99661 0.96908 0.77669 0.98458 0.97562 0.54967   75   25    1   50   75
  139  0.01869 0.33241 0.97460 0.99405 0.97925 0.99559 0.15667 0.99069 0.97166 0.73505 0.97421 0.97825 0.56337   75   25    1   50  100
  140  0.02951 0.38986 0.98289 0.99858 0.90167 0.99765 0.16716 0.98003 0.97946 0.91832 0.99674 0.98564 0.59228   75   25    1   75    1
  141  0.02914 0.38634 0.98279 0.99847 0.91543 0.99765 0.16556 0.97902 0.97939 0.96184 0.95387 0.98550 0.58643   75   25    1   75   25
  142  0.02599 0.38003 0.98100 0.99736 0.91841 0.99765 0.16890 0.97929 0.97764 0.85970 0.96639 0.98376 0.57732   75   25    1   75   50
  143  0.02269 0.36655 0.98165 0.99794 0.92101 0.99765 0.16630 0.97813 0.97840 0.79821 0.95101 0.98461 0.57828   75   25    1   75   75
  144  0.02179 0.36374 0.97833 0.99651 0.92370 0.96282 0.16360 0.99699 0.97507 0.76845 0.98837 0.98169 0.58260   75   25    1   75  100
  145  0.02141 0.43395 0.97683 0.99642 0.87961 0.99765 0.17631 0.97860 0.97284 0.69618 0.84138 0.98072 0.59900   75   25    1  100    1
  146  0.03121 0.43532 0.97791 0.99674 0.88725 0.99765 0.17678 0.98450 0.97392 0.82660 0.98809 0.98153 0.61155   75   25    1  100   25
  147  0.02942 0.42062 0.97958 0.99754 0.86345 0.99765 0.17204 0.97875 0.97570 0.85863 0.98719 0.98339 0.60665   75   25    1  100   50
  148  0.03061 0.41269 0.97993 0.99734 0.89800 0.99765 0.17480 0.98173 0.97612 0.87372 0.97970 0.98378 0.60055   75   25    1  100   75
  149  0.03045 0.40769 0.97854 0.99716 0.85384 0.94691 0.17554 0.98949 0.97472 0.97779 0.96125 0.98291 0.60525   75   25    1  100  100
  150  0.00020 0.12195 0.75143 0.17936 0.91547 0.98200 0.09369 0.95017 0.75762 0.95518 0.99887 0.79367 0.25985   75   25   25    1    1
  151  0.00010 0.12220 0.75028 0.19894 0.91685 0.96721 0.09398 0.93792 0.75652 0.45250 0.99405 0.79293 0.25590   75   25   25    1   25
  152  0.00014 0.12190 0.74797 0.18396 0.92419 0.97133 0.09321 0.92494 0.75430 0.71699 0.96746 0.79150 0.26070   75   25   25    1   50
  153  0.00018 0.12219 0.73896 0.19161 0.92401 0.97243 0.09234 0.90875 0.74563 0.95928 0.96452 0.78520 0.25885   75   25   25    1   75
  154  0.00015 0.12222 0.74144 0.16995 0.92291 0.97996 0.09147 0.92785 0.74804 0.80359 0.99429 0.78729 0.26085   75   25   25    1  100
  155  0.00002 0.12232 0.79045 0.03072 0.87239 0.98513 0.09975 0.91104 0.79526 0.61862 0.99920 0.81982 0.25480   75   25   25   25    1
  156  0.00002 0.12246 0.79324 0.02129 0.85584 0.99353 0.09993 0.92521 0.79796 0.69996 0.99099 0.82163 0.26287   75   25   25   25   25
  157  0.00002 0.12246 0.78649 0.02568 0.85780 0.98895 0.09924 0.91012 0.79143 0.74968 0.98440 0.81698 0.25868   75   25   25   25   50
  158  0.00006 0.12242 0.77154 0.06780 0.88409 0.98424 0.09680 0.90291 0.77702 0.72848 0.99463 0.80715 0.25910   75   25   25   25   75
  159  0.00005 0.12214 0.77504 0.05432 0.87684 0.98712 0.09641 0.90705 0.78040 0.77410 0.99148 0.80994 0.25855   75   25   25   25  100
  160  0.00000 0.12326 0.85126 0.00249 0.71581 0.99523 0.10566 0.95962 0.85411 0.75838 0.99489 0.86373 0.25755   75   25   25   50    1
  161  0.00000 0.12335 0.85596 0.00003 0.71022 0.99561 0.10665 0.96608 0.85866 0.79986 0.99989 0.86665 0.26068   75   25   25   50   25
  162  0.00000 0.12271 0.85222 0.00198 0.72307 0.99596 0.10476 0.96228 0.85504 0.76876 0.99903 0.86450 0.24688   75   25   25   50   50
  163  0.00000 0.12334 0.84160 0.00178 0.76059 0.99364 0.10441 0.94999 0.84476 0.76181 0.99998 0.85703 0.26333   75   25   25   50   75
  164  0.00000 0.12316 0.84389 0.00232 0.73396 0.99465 0.10313 0.94385 0.84698 0.85969 0.99772 0.85909 0.25455   75   25   25   50  100
  165  0.00001 0.12354 0.92893 0.00598 0.48898 0.99909 0.11347 0.99938 0.92945 0.86931 0.96034 0.92482 0.26087   75   25   25   75    1
  166  0.00001 0.12424 0.92198 0.01001 0.52149 0.99805 0.11423 1.00000 0.92269 0.86849 0.97505 0.91851 0.26098   75   25   25   75   25
  167  0.00001 0.12348 0.91533 0.00405 0.52726 0.99894 0.11300 0.99955 0.91623 0.95166 0.99875 0.91350 0.26620   75   25   25   75   50
  168  0.00001 0.12330 0.92079 0.00459 0.49332 0.99922 0.11130 0.99885 0.92153 0.87132 0.97973 0.91872 0.26650   75   25   25   75   75
  169  0.00000 0.12366 0.91687 0.00355 0.54329 0.99829 0.11193 0.99925 0.91772 0.87522 0.98647 0.91541 0.25625   75   25   25   75  100
  170  0.00013 0.12891 0.96828 0.11327 0.33798 0.99793 0.12227 0.94461 0.96786 0.97616 0.90244 0.96083 0.28537   75   25   25  100    1
  171  0.00009 0.12782 0.96635 0.07675 0.38829 0.99792 0.12042 0.94743 0.96596 0.96847 0.89553 0.95931 0.27990   75   25   25  100   25
  172  0.00010 0.12778 0.96831 0.08629 0.36122 0.99866 0.12037 0.95293 0.96788 0.96574 0.88087 0.96135 0.28205   75   25   25  100   50
  173  0.00007 0.12766 0.96565 0.06159 0.35094 0.99828 0.11878 0.96043 0.96526 0.96592 0.88963 0.95923 0.28488   75   25   25  100   75
  174  0.00007 0.12749 0.96225 0.06037 0.36321 0.99859 0.11723 0.96967 0.96192 0.93115 0.91187 0.95624 0.28168   75   25   25  100  100
  175  0.00003 0.11972 0.55678 0.67703 0.99169 0.34086 0.07693 0.75243 0.57163 0.42417 0.91781 0.65154 0.24530   75   25   50    1    1
  176  0.00003 0.11948 0.55647 0.68019 0.99202 0.32201 0.07694 0.75220 0.57123 0.42510 0.92681 0.65130 0.24303   75   25   50    1   25
  177  0.00003 0.11928 0.55623 0.67950 0.99221 0.32595 0.07637 0.75257 0.57127 0.42603 0.92439 0.65111 0.25148   75   25   50    1   50
  178  0.00003 0.11930 0.55674 0.68124 0.99188 0.34190 0.07651 0.75283 0.57175 0.42578 0.92226 0.65152 0.24805   75   25   50    1   75
  179  0.00003 0.11978 0.55700 0.68174 0.99202 0.32299 0.07593 0.75271 0.57268 0.42810 0.92343 0.65175 0.25488   75   25   50    1  100
  180  0.00003 0.11942 0.55681 0.68089 0.99223 0.31390 0.07985 0.75446 0.57006 0.42911 0.92385 0.65151 0.24540   75   25   50   25    1
  181  0.00004 0.11947 0.56050 0.69717 0.99163 0.34761 0.07975 0.75853 0.57380 0.44560 0.92330 0.65442 0.24720   75   25   50   25   25
  182  0.00003 0.11965 0.55688 0.68346 0.99202 0.33075 0.07952 0.75414 0.57039 0.42924 0.92346 0.65158 0.24575   75   25   50   25   50
  183  0.00003 0.11983 0.55703 0.68147 0.99213 0.31958 0.07899 0.75351 0.57078 0.42448 0.92251 0.65171 0.25003   75   25   50   25   75
  184  0.00003 0.11950 0.55673 0.68214 0.99222 0.31254 0.07882 0.75405 0.57053 0.42802 0.92356 0.65147 0.25075   75   25   50   25  100
  185  0.00014 0.11975 0.59466 0.87828 0.98095 0.72356 0.08399 0.79352 0.60602 0.48583 0.94500 0.68015 0.25148   75   25   50   50    1
  186  0.00012 0.12037 0.59026 0.84090 0.98438 0.61474 0.08426 0.79300 0.60182 0.49133 0.93048 0.67686 0.25830   75   25   50   50   25
  187  0.00010 0.11982 0.58253 0.81468 0.98607 0.62243 0.08324 0.77927 0.59429 0.48918 0.92489 0.67106 0.25348   75   25   50   50   50
  188  0.00012 0.11984 0.58734 0.85772 0.98353 0.66854 0.08355 0.78365 0.59898 0.49917 0.93482 0.67469 0.25020   75   25   50   50   75
  189  0.00007 0.11961 0.57561 0.77094 0.98749 0.54661 0.08256 0.77346 0.58767 0.44986 0.93200 0.66585 0.24213   75   25   50   50  100
  190  0.00042 0.12045 0.65890 0.94917 0.94146 0.92847 0.08916 0.85588 0.66801 0.67927 0.96291 0.72675 0.26085   75   25   50   75    1
  191  0.00038 0.12089 0.66012 0.96055 0.94576 0.90194 0.08910 0.85287 0.66922 0.61910 0.96063 0.72773 0.26653   75   25   50   75   25
  192  0.00031 0.12015 0.64272 0.99817 0.95526 0.88523 0.08790 0.84257 0.65233 0.56749 0.96268 0.71508 0.25250   75   25   50   75   50
  193  0.00036 0.12000 0.65002 0.96113 0.95278 0.91628 0.08746 0.84384 0.65948 0.65911 0.94199 0.72060 0.25440   75   25   50   75   75
  194  0.00028 0.12011 0.64183 0.96961 0.95721 0.89696 0.08756 0.83560 0.65154 0.54569 0.95537 0.71462 0.24255   75   25   50   75  100
  195  0.00023 0.12052 0.76689 0.29568 0.82059 0.98331 0.09379 0.94566 0.77257 0.74663 0.99407 0.80517 0.26013   75   25   50  100    1
  196  0.00039 0.12073 0.75856 0.52554 0.83310 0.98068 0.09281 0.94369 0.76453 0.72170 0.99366 0.79940 0.25842   75   25   50  100   25
  197  0.00022 0.12065 0.75310 0.28703 0.84367 0.97420 0.09351 0.93416 0.75921 0.75626 0.99144 0.79483 0.25872   75   25   50  100   50
  198  0.00027 0.12091 0.75007 0.32810 0.83973 0.97504 0.09350 0.93276 0.75630 0.80176 0.98562 0.79309 0.26478   75   25   50  100   75
  199  0.00033 0.12120 0.73200 0.50235 0.88274 0.96351 0.09230 0.91772 0.73885 0.68922 0.98290 0.77999 0.25953   75   25   50  100  100
  200  0.00002 0.11815 0.55620 0.67496 0.99212 0.32287 0.07109 0.75189 0.57763 0.42598 0.76203 0.65118 0.24033   75   25   75    1    1
  201  0.00003 0.11806 0.55639 0.67667 0.99198 0.32665 0.07089 0.75067 0.57803 0.42299 0.87912 0.65134 0.24983   75   25   75    1   25
  202  0.00003 0.11827 0.55669 0.67726 0.99207 0.32077 0.07120 0.75231 0.57796 0.42190 0.90981 0.65161 0.24377   75   25   75    1   50
  203  0.00003 0.11806 0.55634 0.67715 0.99202 0.32054 0.07064 0.75233 0.57883 0.42988 0.91436 0.65131 0.24352   75   25   75    1   75
  204  0.00003 0.11820 0.55633 0.67712 0.99248 0.29588 0.07039 0.75252 0.57957 0.43791 0.92000 0.65131 0.23837   75   25   75    1  100
  205  0.00003 0.11855 0.55596 0.67663 0.99218 0.31555 0.07304 0.75326 0.57405 0.42642 0.92391 0.65094 0.25027   75   25   75   25    1
  206  0.00003 0.11832 0.55579 0.67533 0.99208 0.31844 0.07300 0.75332 0.57370 0.42862 0.92337 0.65079 0.24852   75   25   75   25   25
  207  0.00003 0.11826 0.55607 0.67526 0.99206 0.32319 0.07269 0.75313 0.57446 0.42506 0.92464 0.65104 0.24618   75   25   75   25   50
  208  0.00003 0.11848 0.55595 0.67409 0.99186 0.33313 0.07274 0.75315 0.57455 0.42847 0.92338 0.65094 0.24605   75   25   75   25   75
  209  0.00003 0.11838 0.55599 0.67476 0.99243 0.30086 0.07256 0.75325 0.57467 0.42625 0.92212 0.65097 0.25107   75   25   75   25  100
  210  0.00003 0.11914 0.55568 0.67671 0.99207 0.32175 0.07607 0.75401 0.57103 0.42731 0.92405 0.65067 0.25525   75   25   75   50    1
  211  0.00003 0.11940 0.55572 0.67576 0.99262 0.29313 0.07619 0.75424 0.57116 0.42869 0.92437 0.65071 0.24415   75   25   75   50   25
  212  0.00003 0.11860 0.55569 0.67779 0.99227 0.30845 0.07575 0.75410 0.57093 0.42652 0.92361 0.65068 0.24670   75   25   75   50   50
  213  0.00003 0.11829 0.55549 0.67502 0.99219 0.32433 0.07501 0.75403 0.57124 0.42705 0.92347 0.65052 0.24080   75   25   75   50   75
  214  0.00003 0.11867 0.55585 0.67741 0.99250 0.29515 0.07521 0.75432 0.57156 0.42583 0.92413 0.65081 0.24387   75   25   75   50  100
  215  0.00003 0.11944 0.55592 0.67714 0.99198 0.32145 0.07929 0.75447 0.56947 0.42545 0.92416 0.65082 0.24422   75   25   75   75    1
  216  0.00003 0.11971 0.55612 0.67501 0.99145 0.33449 0.07919 0.75484 0.56978 0.42679 0.92364 0.65099 0.25670   75   25   75   75   25
  217  0.00003 0.11885 0.55572 0.67672 0.99232 0.30148 0.07813 0.75457 0.56954 0.42741 0.92365 0.65067 0.25278   75   25   75   75   50
  218  0.00003 0.11919 0.55564 0.67876 0.99232 0.30448 0.07832 0.75425 0.56955 0.42830 0.92350 0.65061 0.25223   75   25   75   75   75
  219  0.00003 0.11954 0.55600 0.67810 0.99226 0.30451 0.07844 0.75456 0.56992 0.42972 0.92350 0.65089 0.24923   75   25   75   75  100
  220  0.00009 0.11949 0.58795 0.77712 0.98418 0.58672 0.08105 0.78893 0.60011 0.50130 0.92330 0.67555 0.24962   75   25   75  100    1
  221  0.00014 0.11907 0.59908 0.82128 0.97502 0.77585 0.08161 0.79642 0.61075 0.50768 0.93570 0.68396 0.24050   75   25   75  100   25
  222  0.00010 0.11890 0.59196 0.76847 0.97890 0.69205 0.08080 0.79120 0.60400 0.47016 0.93139 0.67867 0.24725   75   25   75  100   50
  223  0.00015 0.11900 0.60107 0.87716 0.97447 0.77253 0.08168 0.79652 0.61269 0.49836 0.93066 0.68550 0.25105   75   25   75  100   75
  224  0.00011 0.11878 0.59207 0.81756 0.98036 0.72179 0.08061 0.78805 0.60414 0.46585 0.93352 0.67879 0.23900   75   25   75  100  100
  225  0.00003 0.11873 0.55691 0.67935 0.99256 0.30203 0.06992 0.75277 0.58404 0.42793 0.92997 0.65185 0.25065   75   25  100    1    1
  226  0.00003 0.11843 0.55668 0.67540 0.99169 0.32217 0.06979 0.75170 0.58364 0.41796 0.92619 0.65165 0.24712   75   25  100    1   25
  227  0.00003 0.11826 0.55681 0.67554 0.99228 0.30635 0.06978 0.74948 0.58322 0.42613 0.91705 0.65176 0.24672   75   25  100    1   50
  228  0.00003 0.11777 0.55691 0.67654 0.99166 0.33537 0.06899 0.75036 0.58512 0.42785 0.92308 0.65186 0.24582   75   25  100    1   75
  229  0.00002 0.11869 0.55666 0.67375 0.99285 0.28345 0.06963 0.75162 0.58467 0.42835 0.91164 0.65164 0.24540   75   25  100    1  100
  230  0.00003 0.11849 0.55619 0.67509 0.99231 0.30037 0.07083 0.75366 0.57899 0.42518 0.92400 0.65119 0.24130   75   25  100   25    1
  231  0.00003 0.11859 0.55617 0.67497 0.99248 0.30011 0.07100 0.75360 0.57850 0.42604 0.92346 0.65117 0.24690   75   25  100   25   25
  232  0.00003 0.11895 0.55697 0.67677 0.99187 0.32504 0.07101 0.75372 0.58026 0.43162 0.92217 0.65187 0.24240   75   25  100   25   50
  233  0.00003 0.11879 0.55638 0.67601 0.99232 0.30280 0.07111 0.75362 0.57890 0.42888 0.92485 0.65135 0.24582   75   25  100   25   75
  234  0.00003 0.11833 0.55644 0.67654 0.99199 0.31818 0.07058 0.75327 0.57958 0.42204 0.92344 0.65140 0.24142   75   25  100   25  100
  235  0.00003 0.11859 0.55591 0.67374 0.99236 0.30394 0.07372 0.75389 0.57315 0.42643 0.92276 0.65089 0.24747   75   25  100   50    1
  236  0.00003 0.11882 0.55582 0.67406 0.99281 0.28358 0.07395 0.75415 0.57296 0.42618 0.92416 0.65081 0.24757   75   25  100   50   25
  237  0.00003 0.11861 0.55541 0.67228 0.99199 0.32072 0.07320 0.75409 0.57343 0.42714 0.92469 0.65048 0.24610   75   25  100   50   50
  238  0.00003 0.11884 0.55543 0.67590 0.99210 0.31502 0.07372 0.75422 0.57298 0.42795 0.92370 0.65049 0.25063   75   25  100   50   75
  239  0.00003 0.11853 0.55557 0.67607 0.99234 0.30880 0.07261 0.75422 0.57441 0.42690 0.92445 0.65061 0.24840   75   25  100   50  100
  240  0.00003 0.11903 0.55562 0.67767 0.99179 0.33128 0.07608 0.75444 0.57081 0.42754 0.92339 0.65062 0.25142   75   25  100   75    1
  241  0.00003 0.11894 0.55581 0.67671 0.99256 0.29475 0.07653 0.75453 0.57063 0.42638 0.92366 0.65077 0.24530   75   25  100   75   25
  242  0.00003 0.11887 0.55568 0.67669 0.99262 0.29353 0.07578 0.75430 0.57104 0.42695 0.92428 0.65067 0.25343   75   25  100   75   50
  243  0.00003 0.11865 0.55549 0.67895 0.99215 0.31581 0.07563 0.75440 0.57091 0.42564 0.92394 0.65052 0.24567   75   25  100   75   75
  244  0.00003 0.11902 0.55567 0.67618 0.99215 0.31882 0.07573 0.75440 0.57123 0.42794 0.92339 0.65066 0.24618   75   25  100   75  100
  245  0.00008 0.11914 0.58259 0.72446 0.98176 0.59897 0.07822 0.78006 0.59594 0.49357 0.93006 0.67201 0.25185   75   25  100  100    1
  246  0.00006 0.12000 0.57427 0.72275 0.98601 0.50115 0.07819 0.77235 0.58813 0.45858 0.92734 0.66547 0.25390   75   25  100  100   25
  247  0.00010 0.11939 0.58761 0.77865 0.97945 0.67253 0.07880 0.78327 0.60067 0.46650 0.93315 0.67587 0.25133   75   25  100  100   50
  248  0.00010 0.11927 0.58672 0.78546 0.97882 0.65503 0.07866 0.78332 0.59982 0.48405 0.93208 0.67517 0.25060   75   25  100  100   75
  249  0.00007 0.11914 0.57828 0.74855 0.98463 0.59312 0.07783 0.77438 0.59194 0.45609 0.92863 0.66864 0.24285   75   25  100  100  100
  250  0.00027 0.24484 0.95215 0.96813 0.10801 0.94691 0.12330 0.90738 0.95048 0.23628 0.97627 0.96019 0.49465   75   50    1    1    1
  251  0.00074 0.24523 0.95099 0.96829 0.15349 0.94161 0.12446 0.91516 0.94937 0.45909 0.99106 0.95897 0.47952   75   50    1    1   25
  252  0.00010 0.24073 0.95098 0.96726 0.09285 0.95577 0.12374 0.90025 0.94938 0.10914 1.00000 0.95937 0.48118   75   50    1    1   50
  253  0.00047 0.23744 0.94938 0.96625 0.06026 0.95577 0.12173 0.95329 0.94781 0.73491 0.99999 0.95887 0.48315   75   50    1    1   75
  254  0.00025 0.23733 0.94645 0.96421 0.10021 0.92098 0.12097 0.87694 0.94497 0.27628 0.98492 0.95667 0.47837   75   50    1    1  100
  255  0.00261 0.25015 0.95045 0.96753 0.32466 0.92878 0.12920 0.92675 0.94892 0.72151 0.96898 0.95672 0.49553   75   50    1   25    1
  256  0.00152 0.25015 0.95594 0.97189 0.27208 0.94161 0.12846 0.92435 0.95424 0.50024 0.95622 0.96133 0.48850   75   50    1   25   25
  257  0.00122 0.24638 0.94898 0.96694 0.27294 0.94691 0.12967 0.93823 0.94748 0.38996 0.99990 0.95622 0.48740   75   50    1   25   50
  258  0.00219 0.24492 0.94985 0.96790 0.31769 0.95898 0.12893 0.92236 0.94829 0.61115 0.99842 0.95773 0.48542   75   50    1   25   75
  259  0.00056 0.24365 0.94860 0.96760 0.27091 0.92796 0.12757 0.90620 0.94710 0.19681 0.99393 0.95676 0.48290   75   50    1   25  100
  260  0.00741 0.26557 0.96727 0.98405 0.79518 0.90171 0.13817 0.97990 0.96519 0.64047 0.99951 0.97051 0.50380   75   50    1   50    1
  261  0.00692 0.26769 0.96493 0.98216 0.75257 0.92098 0.13780 0.98789 0.96288 0.61151 0.99794 0.96835 0.50840   75   50    1   50   25
  262  0.00646 0.25987 0.96275 0.97952 0.69787 0.92098 0.13798 0.98177 0.96082 0.64770 0.99560 0.96663 0.50577   75   50    1   50   50
  263  0.00681 0.26056 0.96286 0.98031 0.77830 0.91203 0.13753 0.97374 0.96086 0.61812 0.99971 0.96746 0.50738   75   50    1   50   75
  264  0.00608 0.25748 0.96181 0.98047 0.67748 0.92098 0.13530 0.97559 0.95985 0.65091 0.99926 0.96686 0.50360   75   50    1   50  100
  265  0.01576 0.29052 0.97790 0.99405 0.97889 0.96850 0.14498 0.98606 0.97546 0.83951 0.95700 0.98017 0.53590   75   50    1   75    1
  266  0.01670 0.28748 0.97757 0.99314 0.98453 0.95070 0.14509 0.97997 0.97516 0.91453 0.96684 0.97983 0.53207   75   50    1   75   25
  267  0.01261 0.28144 0.97777 0.99349 0.98142 0.89847 0.14540 0.98732 0.97539 0.75124 0.95306 0.98037 0.53223   75   50    1   75   50
  268  0.01349 0.27703 0.97503 0.99163 0.95046 0.87583 0.14499 0.99627 0.97266 0.84670 0.99932 0.97835 0.52022   75   50    1   75   75
  269  0.01459 0.27681 0.97568 0.99225 0.95702 0.92098 0.14416 0.99476 0.97329 0.89005 0.97095 0.97914 0.52318   75   50    1   75  100
  270  0.02014 0.31841 0.98070 0.99626 0.99022 0.96282 0.15296 0.95630 0.97794 0.89408 0.97178 0.98332 0.55545   75   50    1  100    1
  271  0.01831 0.32038 0.98131 0.99666 0.97973 0.95577 0.15456 0.95570 0.97854 0.83578 0.93933 0.98392 0.55897   75   50    1  100   25
  272  0.01817 0.30796 0.97946 0.99557 0.99780 0.96282 0.15224 0.95876 0.97676 0.85702 0.96411 0.98255 0.54410   75   50    1  100   50
  273  0.01688 0.30439 0.97796 0.99404 1.00000 0.86684 0.15360 0.97581 0.97529 0.84087 0.98983 0.98129 0.55128   75   50    1  100   75
  274  0.01633 0.30383 0.97856 0.99498 0.99705 0.94691 0.15281 0.97466 0.97586 0.77923 0.97278 0.98217 0.54032   75   50    1  100  100
  275  0.00027 0.12152 0.61832 0.97207 0.98344 0.74784 0.08193 0.83297 0.62968 0.67517 0.94581 0.69885 0.26002   75   50   25    1    1
  276  0.00037 0.12106 0.61868 0.97560 0.98346 0.71387 0.08207 0.83148 0.62992 0.99760 0.95182 0.69899 0.25442   75   50   25    1   25
  277  0.00022 0.12100 0.62026 0.97349 0.98107 0.80686 0.08186 0.82614 0.63162 0.53876 0.94664 0.70045 0.24463   75   50   25    1   50
  278  0.00026 0.12117 0.61962 0.97014 0.98321 0.75618 0.08138 0.83156 0.63115 0.66565 0.94620 0.70016 0.25255   75   50   25    1   75
  279  0.00023 0.12129 0.61375 0.96238 0.98467 0.71717 0.08133 0.82392 0.62551 0.63277 0.95267 0.69570 0.25725   75   50   25    1  100
  280  0.00027 0.12140 0.64602 0.96906 0.97615 0.84000 0.08494 0.84105 0.65599 0.52840 0.96723 0.71870 0.25537   75   50   25   25    1
  281  0.00024 0.12179 0.64146 0.90930 0.97771 0.81248 0.08602 0.82222 0.65147 0.53607 0.96412 0.71499 0.25395   75   50   25   25   25
  282  0.00032 0.12194 0.64420 0.94322 0.97637 0.84601 0.08586 0.83171 0.65423 0.67218 0.93859 0.71729 0.25102   75   50   25   25   50
  283  0.00029 0.12152 0.63959 0.97908 0.97709 0.83107 0.08426 0.82937 0.64992 0.59271 0.95749 0.71428 0.25188   75   50   25   25   75
  284  0.00027 0.12148 0.64428 0.98147 0.97666 0.85600 0.08459 0.83479 0.65452 0.52585 0.95500 0.71793 0.25398   75   50   25   25  100
  285  0.00023 0.12187 0.69562 0.45119 0.95777 0.92574 0.09033 0.86930 0.70359 0.65451 0.96798 0.75313 0.25935   75   50   25   50    1
  286  0.00021 0.12226 0.70045 0.39376 0.95190 0.92560 0.09069 0.87728 0.70829 0.65205 0.97252 0.75669 0.26373   75   50   25   50   25
  287  0.00024 0.12167 0.70134 0.46424 0.95209 0.93128 0.08959 0.87526 0.70921 0.64375 0.96810 0.75783 0.25587   75   50   25   50   50
  288  0.00028 0.12223 0.68715 0.58420 0.95274 0.93163 0.08904 0.86407 0.69553 0.63981 0.97574 0.74778 0.25825   75   50   25   50   75
  289  0.00024 0.12181 0.69401 0.50724 0.95117 0.94457 0.08902 0.87151 0.70220 0.60298 0.98542 0.75297 0.25890   75   50   25   50  100
  290  0.00010 0.12237 0.78443 0.10847 0.86849 0.98316 0.09518 0.94410 0.78950 0.74159 0.99421 0.81697 0.26580   75   50   25   75    1
  291  0.00012 0.12240 0.78354 0.13468 0.87002 0.98227 0.09524 0.95260 0.78865 0.72900 0.99812 0.81644 0.25993   75   50   25   75   25
  292  0.00011 0.12339 0.77551 0.11964 0.87458 0.96993 0.09458 0.93713 0.78092 0.75801 0.99672 0.81114 0.26645   75   50   25   75   50
  293  0.00010 0.12245 0.77581 0.11081 0.88509 0.97734 0.09513 0.93745 0.78118 0.74202 0.99433 0.81094 0.26443   75   50   25   75   75
  294  0.00011 0.12253 0.77002 0.13312 0.89101 0.97260 0.09490 0.93467 0.77560 0.71600 0.99460 0.80703 0.26155   75   50   25   75  100
  295  0.00003 0.12356 0.88937 0.02579 0.64137 0.99671 0.10129 1.00000 0.89102 0.85755 0.99312 0.89701 0.26400   75   50   25  100    1
  296  0.00005 0.12329 0.88862 0.04251 0.65318 0.99661 0.10118 0.99992 0.89028 0.89111 0.97781 0.89667 0.25657   75   50   25  100   25
  297  0.00002 0.12248 0.89054 0.01868 0.65064 0.99746 0.10173 0.99993 0.89215 0.88133 0.98592 0.89732 0.26342   75   50   25  100   50
  298  0.00007 0.12260 0.86543 0.05426 0.73045 0.99666 0.09967 0.99742 0.86784 0.78475 0.99581 0.87830 0.26270   75   50   25  100   75
  299  0.00005 0.12298 0.87505 0.03680 0.71527 0.99621 0.09971 0.99807 0.87714 0.83044 0.99537 0.88638 0.26925   75   50   25  100  100
  300  0.00003 0.11877 0.55697 0.67690 0.99241 0.30368 0.07144 0.75066 0.57822 0.43122 0.92256 0.65184 0.24535   75   50   50    1    1
  301  0.00003 0.11895 0.55738 0.67904 0.99221 0.31216 0.07157 0.75112 0.57847 0.43088 0.92580 0.65219 0.24268   75   50   50    1   25
  302  0.00003 0.11860 0.55687 0.67798 0.99233 0.31216 0.07137 0.75077 0.57808 0.42692 0.92395 0.65175 0.24522   75   50   50    1   50
  303  0.00002 0.11839 0.55684 0.67712 0.99232 0.29746 0.07093 0.75094 0.57872 0.39057 0.92298 0.65174 0.24303   75   50   50    1   75
  304  0.00003 0.11834 0.55724 0.67938 0.99162 0.36162 0.07129 0.75051 0.57826 0.42884 0.92293 0.65207 0.24397   75   50   50    1  100
  305  0.00003 0.11884 0.55663 0.67665 0.99205 0.31966 0.07305 0.75306 0.57461 0.42831 0.92348 0.65150 0.24110   75   50   50   25    1
  306  0.00003 0.11900 0.55646 0.67774 0.99224 0.31233 0.07326 0.75341 0.57432 0.42797 0.92479 0.65136 0.24900   75   50   50   25   25
  307  0.00003 0.11903 0.55660 0.67782 0.99243 0.29906 0.07278 0.75347 0.57530 0.42765 0.92322 0.65148 0.25038   75   50   50   25   50
  308  0.00003 0.11871 0.55644 0.67692 0.99230 0.31824 0.07254 0.75343 0.57522 0.42981 0.92415 0.65136 0.24432   75   50   50   25   75
  309  0.00003 0.11890 0.55635 0.67765 0.99249 0.29998 0.07294 0.75328 0.57473 0.42559 0.92294 0.65128 0.24575   75   50   50   25  100
  310  0.00003 0.11909 0.55596 0.67978 0.99250 0.29278 0.07593 0.75427 0.57112 0.42599 0.92369 0.65090 0.24678   75   50   50   50    1
  311  0.00003 0.11859 0.55591 0.67923 0.99239 0.30367 0.07567 0.75435 0.57100 0.42754 0.92392 0.65086 0.24352   75   50   50   50   25
  312  0.00003 0.11920 0.55624 0.67911 0.99233 0.30754 0.07601 0.75406 0.57148 0.42614 0.92297 0.65112 0.23990   75   50   50   50   50
  313  0.00003 0.11886 0.55599 0.67667 0.99217 0.32188 0.07542 0.75382 0.57138 0.42791 0.92443 0.65092 0.24727   75   50   50   50   75
  314  0.00003 0.11869 0.55596 0.67663 0.99215 0.31473 0.07569 0.75412 0.57119 0.42722 0.92299 0.65089 0.24768   75   50   50   50  100
  315  0.00004 0.11989 0.55734 0.68484 0.99135 0.37189 0.07897 0.75546 0.57096 0.42981 0.92429 0.65195 0.25305   75   50   50   75    1
  316  0.00004 0.11943 0.55996 0.68849 0.99124 0.36757 0.07888 0.75900 0.57336 0.43165 0.92536 0.65400 0.25067   75   50   50   75   25
  317  0.00005 0.11933 0.56276 0.70115 0.98993 0.45204 0.07877 0.76173 0.57615 0.43990 0.92511 0.65620 0.25512   75   50   50   75   50
  318  0.00003 0.11905 0.55926 0.68832 0.99164 0.34036 0.07862 0.75801 0.57270 0.43338 0.92468 0.65345 0.24625   75   50   50   75   75
  319  0.00003 0.11947 0.55625 0.68136 0.99245 0.29663 0.07834 0.75475 0.57008 0.42820 0.92364 0.65109 0.25110   75   50   50   75  100
  320  0.00016 0.12010 0.61739 0.85929 0.97726 0.69593 0.08161 0.81948 0.62873 0.52660 0.94419 0.69818 0.25075   75   50   50  100    1
  321  0.00017 0.12000 0.61628 0.88386 0.97388 0.78791 0.08200 0.81932 0.62747 0.49000 0.95095 0.69705 0.24990   75   50   50  100   25
  322  0.00020 0.12015 0.62185 0.88748 0.96705 0.81959 0.08233 0.82033 0.63293 0.52761 0.94224 0.70138 0.25302   75   50   50  100   50
  323  0.00015 0.12030 0.60811 0.85940 0.97884 0.72181 0.08166 0.81117 0.61970 0.51680 0.93809 0.69100 0.25223   75   50   50  100   75
  324  0.00019 0.12001 0.61322 0.87628 0.97513 0.77537 0.08191 0.81595 0.62464 0.54583 0.94262 0.69493 0.25703   75   50   50  100  100
  325  0.00003 0.11812 0.55776 0.67666 0.99193 0.31643 0.06819 0.75161 0.59536 0.43107 0.92347 0.65268 0.24035   75   50   75    1    1
  326  0.00003 0.11778 0.55757 0.67640 0.99200 0.31090 0.06780 0.75180 0.59810 0.43746 0.92331 0.65253 0.25045   75   50   75    1   25
  327  0.00003 0.11814 0.55810 0.67824 0.99172 0.31361 0.06810 0.75019 0.59739 0.42818 0.92643 0.65300 0.24240   75   50   75    1   50
  328  0.00003 0.11802 0.55786 0.67641 0.99152 0.33179 0.06806 0.74981 0.59723 0.43447 0.91747 0.65279 0.23920   75   50   75    1   75
  329  0.00003 0.11777 0.55768 0.67704 0.99202 0.30698 0.06773 0.74930 0.59907 0.42851 0.92570 0.65263 0.23980   75   50   75    1  100
  330  0.00002 0.11803 0.55685 0.67518 0.99292 0.28264 0.06883 0.75323 0.58736 0.42742 0.91000 0.65182 0.24170   75   50   75   25    1
  331  0.00003 0.11803 0.55654 0.67526 0.99244 0.29672 0.06907 0.75358 0.58579 0.42832 0.92213 0.65153 0.24622   75   50   75   25   25
  332  0.00003 0.11758 0.55685 0.67374 0.99216 0.31325 0.06853 0.75284 0.58838 0.42509 0.92035 0.65183 0.24367   75   50   75   25   50
  333  0.00003 0.11797 0.55680 0.67586 0.99232 0.30312 0.06905 0.75438 0.58645 0.42790 0.92565 0.65177 0.23890   75   50   75   25   75
  334  0.00003 0.11767 0.55690 0.67887 0.99177 0.33636 0.06849 0.75322 0.58833 0.42659 0.92206 0.65187 0.23965   75   50   75   25  100
  335  0.00003 0.11780 0.55597 0.67493 0.99220 0.31576 0.07072 0.75426 0.57773 0.42652 0.92357 0.65099 0.24445   75   50   75   50    1
  336  0.00003 0.11838 0.55597 0.67576 0.99238 0.29997 0.07092 0.75432 0.57817 0.42587 0.92409 0.65099 0.24570   75   50   75   50   25
  337  0.00003 0.11825 0.55551 0.67297 0.99219 0.31068 0.07093 0.75390 0.57758 0.42608 0.92341 0.65059 0.24025   75   50   75   50   50
  338  0.00003 0.11822 0.55588 0.67488 0.99209 0.31426 0.07086 0.75422 0.57786 0.42763 0.92337 0.65091 0.24983   75   50   75   50   75
  339  0.00003 0.11795 0.55559 0.67328 0.99182 0.32498 0.07058 0.75395 0.57810 0.42647 0.92377 0.65066 0.24655   75   50   75   50  100
  340  0.00003 0.11845 0.55557 0.67719 0.99239 0.30279 0.07339 0.75440 0.57296 0.42794 0.92337 0.65061 0.24682   75   50   75   75    1
  341  0.00003 0.11822 0.55541 0.67451 0.99256 0.29502 0.07351 0.75434 0.57243 0.42553 0.92417 0.65047 0.24498   75   50   75   75   25
  342  0.00003 0.11797 0.55562 0.67713 0.99231 0.30904 0.07282 0.75423 0.57331 0.42864 0.92337 0.65065 0.24107   75   50   75   75   50
  343  0.00003 0.11832 0.55544 0.67482 0.99201 0.32785 0.07318 0.75425 0.57293 0.42786 0.92352 0.65049 0.24280   75   50   75   75   75
  344  0.00003 0.11839 0.55547 0.67258 0.99213 0.31806 0.07286 0.75420 0.57357 0.42801 0.92374 0.65053 0.24560   75   50   75   75  100
  345  0.00003 0.11866 0.55533 0.67163 0.99216 0.31275 0.07496 0.75463 0.57101 0.42630 0.92358 0.65039 0.24600   75   50   75  100    1
  346  0.00003 0.11860 0.55543 0.67305 0.99186 0.32236 0.07525 0.75440 0.57088 0.42723 0.92337 0.65047 0.25232   75   50   75  100   25
  347  0.00003 0.11877 0.55563 0.67364 0.99201 0.32179 0.07522 0.75459 0.57116 0.42784 0.92380 0.65063 0.25297   75   50   75  100   50
  348  0.00003 0.11866 0.55550 0.67286 0.99184 0.32839 0.07499 0.75452 0.57119 0.42733 0.92322 0.65052 0.25102   75   50   75  100   75
  349  0.00003 0.11853 0.55537 0.67408 0.99216 0.31671 0.07443 0.75435 0.57148 0.42768 0.92348 0.65042 0.24248   75   50   75  100  100
  350  0.00003 0.11803 0.55892 0.67973 0.99147 0.31535 0.06732 0.75099 0.61278 0.42169 0.93097 0.65382 0.23980   75   50  100    1    1
  351  0.00002 0.11760 0.55916 0.67679 0.99228 0.29410 0.06701 0.75279 0.61597 0.42250 0.91850 0.65405 0.23652   75   50  100    1   25
  352  0.00003 0.11791 0.55954 0.67985 0.99181 0.30330 0.06724 0.75205 0.61479 0.41568 0.92439 0.65439 0.24125   75   50  100    1   50
  353  0.00002 0.11787 0.55838 0.67828 0.99327 0.27756 0.06727 0.75148 0.61307 0.43008 0.92758 0.65331 0.24105   75   50  100    1   75
  354  0.00003 0.11765 0.55930 0.67776 0.98979 0.34824 0.06701 0.75120 0.61857 0.42342 0.91894 0.65418 0.24412   75   50  100    1  100
  355  0.00003 0.11809 0.55767 0.67663 0.99180 0.31923 0.06797 0.75315 0.59963 0.42866 0.92186 0.65262 0.23980   75   50  100   25    1
  356  0.00002 0.11814 0.55707 0.67505 0.99291 0.28622 0.06793 0.75375 0.59979 0.42650 0.92548 0.65208 0.24037   75   50  100   25   25
  357  0.00002 0.11816 0.55734 0.67431 0.99182 0.29130 0.06805 0.75285 0.59812 0.42840 0.92313 0.65231 0.24240   75   50  100   25   50
  358  0.00003 0.11823 0.55800 0.67723 0.99220 0.30678 0.06804 0.75327 0.59942 0.43338 0.92118 0.65292 0.24675   75   50  100   25   75
  359  0.00003 0.11797 0.55703 0.67571 0.99219 0.30529 0.06789 0.75402 0.59868 0.42832 0.92364 0.65204 0.24515   75   50  100   25  100
  360  0.00003 0.11819 0.55595 0.67608 0.99207 0.31596 0.06965 0.75427 0.58236 0.42601 0.92383 0.65100 0.23890   75   50  100   50    1
  361  0.00003 0.11841 0.55604 0.67294 0.99162 0.33070 0.06987 0.75437 0.58208 0.42732 0.92451 0.65108 0.24667   75   50  100   50   25
  362  0.00003 0.11803 0.55619 0.67433 0.99212 0.30904 0.06959 0.75380 0.58244 0.42765 0.92320 0.65121 0.24285   75   50  100   50   50
  363  0.00003 0.11797 0.55623 0.67719 0.99233 0.30631 0.06930 0.75432 0.58402 0.42632 0.92270 0.65125 0.24070   75   50  100   50   75
  364  0.00003 0.11796 0.55649 0.67419 0.99191 0.31693 0.06909 0.75397 0.58523 0.42745 0.92483 0.65149 0.24060   75   50  100   50  100
  365  0.00003 0.11869 0.55563 0.67352 0.99236 0.30312 0.07164 0.75436 0.57625 0.42673 0.92373 0.65068 0.24627   75   50  100   75    1
  366  0.00003 0.11872 0.55572 0.67665 0.99142 0.33984 0.07168 0.75426 0.57642 0.42703 0.92317 0.65076 0.24778   75   50  100   75   25
  367  0.00003 0.11836 0.55581 0.67534 0.99137 0.33326 0.07132 0.75421 0.57675 0.42684 0.92326 0.65084 0.24610   75   50  100   75   50
  368  0.00003 0.11845 0.55557 0.67401 0.99188 0.32566 0.07146 0.75413 0.57639 0.42678 0.92334 0.65063 0.24520   75   50  100   75   75
  369  0.00003 0.11902 0.55591 0.67471 0.99256 0.29427 0.07129 0.75437 0.57796 0.42617 0.92420 0.65093 0.25565   75   50  100   75  100
  370  0.00003 0.11910 0.55569 0.67399 0.99246 0.30170 0.07330 0.75456 0.57365 0.42685 0.92364 0.65071 0.24882   75   50  100  100    1
  371  0.00003 0.11888 0.55555 0.67533 0.99178 0.31915 0.07354 0.75454 0.57300 0.42658 0.92356 0.65059 0.25285   75   50  100  100   25
  372  0.00003 0.11868 0.55539 0.67147 0.99275 0.28507 0.07328 0.75430 0.57308 0.42717 0.92346 0.65046 0.25082   75   50  100  100   50
  373  0.00003 0.11881 0.55564 0.67593 0.99236 0.29425 0.07344 0.75454 0.57317 0.42776 0.92389 0.65067 0.24942   75   50  100  100   75
  374  0.00003 0.11924 0.55559 0.67507 0.99170 0.31885 0.07379 0.75435 0.57313 0.42878 0.92291 0.65062 0.25420   75   50  100  100  100
  375  0.00030 0.20816 0.94169 0.94372 0.14872 0.97447 0.10928 0.94049 0.94069 0.28344 0.95775 0.95204 0.44215   75   75    1    1    1
  376  0.00022 0.20790 0.93955 0.93977 0.15361 0.97447 0.11101 0.94581 0.93862 0.19472 0.99124 0.95048 0.43828   75   75    1    1   25
  377  0.00024 0.20600 0.94028 0.93894 0.14691 0.97110 0.11103 0.91408 0.93931 0.22946 0.99679 0.95160 0.44578   75   75    1    1   50
  378  0.00036 0.20638 0.94276 0.94769 0.14931 0.96282 0.11160 0.93132 0.94167 0.32930 0.99455 0.95424 0.43925   75   75    1    1   75
  379  0.00025 0.20515 0.94131 0.94410 0.14448 0.97497 0.11110 0.90718 0.94027 0.24487 0.99404 0.95325 0.44400   75   75    1    1  100
  380  0.00010 0.21399 0.94144 0.94745 0.03166 0.96064 0.11724 0.92059 0.94049 0.41649 0.99292 0.95000 0.44412   75   75    1   25    1
  381  0.00004 0.21395 0.94405 0.94915 0.01413 0.96282 0.11667 0.93273 0.94302 0.36170 0.99809 0.95193 0.44735   75   75    1   25   25
  382  0.00012 0.21055 0.93941 0.94368 0.06454 0.97014 0.11388 0.89159 0.93854 0.25371 0.99967 0.94881 0.44548   75   75    1   25   50
  383  0.00021 0.20925 0.94110 0.94710 0.06354 0.96850 0.11546 0.91613 0.94015 0.42920 0.99372 0.95095 0.44940   75   75    1   25   75
  384  0.00006 0.20953 0.93857 0.94302 0.03368 0.96850 0.11400 0.91440 0.93770 0.26430 0.99988 0.94902 0.43813   75   75    1   25  100
  385  0.00010 0.22458 0.95500 0.96437 0.01757 0.96745 0.12429 0.96705 0.95361 0.59127 0.97194 0.95967 0.46922   75   75    1   50    1
  386  0.00023 0.22458 0.95273 0.96191 0.04165 0.96523 0.12423 0.97468 0.95141 0.54558 0.99979 0.95775 0.46338   75   75    1   50   25
  387  0.00013 0.22095 0.95101 0.96078 0.02216 0.98272 0.12451 0.97299 0.94974 0.59473 0.99842 0.95689 0.45722   75   75    1   50   50
  388  0.00001 0.21970 0.95128 0.96050 0.00272 0.96282 0.12192 0.96849 0.94998 0.54091 0.99914 0.95788 0.46455   75   75    1   50   75
  389  0.00015 0.21987 0.95042 0.96098 0.02692 0.95785 0.12270 0.95777 0.94913 0.57935 0.99904 0.95740 0.46650   75   75    1   50  100
  390  0.00312 0.23972 0.97224 0.98437 0.30843 0.95949 0.12885 0.98801 0.97030 0.80479 0.98100 0.97545 0.48313   75   75    1   75    1
  391  0.00219 0.23943 0.97358 0.98610 0.23427 0.97642 0.12950 0.99175 0.97165 0.73720 0.95701 0.97642 0.48518   75   75    1   75   25
  392  0.00248 0.23544 0.97065 0.98439 0.24810 0.96850 0.13108 0.99972 0.96878 0.77691 0.99579 0.97390 0.48015   75   75    1   75   50
  393  0.00223 0.23280 0.96706 0.97783 0.22280 0.97092 0.13124 0.99898 0.96526 0.78141 0.99814 0.97112 0.48847   75   75    1   75   75
  394  0.00211 0.23452 0.96929 0.98258 0.21188 0.97092 0.13270 0.99997 0.96743 0.76224 0.99785 0.97316 0.48243   75   75    1   75  100
  395  0.00657 0.26056 0.97754 0.98994 0.56440 0.97312 0.13846 0.97178 0.97534 0.76895 0.93183 0.98037 0.51425   75   75    1  100    1
  396  0.00752 0.25817 0.97960 0.99155 0.60445 0.98411 0.13721 0.97601 0.97744 0.80555 0.95720 0.98205 0.50870   75   75    1  100   25
  397  0.00958 0.25745 0.97839 0.99115 0.72350 0.96673 0.13867 0.98361 0.97622 0.83030 0.99210 0.98112 0.50968   75   75    1  100   50
  398  0.00666 0.25268 0.97669 0.98993 0.56132 0.96621 0.13929 0.97752 0.97456 0.83335 0.90757 0.97973 0.51157   75   75    1  100   75
  399  0.00730 0.25221 0.97781 0.99153 0.64256 0.94691 0.13791 0.98321 0.97565 0.76421 0.96756 0.98109 0.51138   75   75    1  100  100
  400  0.00005 0.12056 0.56546 0.71900 0.99063 0.44485 0.07671 0.75801 0.57997 0.44435 0.92491 0.65852 0.25163   75   75   25    1    1
  401  0.00005 0.12064 0.57003 0.74205 0.99103 0.43581 0.07704 0.76377 0.58429 0.46207 0.92146 0.66215 0.25142   75   75   25    1   25
  402  0.00004 0.12061 0.56310 0.71207 0.99176 0.38263 0.07676 0.75322 0.57777 0.40752 0.92593 0.65662 0.25190   75   75   25    1   50
  403  0.00004 0.12088 0.56038 0.69734 0.99160 0.36997 0.07642 0.74864 0.57543 0.43585 0.91953 0.65446 0.25360   75   75   25    1   75
  404  0.00006 0.12042 0.56652 0.72766 0.99129 0.44798 0.07627 0.75961 0.58128 0.52688 0.92593 0.65940 0.24210   75   75   25    1  100
  405  0.00008 0.12086 0.58318 0.81418 0.98999 0.50245 0.07913 0.78295 0.59609 0.47161 0.93597 0.67220 0.24672   75   75   25   25    1
  406  0.00010 0.12074 0.58623 0.82419 0.98779 0.61211 0.07930 0.78374 0.59912 0.47147 0.94145 0.67462 0.25133   75   75   25   25   25
  407  0.00008 0.12065 0.58350 0.82673 0.98931 0.53520 0.07912 0.77706 0.59643 0.46104 0.93273 0.67246 0.25120   75   75   25   25   50
  408  0.00009 0.12086 0.58399 0.81499 0.98873 0.56607 0.07901 0.77779 0.59708 0.47568 0.93913 0.67293 0.25465   75   75   25   25   75
  409  0.00005 0.12102 0.57329 0.76750 0.99114 0.39604 0.07841 0.77073 0.58695 0.46844 0.92891 0.66460 0.24577   75   75   25   25  100
  410  0.00022 0.12127 0.62578 0.99927 0.98211 0.77473 0.08370 0.81674 0.63644 0.51641 0.95246 0.70374 0.25087   75   75   25   50    1
  411  0.00026 0.12123 0.63073 0.99934 0.97834 0.83942 0.08367 0.82100 0.64127 0.55260 0.95514 0.70751 0.25270   75   75   25   50   25
  412  0.00026 0.12097 0.63422 0.99900 0.97733 0.83830 0.08270 0.82382 0.64477 0.55300 0.94779 0.71041 0.25262   75   75   25   50   50
  413  0.00018 0.12163 0.61621 0.98447 0.98318 0.71191 0.08293 0.80821 0.62736 0.49233 0.94393 0.69683 0.25817   75   75   25   50   75
  414  0.00018 0.12157 0.61549 0.98472 0.98487 0.68500 0.08273 0.80553 0.62669 0.49886 0.95343 0.69632 0.25888   75   75   25   50  100
  415  0.00029 0.12207 0.68847 0.69038 0.95776 0.91308 0.08747 0.87862 0.69691 0.57786 0.96968 0.74932 0.25810   75   75   25   75    1
  416  0.00030 0.12204 0.69358 0.67430 0.95191 0.93644 0.08745 0.88109 0.70186 0.57215 0.97728 0.75307 0.25747   75   75   25   75   25
  417  0.00035 0.12198 0.68569 0.79000 0.95598 0.90641 0.08645 0.87481 0.69430 0.60518 0.96922 0.74767 0.26520   75   75   25   75   50
  418  0.00030 0.12177 0.68869 0.69355 0.95662 0.93114 0.08738 0.87557 0.69716 0.58189 0.97852 0.74972 0.25712   75   75   25   75   75
  419  0.00034 0.12224 0.68095 0.76690 0.95682 0.92222 0.08711 0.86916 0.68971 0.60867 0.97268 0.74415 0.26170   75   75   25   75  100
  420  0.00029 0.12222 0.79423 0.31064 0.86244 0.98157 0.09170 0.96776 0.79910 0.73751 0.99203 0.82712 0.26070   75   75   25  100    1
  421  0.00028 0.12265 0.79503 0.29764 0.86466 0.98492 0.09214 0.97072 0.79987 0.71771 0.99949 0.82763 0.26220   75   75   25  100   25
  422  0.00028 0.12225 0.79122 0.30078 0.87100 0.98662 0.09168 0.96604 0.79620 0.73936 0.99440 0.82500 0.26518   75   75   25  100   50
  423  0.00030 0.12202 0.78251 0.34369 0.87729 0.98045 0.09109 0.96022 0.78779 0.72716 0.99259 0.81856 0.25920   75   75   25  100   75
  424  0.00029 0.12235 0.77507 0.33247 0.89094 0.97621 0.09108 0.95577 0.78062 0.73048 0.99345 0.81318 0.26125   75   75   25  100  100
  425  0.00003 0.11796 0.55735 0.67748 0.99222 0.31050 0.06913 0.75000 0.58488 0.43266 0.92460 0.65225 0.24375   75   75   50    1    1
  426  0.00003 0.11822 0.55793 0.67934 0.99171 0.33385 0.06919 0.74959 0.58618 0.43411 0.92362 0.65277 0.24240   75   75   50    1   25
  427  0.00003 0.11849 0.55861 0.68093 0.99161 0.35430 0.06946 0.74657 0.58681 0.41297 0.88531 0.65338 0.24615   75   75   50    1   50
  428  0.00003 0.11862 0.55889 0.68147 0.99205 0.31863 0.06927 0.74746 0.58829 0.43474 0.92425 0.65364 0.24528   75   75   50    1   75
  429  0.00003 0.11856 0.55844 0.67917 0.99144 0.35304 0.06929 0.75092 0.58758 0.43508 0.92612 0.65323 0.24903   75   75   50    1  100
  430  0.00003 0.11828 0.55674 0.67792 0.99247 0.30168 0.07027 0.75317 0.58049 0.42777 0.92462 0.65167 0.25015   75   75   50   25    1
  431  0.00003 0.11843 0.55666 0.67692 0.99246 0.29596 0.07039 0.75248 0.58010 0.42873 0.92229 0.65160 0.24322   75   75   50   25   25
  432  0.00003 0.11837 0.55696 0.67701 0.99246 0.29808 0.07036 0.75195 0.58049 0.42666 0.92544 0.65186 0.24400   75   75   50   25   50
  433  0.00003 0.11849 0.55712 0.67904 0.99226 0.31453 0.07022 0.75247 0.58137 0.42573 0.92314 0.65201 0.23857   75   75   50   25   75
  434  0.00003 0.11858 0.55722 0.67959 0.99215 0.31240 0.07031 0.75228 0.58121 0.42728 0.92461 0.65209 0.24397   75   75   50   25  100
  435  0.00003 0.11857 0.55599 0.67675 0.99194 0.34061 0.07286 0.75444 0.57399 0.42870 0.92329 0.65097 0.24107   75   75   50   50    1
  436  0.00003 0.11901 0.55640 0.67615 0.99249 0.29388 0.07306 0.75383 0.57451 0.42840 0.92480 0.65131 0.24448   75   75   50   50   25
  437  0.00003 0.11875 0.55634 0.67904 0.99249 0.29313 0.07287 0.75403 0.57464 0.42684 0.92314 0.65127 0.24555   75   75   50   50   50
  438  0.00003 0.11889 0.55641 0.67544 0.99156 0.35259 0.07267 0.75373 0.57505 0.42706 0.92345 0.65133 0.24717   75   75   50   50   75
  439  0.00003 0.11913 0.55666 0.67690 0.99241 0.29649 0.07239 0.75421 0.57591 0.42737 0.92449 0.65155 0.24845   75   75   50   50  100
  440  0.00003 0.11937 0.55609 0.67828 0.99202 0.32214 0.07547 0.75452 0.57170 0.42809 0.92303 0.65101 0.24637   75   75   50   75    1
  441  0.00003 0.11957 0.55584 0.67922 0.99281 0.27971 0.07561 0.75428 0.57128 0.42740 0.92387 0.65080 0.25910   75   75   50   75   25
  442  0.00003 0.11932 0.55596 0.67619 0.99195 0.33007 0.07533 0.75439 0.57162 0.42767 0.92410 0.65091 0.25262   75   75   50   75   50
  443  0.00003 0.11921 0.55636 0.67817 0.99203 0.33417 0.07498 0.75491 0.57221 0.42924 0.92352 0.65123 0.25148   75   75   50   75   75
  444  0.00003 0.11925 0.55593 0.67632 0.99216 0.31517 0.07485 0.75445 0.57193 0.42883 0.92367 0.65089 0.25223   75   75   50   75  100
  445  0.00005 0.11943 0.56650 0.70625 0.98887 0.45716 0.07774 0.76592 0.58024 0.44218 0.92733 0.65923 0.25445   75   75   50  100    1
  446  0.00005 0.11892 0.57300 0.72631 0.99011 0.41011 0.07733 0.77252 0.58667 0.45207 0.93007 0.66441 0.24422   75   75   50  100   25
  447  0.00004 0.11916 0.56973 0.70831 0.99057 0.39103 0.07687 0.76894 0.58371 0.44848 0.92661 0.66187 0.25153   75   75   50  100   50
  448  0.00004 0.11933 0.56326 0.70026 0.98975 0.41734 0.07710 0.76204 0.57735 0.43913 0.92561 0.65669 0.24795   75   75   50  100   75
  449  0.00004 0.11877 0.56561 0.70829 0.99108 0.37381 0.07678 0.76491 0.57964 0.44524 0.92554 0.65857 0.24498   75   75   50  100  100
  450  0.00003 0.11746 0.55954 0.67923 0.99094 0.32995 0.06683 0.75010 0.62012 0.42663 0.92794 0.65442 0.23715   75   75   75    1    1
  451  0.00003 0.11739 0.55991 0.67952 0.99220 0.32313 0.06673 0.74683 0.62338 0.40623 0.92255 0.65477 0.24225   75   75   75    1   25
  452  0.00003 0.11739 0.56079 0.67735 0.99177 0.30761 0.06670 0.74914 0.62580 0.42088 0.92598 0.65559 0.24577   75   75   75    1   50
  453  0.00003 0.11717 0.55934 0.67839 0.99033 0.35046 0.06664 0.75280 0.62350 0.43087 0.92513 0.65424 0.23860   75   75   75    1   75
  454  0.00003 0.11744 0.56079 0.68071 0.99019 0.33532 0.06669 0.74978 0.62633 0.43200 0.92284 0.65560 0.24690   75   75   75    1  100
  455  0.00002 0.11749 0.55723 0.67406 0.99280 0.28308 0.06718 0.75410 0.60591 0.42596 0.92415 0.65224 0.23732   75   75   75   25    1
  456  0.00003 0.11751 0.55699 0.67527 0.99211 0.30950 0.06738 0.75363 0.60280 0.43310 0.92499 0.65201 0.24627   75   75   75   25   25
  457  0.00003 0.11766 0.55816 0.67741 0.99209 0.30767 0.06726 0.75255 0.60764 0.42397 0.92734 0.65310 0.24223   75   75   75   25   50
  458  0.00003 0.11774 0.55828 0.67898 0.99188 0.30777 0.06748 0.75411 0.60565 0.42392 0.92513 0.65320 0.24190   75   75   75   25   75
  459  0.00003 0.11761 0.55816 0.67524 0.99183 0.31354 0.06736 0.75119 0.60659 0.42772 0.92362 0.65309 0.24008   75   75   75   25  100
  460  0.00003 0.11806 0.55607 0.67411 0.99171 0.32746 0.06907 0.75429 0.58565 0.42717 0.92438 0.65112 0.24358   75   75   75   50    1
  461  0.00003 0.11812 0.55605 0.67530 0.99211 0.31339 0.06902 0.75385 0.58614 0.42678 0.92333 0.65111 0.24373   75   75   75   50   25
  462  0.00003 0.11788 0.55680 0.67671 0.99181 0.32219 0.06854 0.75401 0.58906 0.42579 0.92453 0.65179 0.24723   75   75   75   50   50
  463  0.00003 0.11799 0.55652 0.67683 0.99194 0.31500 0.06868 0.75444 0.58840 0.42908 0.92314 0.65154 0.24508   75   75   75   50   75
  464  0.00002 0.11785 0.55618 0.67410 0.99283 0.28418 0.06867 0.75397 0.58750 0.42626 0.92435 0.65123 0.24010   75   75   75   50  100
  465  0.00003 0.11809 0.55556 0.67272 0.99235 0.30471 0.07095 0.75438 0.57709 0.42780 0.92345 0.65063 0.24827   75   75   75   75    1
  466  0.00002 0.11786 0.55529 0.67389 0.99256 0.29141 0.07070 0.75421 0.57692 0.42526 0.92371 0.65040 0.24573   75   75   75   75   25
  467  0.00003 0.11809 0.55551 0.67365 0.99245 0.29948 0.07088 0.75430 0.57716 0.42757 0.92364 0.65059 0.24605   75   75   75   75   50
  468  0.00003 0.11793 0.55560 0.67425 0.99191 0.32116 0.07056 0.75452 0.57797 0.42617 0.92424 0.65067 0.24315   75   75   75   75   75
  469  0.00003 0.11807 0.55568 0.67487 0.99201 0.31955 0.07073 0.75424 0.57782 0.42624 0.92375 0.65074 0.24358   75   75   75   75  100
  470  0.00003 0.11844 0.55530 0.67391 0.99226 0.30830 0.07281 0.75444 0.57328 0.42680 0.92329 0.65038 0.24595   75   75   75  100    1
  471  0.00003 0.11818 0.55529 0.67402 0.99246 0.29262 0.07279 0.75434 0.57310 0.42704 0.92365 0.65038 0.24865   75   75   75  100   25
  472  0.00003 0.11831 0.55530 0.67215 0.99227 0.30780 0.07259 0.75436 0.57351 0.42711 0.92365 0.65038 0.25422   75   75   75  100   50
  473  0.00003 0.11827 0.55528 0.67463 0.99189 0.32084 0.07259 0.75420 0.57343 0.42654 0.92345 0.65037 0.25050   75   75   75  100   75
  474  0.00003 0.11839 0.55535 0.67313 0.99246 0.29117 0.07213 0.75444 0.57424 0.42609 0.92351 0.65043 0.25047   75   75   75  100  100
  475  0.00003 0.11725 0.56417 0.68678 0.98832 0.34803 0.06611 0.74107 0.66148 0.42715 0.93324 0.65885 0.23978   75   75  100    1    1
  476  0.00003 0.11737 0.56320 0.68367 0.99256 0.28966 0.06628 0.74753 0.65918 0.43885 0.91213 0.65793 0.24140   75   75  100    1   25
  477  0.00003 0.11747 0.56523 0.68737 0.99403 0.26730 0.06632 0.74766 0.66408 0.43693 0.92407 0.65985 0.24395   75   75  100    1   50
  478  0.00003 0.11729 0.56654 0.69125 0.99183 0.30596 0.06619 0.74494 0.66483 0.45211 0.93757 0.66108 0.24078   75   75  100    1   75
  479  0.00003 0.11730 0.56237 0.68267 0.99008 0.32599 0.06620 0.75033 0.65617 0.43203 0.93118 0.65715 0.23642   75   75  100    1  100
  480  0.00003 0.11783 0.55877 0.67606 0.99212 0.29243 0.06696 0.75288 0.62428 0.43258 0.92817 0.65371 0.24573   75   75  100   25    1
  481  0.00003 0.11764 0.56012 0.67919 0.99152 0.31181 0.06690 0.75176 0.62207 0.43452 0.92473 0.65496 0.23638   75   75  100   25   25
  482  0.00003 0.11745 0.55971 0.68124 0.99172 0.30564 0.06670 0.75295 0.62759 0.43059 0.92975 0.65459 0.24518   75   75  100   25   50
  483  0.00003 0.11791 0.56141 0.68040 0.99041 0.31368 0.06672 0.75271 0.63924 0.43044 0.93026 0.65621 0.24660   75   75  100   25   75
  484  0.00002 0.11761 0.55952 0.67960 0.99293 0.29369 0.06671 0.75333 0.62978 0.43007 0.88097 0.65442 0.24365   75   75  100   25  100
  485  0.00003 0.11802 0.55770 0.67547 0.99154 0.32187 0.06795 0.75418 0.59835 0.42070 0.92574 0.65264 0.24710   75   75  100   50    1
  486  0.00003 0.11824 0.55751 0.67816 0.99275 0.28699 0.06805 0.75417 0.59903 0.43410 0.92335 0.65248 0.25200   75   75  100   50   25
  487  0.00003 0.11804 0.55689 0.67541 0.99074 0.34345 0.06800 0.75455 0.59698 0.42909 0.92360 0.65190 0.24525   75   75  100   50   50
  488  0.00003 0.11798 0.55677 0.67608 0.99157 0.31603 0.06787 0.75402 0.59906 0.43078 0.92450 0.65180 0.24685   75   75  100   50   75
  489  0.00003 0.11780 0.55719 0.67486 0.99094 0.34074 0.06775 0.75465 0.59948 0.43187 0.92340 0.65218 0.24997   75   75  100   50  100
  490  0.00003 0.11856 0.55588 0.67544 0.99232 0.30134 0.06993 0.75454 0.58181 0.42826 0.92333 0.65093 0.24712   75   75  100   75    1
  491  0.00003 0.11808 0.55592 0.67467 0.99243 0.29759 0.06977 0.75440 0.58156 0.42800 0.92407 0.65097 0.25063   75   75  100   75   25
  492  0.00003 0.11773 0.55595 0.67421 0.99164 0.32855 0.06946 0.75433 0.58210 0.42744 0.92351 0.65100 0.24475   75   75  100   75   50
  493  0.00003 0.11821 0.55608 0.67481 0.99158 0.33233 0.06942 0.75438 0.58347 0.42705 0.92422 0.65112 0.24785   75   75  100   75   75
  494  0.00003 0.11797 0.55592 0.67360 0.99212 0.30872 0.06927 0.75428 0.58342 0.42718 0.92313 0.65098 0.24643   75   75  100   75  100
  495  0.00003 0.11828 0.55569 0.67844 0.99222 0.30479 0.07127 0.75444 0.57648 0.42718 0.92353 0.65074 0.25168   75   75  100  100    1
  496  0.00002 0.11802 0.55559 0.67412 0.99276 0.28179 0.07124 0.75449 0.57591 0.42659 0.92377 0.65065 0.24798   75   75  100  100   25
  497  0.00003 0.11801 0.55532 0.67451 0.99223 0.30563 0.07095 0.75435 0.57648 0.42593 0.92350 0.65042 0.24585   75   75  100  100   50
  498  0.00003 0.11801 0.55544 0.67384 0.99212 0.30847 0.07100 0.75447 0.57643 0.42756 0.92336 0.65052 0.23950   75   75  100  100   75
  499  0.00003 0.11821 0.55546 0.67672 0.99198 0.32019 0.07117 0.75435 0.57656 0.42723 0.92336 0.65054 0.24723   75   75  100  100  100
  500  0.00048 0.20320 0.93712 0.93412 0.25338 0.96120 0.10683 0.97375 0.93623 0.29433 0.92409 0.95011 0.43790   75  100    1    1    1
  501  0.00056 0.20209 0.93953 0.93395 0.24315 0.96719 0.10715 0.94811 0.93857 0.34728 0.99825 0.95191 0.42490   75  100    1    1   25
  502  0.00024 0.20190 0.93590 0.93220 0.24144 0.96120 0.10729 0.94671 0.93502 0.15091 0.99914 0.94996 0.43155   75  100    1    1   50
  503  0.00002 0.19971 0.93811 0.93313 0.27178 0.96581 0.10674 0.91200 0.93714 0.01120 0.99970 0.95204 0.42742   75  100    1    1   75
  504  0.00000 0.20020 0.93772 0.93427 0.21974 0.97312 0.10733 0.90081 0.93676 0.00143 0.99866 0.95181 0.43758   75  100    1    1  100
  505  0.00029 0.20714 0.94080 0.94368 0.08695 0.97447 0.10878 0.91275 0.93982 0.47305 0.99984 0.95173 0.44008   75  100    1   25    1
  506  0.00034 0.20671 0.93829 0.93729 0.15482 0.96109 0.11068 0.92258 0.93743 0.31889 0.95897 0.94935 0.45228   75  100    1   25   25
  507  0.00043 0.20526 0.93576 0.93808 0.14499 0.95577 0.10988 0.89326 0.93496 0.45599 0.99808 0.94805 0.43863   75  100    1   25   50
  508  0.00024 0.20485 0.93606 0.93343 0.12189 0.95577 0.11138 0.91360 0.93524 0.30139 0.98589 0.94859 0.43640   75  100    1   25   75
  509  0.00031 0.20439 0.93841 0.94092 0.09334 0.96109 0.11065 0.92759 0.93748 0.47708 0.98165 0.95086 0.44477   75  100    1   25  100
  510  0.00003 0.21796 0.94723 0.95381 0.00446 0.95577 0.11899 0.96916 0.94603 0.63085 0.99995 0.95518 0.45885   75  100    1   50    1
  511  0.00000 0.21659 0.95030 0.95443 0.00068 0.95830 0.11754 0.96682 0.94901 0.49671 0.99579 0.95801 0.47398   75  100    1   50   25
  512  0.00000 0.21454 0.94720 0.95321 0.00089 0.96673 0.11765 0.95773 0.94601 0.61850 0.99971 0.95555 0.45652   75  100    1   50   50
  513  0.00006 0.21256 0.94501 0.95161 0.01249 0.96850 0.11737 0.96158 0.94390 0.56148 0.99988 0.95409 0.45287   75  100    1   50   75
  514  0.00003 0.21293 0.94740 0.95608 0.00807 0.96485 0.11726 0.94982 0.94617 0.50306 0.99208 0.95666 0.44982   75  100    1   50  100
  515  0.00113 0.23263 0.97066 0.98166 0.12377 0.97312 0.12408 0.99620 0.96874 0.76031 0.99342 0.97502 0.47920   75  100    1   75    1
  516  0.00116 0.23210 0.96889 0.97963 0.12721 0.97511 0.12504 0.99730 0.96702 0.75123 0.99216 0.97327 0.48685   75  100    1   75   25
  517  0.00048 0.22763 0.96457 0.97443 0.05571 0.98008 0.12646 0.99935 0.96281 0.72498 0.99927 0.96984 0.47920   75  100    1   75   50
  518  0.00083 0.22698 0.96658 0.97832 0.10937 0.95200 0.12664 0.99954 0.96475 0.66981 0.99328 0.97210 0.47260   75  100    1   75   75
  519  0.00037 0.22542 0.96149 0.97422 0.04483 0.95505 0.12458 0.99950 0.95978 0.73710 0.99771 0.96775 0.48025   75  100    1   75  100
  520  0.00546 0.25078 0.97968 0.99229 0.43472 0.95160 0.13369 0.97425 0.97750 0.86723 0.98417 0.98320 0.50650   75  100    1  100    1
  521  0.00617 0.25210 0.97958 0.99128 0.53340 0.94691 0.13184 0.96832 0.97738 0.81521 0.98454 0.98327 0.50678   75  100    1  100   25
  522  0.00495 0.24733 0.97622 0.98864 0.44883 0.95949 0.13289 0.96003 0.97408 0.80109 0.98160 0.98022 0.50225   75  100    1  100   50
  523  0.00461 0.24423 0.97620 0.98787 0.39679 0.96282 0.13161 0.97736 0.97405 0.84495 0.98493 0.98067 0.50100   75  100    1  100   75
  524  0.00473 0.24416 0.97621 0.98940 0.44579 0.96282 0.13249 0.97223 0.97404 0.82285 0.93943 0.98087 0.49172   75  100    1  100  100
  525  0.00003 0.12035 0.55895 0.68871 0.99216 0.33320 0.07466 0.74788 0.57502 0.43003 0.92593 0.65336 0.24945   75  100   25    1    1
  526  0.00003 0.12083 0.55929 0.68987 0.99240 0.30397 0.07492 0.74378 0.57556 0.42789 0.92180 0.65365 0.25100   75  100   25    1   25
  527  0.00003 0.12048 0.55899 0.68897 0.99177 0.35347 0.07464 0.74755 0.57537 0.42163 0.92421 0.65341 0.25502   75  100   25    1   50
  528  0.00003 0.11998 0.55861 0.68952 0.99200 0.33996 0.07452 0.74561 0.57498 0.42428 0.92214 0.65310 0.24840   75  100   25    1   75
  529  0.00003 0.12052 0.55925 0.68929 0.99250 0.29862 0.07451 0.74507 0.57588 0.42867 0.92626 0.65363 0.24900   75  100   25    1  100
  530  0.00003 0.12080 0.56000 0.69573 0.99209 0.33336 0.07663 0.75370 0.57472 0.43008 0.92624 0.65413 0.24685   75  100   25   25    1
  531  0.00005 0.12040 0.56621 0.71825 0.99087 0.44124 0.07649 0.76329 0.58085 0.44562 0.92649 0.65914 0.25212   75  100   25   25   25
  532  0.00004 0.12068 0.56293 0.70731 0.99161 0.35671 0.07636 0.75910 0.57782 0.43414 0.92671 0.65651 0.25288   75  100   25   25   50
  533  0.00003 0.12069 0.55957 0.69770 0.99212 0.33213 0.07649 0.75199 0.57449 0.42552 0.92356 0.65380 0.25227   75  100   25   25   75
  534  0.00003 0.12129 0.55909 0.68940 0.99214 0.32355 0.07624 0.75174 0.57449 0.43372 0.92363 0.65344 0.25560   75  100   25   25  100
  535  0.00014 0.12097 0.60213 0.90456 0.98639 0.66566 0.08039 0.79683 0.61408 0.48037 0.93895 0.68659 0.26068   75  100   25   50    1
  536  0.00012 0.12156 0.59630 0.87984 0.98644 0.61638 0.08002 0.79204 0.60849 0.49016 0.93410 0.68212 0.25857   75  100   25   50   25
  537  0.00012 0.12140 0.59374 0.84717 0.98697 0.63323 0.08027 0.78829 0.60616 0.47292 0.94051 0.68027 0.26783   75  100   25   50   50
  538  0.00011 0.12138 0.59019 0.84124 0.98575 0.68100 0.07977 0.78717 0.60282 0.46684 0.93589 0.67759 0.24612   75  100   25   50   75
  539  0.00011 0.12116 0.59189 0.83665 0.98746 0.62291 0.07985 0.78775 0.60444 0.49898 0.93771 0.67890 0.25352   75  100   25   50  100
  540  0.00033 0.12135 0.66084 0.98203 0.96430 0.88331 0.08411 0.85398 0.67048 0.57171 0.96612 0.73021 0.25520   75  100   25   75    1
  541  0.00030 0.12214 0.65368 0.99327 0.97139 0.84073 0.08409 0.84907 0.66367 0.55421 0.96124 0.72508 0.25602   75  100   25   75   25
  542  0.00034 0.12155 0.65199 0.99878 0.96866 0.89449 0.08348 0.84885 0.66202 0.56983 0.96094 0.72384 0.26565   75  100   25   75   50
  543  0.00030 0.12164 0.65318 0.99572 0.97121 0.85726 0.08323 0.84689 0.66320 0.54312 0.96499 0.72482 0.25828   75  100   25   75   75
  544  0.00034 0.12166 0.65715 0.99803 0.96530 0.87707 0.08372 0.85184 0.66705 0.58161 0.95894 0.72783 0.25953   75  100   25   75  100
  545  0.00055 0.12210 0.75444 0.71712 0.90277 0.97249 0.08730 0.94398 0.76085 0.73150 0.98130 0.79979 0.26138   75  100   25  100    1
  546  0.00053 0.12307 0.75107 0.74104 0.89946 0.96069 0.08775 0.94080 0.75763 0.70142 0.98119 0.79733 0.26092   75  100   25  100   25
  547  0.00043 0.12230 0.74911 0.64961 0.91650 0.95844 0.08747 0.93897 0.75570 0.67556 0.98564 0.79570 0.25293   75  100   25  100   50
  548  0.00039 0.12229 0.74415 0.59954 0.91442 0.95977 0.08777 0.93044 0.75091 0.64451 0.98679 0.79190 0.26217   75  100   25  100   75
  549  0.00048 0.12208 0.74252 0.68002 0.91854 0.93667 0.08704 0.93068 0.74933 0.73670 0.98587 0.79073 0.26170   75  100   25  100  100
  550  0.00003 0.11838 0.56036 0.68251 0.99168 0.32760 0.06843 0.74557 0.59608 0.42389 0.92816 0.65503 0.24682   75  100   50    1    1
  551  0.00003 0.11789 0.55813 0.68016 0.99192 0.32009 0.06831 0.74887 0.59244 0.42625 0.92170 0.65300 0.24030   75  100   50    1   25
  552  0.00003 0.11777 0.55856 0.68120 0.99207 0.30739 0.06816 0.74938 0.59295 0.42436 0.92401 0.65339 0.23622   75  100   50    1   50
  553  0.00003 0.11814 0.55858 0.67804 0.99153 0.32991 0.06832 0.75035 0.59421 0.42361 0.92322 0.65341 0.24297   75  100   50    1   75
  554  0.00003 0.11803 0.55961 0.67915 0.99113 0.34311 0.06818 0.74577 0.59513 0.42355 0.92057 0.65435 0.24115   75  100   50    1  100
  555  0.00003 0.11804 0.55724 0.67785 0.99219 0.30152 0.06911 0.75328 0.58550 0.42976 0.92599 0.65215 0.23805   75  100   50   25    1
  556  0.00003 0.11828 0.55755 0.67813 0.99178 0.32250 0.06929 0.75242 0.58596 0.43074 0.92364 0.65244 0.23935   75  100   50   25   25
  557  0.00003 0.11823 0.55753 0.67682 0.99127 0.35806 0.06920 0.75310 0.58610 0.42843 0.92749 0.65241 0.25245   75  100   50   25   50
  558  0.00002 0.11817 0.55753 0.67557 0.99268 0.28737 0.06906 0.75267 0.58680 0.42699 0.92300 0.65242 0.24512   75  100   50   25   75
  559  0.00003 0.11852 0.55824 0.68016 0.99231 0.30204 0.06918 0.75309 0.58709 0.42699 0.92600 0.65305 0.23750   75  100   50   25  100
  560  0.00003 0.11868 0.55682 0.67782 0.99201 0.31394 0.07127 0.75457 0.57796 0.42897 0.92406 0.65172 0.24595   75  100   50   50    1
  561  0.00003 0.11866 0.55660 0.67689 0.99203 0.32150 0.07129 0.75399 0.57780 0.42644 0.92463 0.65152 0.24477   75  100   50   50   25
  562  0.00003 0.11860 0.55646 0.67631 0.99211 0.31809 0.07120 0.75429 0.57803 0.42574 0.92358 0.65140 0.24865   75  100   50   50   50
  563  0.00003 0.11860 0.55629 0.67704 0.99219 0.31298 0.07112 0.75372 0.57765 0.42961 0.92364 0.65126 0.24387   75  100   50   50   75
  564  0.00003 0.11890 0.55661 0.67666 0.99256 0.29340 0.07115 0.75426 0.57859 0.42864 0.92395 0.65154 0.24800   75  100   50   50  100
  565  0.00003 0.11929 0.55620 0.67632 0.99248 0.30262 0.07376 0.75441 0.57342 0.42730 0.92392 0.65113 0.24682   75  100   50   75    1
  566  0.00003 0.11909 0.55589 0.67542 0.99196 0.34389 0.07375 0.75423 0.57293 0.42606 0.92389 0.65087 0.25030   75  100   50   75   25
  567  0.00003 0.11907 0.55626 0.67666 0.99182 0.33250 0.07349 0.75435 0.57366 0.42650 0.92420 0.65118 0.25450   75  100   50   75   50
  568  0.00003 0.11896 0.55624 0.67673 0.99208 0.31696 0.07318 0.75444 0.57394 0.42913 0.92341 0.65116 0.24418   75  100   50   75   75
  569  0.00003 0.11900 0.55592 0.67520 0.99215 0.31266 0.07329 0.75446 0.57357 0.42736 0.92402 0.65090 0.25227   75  100   50   75  100
  570  0.00003 0.11914 0.55615 0.67670 0.99263 0.28488 0.07526 0.75481 0.57148 0.42789 0.92409 0.65105 0.25170   75  100   50  100    1
  571  0.00003 0.11923 0.55633 0.67422 0.99241 0.30546 0.07533 0.75567 0.57171 0.42817 0.92373 0.65120 0.25225   75  100   50  100   25
  572  0.00003 0.11945 0.55621 0.67794 0.99204 0.32556 0.07527 0.75464 0.57171 0.42964 0.92335 0.65110 0.25055   75  100   50  100   50
  573  0.00003 0.11917 0.55604 0.67849 0.99242 0.30225 0.07530 0.75486 0.57151 0.42754 0.92354 0.65096 0.24640   75  100   50  100   75
  574  0.00003 0.11941 0.55609 0.67677 0.99209 0.31866 0.07487 0.75493 0.57197 0.42738 0.92357 0.65102 0.25012   75  100   50  100  100
  575  0.00003 0.11728 0.56391 0.68331 0.99349 0.27776 0.06632 0.75082 0.64800 0.42996 0.93020 0.65857 0.23618   75  100   75    1    1
  576  0.00003 0.11746 0.56492 0.68480 0.99122 0.31609 0.06646 0.74110 0.64776 0.42401 0.92844 0.65951 0.23722   75  100   75    1   25
  577  0.00003 0.11709 0.56280 0.68167 0.99131 0.32444 0.06612 0.74667 0.65191 0.44045 0.92439 0.65754 0.23525   75  100   75    1   50
  578  0.00003 0.11729 0.56364 0.68639 0.99040 0.32502 0.06623 0.74149 0.65505 0.42187 0.91115 0.65833 0.23777   75  100   75    1   75
  579  0.00003 0.11762 0.56320 0.68071 0.98804 0.36202 0.06635 0.74623 0.65593 0.42218 0.91889 0.65793 0.24068   75  100   75    1  100
  580  0.00003 0.11747 0.55875 0.67675 0.99048 0.33822 0.06682 0.75319 0.62116 0.43263 0.91860 0.65369 0.23585   75  100   75   25    1
  581  0.00002 0.11765 0.55803 0.67622 0.99290 0.28693 0.06690 0.75369 0.61972 0.43147 0.92327 0.65301 0.24248   75  100   75   25   25
  582  0.00003 0.11756 0.55892 0.67778 0.99079 0.32211 0.06691 0.75230 0.61977 0.42879 0.91996 0.65384 0.23835   75  100   75   25   50
  583  0.00003 0.11733 0.55940 0.67887 0.99135 0.30798 0.06664 0.75302 0.62481 0.43831 0.92381 0.65430 0.24010   75  100   75   25   75
  584  0.00003 0.11781 0.56102 0.68076 0.99218 0.30457 0.06687 0.75223 0.62883 0.42936 0.92303 0.65581 0.24133   75  100   75   25  100
  585  0.00002 0.11770 0.55671 0.67340 0.99292 0.28422 0.06795 0.75453 0.59429 0.42804 0.92570 0.65173 0.24195   75  100   75   50    1
  586  0.00003 0.11763 0.55653 0.67686 0.99179 0.31651 0.06796 0.75422 0.59347 0.42601 0.92543 0.65157 0.23923   75  100   75   50   25
  587  0.00003 0.11787 0.55653 0.67379 0.99116 0.33333 0.06794 0.75398 0.59613 0.42826 0.92359 0.65157 0.24708   75  100   75   50   50
  588  0.00003 0.11797 0.55705 0.67442 0.99198 0.31869 0.06803 0.75423 0.59607 0.42744 0.92330 0.65205 0.25082   75  100   75   50   75
  589  0.00003 0.11785 0.55674 0.67560 0.99175 0.31807 0.06797 0.75405 0.59579 0.43134 0.92107 0.65176 0.24307   75  100   75   50  100
  590  0.00003 0.11781 0.55570 0.67654 0.99195 0.31674 0.06970 0.75439 0.58052 0.42705 0.92312 0.65077 0.24352   75  100   75   75    1
  591  0.00003 0.11808 0.55578 0.67395 0.99163 0.32149 0.06985 0.75440 0.58080 0.42743 0.92365 0.65084 0.24897   75  100   75   75   25
  592  0.00003 0.11828 0.55560 0.67456 0.99203 0.31178 0.06985 0.75430 0.58129 0.42759 0.92358 0.65068 0.24952   75  100   75   75   50
  593  0.00002 0.11820 0.55564 0.67450 0.99280 0.28506 0.06979 0.75428 0.58120 0.42746 0.92355 0.65072 0.25120   75  100   75   75   75
  594  0.00003 0.11807 0.55586 0.67409 0.99206 0.31274 0.06974 0.75424 0.58151 0.42894 0.92344 0.65091 0.25035   75  100   75   75  100
  595  0.00003 0.11820 0.55548 0.67423 0.99200 0.32277 0.07142 0.75442 0.57566 0.42702 0.92330 0.65055 0.24580   75  100   75  100    1
  596  0.00003 0.11808 0.55545 0.67324 0.99234 0.29928 0.07128 0.75442 0.57572 0.42758 0.92301 0.65053 0.25220   75  100   75  100   25
  597  0.00003 0.11854 0.55553 0.67338 0.99244 0.30032 0.07143 0.75441 0.57617 0.42752 0.92371 0.65060 0.24955   75  100   75  100   50
  598  0.00002 0.11835 0.55559 0.67429 0.99289 0.28138 0.07133 0.75453 0.57618 0.42773 0.92314 0.65065 0.25090   75  100   75  100   75
  599  0.00003 0.11839 0.55566 0.67339 0.99186 0.32543 0.07116 0.75450 0.57675 0.42749 0.92336 0.65071 0.24620   75  100   75  100  100
  600  0.00003 0.11735 0.57165 0.69440 0.98719 0.27044 0.06603 0.73953 0.70349 0.44170 0.86153 0.66598 0.24277   75  100  100    1    1
  601  0.00002 0.11710 0.56913 0.68586 0.99569 0.23198 0.06584 0.73553 0.70615 0.43445 0.88977 0.66361 0.23828   75  100  100    1   25
  602  0.00003 0.11736 0.57269 0.69672 0.99368 0.26840 0.06602 0.74253 0.70464 0.43610 0.90535 0.66696 0.23888   75  100  100    1   50
  603  0.00003 0.11750 0.57084 0.68971 0.99413 0.27488 0.06604 0.74663 0.71768 0.45595 0.93324 0.66524 0.23347   75  100  100    1   75
  604  0.00004 0.11737 0.57235 0.69520 0.97413 0.40202 0.06602 0.73566 0.71029 0.44504 0.99093 0.66665 0.24033   75  100  100    1  100
  605  0.00003 0.11751 0.56195 0.68158 0.99133 0.30964 0.06639 0.75401 0.65477 0.43859 0.92756 0.65675 0.24250   75  100  100   25    1
  606  0.00003 0.11751 0.56187 0.68024 0.98933 0.34163 0.06630 0.75354 0.65402 0.43433 0.92434 0.65667 0.24313   75  100  100   25   25
  607  0.00003 0.11746 0.56169 0.68394 0.98997 0.32933 0.06631 0.75296 0.65701 0.42291 0.92717 0.65651 0.24930   75  100  100   25   50
  608  0.00003 0.11774 0.56560 0.68540 0.98969 0.32999 0.06650 0.74739 0.66170 0.43286 0.93087 0.66019 0.23902   75  100  100   25   75
  609  0.00003 0.11737 0.56307 0.68627 0.99044 0.32019 0.06621 0.75226 0.66155 0.44491 0.92312 0.65781 0.24445   75  100  100   25  100
  610  0.00003 0.11753 0.55695 0.67424 0.99101 0.33485 0.06713 0.75449 0.61030 0.42675 0.92340 0.65199 0.24107   75  100  100   50    1
  611  0.00003 0.11760 0.55720 0.67584 0.99110 0.33112 0.06718 0.75380 0.60983 0.43016 0.92301 0.65222 0.24448   75  100  100   50   25
  612  0.00003 0.11805 0.55744 0.67565 0.99107 0.33162 0.06734 0.75475 0.61212 0.42901 0.92396 0.65245 0.25357   75  100  100   50   50
  613  0.00003 0.11786 0.55747 0.67430 0.99226 0.29764 0.06727 0.75473 0.61113 0.43068 0.92449 0.65248 0.24615   75  100  100   50   75
  614  0.00002 0.11782 0.55767 0.67617 0.99256 0.28948 0.06717 0.75350 0.61423 0.42969 0.92411 0.65267 0.24178   75  100  100   50  100
  615  0.00002 0.11817 0.55596 0.67511 0.99256 0.29341 0.06884 0.75457 0.58765 0.42698 0.92451 0.65103 0.24415   75  100  100   75    1
  616  0.00002 0.11777 0.55627 0.67387 0.99288 0.28355 0.06862 0.75442 0.58774 0.42762 0.92416 0.65131 0.24182   75  100  100   75   25
  617  0.00003 0.11818 0.55648 0.67601 0.99184 0.31222 0.06872 0.75450 0.58892 0.42608 0.92545 0.65150 0.25458   75  100  100   75   50
  618  0.00003 0.11820 0.55606 0.67404 0.99202 0.30802 0.06870 0.75451 0.58864 0.42615 0.92391 0.65112 0.24268   75  100  100   75   75
  619  0.00003 0.11796 0.55598 0.67513 0.99238 0.30048 0.06852 0.75428 0.58914 0.42687 0.92350 0.65105 0.24260   75  100  100   75  100
  620  0.00003 0.11780 0.55532 0.67366 0.99243 0.30540 0.06995 0.75441 0.57914 0.42668 0.92364 0.65043 0.24295   75  100  100  100    1
  621  0.00002 0.11843 0.55573 0.67283 0.99296 0.28072 0.07034 0.75445 0.57924 0.42641 0.92336 0.65079 0.24882   75  100  100  100   25
  622  0.00003 0.11804 0.55566 0.67357 0.99256 0.30133 0.07016 0.75450 0.57930 0.42789 0.92380 0.65073 0.24185   75  100  100  100   50
  623  0.00002 0.11809 0.55544 0.67326 0.99282 0.27261 0.07006 0.75443 0.57970 0.42599 0.92382 0.65054 0.24622   75  100  100  100   75
  624  0.00003 0.11863 0.55598 0.67383 0.99121 0.34385 0.07034 0.75461 0.58022 0.42699 0.92384 0.65101 0.24933   75  100  100  100  100
