                                               Cluster
  Run  Product Compare     Pop   Edges Clusters   Size Leesalee  Slope  %Urban   Xmean   Ymean     Rad  Fmatch Diff  Brd Sprd  Slp   RG
    0  0.01301 0.22056 0.96073 0.99586 0.66781 0.58298 0.40018 0.99956 0.90427 0.60527 0.99393 0.98589 0.73825    1    1    1    1    1
    1  0.01894 0.25522 0.97697 0.99799 0.71235 0.52927 0.39012 0.99765 0.92197 0.98235 0.77781 0.99403 0.74060    1    1    1    1  100
    2  0.00240 0.19299 0.98775 0.99954 0.68383 0.54707 0.39773 0.15599 0.90524 0.89439 0.90245 0.99938 0.74427    1    1    1  100    1
    3  0.00295 0.21721 0.97229 0.99909 0.67184 0.69043 0.39936 0.99918 0.90802 0.28062 0.40209 0.99258 0.74252    1    1    1  100  100
    4  0.00057 0.18198 0.93653 0.99684 0.17928 0.76799 0.14601 1.00000 0.93612 0.45186 0.98900 0.94374 0.42353    1    1  100    1    1
    5  0.00315 0.17870 0.91994 0.99995 0.99987 0.67728 0.14135 0.99996 0.92014 0.55982 0.99671 0.93033 0.41890    1    1  100    1  100
    6  0.00193 0.22390 0.96585 0.99775 0.27082 0.72247 0.18367 0.98312 0.96430 0.66802 0.83577 0.96766 0.48655    1    1  100  100    1
    7  0.00643 0.21039 0.95864 0.99994 0.85442 0.78403 0.17540 0.97222 0.95741 0.70897 0.91722 0.96055 0.46695    1    1  100  100  100
    8  0.02977 0.30366 0.95444 0.98942 0.67663 0.72021 0.35361 0.93632 0.90477 0.99665 0.98896 0.98248 0.73450    1  100    1    1    1
    9  0.02264 0.69080 0.97820 0.99971 0.65142 0.52927 0.32354 0.88826 0.95825 0.63408 0.79549 0.98826 0.70807    1  100    1    1  100
   10  0.00722 0.23306 0.95400 0.98581 0.68602 0.52927 0.37315 0.75466 0.89542 0.51968 0.95741 0.98289 0.73563    1  100    1  100    1
   11  0.01434 0.26179 0.95089 0.98464 0.70437 0.61904 0.36524 0.64001 0.89770 0.88738 0.98354 0.98252 0.74588    1  100    1  100  100
   12  0.00151 0.13121 0.87906 0.89185 0.70003 0.92216 0.10251 0.97861 0.88100 0.97718 1.00000 0.89647 0.29365    1  100  100    1    1
   13  0.00006 0.13295 0.85287 0.76154 0.72323 0.92585 0.09853 0.90695 0.85584 0.07069 0.78664 0.87968 0.28688    1  100  100    1  100
   14  0.00071 0.14947 0.96856 0.99981 0.22722 0.81462 0.13057 0.99109 0.96774 0.77096 0.81297 0.96877 0.34710    1  100  100  100    1
   15  0.00010 0.15211 0.96079 0.98580 0.02419 0.95676 0.13054 0.99669 0.96006 0.69116 0.99469 0.96234 0.35092    1  100  100  100  100
   16  0.00000 0.53642 0.95907 0.99220 0.82887 0.00000 0.15791 0.96535 0.95356 0.82563 0.99248 0.97097 0.62517  100    1    1    1    1
   17  0.02943 0.52007 0.95412 0.98945 0.83072 0.99765 0.15662 0.94257 0.94908 0.90545 0.96861 0.96666 0.60900  100    1    1    1  100
   18  0.00000 0.73910 0.96686 0.99598 0.74649 0.00000 0.19305 0.99723 0.95886 0.95210 0.79745 0.97741 0.65737  100    1    1  100    1
   19  0.00000 0.73157 0.96957 0.99663 0.75456 0.00000 0.19695 0.99564 0.96155 0.65308 0.95578 0.97964 0.65433  100    1    1  100  100
   20  0.00017 0.11869 0.59270 0.98385 0.98375 0.74480 0.08190 0.79512 0.60445 0.66498 0.77487 0.67905 0.24955  100    1  100    1    1
   21  0.00009 0.11867 0.57425 0.85836 0.98848 0.57291 0.08170 0.77381 0.58646 0.47742 0.91644 0.66487 0.24710  100    1  100    1  100
   22  0.00017 0.12117 0.87771 0.15466 0.54662 0.99722 0.10349 0.99980 0.87972 0.92129 0.98466 0.88782 0.25853  100    1  100  100    1
   23  0.00009 0.12038 0.86338 0.08470 0.60373 0.99713 0.10025 0.99467 0.86586 0.89898 0.99322 0.87782 0.25657  100    1  100  100  100
   24  0.00145 0.21306 0.92724 0.93590 0.28074 0.93740 0.10449 0.96600 0.92647 0.76688 0.95909 0.94549 0.45722  100  100    1    1    1
   25  0.00215 0.20920 0.93046 0.93818 0.33142 0.94966 0.10415 0.92059 0.92947 0.99998 0.98729 0.94937 0.44790  100  100    1    1  100
   26  0.00348 0.26067 0.97521 0.99231 0.29829 0.92098 0.12818 0.97759 0.97266 0.84883 0.97016 0.98204 0.50923  100  100    1  100    1
   27  0.00534 0.25257 0.97023 0.98930 0.50937 0.93561 0.12523 0.97387 0.96782 0.80953 0.99396 0.97788 0.49773  100  100    1  100  100
   28  0.00002 0.11737 0.59074 0.73132 0.99256 0.29313 0.06587 0.69795 0.78163 0.41881 0.56340 0.68413 0.24300  100  100  100    1    1
   29  0.00004 0.11728 0.62185 0.72174 0.67184 0.77997 0.06556 0.61716 0.80766 0.28121 0.99979 0.71329 0.24322  100  100  100    1  100
   30  0.00002 0.11761 0.55530 0.67541 0.99285 0.28284 0.06905 0.75416 0.58255 0.42747 0.92297 0.65043 0.24352  100  100  100  100    1
   31  0.00003 0.11814 0.55580 0.67528 0.99227 0.30689 0.06929 0.75456 0.58359 0.42866 0.92311 0.65087 0.24872  100  100  100  100  100
