                                               Cluster
  Run  Product Compare     Pop   Edges Clusters   Size Leesalee  Slope  %Urban   Xmean   Ymean     Rad  Fmatch Diff  Brd Sprd  Slp   RG
    0  0.01410 0.13740 0.92340 0.88796 0.96093 0.75000 0.29836 0.80068 0.92340 0.99980 0.90162 0.96222 0.90773   50    1    1    1    1
    1  0.01369 0.13662 0.92632 0.87833 0.99912 0.75000 0.29891 0.79507 0.92632 0.92202 0.92506 0.96429 0.90767   50    1    1    1   25
    2  0.01704 0.13610 0.92998 0.92939 0.99199 0.75000 0.29918 0.90028 0.92998 0.97132 0.91175 0.96687 0.90772   50    1    1    1   50
    3  0.01704 0.13610 0.92998 0.92939 0.99199 0.75000 0.29918 0.90028 0.92998 0.97132 0.91175 0.96687 0.90772   50    1    1    1   75
    4  0.01704 0.13610 0.92998 0.92939 0.99199 0.75000 0.29918 0.90028 0.92998 0.97132 0.91175 0.96687 0.90772   50    1    1    1  100
    5  0.00000 0.13488 0.92462 0.88783 0.94311 0.00000 0.29960 0.88007 0.92462 0.96961 0.88733 0.96312 0.90777   50    1    1   25    1
    6  0.00000 0.13482 0.91831 0.91327 0.98297 0.00000 0.29963 0.85442 0.91831 0.98987 0.90902 0.95857 0.90773   50    1    1   25   25
    7  0.00000 0.13479 0.93913 0.92550 0.99537 0.00000 0.29963 0.81237 0.93913 0.99217 0.92719 0.97321 0.90771   50    1    1   25   50
    8  0.00000 0.13479 0.93913 0.92550 0.99537 0.00000 0.29963 0.81237 0.93913 0.99217 0.92719 0.97321 0.90771   50    1    1   25   75
    9  0.00000 0.13479 0.93913 0.92550 0.99537 0.00000 0.29963 0.81237 0.93913 0.99217 0.92719 0.97321 0.90771   50    1    1   25  100
   10  0.00000 0.13438 0.93044 0.90016 0.97506 0.00000 0.29960 0.80005 0.93044 0.96416 0.91206 0.96727 0.90770   50    1    1   50    1
   11  0.00000 0.13438 0.93279 0.92643 0.94135 0.00000 0.29957 0.82438 0.93279 0.94814 0.95332 0.96891 0.90774   50    1    1   50   25
   12  0.00000 0.13442 0.92929 0.86895 0.98206 0.00000 0.29958 0.86364 0.92929 0.99661 0.92692 0.96646 0.90773   50    1    1   50   50
   13  0.00000 0.13442 0.92929 0.86895 0.98206 0.00000 0.29958 0.86364 0.92929 0.99661 0.92692 0.96646 0.90773   50    1    1   50   75
   14  0.00000 0.13442 0.92929 0.86895 0.98206 0.00000 0.29958 0.86364 0.92929 0.99661 0.92692 0.96646 0.90773   50    1    1   50  100
   15  0.00000 0.13378 0.92711 0.92756 0.99782 0.00000 0.29956 0.82116 0.92711 0.99268 0.95357 0.96497 0.90771   50    1    1   75    1
   16  0.00000 0.13387 0.93319 0.92903 0.99644 0.00000 0.29956 0.82293 0.93319 0.99704 0.93587 0.96921 0.90771   50    1    1   75   25
   17  0.00000 0.13375 0.92773 0.92989 0.97499 0.00000 0.29950 0.84232 0.92773 0.93535 0.95529 0.96541 0.90766   50    1    1   75   50
   18  0.00000 0.13375 0.92773 0.92989 0.97499 0.00000 0.29950 0.84232 0.92773 0.93535 0.95529 0.96541 0.90766   50    1    1   75   75
   19  0.00000 0.13375 0.92773 0.92989 0.97499 0.00000 0.29950 0.84232 0.92773 0.93535 0.95529 0.96541 0.90766   50    1    1   75  100
   20  0.00000 0.13347 0.92954 0.89456 0.90244 0.00000 0.29946 0.85485 0.92954 0.94119 0.89562 0.96671 0.90769   50    1    1  100    1
   21  0.00000 0.13348 0.93226 0.92841 0.87238 0.00000 0.29946 0.84981 0.93226 0.95107 0.95593 0.96860 0.90770   50    1    1  100   25
   22  0.00000 0.13355 0.92677 0.91278 0.98526 0.00000 0.29951 0.84755 0.92677 0.97953 0.96236 0.96475 0.90772   50    1    1  100   50
   23  0.00000 0.13356 0.93011 0.91719 0.99342 0.00000 0.29951 0.86944 0.93011 0.93759 0.96350 0.96710 0.90771   50    1    1  100   75
   24  0.00000 0.13356 0.93011 0.91719 0.99342 0.00000 0.29951 0.86944 0.93011 0.93759 0.96350 0.96710 0.90771   50    1    1  100  100
   25  0.04052 0.30081 0.94759 0.92997 0.98050 0.75000 0.31463 0.87477 0.94759 0.99753 0.90883 0.96993 0.90645   50    1   25    1    1
   26  0.04067 0.30169 0.94791 0.92945 0.98394 0.75000 0.31467 0.87007 0.94791 0.99761 0.91079 0.97015 0.90633   50    1   25    1   25
   27  0.04064 0.30199 0.94903 0.93117 0.98078 0.75000 0.31449 0.87071 0.94903 0.99715 0.90774 0.97101 0.90644   50    1   25    1   50
   28  0.04064 0.30199 0.94903 0.93117 0.98078 0.75000 0.31449 0.87071 0.94903 0.99715 0.90774 0.97101 0.90644   50    1   25    1   75
   29  0.04064 0.30199 0.94903 0.93117 0.98078 0.75000 0.31449 0.87071 0.94903 0.99715 0.90774 0.97101 0.90644   50    1   25    1  100
   30  0.04093 0.28541 0.95047 0.93973 0.98379 0.75000 0.31446 0.89658 0.95047 0.99644 0.92413 0.97255 0.90682   50    1   25   25    1
   31  0.03979 0.28527 0.94923 0.93442 0.98130 0.75000 0.31467 0.89036 0.94923 0.99361 0.91772 0.97162 0.90682   50    1   25   25   25
   32  0.04043 0.28541 0.94983 0.93612 0.98192 0.75000 0.31475 0.89793 0.94983 0.99524 0.91856 0.97207 0.90673   50    1   25   25   50
   33  0.04043 0.28541 0.94983 0.93612 0.98192 0.75000 0.31475 0.89793 0.94983 0.99524 0.91856 0.97207 0.90673   50    1   25   25   75
   34  0.04043 0.28541 0.94983 0.93612 0.98192 0.75000 0.31475 0.89793 0.94983 0.99524 0.91856 0.97207 0.90673   50    1   25   25  100
   35  0.04539 0.26646 0.94652 0.93187 0.97830 0.92308 0.31419 0.88986 0.94652 0.99675 0.92093 0.97037 0.90726   50    1   25   50    1
   36  0.04929 0.26656 0.94762 0.92850 0.98335 1.00000 0.31384 0.90097 0.94762 0.98479 0.91936 0.97119 0.90708   50    1   25   50   25
   37  0.04987 0.26668 0.94768 0.93284 0.97982 1.00000 0.31364 0.89871 0.94768 0.99299 0.92383 0.97121 0.90721   50    1   25   50   50
   38  0.05015 0.26673 0.94731 0.93184 0.98202 1.00000 0.31374 0.90269 0.94731 0.99365 0.92367 0.97094 0.90715   50    1   25   50   75
   39  0.05015 0.26673 0.94731 0.93184 0.98202 1.00000 0.31374 0.90269 0.94731 0.99365 0.92367 0.97094 0.90715   50    1   25   50  100
   40  0.03416 0.25069 0.94669 0.93036 0.97925 0.75000 0.31332 0.88653 0.94669 0.99325 0.91520 0.97112 0.90755   50    1   25   75    1
   41  0.03528 0.25092 0.94707 0.93373 0.98512 0.75000 0.31346 0.89244 0.94707 0.99729 0.92382 0.97143 0.90742   50    1   25   75   25
   42  0.03487 0.25066 0.94560 0.93230 0.97979 0.75000 0.31337 0.89186 0.94560 0.99373 0.92859 0.97033 0.90743   50    1   25   75   50
   43  0.03487 0.25066 0.94560 0.93230 0.97979 0.75000 0.31337 0.89186 0.94560 0.99373 0.92859 0.97033 0.90743   50    1   25   75   75
   44  0.03487 0.25066 0.94560 0.93230 0.97979 0.75000 0.31337 0.89186 0.94560 0.99373 0.92859 0.97033 0.90743   50    1   25   75  100
   45  0.03337 0.23696 0.94543 0.93238 0.98619 0.75000 0.31243 0.90078 0.94543 0.98962 0.93088 0.97085 0.90772   50    1   25  100    1
   46  0.03256 0.23702 0.94499 0.92411 0.98091 0.75000 0.31217 0.89530 0.94499 0.99227 0.92626 0.97052 0.90766   50    1   25  100   25
   47  0.03313 0.23736 0.94544 0.92833 0.98414 0.75000 0.31207 0.89772 0.94544 0.99459 0.92814 0.97087 0.90753   50    1   25  100   50
   48  0.03313 0.23736 0.94544 0.92833 0.98414 0.75000 0.31207 0.89772 0.94544 0.99459 0.92814 0.97087 0.90753   50    1   25  100   75
   49  0.03313 0.23736 0.94544 0.92833 0.98414 0.75000 0.31207 0.89772 0.94544 0.99459 0.92814 0.97087 0.90753   50    1   25  100  100
   50  0.08183 0.47740 0.95523 0.91704 0.97819 1.00000 0.31182 0.85966 0.95523 0.99978 0.89372 0.97127 0.90024   50    1   50    1    1
   51  0.08032 0.47844 0.95536 0.91910 0.98000 1.00000 0.31142 0.84655 0.95536 0.99996 0.88579 0.97138 0.90033   50    1   50    1   25
   52  0.08076 0.47800 0.95525 0.91812 0.97930 1.00000 0.31138 0.85161 0.95525 0.99992 0.88801 0.97130 0.90043   50    1   50    1   50
   53  0.08093 0.47858 0.95537 0.92561 0.98182 1.00000 0.31171 0.83920 0.95537 0.99998 0.89136 0.97138 0.90015   50    1   50    1   75
   54  0.08015 0.47926 0.95470 0.92480 0.98187 1.00000 0.31106 0.84382 0.95470 0.99997 0.88118 0.97082 0.89999   50    1   50    1  100
   55  0.07734 0.44432 0.95704 0.92478 0.98454 0.96429 0.31453 0.87403 0.95704 0.99946 0.89764 0.97317 0.90182   50    1   50   25    1
   56  0.07687 0.44370 0.95708 0.92791 0.98317 0.96429 0.31460 0.86896 0.95708 0.99973 0.89637 0.97320 0.90181   50    1   50   25   25
   57  0.07574 0.44461 0.95774 0.92623 0.98446 0.96429 0.31456 0.85403 0.95774 0.99887 0.89639 0.97370 0.90189   50    1   50   25   50
   58  0.07643 0.44437 0.95775 0.92748 0.98467 0.96429 0.31446 0.85613 0.95775 0.99925 0.90136 0.97371 0.90176   50    1   50   25   75
   59  0.07662 0.44545 0.95757 0.92918 0.98475 0.96429 0.31442 0.85596 0.95757 0.99944 0.90017 0.97356 0.90184   50    1   50   25  100
   60  0.07026 0.40462 0.95621 0.92001 0.98509 0.96429 0.31662 0.86611 0.95621 0.99640 0.90425 0.97339 0.90354   50    1   50   50    1
   61  0.07193 0.40361 0.95527 0.92559 0.98616 0.96429 0.31656 0.88010 0.95527 0.99855 0.90758 0.97267 0.90353   50    1   50   50   25
   62  0.07418 0.40421 0.95659 0.92899 0.98712 0.98684 0.31636 0.88315 0.95659 0.99836 0.90299 0.97367 0.90358   50    1   50   50   50
   63  0.07418 0.40421 0.95659 0.92899 0.98712 0.98684 0.31636 0.88315 0.95659 0.99836 0.90299 0.97367 0.90358   50    1   50   50   75
   64  0.07278 0.40395 0.95627 0.92565 0.98852 0.97581 0.31624 0.87677 0.95627 0.99958 0.90539 0.97344 0.90336   50    1   50   50  100
   65  0.07019 0.37125 0.95475 0.92912 0.98413 1.00000 0.31800 0.89256 0.95475 0.99799 0.90948 0.97310 0.90481   50    1   50   75    1
   66  0.07044 0.37098 0.95544 0.92691 0.98065 1.00000 0.31817 0.89023 0.95544 0.99947 0.91782 0.97362 0.90460   50    1   50   75   25
   67  0.07024 0.37067 0.95526 0.93082 0.98335 1.00000 0.31729 0.89331 0.95526 0.99769 0.91098 0.97356 0.90466   50    1   50   75   50
   68  0.07024 0.37067 0.95526 0.93082 0.98335 1.00000 0.31729 0.89331 0.95526 0.99769 0.91098 0.97356 0.90466   50    1   50   75   75
   69  0.07024 0.37067 0.95526 0.93082 0.98335 1.00000 0.31729 0.89331 0.95526 0.99769 0.91098 0.97356 0.90466   50    1   50   75  100
   70  0.06433 0.34136 0.95294 0.93456 0.97983 0.98684 0.31846 0.89895 0.95294 0.99841 0.91208 0.97255 0.90573   50    1   50  100    1
   71  0.06567 0.34159 0.95374 0.93501 0.98229 0.99083 0.31858 0.90288 0.95374 0.99736 0.91829 0.97314 0.90585   50    1   50  100   25
   72  0.06299 0.34041 0.95333 0.93321 0.98329 0.96429 0.31863 0.89075 0.95333 0.99870 0.92120 0.97289 0.90584   50    1   50  100   50
   73  0.06299 0.34041 0.95333 0.93321 0.98329 0.96429 0.31863 0.89075 0.95333 0.99870 0.92120 0.97289 0.90584   50    1   50  100   75
   74  0.06299 0.34041 0.95333 0.93321 0.98329 0.96429 0.31863 0.89075 0.95333 0.99870 0.92120 0.97289 0.90584   50    1   50  100  100
   75  0.10354 0.67118 0.95659 0.90799 0.97579 1.00000 0.29572 0.85730 0.95659 0.99855 0.87089 0.96945 0.89025   50    1   75    1    1
   76  0.10548 0.67224 0.95702 0.90886 0.97549 1.00000 0.29579 0.86523 0.95702 0.99853 0.87564 0.96979 0.89041   50    1   75    1   25
   77  0.10531 0.66963 0.95580 0.91032 0.97775 1.00000 0.29604 0.86573 0.95580 0.99519 0.87885 0.96883 0.89056   50    1   75    1   50
   78  0.10741 0.67231 0.95655 0.91113 0.98363 1.00000 0.29591 0.87584 0.95655 0.99670 0.87392 0.96940 0.89029   50    1   75    1   75
   79  0.10574 0.67134 0.95646 0.91011 0.97860 1.00000 0.29586 0.86974 0.95646 0.99592 0.87398 0.96935 0.89037   50    1   75    1  100
   80  0.10474 0.62004 0.95885 0.91665 0.98338 1.00000 0.30180 0.87675 0.95885 0.99777 0.88939 0.97171 0.89329   50    1   75   25    1
   81  0.10462 0.61999 0.95931 0.91496 0.97519 1.00000 0.30174 0.88278 0.95931 0.99876 0.88939 0.97209 0.89342   50    1   75   25   25
   82  0.10101 0.61950 0.95858 0.91056 0.98082 1.00000 0.30168 0.86368 0.95858 0.99827 0.88014 0.97148 0.89337   50    1   75   25   50
   83  0.10116 0.62128 0.95923 0.91026 0.97270 1.00000 0.30124 0.86732 0.95923 0.99846 0.88226 0.97202 0.89332   50    1   75   25   75
   84  0.10403 0.62338 0.95953 0.91308 0.97843 1.00000 0.30146 0.87569 0.95953 0.99884 0.88612 0.97216 0.89318   50    1   75   25  100
   85  0.09584 0.55620 0.95908 0.91473 0.97936 0.98684 0.30745 0.88495 0.95908 0.99978 0.89304 0.97274 0.89667   50    1   75   50    1
   86  0.09531 0.55847 0.95819 0.91662 0.97716 0.98684 0.30740 0.87797 0.95819 0.99995 0.89397 0.97202 0.89672   50    1   75   50   25
   87  0.09763 0.55869 0.95870 0.91274 0.98384 0.99668 0.30747 0.88592 0.95870 0.99994 0.89458 0.97241 0.89658   50    1   75   50   50
   88  0.09869 0.55843 0.95951 0.92172 0.98405 0.99668 0.30760 0.88715 0.95951 0.99946 0.89256 0.97303 0.89650   50    1   75   50   75
   89  0.09789 0.55968 0.95912 0.91916 0.98546 0.99668 0.30733 0.87774 0.95912 0.99899 0.89613 0.97271 0.89661   50    1   75   50  100
   90  0.08926 0.50270 0.95829 0.92141 0.98641 0.98684 0.31181 0.88029 0.95829 0.99979 0.89758 0.97302 0.89945   50    1   75   75    1
   91  0.08937 0.50360 0.95825 0.91670 0.98290 0.98684 0.31203 0.88563 0.95825 0.99986 0.89916 0.97294 0.89917   50    1   75   75   25
   92  0.09037 0.50327 0.95842 0.91693 0.98794 0.98684 0.31182 0.89048 0.95842 0.99980 0.90013 0.97311 0.89925   50    1   75   75   50
   93  0.09189 0.50359 0.95806 0.92385 0.98235 0.98684 0.31177 0.90335 0.95806 0.99817 0.90292 0.97283 0.89893   50    1   75   75   75
   94  0.09017 0.50324 0.95854 0.91855 0.98677 0.98684 0.31206 0.88803 0.95854 0.99993 0.89907 0.97319 0.89927   50    1   75   75  100
   95  0.08519 0.45728 0.95758 0.91972 0.98334 1.00000 0.31497 0.89465 0.95758 0.99998 0.90877 0.97328 0.90132   50    1   75  100    1
   96  0.08619 0.45685 0.95730 0.92456 0.98567 1.00000 0.31513 0.90110 0.95730 1.00000 0.90685 0.97309 0.90154   50    1   75  100   25
   97  0.08573 0.45773 0.95720 0.92226 0.98319 1.00000 0.31495 0.90203 0.95720 0.99941 0.90526 0.97299 0.90149   50    1   75  100   50
   98  0.08609 0.45761 0.95696 0.91925 0.98389 1.00000 0.31502 0.90611 0.95696 0.99994 0.90739 0.97282 0.90155   50    1   75  100   75
   99  0.08538 0.45803 0.95760 0.91988 0.97981 1.00000 0.31490 0.89721 0.95760 0.99986 0.90994 0.97332 0.90150   50    1   75  100  100
  100  0.11241 0.78441 0.94961 0.90326 0.97206 0.97959 0.28187 0.90198 0.94961 0.99116 0.86089 0.96334 0.88410   50    1  100    1    1
  101  0.11283 0.78792 0.94972 0.90112 0.97681 0.99482 0.28149 0.89299 0.94972 0.98853 0.85683 0.96341 0.88393   50    1  100    1   25
  102  0.11228 0.78503 0.94943 0.90133 0.97208 0.99482 0.28178 0.89576 0.94943 0.98584 0.85917 0.96321 0.88402   50    1  100    1   50
  103  0.11253 0.78636 0.94953 0.90533 0.97341 0.99140 0.28166 0.89644 0.94953 0.98626 0.85721 0.96328 0.88352   50    1  100    1   75
  104  0.11214 0.78594 0.95009 0.89816 0.97689 0.99482 0.28224 0.88752 0.95009 0.98834 0.85844 0.96373 0.88420   50    1  100    1  100
  105  0.11217 0.72805 0.95306 0.90004 0.98659 0.99324 0.28924 0.89538 0.95306 0.99674 0.86888 0.96639 0.88731   50    1  100   25    1
  106  0.11214 0.72889 0.95333 0.90460 0.97428 0.99324 0.28903 0.90172 0.95333 0.99295 0.87149 0.96660 0.88713   50    1  100   25   25
  107  0.11310 0.72748 0.95339 0.90291 0.97992 0.99324 0.28905 0.90187 0.95339 0.99629 0.87397 0.96669 0.88697   50    1  100   25   50
  108  0.11215 0.72927 0.95317 0.90176 0.97606 0.99324 0.28909 0.90267 0.95317 0.99534 0.86949 0.96646 0.88712   50    1  100   25   75
  109  0.11027 0.72792 0.95387 0.90808 0.97375 0.99324 0.28880 0.88912 0.95387 0.99200 0.86754 0.96706 0.88702   50    1  100   25  100
  110  0.10661 0.65282 0.95284 0.90807 0.97826 0.99324 0.29647 0.90800 0.95284 0.99782 0.88030 0.96706 0.89155   50    1  100   50    1
  111  0.10596 0.65374 0.95359 0.91037 0.98403 0.99324 0.29659 0.89271 0.95359 0.99620 0.88048 0.96762 0.89144   50    1  100   50   25
  112  0.10555 0.65388 0.95351 0.90894 0.98205 0.99324 0.29614 0.89308 0.95351 0.99573 0.88164 0.96758 0.89139   50    1  100   50   50
  113  0.10458 0.65219 0.95342 0.90463 0.98170 0.99830 0.29664 0.89073 0.95342 0.98818 0.88323 0.96755 0.89176   50    1  100   50   75
  114  0.10587 0.65401 0.95319 0.90951 0.97872 0.99324 0.29634 0.90103 0.95319 0.99305 0.88124 0.96736 0.89154   50    1  100   50  100
  115  0.09904 0.58806 0.95271 0.91082 0.98419 0.99937 0.30291 0.89263 0.95271 0.99770 0.88657 0.96778 0.89483   50    1  100   75    1
  116  0.09898 0.58593 0.95329 0.90706 0.98227 0.98684 0.30325 0.90707 0.95329 0.99653 0.88964 0.96830 0.89531   50    1  100   75   25
  117  0.09877 0.58659 0.95285 0.90635 0.98693 0.98684 0.30295 0.90601 0.95285 0.99625 0.88683 0.96792 0.89503   50    1  100   75   50
  118  0.09954 0.58729 0.95335 0.91309 0.98554 0.99725 0.30306 0.89323 0.95335 0.99584 0.88927 0.96833 0.89518   50    1  100   75   75
  119  0.09801 0.58782 0.95281 0.90591 0.98659 0.98684 0.30303 0.89785 0.95281 0.99591 0.88735 0.96786 0.89485   50    1  100   75  100
  120  0.09194 0.52926 0.95241 0.90747 0.98274 0.99324 0.30795 0.89927 0.95241 0.99898 0.89865 0.96848 0.89797   50    1  100  100    1
  121  0.09217 0.53243 0.95231 0.90799 0.97716 0.99937 0.30751 0.90089 0.95231 0.99685 0.89642 0.96837 0.89803   50    1  100  100   25
  122  0.09371 0.53251 0.95301 0.91517 0.98891 0.99324 0.30735 0.90001 0.95301 0.99851 0.89701 0.96891 0.89795   50    1  100  100   50
  123  0.09322 0.53061 0.95236 0.91157 0.98905 0.98684 0.30767 0.90799 0.95236 0.99845 0.89698 0.96841 0.89850   50    1  100  100   75
  124  0.09254 0.53200 0.95308 0.91175 0.97804 0.99725 0.30759 0.89984 0.95308 0.99598 0.89781 0.96896 0.89796   50    1  100  100  100
