                                               Cluster
  Run  Product Compare     Pop   Edges Clusters   Size Leesalee  Slope  %Urban   Xmean   Ymean     Rad  Fmatch Diff  Brd Sprd  Slp   RG
    0  0.00000 0.13468 0.92266 0.89306 0.99416 0.00000 0.30038 0.80368 0.92266 0.90314 0.94598 0.96166 0.90779    1   75    1    1    1
    1  0.00000 0.13484 0.92651 0.90809 0.97271 0.00000 0.30025 0.85809 0.92651 0.96175 0.91064 0.96441 0.90777    1   75    1    1   25
    2  0.00000 0.13473 0.92957 0.89090 1.00000 0.00000 0.30031 0.76531 0.92957 0.98594 0.91462 0.96657 0.90779    1   75    1    1   50
    3  0.00000 0.13473 0.92957 0.89090 1.00000 0.00000 0.30031 0.76531 0.92957 0.98594 0.91462 0.96657 0.90779    1   75    1    1   75
    4  0.00000 0.13473 0.92957 0.89090 1.00000 0.00000 0.30031 0.76531 0.92957 0.98594 0.91462 0.96657 0.90779    1   75    1    1  100
    5  0.00000 0.13410 0.93180 0.91824 0.97446 0.00000 0.30027 0.82302 0.93180 0.98652 0.90066 0.96817 0.90778    1   75    1   25    1
    6  0.00000 0.13410 0.92763 0.91777 0.98190 0.00000 0.30028 0.86442 0.92763 0.99538 0.88782 0.96526 0.90778    1   75    1   25   25
    7  0.00000 0.13419 0.93498 0.91377 0.90717 0.00000 0.30026 0.83155 0.93498 0.94846 0.89851 0.97037 0.90778    1   75    1   25   50
    8  0.00000 0.13419 0.93498 0.91377 0.90717 0.00000 0.30026 0.83155 0.93498 0.94846 0.89851 0.97037 0.90778    1   75    1   25   75
    9  0.00000 0.13419 0.93498 0.91377 0.90717 0.00000 0.30026 0.83155 0.93498 0.94846 0.89851 0.97037 0.90778    1   75    1   25  100
   10  0.00000 0.13362 0.92362 0.92325 0.99077 0.00000 0.30017 0.83840 0.92362 0.99461 0.87919 0.96246 0.90782    1   75    1   50    1
   11  0.00000 0.13357 0.92986 0.93488 0.98152 0.00000 0.30018 0.85475 0.92986 0.99698 0.97244 0.96687 0.90778    1   75    1   50   25
   12  0.00000 0.13371 0.92755 0.90256 0.94857 0.00000 0.30017 0.81210 0.92755 0.92083 0.91630 0.96523 0.90778    1   75    1   50   50
   13  0.00000 0.13371 0.92755 0.90256 0.94857 0.00000 0.30017 0.81210 0.92755 0.92083 0.91630 0.96523 0.90778    1   75    1   50   75
   14  0.00000 0.13371 0.92755 0.90256 0.94857 0.00000 0.30017 0.81210 0.92755 0.92083 0.91630 0.96523 0.90778    1   75    1   50  100
   15  0.00000 0.13320 0.92083 0.92167 0.99460 0.00000 0.30010 0.86969 0.92083 0.99137 0.96845 0.96048 0.90774    1   75    1   75    1
   16  0.00000 0.13319 0.93064 0.89729 0.99793 0.00000 0.30012 0.81177 0.93064 0.82110 0.91878 0.96745 0.90776    1   75    1   75   25
   17  0.00000 0.13331 0.93071 0.93894 0.97442 0.00000 0.30000 0.86022 0.93071 0.89632 0.96512 0.96749 0.90772    1   75    1   75   50
   18  0.00000 0.13331 0.93071 0.93894 0.97442 0.00000 0.30000 0.86022 0.93071 0.89632 0.96512 0.96749 0.90772    1   75    1   75   75
   19  0.00000 0.13331 0.93071 0.93894 0.97442 0.00000 0.30000 0.86022 0.93071 0.89632 0.96512 0.96749 0.90772    1   75    1   75  100
   20  0.00000 0.13289 0.92720 0.91154 0.99194 0.00000 0.30002 0.82293 0.92720 0.98920 0.92642 0.96506 0.90776    1   75    1  100    1
   21  0.00000 0.13292 0.92773 0.92118 0.97720 0.00000 0.30011 0.88882 0.92773 0.90142 0.78730 0.96543 0.90778    1   75    1  100   25
   22  0.00000 0.13287 0.93125 0.89161 0.99020 0.00000 0.29997 0.83876 0.93125 0.84532 0.82540 0.96792 0.90777    1   75    1  100   50
   23  0.00000 0.13287 0.93125 0.89161 0.99020 0.00000 0.29997 0.83876 0.93125 0.84532 0.82540 0.96792 0.90777    1   75    1  100   75
   24  0.00000 0.13287 0.93125 0.89161 0.99020 0.00000 0.29997 0.83876 0.93125 0.84532 0.82540 0.96792 0.90777    1   75    1  100  100
   25  0.04786 0.29022 0.95137 0.93586 0.93003 0.98684 0.32158 0.82704 0.95137 0.99465 0.90829 0.97287 0.90749    1   75   25    1    1
   26  0.05167 0.29334 0.95180 0.94310 0.99384 0.99668 0.32119 0.81880 0.95180 0.99463 0.90106 0.97304 0.90750    1   75   25    1   25
   27  0.04753 0.29448 0.95000 0.93135 0.89789 0.98684 0.32113 0.85508 0.95000 0.99374 0.90070 0.97164 0.90754    1   75   25    1   50
   28  0.05340 0.29343 0.95107 0.93753 0.99197 0.99668 0.32121 0.85194 0.95107 0.99512 0.90281 0.97250 0.90779    1   75   25    1   75
   29  0.05340 0.29343 0.95107 0.93753 0.99197 0.99668 0.32121 0.85194 0.95107 0.99512 0.90281 0.97250 0.90779    1   75   25    1  100
   30  0.05277 0.27356 0.95160 0.93377 0.99809 1.00000 0.32110 0.87918 0.95160 0.99679 0.91883 0.97357 0.90794    1   75   25   25    1
   31  0.04557 0.27585 0.95238 0.94085 0.88149 1.00000 0.32088 0.85158 0.95238 0.99299 0.91516 0.97404 0.90786    1   75   25   25   25
   32  0.05142 0.27621 0.95350 0.94271 0.96188 1.00000 0.32099 0.87605 0.95350 0.99509 0.91180 0.97484 0.90781    1   75   25   25   50
   33  0.05316 0.27741 0.95384 0.94084 0.98895 1.00000 0.32084 0.87675 0.95384 0.99558 0.91315 0.97503 0.90778    1   75   25   25   75
   34  0.05316 0.27741 0.95384 0.94084 0.98895 1.00000 0.32084 0.87675 0.95384 0.99558 0.91315 0.97503 0.90778    1   75   25   25  100
   35  0.04745 0.25540 0.94927 0.93562 0.97118 0.99083 0.32058 0.88243 0.94927 0.99250 0.92317 0.97262 0.90840    1   75   25   50    1
   36  0.04951 0.25693 0.95196 0.94009 0.98599 0.99083 0.32029 0.88740 0.95196 0.99345 0.92629 0.97453 0.90831    1   75   25   50   25
   37  0.04698 0.25736 0.95281 0.94650 0.93215 0.96429 0.31997 0.90506 0.95281 0.99650 0.92466 0.97511 0.90828    1   75   25   50   50
   38  0.04961 0.25741 0.95174 0.94376 0.98229 0.99083 0.31977 0.88264 0.95174 0.99665 0.93055 0.97432 0.90824    1   75   25   50   75
   39  0.04961 0.25741 0.95174 0.94376 0.98229 0.99083 0.31977 0.88264 0.95174 0.99665 0.93055 0.97432 0.90824    1   75   25   50  100
   40  0.04370 0.23984 0.94980 0.93884 0.93894 1.00000 0.31902 0.88512 0.94980 0.99104 0.92572 0.97371 0.90841    1   75   25   75    1
   41  0.04559 0.24041 0.95045 0.93890 0.99858 1.00000 0.31903 0.86560 0.95045 0.99374 0.92201 0.97416 0.90847    1   75   25   75   25
   42  0.02803 0.24104 0.95025 0.94269 0.60120 1.00000 0.31889 0.87719 0.95025 0.99351 0.92411 0.97396 0.90856    1   75   25   75   50
   43  0.03806 0.24078 0.94890 0.93646 0.82673 1.00000 0.31885 0.87708 0.94890 0.99219 0.92442 0.97300 0.90854    1   75   25   75   75
   44  0.03806 0.24078 0.94890 0.93646 0.82673 1.00000 0.31885 0.87708 0.94890 0.99219 0.92442 0.97300 0.90854    1   75   25   75  100
   45  0.04095 0.22625 0.94896 0.94748 0.95485 0.96429 0.31746 0.88440 0.94896 0.99192 0.93499 0.97380 0.90856    1   75   25  100    1
   46  0.03703 0.22738 0.94853 0.93879 0.88341 0.96429 0.31773 0.88502 0.94853 0.98772 0.92147 0.97339 0.90853    1   75   25  100   25
   47  0.03990 0.22793 0.94854 0.93784 0.91556 0.96429 0.31800 0.89242 0.94854 0.99506 0.94084 0.97335 0.90861    1   75   25  100   50
   48  0.03986 0.22770 0.94703 0.92677 0.96712 0.96429 0.31770 0.87941 0.94703 0.99496 0.91972 0.97230 0.90853    1   75   25  100   75
   49  0.03986 0.22770 0.94703 0.92677 0.96712 0.96429 0.31770 0.87941 0.94703 0.99496 0.91972 0.97230 0.90853    1   75   25  100  100
   50  0.07810 0.46289 0.95727 0.92220 0.94885 0.99838 0.31722 0.85218 0.95727 1.00000 0.88874 0.97287 0.90170    1   75   50    1    1
   51  0.07707 0.46839 0.95849 0.92043 0.94902 0.99982 0.31717 0.83549 0.95849 0.99981 0.88195 0.97368 0.90140    1   75   50    1   25
   52  0.07465 0.46970 0.95720 0.92671 0.91371 0.99931 0.31684 0.83569 0.95720 0.99986 0.88333 0.97259 0.90130    1   75   50    1   50
   53  0.06738 0.47026 0.95833 0.93361 0.81339 0.99982 0.31665 0.83678 0.95833 0.99807 0.88565 0.97347 0.90127    1   75   50    1   75
   54  0.07526 0.47195 0.95867 0.93349 0.89003 0.99982 0.31689 0.84364 0.95867 0.99355 0.89631 0.97367 0.90104    1   75   50    1  100
   55  0.07576 0.43017 0.95934 0.93430 0.94563 0.99590 0.32008 0.86071 0.95934 0.99959 0.89705 0.97501 0.90294    1   75   50   25    1
   56  0.07406 0.43499 0.95919 0.93408 0.92650 0.99897 0.31974 0.85242 0.95919 0.99994 0.89251 0.97475 0.90286    1   75   50   25   25
   57  0.07254 0.43517 0.95885 0.93253 0.92348 0.99590 0.32014 0.84291 0.95885 0.99996 0.89050 0.97447 0.90278    1   75   50   25   50
   58  0.07183 0.43512 0.95977 0.93885 0.90178 0.99590 0.31995 0.84532 0.95977 0.99950 0.89325 0.97517 0.90266    1   75   50   25   75
   59  0.07639 0.43742 0.96062 0.93278 0.95345 0.99590 0.31968 0.85004 0.96062 0.99903 0.89344 0.97577 0.90284    1   75   50   25  100
   60  0.07125 0.39196 0.95811 0.93471 0.96277 1.00000 0.32247 0.85587 0.95811 0.99966 0.90408 0.97490 0.90488    1   75   50   50    1
   61  0.06563 0.39528 0.95851 0.93664 0.86604 1.00000 0.32168 0.87681 0.95851 0.99900 0.89641 0.97510 0.90461    1   75   50   50   25
   62  0.06981 0.39699 0.95934 0.93323 0.93909 1.00000 0.32204 0.85375 0.95934 0.99950 0.89891 0.97566 0.90455    1   75   50   50   50
   63  0.07126 0.39773 0.95883 0.93188 0.96086 1.00000 0.32202 0.85945 0.95883 0.99836 0.89297 0.97527 0.90444    1   75   50   50   75
   64  0.06966 0.39653 0.95854 0.93076 0.93241 1.00000 0.32199 0.86305 0.95854 0.99991 0.89897 0.97507 0.90460    1   75   50   50  100
   65  0.06802 0.35967 0.95683 0.93394 0.97116 0.99324 0.32292 0.87964 0.95683 0.99926 0.91485 0.97478 0.90588    1   75   50   75    1
   66  0.06544 0.36121 0.95692 0.93257 0.93004 0.99803 0.32292 0.88476 0.95692 0.99904 0.90697 0.97477 0.90574    1   75   50   75   25
   67  0.06523 0.36253 0.95767 0.93708 0.92334 0.99590 0.32291 0.87851 0.95767 0.99891 0.90966 0.97531 0.90564    1   75   50   75   50
   68  0.06782 0.36309 0.95777 0.93797 0.94955 0.99324 0.32268 0.89268 0.95777 0.99940 0.90511 0.97537 0.90565    1   75   50   75   75
   69  0.06777 0.36310 0.95778 0.93808 0.94825 0.99324 0.32268 0.89289 0.95778 0.99944 0.90527 0.97539 0.90564    1   75   50   75  100
   70  0.06306 0.33173 0.95550 0.93117 0.96247 1.00000 0.32336 0.89105 0.95550 0.99964 0.91284 0.97455 0.90676    1   75   50  100    1
   71  0.06249 0.33416 0.95591 0.93688 0.96119 1.00000 0.32324 0.88106 0.95591 0.99671 0.90599 0.97474 0.90655    1   75   50  100   25
   72  0.06215 0.33387 0.95565 0.93786 0.93645 1.00000 0.32313 0.89178 0.95565 0.99957 0.91206 0.97458 0.90655    1   75   50  100   50
   73  0.06141 0.33391 0.95632 0.93586 0.93816 1.00000 0.32321 0.88469 0.95632 0.99928 0.90681 0.97511 0.90654    1   75   50  100   75
   74  0.06141 0.33391 0.95632 0.93586 0.93816 1.00000 0.32321 0.88469 0.95632 0.99928 0.90681 0.97511 0.90654    1   75   50  100  100
   75  0.10328 0.65910 0.95814 0.91794 0.94800 0.99885 0.29929 0.86952 0.95814 0.99065 0.88072 0.97059 0.89109    1   75   75    1    1
   76  0.08881 0.66548 0.95943 0.92255 0.81711 0.99885 0.29915 0.85551 0.95943 0.98952 0.87854 0.97152 0.89082    1   75   75    1   25
   77  0.10460 0.66764 0.95988 0.92684 0.97409 0.99885 0.29886 0.86033 0.95988 0.95742 0.88490 0.97177 0.89080    1   75   75    1   50
   78  0.10344 0.67091 0.95979 0.91481 0.97000 0.99885 0.29848 0.85705 0.95979 0.96868 0.88075 0.97164 0.89044    1   75   75    1   75
   79  0.09845 0.67408 0.95926 0.91578 0.92397 0.99825 0.29797 0.86027 0.95926 0.96151 0.88184 0.97120 0.89021    1   75   75    1  100
   80  0.10156 0.60634 0.96079 0.92300 0.95723 0.99852 0.30565 0.87414 0.96079 0.99398 0.89005 0.97317 0.89411    1   75   75   25    1
   81  0.09933 0.61098 0.96137 0.92518 0.92780 0.99689 0.30567 0.87250 0.96137 0.99128 0.89350 0.97356 0.89386    1   75   75   25   25
   82  0.09759 0.61377 0.96285 0.93163 0.90918 0.99852 0.30561 0.86737 0.96285 0.98210 0.89432 0.97465 0.89366    1   75   75   25   50
   83  0.09699 0.61659 0.96193 0.91806 0.92209 0.99852 0.30511 0.86203 0.96193 0.98722 0.89014 0.97384 0.89351    1   75   75   25   75
   84  0.09756 0.62009 0.96259 0.92522 0.92264 0.99689 0.30484 0.86505 0.96259 0.97156 0.89458 0.97430 0.89351    1   75   75   25  100
   85  0.08973 0.54721 0.96002 0.92051 0.89852 0.99817 0.31152 0.88415 0.96002 0.99811 0.89726 0.97339 0.89753    1   75   75   50    1
   86  0.08785 0.54609 0.96059 0.92721 0.88646 0.99803 0.31185 0.87244 0.96059 0.99773 0.89601 0.97389 0.89728    1   75   75   50   25
   87  0.09117 0.54931 0.96088 0.92684 0.92539 0.99803 0.31154 0.87032 0.96088 0.99345 0.89192 0.97404 0.89737    1   75   75   50   50
   88  0.08434 0.55187 0.96130 0.92500 0.84230 0.99951 0.31156 0.87407 0.96130 0.99212 0.89928 0.97428 0.89708    1   75   75   50   75
   89  0.09214 0.55287 0.96159 0.92660 0.93710 0.99803 0.31083 0.87200 0.96159 0.98376 0.89233 0.97447 0.89698    1   75   75   50  100
   90  0.08317 0.49248 0.95940 0.92466 0.91079 0.99985 0.31573 0.87449 0.95940 0.99885 0.90130 0.97385 0.90016    1   75   75   75    1
   91  0.08598 0.49610 0.95989 0.92316 0.93214 0.99985 0.31585 0.88104 0.95989 0.99719 0.89869 0.97413 0.89993    1   75   75   75   25
   92  0.08969 0.49611 0.95955 0.92175 0.96998 0.99864 0.31567 0.88572 0.95955 0.99758 0.89953 0.97386 0.90004    1   75   75   75   50
   93  0.08688 0.49526 0.96039 0.92916 0.93856 0.99852 0.31596 0.87901 0.96039 0.99457 0.90134 0.97456 0.90017    1   75   75   75   75
   94  0.08111 0.49726 0.96055 0.92884 0.87940 0.99931 0.31587 0.87731 0.96055 0.98568 0.90407 0.97460 0.89989    1   75   75   75  100
   95  0.08120 0.44670 0.95825 0.92767 0.93635 0.99980 0.31911 0.89934 0.95825 0.99973 0.90413 0.97385 0.90232    1   75   75  100    1
   96  0.07502 0.44853 0.95915 0.92165 0.86523 1.00000 0.31947 0.89586 0.95915 0.99977 0.90599 0.97448 0.90252    1   75   75  100   25
   97  0.07656 0.44824 0.95867 0.92489 0.89631 1.00000 0.31945 0.88730 0.95867 0.99971 0.90020 0.97411 0.90226    1   75   75  100   50
   98  0.08106 0.44907 0.95976 0.92830 0.94324 1.00000 0.31937 0.88657 0.95976 0.99818 0.90040 0.97490 0.90213    1   75   75  100   75
   99  0.08113 0.44994 0.96032 0.93373 0.94046 1.00000 0.31938 0.87428 0.96032 0.99747 0.90847 0.97533 0.90221    1   75   75  100  100
  100  0.11677 0.77726 0.95212 0.90193 0.99684 0.99982 0.28481 0.89146 0.95212 0.98668 0.86202 0.96516 0.88450    1   75  100    1    1
  101  0.11594 0.78737 0.95362 0.91255 0.97836 1.00000 0.28379 0.90003 0.95362 0.95511 0.87064 0.96618 0.88375    1   75  100    1   25
  102  0.11191 0.79259 0.95361 0.90616 0.98890 1.00000 0.28371 0.89309 0.95361 0.92952 0.86167 0.96609 0.88377    1   75  100    1   50
  103  0.11402 0.79773 0.95455 0.90712 0.99416 0.99983 0.28315 0.89062 0.95455 0.93000 0.86870 0.96676 0.88327    1   75  100    1   75
  104  0.11118 0.80334 0.95295 0.90277 0.95030 0.99983 0.28165 0.89069 0.95295 0.96300 0.86286 0.96546 0.88284    1   75  100    1  100
  105  0.11620 0.71666 0.95469 0.90674 0.98766 0.99952 0.29257 0.90639 0.95469 0.99299 0.87840 0.96754 0.88807    1   75  100   25    1
  106  0.11472 0.72555 0.95686 0.91703 0.97753 0.99949 0.29171 0.88776 0.95686 0.98070 0.88218 0.96922 0.88759    1   75  100   25   25
  107  0.11098 0.72699 0.95644 0.91640 0.97255 0.99977 0.29173 0.89637 0.95644 0.94657 0.87992 0.96881 0.88752    1   75  100   25   50
  108  0.11652 0.72880 0.95656 0.91403 0.98894 0.99912 0.29140 0.89686 0.95656 0.97413 0.88409 0.96885 0.88718    1   75  100   25   75
  109  0.11378 0.73704 0.95675 0.91022 0.97560 0.99952 0.28983 0.89568 0.95675 0.97486 0.87397 0.96892 0.88666    1   75  100   25  100
  110  0.10334 0.64208 0.95461 0.90859 0.95868 0.99969 0.29966 0.89386 0.95461 0.99319 0.88210 0.96842 0.89251    1   75  100   50    1
  111  0.09703 0.64490 0.95537 0.91119 0.89235 0.99992 0.30009 0.89173 0.95537 0.99216 0.88359 0.96890 0.89204    1   75  100   50   25
  112  0.10073 0.64881 0.95574 0.91968 0.92503 0.99992 0.29934 0.89364 0.95574 0.97475 0.88635 0.96916 0.89206    1   75  100   50   50
  113  0.08854 0.65284 0.95635 0.91678 0.83497 1.00000 0.29899 0.88292 0.95635 0.95673 0.88666 0.96956 0.89222    1   75  100   50   75
  114  0.10454 0.65597 0.95582 0.91301 0.97166 0.99885 0.29854 0.88295 0.95582 0.97617 0.88551 0.96907 0.89158    1   75  100   50  100
  115  0.08995 0.57554 0.95424 0.91659 0.89322 1.00000 0.30629 0.89524 0.95424 0.99387 0.88643 0.96900 0.89559    1   75  100   75    1
  116  0.09155 0.58042 0.95507 0.91285 0.90574 1.00000 0.30605 0.89096 0.95507 0.99560 0.88724 0.96956 0.89558    1   75  100   75   25
  117  0.07540 0.58068 0.95499 0.92120 0.72759 1.00000 0.30597 0.90129 0.95499 0.99520 0.89152 0.96946 0.89556    1   75  100   75   50
  118  0.07972 0.58112 0.95576 0.92007 0.79219 0.99989 0.30623 0.89047 0.95576 0.97789 0.88933 0.97006 0.89574    1   75  100   75   75
  119  0.09314 0.58491 0.95594 0.92224 0.94335 1.00000 0.30509 0.88352 0.95594 0.96025 0.89099 0.97014 0.89527    1   75  100   75  100
  120  0.08741 0.52118 0.95401 0.91658 0.93007 1.00000 0.31092 0.89432 0.95401 0.99976 0.89205 0.96972 0.89894    1   75  100  100    1
  121  0.08150 0.52096 0.95385 0.91231 0.87420 1.00000 0.31119 0.89328 0.95385 0.99367 0.89592 0.96957 0.89857    1   75  100  100   25
  122  0.09118 0.52330 0.95456 0.91243 0.96379 1.00000 0.31121 0.89402 0.95456 0.99850 0.89782 0.97006 0.89875    1   75  100  100   50
  123  0.08318 0.52477 0.95399 0.91863 0.88864 0.99986 0.31116 0.89195 0.95399 0.98876 0.89233 0.96957 0.89875    1   75  100  100   75
  124  0.09233 0.52486 0.95336 0.91961 0.96919 1.00000 0.31098 0.90353 0.95336 0.98831 0.89783 0.96906 0.89878    1   75  100  100  100
