                                               Cluster
  Run  Product Compare     Pop   Edges Clusters   Size Leesalee  Slope  %Urban   Xmean   Ymean     Rad  Fmatch Diff  Brd Sprd  Slp   RG
    0  0.00000 0.26547 0.93908 0.92521 0.97902 0.00000 0.26617 0.88521 0.93908 0.99881 0.86947 0.96525 0.89927   75  100    1    1    1
    1  0.00000 0.26973 0.94066 0.92789 0.97931 0.00000 0.26556 0.89067 0.94066 0.93551 0.90153 0.96632 0.89903   75  100    1    1   25
    2  0.00000 0.27130 0.93791 0.92431 0.97812 0.00000 0.26514 0.88403 0.93791 0.97735 0.86796 0.96414 0.89888   75  100    1    1   50
    3  0.00000 0.27099 0.93827 0.92474 0.97856 0.00000 0.26535 0.89086 0.93827 0.98887 0.90931 0.96443 0.89894   75  100    1    1   75
    4  0.00000 0.27099 0.93827 0.92474 0.97856 0.00000 0.26535 0.89086 0.93827 0.98887 0.90931 0.96443 0.89894   75  100    1    1  100
    5  0.00000 0.25392 0.94064 0.92706 0.98022 0.00000 0.26882 0.88385 0.94064 0.99822 0.92299 0.96674 0.90003   75  100    1   25    1
    6  0.00000 0.25759 0.94009 0.92677 0.97975 0.00000 0.26844 0.89857 0.94009 0.99644 0.92473 0.96627 0.89984   75  100    1   25   25
    7  0.00000 0.25820 0.93903 0.92575 0.97849 0.00000 0.26819 0.89517 0.93903 0.97688 0.86872 0.96540 0.89969   75  100    1   25   50
    8  0.00000 0.25831 0.94017 0.92673 0.98031 0.00000 0.26807 0.89250 0.94017 0.98234 0.80358 0.96627 0.89975   75  100    1   25   75
    9  0.00000 0.25823 0.94070 0.92749 0.97962 0.00000 0.26817 0.88675 0.94070 0.99999 0.90304 0.96667 0.89978   75  100    1   25  100
   10  0.00000 0.23999 0.93920 0.92629 0.97852 0.00000 0.27155 0.88596 0.93920 0.99696 0.86659 0.96627 0.90085   75  100    1   50    1
   11  0.00000 0.24376 0.93909 0.92558 0.98024 0.00000 0.27043 0.88381 0.93909 0.95963 0.86042 0.96609 0.90060   75  100    1   50   25
   12  0.00000 0.24428 0.93704 0.92331 0.97859 0.00000 0.27046 0.88421 0.93704 0.99573 0.90252 0.96453 0.90047   75  100    1   50   50
   13  0.00000 0.24525 0.93990 0.92595 0.97998 0.00000 0.27018 0.88814 0.93990 0.99853 0.88281 0.96664 0.90062   75  100    1   50   75
   14  0.00000 0.24525 0.93990 0.92595 0.97998 0.00000 0.27018 0.88814 0.93990 0.99853 0.88281 0.96664 0.90062   75  100    1   50  100
   15  0.00000 0.22862 0.93882 0.92567 0.98057 0.00000 0.27389 0.88604 0.93882 0.99903 0.90064 0.96653 0.90153   75  100    1   75    1
   16  0.00000 0.23209 0.93659 0.92289 0.97818 0.00000 0.27304 0.88825 0.93659 0.98201 0.84624 0.96473 0.90137   75  100    1   75   25
   17  0.00000 0.23273 0.94111 0.92843 0.98266 0.00000 0.27305 0.88055 0.94111 0.99345 0.97552 0.96806 0.90140   75  100    1   75   50
   18  0.00000 0.23252 0.94107 0.92799 0.98169 0.00000 0.27305 0.87999 0.94107 0.99074 0.84959 0.96808 0.90133   75  100    1   75   75
   19  0.00000 0.23252 0.94107 0.92799 0.98169 0.00000 0.27305 0.87999 0.94107 0.99074 0.84959 0.96808 0.90133   75  100    1   75  100
   20  0.00000 0.21863 0.94115 0.92845 0.98103 0.00000 0.27557 0.87683 0.94115 0.92909 0.81609 0.96881 0.90206   75  100    1  100    1
   21  0.00000 0.22108 0.93789 0.92489 0.98055 0.00000 0.27549 0.87599 0.93789 0.98233 0.96623 0.96621 0.90204   75  100    1  100   25
   22  0.00000 0.22218 0.93807 0.92546 0.98015 0.00000 0.27518 0.88465 0.93807 0.99972 0.99984 0.96638 0.90201   75  100    1  100   50
   23  0.00000 0.22231 0.93990 0.92717 0.98150 0.00000 0.27514 0.87798 0.93990 0.99642 0.92471 0.96767 0.90192   75  100    1  100   75
   24  0.00000 0.22231 0.93990 0.92717 0.98150 0.00000 0.27514 0.87798 0.93990 0.99642 0.92471 0.96767 0.90192   75  100    1  100  100
   25  0.09558 0.65714 0.97953 0.96187 0.96730 0.96429 0.26676 0.88309 0.97953 0.99956 0.82590 0.98585 0.88133   75  100   25    1    1
   26  0.10184 0.66424 0.97944 0.96201 0.96709 0.96429 0.26607 0.89438 0.97944 0.99790 0.86411 0.98572 0.88079   75  100   25    1   25
   27  0.09708 0.66675 0.97944 0.96064 0.96491 0.96429 0.26608 0.89158 0.97944 0.99863 0.82555 0.98569 0.88077   75  100   25    1   50
   28  0.09722 0.66427 0.97955 0.96139 0.96747 0.96429 0.26608 0.89080 0.97955 0.99820 0.82778 0.98582 0.88080   75  100   25    1   75
   29  0.10011 0.66693 0.97891 0.96016 0.96228 0.96429 0.26613 0.88926 0.97891 0.99675 0.85898 0.98522 0.88074   75  100   25    1  100
   30  0.09546 0.58817 0.98021 0.96560 0.97368 1.00000 0.27188 0.89033 0.98021 0.99970 0.84958 0.98713 0.88530   75  100   25   25    1
   31  0.09979 0.59249 0.98006 0.96468 0.97496 1.00000 0.27161 0.90118 0.98006 1.00000 0.87217 0.98697 0.88487   75  100   25   25   25
   32  0.09810 0.59502 0.98021 0.96475 0.97290 1.00000 0.27146 0.89790 0.98021 0.99810 0.86025 0.98705 0.88505   75  100   25   25   50
   33  0.09889 0.59704 0.97991 0.96390 0.97438 1.00000 0.27080 0.90496 0.97991 0.99961 0.85916 0.98682 0.88431   75  100   25   25   75
   34  0.09956 0.59692 0.97968 0.96351 0.96951 1.00000 0.27101 0.90246 0.97968 0.99855 0.87327 0.98661 0.88417   75  100   25   25  100
   35  0.06265 0.51240 0.97768 0.96329 0.97381 0.75000 0.27624 0.89066 0.97768 0.99998 0.84212 0.98627 0.88974   75  100   25   50    1
   36  0.06550 0.52005 0.97746 0.96298 0.97359 0.75000 0.27549 0.89711 0.97746 0.99982 0.86559 0.98600 0.88899   75  100   25   50   25
   37  0.06936 0.51709 0.97764 0.96320 0.97519 0.75000 0.27623 0.89723 0.97764 0.99833 0.91800 0.98619 0.88931   75  100   25   50   50
   38  0.06702 0.52094 0.97766 0.96317 0.97907 0.75000 0.27579 0.89712 0.97766 0.99833 0.87870 0.98616 0.88911   75  100   25   50   75
   39  0.06551 0.52272 0.97697 0.96229 0.97634 0.75000 0.27549 0.89736 0.97697 0.99916 0.86117 0.98556 0.88878   75  100   25   50  100
   40  0.05313 0.45626 0.97578 0.96288 0.97833 0.75000 0.27926 0.88743 0.97578 0.99836 0.79489 0.98583 0.89277   75  100   25   75    1
   41  0.05712 0.45821 0.97531 0.96243 0.98106 0.75000 0.27951 0.88837 0.97531 0.99979 0.84757 0.98544 0.89242   75  100   25   75   25
   42  0.05441 0.45989 0.97510 0.96162 0.97775 0.75000 0.27933 0.88991 0.97510 0.99919 0.80790 0.98526 0.89259   75  100   25   75   50
   43  0.06484 0.46038 0.97517 0.96186 0.97580 0.89286 0.27891 0.88555 0.97517 0.99956 0.81424 0.98534 0.89228   75  100   25   75   75
   44  0.07021 0.46278 0.97502 0.96151 0.97481 0.89286 0.27887 0.88704 0.97502 0.99957 0.87750 0.98513 0.89221   75  100   25   75  100
   45  0.07085 0.40639 0.97254 0.96024 0.97481 0.99324 0.28276 0.88544 0.97254 0.99979 0.89839 0.98436 0.89559   75  100   25  100    1
   46  0.06873 0.41039 0.97329 0.96193 0.97812 1.00000 0.28204 0.88687 0.97329 0.99571 0.85570 0.98489 0.89512   75  100   25  100   25
   47  0.07168 0.41099 0.97234 0.95951 0.97496 0.99324 0.28230 0.88867 0.97234 0.99915 0.89901 0.98414 0.89521   75  100   25  100   50
   48  0.06668 0.41220 0.97326 0.96099 0.97591 1.00000 0.28155 0.88147 0.97326 0.99990 0.83223 0.98488 0.89533   75  100   25  100   75
   49  0.06575 0.41241 0.97256 0.96021 0.97538 1.00000 0.28201 0.88375 0.97256 0.99853 0.82053 0.98426 0.89537   75  100   25  100  100
   50  0.06875 0.74826 0.98636 0.95031 0.90343 0.98047 0.23825 0.91328 0.98636 0.97215 0.63913 0.98630 0.84143   75  100   50    1    1
   51  0.07313 0.74287 0.98639 0.94987 0.90287 0.98307 0.23741 0.91317 0.98639 0.97712 0.68329 0.98631 0.84056   75  100   50    1   25
   52  0.07120 0.74437 0.98620 0.94941 0.89528 0.97581 0.23765 0.91690 0.98620 0.97736 0.67147 0.98616 0.84080   75  100   50    1   50
   53  0.06839 0.73741 0.98588 0.94912 0.91400 0.99384 0.23664 0.91446 0.98588 0.98245 0.62878 0.98578 0.83991   75  100   50    1   75
   54  0.07162 0.73976 0.98609 0.94969 0.90469 0.98910 0.23680 0.91605 0.98609 0.97123 0.67122 0.98603 0.84029   75  100   50    1  100
   55  0.09781 0.84680 0.98851 0.95864 0.93149 0.97492 0.24771 0.94133 0.98851 0.99286 0.69789 0.98901 0.84974   75  100   50   25    1
   56  0.10038 0.84053 0.98860 0.95903 0.92383 0.96429 0.24763 0.93598 0.98860 0.98971 0.74156 0.98904 0.85012   75  100   50   25   25
   57  0.10105 0.83855 0.98847 0.95765 0.93250 0.97492 0.24745 0.93366 0.98847 0.99363 0.73427 0.98888 0.84987   75  100   50   25   50
   58  0.10055 0.83970 0.98841 0.95830 0.93314 0.97492 0.24720 0.93510 0.98841 0.97719 0.74083 0.98885 0.84964   75  100   50   25   75
   59  0.09732 0.84035 0.98849 0.95807 0.91582 0.96429 0.24736 0.93188 0.98849 0.99678 0.72478 0.98893 0.85056   75  100   50   25  100
   60  0.12571 0.98644 0.98766 0.96271 0.95496 0.97959 0.25743 0.92443 0.98766 0.99089 0.72040 0.98939 0.86311   75  100   50   50    1
   61  0.12424 0.99123 0.98745 0.96210 0.94875 0.97959 0.25714 0.92544 0.98745 0.97813 0.72528 0.98913 0.86095   75  100   50   50   25
   62  0.13394 0.99848 0.98750 0.96106 0.94783 0.97959 0.25670 0.92731 0.98750 0.98663 0.77054 0.98913 0.86119   75  100   50   50   50
   63  0.12190 0.99595 0.98778 0.96205 0.94273 0.97959 0.25725 0.92517 0.98778 0.99352 0.70022 0.98942 0.86185   75  100   50   50   75
   64  0.12470 0.99952 0.98759 0.96189 0.94978 0.97959 0.25628 0.92517 0.98759 0.98544 0.71799 0.98925 0.86125   75  100   50   50  100
   65  0.11196 0.83322 0.98630 0.96448 0.96591 0.99083 0.26562 0.91620 0.98630 0.99270 0.71879 0.98929 0.87110   75  100   50   75    1
   66  0.11504 0.83250 0.98659 0.96488 0.96161 0.97959 0.26567 0.92046 0.98659 0.97836 0.75694 0.98956 0.87157   75  100   50   75   25
   67  0.10730 0.83872 0.98620 0.96413 0.96409 1.00000 0.26562 0.91684 0.98620 0.99091 0.68074 0.98916 0.87091   75  100   50   75   50
   68  0.10728 0.83570 0.98617 0.96396 0.95921 0.99083 0.26557 0.91389 0.98617 0.99082 0.69543 0.98916 0.87094   75  100   50   75   75
   69  0.11086 0.84375 0.98633 0.96380 0.96030 0.99083 0.26486 0.91904 0.98633 0.97067 0.72329 0.98924 0.87118   75  100   50   75  100
   70  0.10069 0.71276 0.98488 0.96529 0.96976 0.98684 0.27255 0.90647 0.98488 0.97638 0.75177 0.98918 0.87889   75  100   50  100    1
   71  0.10607 0.71747 0.98483 0.96481 0.97282 0.98684 0.27219 0.91046 0.98483 0.99672 0.76674 0.98910 0.87847   75  100   50  100   25
   72  0.10122 0.71622 0.98496 0.96527 0.96438 0.98684 0.27203 0.91179 0.98496 0.98280 0.74836 0.98925 0.87868   75  100   50  100   50
   73  0.10727 0.71612 0.98496 0.96526 0.96878 0.98684 0.27248 0.90876 0.98496 0.98155 0.79169 0.98922 0.87898   75  100   50  100   75
   74  0.10400 0.71624 0.98523 0.96686 0.97239 0.98684 0.27231 0.90979 0.98523 0.99850 0.74966 0.98948 0.87865   75  100   50  100  100
   75  0.00741 0.46646 0.98383 0.91248 0.56705 0.97453 0.20634 0.94068 0.98383 0.93300 0.23127 0.98074 0.79262   75  100   75    1    1
   76  0.00284 0.46333 0.98386 0.91227 0.51273 0.97197 0.20530 0.93278 0.98386 0.93747 0.10011 0.98076 0.79139   75  100   75    1   25
   77  0.00036 0.45995 0.98355 0.91082 0.56898 0.97673 0.20522 0.93445 0.98355 0.88996 0.01193 0.98042 0.79011   75  100   75    1   50
   78  0.00460 0.46086 0.98363 0.91144 0.55249 0.97197 0.20497 0.93824 0.98363 0.90190 0.15682 0.98053 0.79013   75  100   75    1   75
   79  0.00206 0.45980 0.98360 0.90971 0.50980 0.97197 0.20488 0.93008 0.98360 0.94700 0.07351 0.98048 0.79093   75  100   75    1  100
   80  0.01439 0.52502 0.98864 0.93372 0.72529 0.97581 0.21821 0.95831 0.98864 0.94069 0.27102 0.98611 0.80710   75  100   75   25    1
   81  0.02098 0.51828 0.98832 0.93205 0.73640 0.97437 0.21719 0.96029 0.98832 0.96334 0.38981 0.98571 0.80288   75  100   75   25   25
   82  0.02158 0.51854 0.98815 0.93162 0.72149 0.97581 0.21708 0.96293 0.98815 0.96218 0.40720 0.98555 0.80500   75  100   75   25   50
   83  0.01826 0.51808 0.98819 0.93163 0.72525 0.97581 0.21680 0.96106 0.98819 0.97981 0.33780 0.98559 0.80520   75  100   75   25   75
   84  0.02443 0.51713 0.98800 0.93188 0.74531 0.97581 0.21675 0.96221 0.98800 0.97271 0.44378 0.98537 0.80483   75  100   75   25  100
   85  0.03889 0.63055 0.98894 0.94566 0.85325 0.98522 0.23143 0.95639 0.98894 0.96574 0.45497 0.98750 0.82596   75  100   75   50    1
   86  0.04631 0.62810 0.98889 0.94512 0.86539 0.98357 0.23087 0.95750 0.98889 0.95578 0.54544 0.98744 0.82354   75  100   75   50   25
   87  0.04471 0.62432 0.98888 0.94474 0.86232 0.98522 0.23017 0.95874 0.98888 0.95804 0.53031 0.98742 0.82417   75  100   75   50   50
   88  0.02608 0.62119 0.98880 0.94412 0.85912 0.97899 0.23008 0.96201 0.98880 0.96743 0.31036 0.98728 0.82431   75  100   75   50   75
   89  0.02935 0.62533 0.98853 0.94356 0.84886 0.98079 0.23034 0.96071 0.98853 0.99116 0.34319 0.98705 0.82299   75  100   75   50  100
   90  0.06154 0.76181 0.98872 0.95389 0.91633 0.98256 0.24359 0.94714 0.98872 0.93776 0.53440 0.98845 0.84200   75  100   75   75    1
   91  0.06581 0.75676 0.98859 0.95280 0.92558 0.98256 0.24326 0.94982 0.98859 0.93448 0.57139 0.98826 0.84229   75  100   75   75   25
   92  0.05726 0.75370 0.98862 0.95386 0.92165 0.98256 0.24274 0.94848 0.98862 0.98413 0.47723 0.98828 0.84216   75  100   75   75   50
   93  0.07194 0.75181 0.98864 0.95348 0.91333 0.98256 0.24205 0.94959 0.98864 0.97193 0.61667 0.98828 0.84035   75  100   75   75   75
   94  0.05726 0.74846 0.98849 0.95325 0.91345 0.98256 0.24201 0.95276 0.98849 0.98246 0.48640 0.98808 0.84061   75  100   75   75  100
   95  0.06925 0.90875 0.98787 0.95769 0.94789 0.99038 0.25432 0.93705 0.98787 0.95402 0.45174 0.98875 0.85533   75  100   75  100    1
   96  0.08301 0.89925 0.98797 0.95839 0.95219 0.99324 0.25273 0.94076 0.98797 0.93239 0.55677 0.98879 0.85496   75  100   75  100   25
   97  0.07887 0.89670 0.98805 0.95765 0.94073 0.98805 0.25314 0.93741 0.98805 0.96117 0.52516 0.98883 0.85457   75  100   75  100   50
   98  0.07473 0.89744 0.98821 0.95825 0.94295 0.99038 0.25383 0.93941 0.98821 0.94973 0.49807 0.98902 0.85415   75  100   75  100   75
   99  0.07413 0.89935 0.98784 0.95769 0.94594 0.99324 0.25359 0.93766 0.98784 0.94492 0.49463 0.98860 0.85448   75  100   75  100  100
  100  0.00232 0.39100 0.97630 0.87563 0.11915 0.97756 0.18964 0.95062 0.97630 0.63123 0.71638 0.97301 0.76897   75  100  100    1    1
  101  0.00253 0.38924 0.97600 0.87597 0.16522 0.97843 0.18862 0.94908 0.97600 0.79136 0.45575 0.97272 0.76769   75  100  100    1   25
  102  0.00300 0.38717 0.97578 0.87248 0.12753 0.97669 0.18782 0.94915 0.97578 0.90232 0.62533 0.97245 0.76658   75  100  100    1   50
  103  0.00329 0.38856 0.97582 0.87448 0.14682 0.97669 0.18820 0.94657 0.97582 0.97657 0.54670 0.97262 0.76600   75  100  100    1   75
  104  0.00339 0.38534 0.97579 0.87537 0.16222 0.97603 0.18723 0.94774 0.97579 0.94574 0.53267 0.97254 0.76577   75  100  100    1  100
  105  0.00011 0.43230 0.98275 0.90629 0.46873 0.97685 0.20009 0.96977 0.98275 0.97098 0.00452 0.97955 0.78446   75  100  100   25    1
  106  0.00090 0.43335 0.98256 0.90369 0.48985 0.97685 0.19984 0.97089 0.98256 0.95218 0.03530 0.97933 0.78097   75  100  100   25   25
  107  0.00000 0.43093 0.98249 0.90293 0.49924 0.97685 0.19921 0.96971 0.98249 0.95758 0.00003 0.97924 0.78260   75  100  100   25   50
  108  0.00095 0.43002 0.98244 0.90613 0.50932 0.97685 0.19939 0.97084 0.98244 0.95405 0.03612 0.97923 0.78086   75  100  100   25   75
  109  0.00009 0.42912 0.98210 0.90122 0.47867 0.97581 0.19883 0.96810 0.98210 0.99568 0.00365 0.97894 0.78255   75  100  100   25  100
  110  0.00966 0.52240 0.98433 0.92630 0.78906 0.98684 0.21416 0.97369 0.98433 0.91634 0.17517 0.98228 0.80517   75  100  100   50    1
  111  0.00837 0.51699 0.98431 0.92533 0.77909 0.98449 0.21358 0.97532 0.98431 0.99115 0.14439 0.98217 0.80399   75  100  100   50   25
  112  0.00088 0.51770 0.98435 0.92567 0.76844 0.98568 0.21370 0.97353 0.98435 0.99166 0.01540 0.98223 0.80394   75  100  100   50   50
  113  0.00385 0.51814 0.98453 0.92656 0.75011 0.98256 0.21360 0.97331 0.98453 0.98082 0.06956 0.98243 0.80585   75  100  100   50   75
  114  0.00439 0.51492 0.98418 0.92602 0.79148 0.98568 0.21257 0.97470 0.98418 0.99909 0.07461 0.98205 0.80376   75  100  100   50  100
  115  0.01683 0.62874 0.98482 0.93940 0.88321 0.98079 0.22760 0.96458 0.98482 0.86666 0.21929 0.98391 0.82624   75  100  100   75    1
  116  0.02277 0.61974 0.98498 0.94036 0.86657 0.97843 0.22641 0.96596 0.98498 0.94820 0.28207 0.98397 0.82536   75  100  100   75   25
  117  0.01885 0.62044 0.98468 0.93836 0.88227 0.97718 0.22647 0.96850 0.98468 0.89290 0.24423 0.98369 0.82310   75  100  100   75   50
  118  0.00047 0.61716 0.98486 0.93887 0.86827 0.98288 0.22623 0.96555 0.98486 0.93960 0.00591 0.98381 0.82290   75  100  100   75   75
  119  0.01795 0.61546 0.98450 0.93663 0.86710 0.98017 0.22571 0.96545 0.98450 0.98717 0.21713 0.98347 0.82293   75  100  100   75  100
  120  0.01636 0.74525 0.98447 0.94647 0.91877 0.98492 0.23894 0.95524 0.98447 0.95941 0.14588 0.98469 0.84061   75  100  100  100    1
  121  0.02378 0.74383 0.98453 0.94661 0.91677 0.97809 0.23838 0.95506 0.98453 0.96911 0.21253 0.98470 0.84168   75  100  100  100   25
  122  0.03561 0.73572 0.98434 0.94545 0.91664 0.98684 0.23778 0.95732 0.98434 0.79378 0.39109 0.98446 0.83968   75  100  100  100   50
  123  0.02975 0.74337 0.98440 0.94575 0.93137 0.98584 0.23868 0.95709 0.98440 0.60475 0.41636 0.98460 0.83979   75  100  100  100   75
  124  0.01678 0.73916 0.98434 0.94591 0.91969 0.99115 0.23775 0.95668 0.98434 0.95283 0.15162 0.98451 0.83985   75  100  100  100  100
