                                               Cluster
  Run  Product Compare     Pop   Edges Clusters   Size Leesalee  Slope  %Urban   Xmean   Ymean     Rad  Fmatch Diff  Brd Sprd  Slp   RG
    0  0.00000 0.13439 0.92218 0.89453 0.99020 0.00000 0.30041 0.90091 0.92218 0.99645 0.92730 0.96132 0.90775    1   25    1    1    1
    1  0.00000 0.13439 0.92726 0.88206 0.98326 0.00000 0.30034 0.85791 0.92726 0.94100 0.85833 0.96495 0.90777    1   25    1    1   25
    2  0.00000 0.13448 0.91589 0.89957 0.94731 0.00000 0.30044 0.81898 0.91589 0.99966 0.86311 0.95675 0.90778    1   25    1    1   50
    3  0.00000 0.13451 0.91808 0.91762 0.98399 0.00000 0.30042 0.88332 0.91808 0.97859 0.93615 0.95835 0.90779    1   25    1    1   75
    4  0.00000 0.13451 0.91808 0.91762 0.98399 0.00000 0.30042 0.88332 0.91808 0.97859 0.93615 0.95835 0.90779    1   25    1    1  100
    5  0.00000 0.13392 0.93257 0.92451 0.98573 0.00000 0.30027 0.81406 0.93257 0.99885 0.97025 0.96871 0.90775    1   25    1   25    1
    6  0.00000 0.13400 0.92648 0.90940 0.96721 0.00000 0.30029 0.84042 0.92648 0.98929 0.95553 0.96443 0.90776    1   25    1   25   25
    7  0.00000 0.13392 0.92826 0.92880 0.95947 0.00000 0.30024 0.81590 0.92826 0.99750 0.89053 0.96572 0.90776    1   25    1   25   50
    8  0.00000 0.13398 0.93098 0.91964 0.99407 0.00000 0.30027 0.80363 0.93098 0.99957 0.96506 0.96761 0.90781    1   25    1   25   75
    9  0.00000 0.13398 0.93098 0.91964 0.99407 0.00000 0.30027 0.80363 0.93098 0.99957 0.96506 0.96761 0.90781    1   25    1   25  100
   10  0.00000 0.13346 0.93636 0.92259 0.99891 0.00000 0.30019 0.85263 0.93636 0.99821 0.93508 0.97136 0.90778    1   25    1   50    1
   11  0.00000 0.13342 0.92822 0.91902 0.99985 0.00000 0.30022 0.82374 0.92822 0.99959 0.96837 0.96572 0.90779    1   25    1   50   25
   12  0.00000 0.13338 0.91302 0.86250 0.97757 0.00000 0.30023 0.84993 0.91302 0.96860 0.91835 0.95474 0.90775    1   25    1   50   50
   13  0.00000 0.13338 0.91302 0.86250 0.97757 0.00000 0.30023 0.84993 0.91302 0.96860 0.91835 0.95474 0.90775    1   25    1   50   75
   14  0.00000 0.13338 0.91302 0.86250 0.97757 0.00000 0.30023 0.84993 0.91302 0.96860 0.91835 0.95474 0.90775    1   25    1   50  100
   15  0.00000 0.13310 0.92206 0.92742 0.98219 0.00000 0.30021 0.84746 0.92206 0.99670 0.87496 0.96136 0.90780    1   25    1   75    1
   16  0.00000 0.13296 0.93518 0.95840 0.97384 0.00000 0.30005 0.84028 0.93518 0.99345 0.88058 0.97060 0.90775    1   25    1   75   25
   17  0.00000 0.13308 0.92773 0.90447 0.99782 0.00000 0.30011 0.85023 0.92773 0.99476 0.92412 0.96540 0.90776    1   25    1   75   50
   18  0.00000 0.13308 0.92773 0.90447 0.99782 0.00000 0.30011 0.85023 0.92773 0.99476 0.92412 0.96540 0.90776    1   25    1   75   75
   19  0.00000 0.13308 0.92773 0.90447 0.99782 0.00000 0.30011 0.85023 0.92773 0.99476 0.92412 0.96540 0.90776    1   25    1   75  100
   20  0.00000 0.13276 0.92186 0.90943 0.94234 0.00000 0.29997 0.83146 0.92186 0.99812 0.89005 0.96126 0.90775    1   25    1  100    1
   21  0.00000 0.13282 0.93181 0.94509 0.97975 0.00000 0.30005 0.86515 0.93181 0.84473 0.81779 0.96830 0.90773    1   25    1  100   25
   22  0.00000 0.13284 0.93130 0.91647 0.99929 0.00000 0.30007 0.82098 0.93130 0.94147 0.85061 0.96792 0.90774    1   25    1  100   50
   23  0.00000 0.13284 0.93130 0.91647 0.99929 0.00000 0.30007 0.82098 0.93130 0.94147 0.85061 0.96792 0.90774    1   25    1  100   75
   24  0.00000 0.13284 0.93130 0.91647 0.99929 0.00000 0.30007 0.82098 0.93130 0.94147 0.85061 0.96792 0.90774    1   25    1  100  100
   25  0.04938 0.27997 0.94968 0.93208 0.99006 1.00000 0.32182 0.82152 0.94968 0.99638 0.91148 0.97206 0.90802    1   25   25    1    1
   26  0.04766 0.28124 0.95034 0.93685 0.94605 1.00000 0.32187 0.81876 0.95034 0.99634 0.91292 0.97251 0.90808    1   25   25    1   25
   27  0.04990 0.28107 0.94904 0.93756 0.96342 1.00000 0.32192 0.84310 0.94904 0.99522 0.91590 0.97153 0.90795    1   25   25    1   50
   28  0.05108 0.28110 0.95007 0.93793 0.97568 1.00000 0.32177 0.85387 0.95007 0.99226 0.91400 0.97231 0.90791    1   25   25    1   75
   29  0.05108 0.28110 0.95007 0.93793 0.97568 1.00000 0.32177 0.85387 0.95007 0.99226 0.91400 0.97231 0.90791    1   25   25    1  100
   30  0.04995 0.26480 0.95053 0.93356 0.96988 1.00000 0.32156 0.88682 0.95053 0.99514 0.91915 0.97322 0.90839    1   25   25   25    1
   31  0.05188 0.26633 0.95077 0.94067 0.99804 1.00000 0.32155 0.88394 0.95077 0.99335 0.91967 0.97329 0.90821    1   25   25   25   25
   32  0.04752 0.26576 0.95113 0.93845 0.95569 1.00000 0.32148 0.84154 0.95113 0.99354 0.92697 0.97363 0.90838    1   25   25   25   50
   33  0.04981 0.26596 0.95072 0.94209 0.98751 1.00000 0.32143 0.85881 0.95072 0.99158 0.92035 0.97332 0.90824    1   25   25   25   75
   34  0.04981 0.26596 0.95072 0.94209 0.98751 1.00000 0.32143 0.85881 0.95072 0.99158 0.92035 0.97332 0.90824    1   25   25   25  100
   35  0.04549 0.24785 0.94881 0.94369 0.97037 0.99083 0.32045 0.87074 0.94881 0.98687 0.92330 0.97269 0.90868    1   25   25   50    1
   36  0.04745 0.24870 0.95035 0.93770 0.99612 0.96429 0.32043 0.89606 0.95035 0.99393 0.92888 0.97377 0.90864    1   25   25   50   25
   37  0.04741 0.24852 0.95009 0.93517 0.99437 0.96429 0.32029 0.90059 0.95009 0.99523 0.92809 0.97355 0.90861    1   25   25   50   50
   38  0.04675 0.24911 0.94854 0.92955 0.98738 0.96429 0.32055 0.90505 0.94854 0.99468 0.92430 0.97242 0.90867    1   25   25   50   75
   39  0.04675 0.24911 0.94854 0.92955 0.98738 0.96429 0.32055 0.90505 0.94854 0.99468 0.92430 0.97242 0.90867    1   25   25   50  100
   40  0.04461 0.23286 0.94777 0.93559 0.97861 0.99590 0.31918 0.89797 0.94777 0.98962 0.93308 0.97258 0.90868    1   25   25   75    1
   41  0.04364 0.23415 0.94845 0.93763 0.97287 1.00000 0.31922 0.87933 0.94845 0.98736 0.92691 0.97305 0.90865    1   25   25   75   25
   42  0.04457 0.23444 0.94868 0.94171 0.98570 1.00000 0.31942 0.87618 0.94868 0.99160 0.92719 0.97321 0.90866    1   25   25   75   50
   43  0.04313 0.23468 0.94735 0.92807 0.95660 1.00000 0.31930 0.89022 0.94735 0.99802 0.92028 0.97223 0.90882    1   25   25   75   75
   44  0.04313 0.23468 0.94735 0.92807 0.95660 1.00000 0.31930 0.89022 0.94735 0.99802 0.92028 0.97223 0.90882    1   25   25   75  100
   45  0.04051 0.22159 0.94659 0.93017 0.99499 0.96429 0.31779 0.89049 0.94659 0.98393 0.92909 0.97235 0.90880    1   25   25  100    1
   46  0.03972 0.22268 0.94484 0.92060 0.98227 0.96429 0.31792 0.89309 0.94484 0.99085 0.92298 0.97101 0.90879    1   25   25  100   25
   47  0.04076 0.22251 0.94625 0.92732 0.99799 0.96429 0.31777 0.89385 0.94625 0.98688 0.92564 0.97203 0.90890    1   25   25  100   50
   48  0.03877 0.22218 0.94567 0.94075 0.94456 0.96429 0.31788 0.88869 0.94567 0.98848 0.92349 0.97167 0.90872    1   25   25  100   75
   49  0.03877 0.22218 0.94567 0.94075 0.94456 0.96429 0.31788 0.88869 0.94567 0.98848 0.92349 0.97167 0.90872    1   25   25  100  100
   50  0.07412 0.45162 0.95561 0.91606 0.97435 0.99551 0.31807 0.81560 0.95561 0.99998 0.88924 0.97193 0.90216    1   25   50    1    1
   51  0.07389 0.45561 0.95518 0.91411 0.93716 0.99982 0.31796 0.84253 0.95518 1.00000 0.88402 0.97144 0.90209    1   25   50    1   25
   52  0.07571 0.45467 0.95561 0.91722 0.95429 0.99924 0.31803 0.83912 0.95561 0.99988 0.89132 0.97182 0.90197    1   25   50    1   50
   53  0.07430 0.45469 0.95603 0.91415 0.93824 0.99917 0.31754 0.84097 0.95603 0.99990 0.89120 0.97219 0.90181    1   25   50    1   75
   54  0.07024 0.45538 0.95597 0.92357 0.88209 1.00000 0.31740 0.83702 0.95597 0.99971 0.88975 0.97208 0.90194    1   25   50    1  100
   55  0.07448 0.42033 0.95753 0.92389 0.97547 0.99590 0.32077 0.84633 0.95753 0.99934 0.90163 0.97390 0.90387    1   25   50   25    1
   56  0.07515 0.42133 0.95699 0.92540 0.97059 0.99590 0.32080 0.85669 0.95699 0.99911 0.90156 0.97344 0.90353    1   25   50   25   25
   57  0.06986 0.42255 0.95711 0.92924 0.89964 0.99590 0.32117 0.85279 0.95711 0.99961 0.90025 0.97347 0.90347    1   25   50   25   50
   58  0.07446 0.42117 0.95735 0.92245 0.96948 0.99590 0.32097 0.85213 0.95735 0.99986 0.90015 0.97374 0.90354    1   25   50   25   75
   59  0.07432 0.42223 0.95751 0.92160 0.96929 0.99590 0.32098 0.85110 0.95751 0.99974 0.89821 0.97378 0.90343    1   25   50   25  100
   60  0.07019 0.38326 0.95569 0.93001 0.97412 1.00000 0.32264 0.86633 0.95569 0.99829 0.90052 0.97336 0.90496    1   25   50   50    1
   61  0.06900 0.38452 0.95610 0.92883 0.95084 1.00000 0.32276 0.86541 0.95610 0.99889 0.90409 0.97362 0.90502    1   25   50   50   25
   62  0.06765 0.38472 0.95596 0.92500 0.93527 1.00000 0.32263 0.87040 0.95596 0.99753 0.90130 0.97350 0.90489    1   25   50   50   50
   63  0.06938 0.38361 0.95650 0.92295 0.96499 1.00000 0.32270 0.86501 0.95650 0.99888 0.90313 0.97394 0.90499    1   25   50   50   75
   64  0.06733 0.38520 0.95568 0.92674 0.92930 1.00000 0.32260 0.86645 0.95568 0.99988 0.90266 0.97329 0.90496    1   25   50   50  100
   65  0.06259 0.35197 0.95497 0.93435 0.91156 0.99947 0.32372 0.88120 0.95497 0.99704 0.91268 0.97366 0.90633    1   25   50   75    1
   66  0.06324 0.35274 0.95622 0.93942 0.91081 1.00000 0.32350 0.87763 0.95622 0.99659 0.91689 0.97456 0.90630    1   25   50   75   25
   67  0.06587 0.35349 0.95504 0.93332 0.95426 0.99803 0.32333 0.88422 0.95504 0.99958 0.91146 0.97362 0.90625    1   25   50   75   50
   68  0.06587 0.35349 0.95504 0.93332 0.95426 0.99803 0.32333 0.88422 0.95504 0.99958 0.91146 0.97362 0.90625    1   25   50   75   75
   69  0.06587 0.35349 0.95504 0.93332 0.95426 0.99803 0.32333 0.88422 0.95504 0.99958 0.91146 0.97362 0.90625    1   25   50   75  100
   70  0.06088 0.32490 0.95424 0.92750 0.95969 1.00000 0.32337 0.88924 0.95424 0.99445 0.91516 0.97391 0.90710    1   25   50  100    1
   71  0.06133 0.32554 0.95402 0.92964 0.95521 1.00000 0.32348 0.89352 0.95402 0.99890 0.91418 0.97371 0.90706    1   25   50  100   25
   72  0.06158 0.32583 0.95465 0.92790 0.97066 1.00000 0.32344 0.88254 0.95465 0.99775 0.91498 0.97417 0.90701    1   25   50  100   50
   73  0.06158 0.32583 0.95465 0.92790 0.97066 1.00000 0.32344 0.88254 0.95465 0.99775 0.91498 0.97417 0.90701    1   25   50  100   75
   74  0.06158 0.32583 0.95465 0.92790 0.97066 1.00000 0.32344 0.88254 0.95465 0.99775 0.91498 0.97417 0.90701    1   25   50  100  100
   75  0.09783 0.63927 0.95515 0.90438 0.95101 0.99885 0.30114 0.85920 0.95515 0.99672 0.87567 0.96862 0.89267    1   25   75    1    1
   76  0.09911 0.64159 0.95602 0.91203 0.93789 0.99969 0.30115 0.86951 0.95602 0.99355 0.87817 0.96927 0.89249    1   25   75    1   25
   77  0.10246 0.64257 0.95676 0.91535 0.95840 0.99933 0.30119 0.87164 0.95676 0.98918 0.88412 0.96981 0.89237    1   25   75    1   50
   78  0.09985 0.64437 0.95662 0.91041 0.94183 0.99885 0.30088 0.87787 0.95662 0.97798 0.88446 0.96964 0.89245    1   25   75    1   75
   79  0.09805 0.64700 0.95662 0.90920 0.93157 0.99933 0.30046 0.86897 0.95662 0.98365 0.88083 0.96959 0.89202    1   25   75    1  100
   80  0.09514 0.59295 0.95874 0.91369 0.94017 0.99852 0.30684 0.86059 0.95874 0.99785 0.88783 0.97187 0.89513    1   25   75   25    1
   81  0.09710 0.59520 0.95893 0.92044 0.92705 0.99777 0.30647 0.87971 0.95893 0.99842 0.89016 0.97199 0.89472    1   25   75   25   25
   82  0.09605 0.59492 0.95985 0.91996 0.93275 0.99852 0.30694 0.86145 0.95985 0.99497 0.89290 0.97271 0.89507    1   25   75   25   50
   83  0.09652 0.59667 0.95952 0.91752 0.94405 0.99852 0.30682 0.86286 0.95952 0.99480 0.88625 0.97240 0.89505    1   25   75   25   75
   84  0.09601 0.59930 0.95947 0.91277 0.94618 0.99852 0.30668 0.86011 0.95947 0.98622 0.89163 0.97226 0.89483    1   25   75   25  100
   85  0.08561 0.53152 0.95829 0.90686 0.92447 0.99803 0.31301 0.86154 0.95829 0.99969 0.89009 0.97240 0.89834    1   25   75   50    1
   86  0.09040 0.53643 0.95830 0.90904 0.93952 0.99803 0.31275 0.88111 0.95830 0.99916 0.89529 0.97231 0.89822    1   25   75   50   25
   87  0.08525 0.53609 0.95884 0.91820 0.88151 0.99803 0.31232 0.87452 0.95884 0.99796 0.89932 0.97277 0.89793    1   25   75   50   50
   88  0.09227 0.53648 0.95893 0.91774 0.95635 0.99803 0.31239 0.87386 0.95893 0.99583 0.89903 0.97282 0.89811    1   25   75   50   75
   89  0.08687 0.53503 0.95935 0.91672 0.92010 0.99803 0.31270 0.86351 0.95935 0.99237 0.89459 0.97316 0.89838    1   25   75   50  100
   90  0.08468 0.48197 0.95764 0.91966 0.96434 0.99984 0.31685 0.86632 0.95764 0.99964 0.89837 0.97277 0.90100    1   25   75   75    1
   91  0.08468 0.48250 0.95808 0.91856 0.94507 0.99984 0.31696 0.88048 0.95808 1.00000 0.90050 0.97311 0.90075    1   25   75   75   25
   92  0.08587 0.48479 0.95857 0.91661 0.96100 0.99749 0.31700 0.87861 0.95857 0.99959 0.89863 0.97341 0.90086    1   25   75   75   50
   93  0.08468 0.48414 0.95880 0.92594 0.93816 0.99725 0.31655 0.87857 0.95880 0.99987 0.90063 0.97366 0.90069    1   25   75   75   75
   94  0.08409 0.48376 0.95834 0.92346 0.93641 0.99931 0.31656 0.87276 0.95834 0.99980 0.90452 0.97326 0.90074    1   25   75   75  100
   95  0.07987 0.43765 0.95717 0.91578 0.94781 1.00000 0.31977 0.89868 0.95717 0.99999 0.90882 0.97324 0.90288    1   25   75  100    1
   96  0.08030 0.44019 0.95772 0.92127 0.94915 1.00000 0.32000 0.89080 0.95772 1.00000 0.90772 0.97362 0.90287    1   25   75  100   25
   97  0.07900 0.43881 0.95736 0.92243 0.94234 1.00000 0.31959 0.89441 0.95736 0.99995 0.89988 0.97340 0.90259    1   25   75  100   50
   98  0.07913 0.43864 0.95774 0.91999 0.93201 1.00000 0.31973 0.89973 0.95774 0.99976 0.90732 0.97369 0.90279    1   25   75  100   75
   99  0.07236 0.43865 0.95713 0.92689 0.85223 1.00000 0.31978 0.89520 0.95713 0.99906 0.90707 0.97324 0.90291    1   25   75  100  100
  100  0.10962 0.75512 0.94888 0.89173 0.96773 0.99996 0.28640 0.89032 0.94888 0.99202 0.86554 0.96300 0.88620    1   25  100    1    1
  101  0.11401 0.75459 0.94977 0.90492 0.98888 1.00000 0.28695 0.89243 0.94977 0.98425 0.87002 0.96371 0.88571    1   25  100    1   25
  102  0.10594 0.76160 0.95056 0.90046 0.95494 0.99982 0.28621 0.88775 0.95056 0.94980 0.86884 0.96422 0.88570    1   25  100    1   50
  103  0.10559 0.76307 0.95076 0.90146 0.92809 0.99995 0.28585 0.89130 0.95076 0.96688 0.86986 0.96433 0.88547    1   25  100    1   75
  104  0.11045 0.76848 0.95068 0.89381 0.99734 0.99960 0.28523 0.88871 0.95068 0.95282 0.86625 0.96416 0.88467    1   25  100    1  100
  105  0.10454 0.69808 0.95306 0.90137 0.92932 0.99977 0.29376 0.89426 0.95306 0.99583 0.87535 0.96670 0.88933    1   25  100   25    1
  106  0.10743 0.69945 0.95340 0.90750 0.94380 0.99977 0.29389 0.89096 0.95340 0.99246 0.88316 0.96692 0.88919    1   25  100   25   25
  107  0.10261 0.70178 0.95338 0.90422 0.91773 0.99977 0.29360 0.89276 0.95338 0.97819 0.87940 0.96685 0.88938    1   25  100   25   50
  108  0.10797 0.70436 0.95368 0.90787 0.95963 0.99908 0.29329 0.89460 0.95368 0.97901 0.87704 0.96705 0.88877    1   25  100   25   75
  109  0.10440 0.70854 0.95397 0.89771 0.93211 0.99994 0.29256 0.89236 0.95397 0.97960 0.88033 0.96719 0.88861    1   25  100   25  100
  110  0.09931 0.62495 0.95244 0.90331 0.95514 0.99992 0.30131 0.88422 0.95244 0.99385 0.88765 0.96706 0.89337    1   25  100   50    1
  111  0.10235 0.62704 0.95299 0.90731 0.97268 1.00000 0.30120 0.88616 0.95299 0.99411 0.88813 0.96742 0.89328    1   25  100   50   25
  112  0.09485 0.62971 0.95364 0.91041 0.89628 1.00000 0.30093 0.89701 0.95364 0.98426 0.88392 0.96790 0.89300    1   25  100   50   50
  113  0.09979 0.63049 0.95375 0.90958 0.94823 1.00000 0.30090 0.88546 0.95375 0.98730 0.88723 0.96796 0.89300    1   25  100   50   75
  114  0.09800 0.63472 0.95382 0.90331 0.93222 1.00000 0.30022 0.89383 0.95382 0.98445 0.88295 0.96798 0.89260    1   25  100   50  100
  115  0.09599 0.56536 0.95241 0.90777 0.97148 1.00000 0.30731 0.89587 0.95241 0.99699 0.89113 0.96782 0.89660    1   25  100   75    1
  116  0.09340 0.56430 0.95217 0.91423 0.92382 1.00000 0.30767 0.90921 0.95217 0.99720 0.89289 0.96764 0.89687    1   25  100   75   25
  117  0.08613 0.56441 0.95179 0.89977 0.89176 1.00000 0.30757 0.88510 0.95179 0.99538 0.89332 0.96733 0.89664    1   25  100   75   50
  118  0.09083 0.56930 0.95390 0.90550 0.92751 0.99958 0.30697 0.88157 0.95390 0.99437 0.89358 0.96889 0.89653    1   25  100   75   75
  119  0.09468 0.56809 0.95346 0.91288 0.95835 1.00000 0.30684 0.89031 0.95346 0.98815 0.89375 0.96864 0.89666    1   25  100   75  100
  120  0.08792 0.51008 0.95147 0.90899 0.95881 1.00000 0.31206 0.89875 0.95147 0.99942 0.89510 0.96801 0.89949    1   25  100  100    1
  121  0.08758 0.51135 0.95155 0.90806 0.94929 1.00000 0.31210 0.90066 0.95155 0.99919 0.89751 0.96799 0.89927    1   25  100  100   25
  122  0.08900 0.51167 0.95238 0.90910 0.96462 1.00000 0.31204 0.90309 0.95238 0.99811 0.89235 0.96866 0.89942    1   25  100  100   50
  123  0.08903 0.51335 0.95240 0.91726 0.94914 1.00000 0.31211 0.90273 0.95240 0.99549 0.89898 0.96860 0.89922    1   25  100  100   75
  124  0.08428 0.51372 0.95182 0.90311 0.91099 1.00000 0.31239 0.90846 0.95182 0.99510 0.89521 0.96808 0.89934    1   25  100  100  100
