                                               Cluster
  Run  Product Compare     Pop   Edges Clusters   Size Leesalee  Slope  %Urban   Xmean   Ymean     Rad  Fmatch Diff  Brd Sprd  Slp   RG
    0  0.03307 0.25395 0.93036 0.91615 0.97517 0.92308 0.26442 0.90679 0.93036 0.99759 0.88330 0.95962 0.89976  100   75    1    1    1
    1  0.02730 0.25751 0.92857 0.91428 0.97337 0.75000 0.26395 0.91103 0.92857 0.99815 0.89041 0.95812 0.89956  100   75    1    1   25
    2  0.02617 0.25803 0.92746 0.91249 0.97322 0.75000 0.26373 0.89216 0.92746 0.99998 0.87385 0.95726 0.89954  100   75    1    1   50
    3  0.02215 0.25769 0.92861 0.91386 0.97485 0.75000 0.26396 0.89479 0.92861 0.99944 0.73356 0.95818 0.89938  100   75    1    1   75
    4  0.02487 0.25760 0.93027 0.91603 0.97557 0.75000 0.26421 0.88846 0.93027 0.99566 0.82518 0.95943 0.89950  100   75    1    1  100
    5  0.02565 0.24304 0.93035 0.91634 0.97495 0.75000 0.26707 0.89600 0.93035 0.99247 0.88657 0.95999 0.90034  100   75    1   25    1
    6  0.02566 0.24613 0.93178 0.91805 0.97543 0.75000 0.26647 0.90480 0.93178 0.99235 0.86396 0.96096 0.90019  100   75    1   25   25
    7  0.02778 0.24747 0.93056 0.91614 0.97511 0.75000 0.26625 0.90329 0.93056 0.99995 0.93134 0.95994 0.89996  100   75    1   25   50
    8  0.02516 0.24747 0.93059 0.91560 0.97378 0.75000 0.26641 0.91014 0.93059 0.99979 0.83825 0.95995 0.90007  100   75    1   25   75
    9  0.02516 0.24747 0.93059 0.91560 0.97378 0.75000 0.26641 0.91014 0.93059 0.99979 0.83825 0.95995 0.90007  100   75    1   25  100
   10  0.02606 0.23134 0.93090 0.91695 0.97549 0.75000 0.26999 0.89533 0.93090 0.99306 0.93212 0.96089 0.90119  100   75    1   50    1
   11  0.02165 0.23482 0.93131 0.91721 0.97695 0.75000 0.26930 0.89339 0.93131 0.99800 0.76087 0.96103 0.90086  100   75    1   50   25
   12  0.02141 0.23505 0.93022 0.91634 0.97497 0.75000 0.26901 0.88564 0.93022 0.99701 0.76472 0.96024 0.90079  100   75    1   50   50
   13  0.02674 0.23534 0.93257 0.91867 0.97673 0.75000 0.26935 0.88775 0.93257 0.99933 0.93746 0.96199 0.90074  100   75    1   50   75
   14  0.02674 0.23534 0.93257 0.91867 0.97673 0.75000 0.26935 0.88775 0.93257 0.99933 0.93746 0.96199 0.90074  100   75    1   50  100
   15  0.02323 0.22207 0.93148 0.91758 0.97711 0.75000 0.27189 0.89043 0.93148 0.96810 0.88193 0.96182 0.90170  100   75    1   75    1
   16  0.02378 0.22402 0.93319 0.91921 0.97669 0.75000 0.27166 0.88863 0.93319 0.99752 0.86603 0.96302 0.90155  100   75    1   75   25
   17  0.01918 0.22477 0.93149 0.91716 0.97652 0.75000 0.27141 0.88456 0.93149 0.99911 0.70405 0.96170 0.90161  100   75    1   75   50
   18  0.02562 0.22435 0.93050 0.91625 0.97584 0.75000 0.27168 0.89080 0.93050 0.98719 0.95018 0.96097 0.90157  100   75    1   75   75
   19  0.02562 0.22435 0.93050 0.91625 0.97584 0.75000 0.27168 0.89080 0.93050 0.98719 0.95018 0.96097 0.90157  100   75    1   75  100
   20  0.00000 0.21288 0.93103 0.91609 0.97757 0.00000 0.27419 0.89270 0.93103 0.99522 0.94297 0.96195 0.90220  100   75    1  100    1
   21  0.00000 0.21476 0.92819 0.91366 0.97533 0.00000 0.27373 0.88945 0.92819 0.99582 0.96180 0.95973 0.90211  100   75    1  100   25
   22  0.00000 0.21532 0.93013 0.91544 0.97640 0.00000 0.27359 0.88323 0.93013 0.99676 0.77030 0.96115 0.90223  100   75    1  100   50
   23  0.00000 0.21580 0.92762 0.91269 0.97381 0.00000 0.27347 0.89773 0.92762 0.97599 0.97056 0.95923 0.90210  100   75    1  100   75
   24  0.00000 0.21580 0.92762 0.91269 0.97381 0.00000 0.27347 0.89773 0.92762 0.97599 0.97056 0.95923 0.90210  100   75    1  100  100
   25  0.08591 0.57256 0.97059 0.95422 0.96783 1.00000 0.26753 0.89071 0.97059 0.99949 0.83346 0.98052 0.88604  100   75   25    1    1
   26  0.08952 0.57584 0.97023 0.95229 0.96515 1.00000 0.26748 0.88743 0.97023 0.99952 0.87190 0.98017 0.88621  100   75   25    1   25
   27  0.09092 0.57900 0.97048 0.95343 0.96577 1.00000 0.26752 0.89850 0.97048 0.99732 0.87009 0.98033 0.88557  100   75   25    1   50
   28  0.08355 0.57904 0.97028 0.95128 0.96335 1.00000 0.26717 0.88049 0.97028 1.00000 0.81903 0.98010 0.88570  100   75   25    1   75
   29  0.08769 0.57858 0.97009 0.95164 0.96697 1.00000 0.26752 0.89433 0.97009 0.99924 0.84341 0.97999 0.88574  100   75   25    1  100
   30  0.07637 0.51672 0.97085 0.95588 0.96836 1.00000 0.27216 0.89610 0.97085 0.99988 0.79598 0.98148 0.88917  100   75   25   25    1
   31  0.08423 0.51925 0.97017 0.95389 0.96815 1.00000 0.27194 0.90582 0.97017 0.99973 0.86889 0.98090 0.88908  100   75   25   25   25
   32  0.08442 0.52256 0.97061 0.95453 0.96849 1.00000 0.27152 0.89869 0.97061 0.99702 0.87431 0.98120 0.88876  100   75   25   25   50
   33  0.08710 0.52414 0.97053 0.95483 0.97138 1.00000 0.27201 0.90456 0.97053 0.99917 0.88710 0.98111 0.88901  100   75   25   25   75
   34  0.08191 0.52372 0.97023 0.95429 0.96775 1.00000 0.27155 0.90317 0.97023 0.99976 0.84185 0.98083 0.88859  100   75   25   25  100
   35  0.05336 0.45471 0.96753 0.95235 0.97208 0.75000 0.27652 0.89693 0.96753 0.99655 0.83470 0.98007 0.89288  100   75   25   50    1
   36  0.05659 0.46001 0.96838 0.95394 0.97139 0.75000 0.27547 0.89931 0.96838 0.99854 0.87192 0.98068 0.89245  100   75   25   50   25
   37  0.04840 0.46196 0.96782 0.95196 0.97334 0.75000 0.27520 0.89681 0.96782 0.99993 0.74580 0.98018 0.89225  100   75   25   50   50
   38  0.06546 0.46022 0.96739 0.95193 0.96931 0.89286 0.27556 0.90109 0.96739 0.99863 0.85065 0.97988 0.89255  100   75   25   50   75
   39  0.05507 0.46025 0.96778 0.95335 0.97235 0.75000 0.27568 0.89520 0.96778 0.99970 0.85162 0.98018 0.89221  100   75   25   50  100
   40  0.04902 0.40789 0.96574 0.95223 0.97221 0.75000 0.27940 0.89430 0.96574 0.99755 0.84909 0.97978 0.89507  100   75   25   75    1
   41  0.06477 0.40936 0.96559 0.95137 0.97139 1.00000 0.27904 0.89486 0.96559 0.99998 0.83887 0.97964 0.89494  100   75   25   75   25
   42  0.04595 0.41248 0.96497 0.95082 0.97438 0.75000 0.27864 0.88420 0.96497 0.99657 0.80034 0.97907 0.89499  100   75   25   75   50
   43  0.04812 0.41318 0.96552 0.95213 0.97393 0.75000 0.27844 0.89252 0.96552 0.99994 0.82476 0.97950 0.89474  100   75   25   75   75
   44  0.04985 0.41337 0.96545 0.95104 0.97216 0.75000 0.27866 0.89371 0.96545 0.99525 0.85847 0.97944 0.89523  100   75   25   75  100
   45  0.04232 0.36961 0.96268 0.95024 0.97674 0.75000 0.28163 0.88809 0.96268 0.99983 0.80852 0.97848 0.89714  100   75   25  100    1
   46  0.04500 0.37303 0.96247 0.94925 0.97099 0.75000 0.28129 0.89435 0.96247 0.99896 0.85426 0.97820 0.89696  100   75   25  100   25
   47  0.04306 0.37411 0.96279 0.94930 0.97247 0.75000 0.28086 0.88806 0.96279 0.99868 0.82023 0.97847 0.89701  100   75   25  100   50
   48  0.03999 0.37256 0.96246 0.94930 0.97156 0.75000 0.28099 0.89004 0.96246 0.99671 0.76565 0.97823 0.89719  100   75   25  100   75
   49  0.03999 0.37256 0.96246 0.94930 0.97156 0.75000 0.28099 0.89004 0.96246 0.99671 0.76565 0.97823 0.89719  100   75   25  100  100
   50  0.08752 0.89284 0.97982 0.94620 0.92972 0.99482 0.24394 0.91341 0.97982 0.99023 0.63055 0.98222 0.85381  100   75   50    1    1
   51  0.09051 0.89013 0.98012 0.94606 0.92481 0.97959 0.24358 0.90938 0.98012 0.98566 0.67462 0.98247 0.85346  100   75   50    1   25
   52  0.09769 0.88308 0.97993 0.94627 0.92166 0.99482 0.24306 0.91285 0.97993 0.98723 0.72309 0.98226 0.85346  100   75   50    1   50
   53  0.09457 0.88789 0.97999 0.94583 0.92549 0.98842 0.24351 0.90807 0.97999 0.98031 0.70537 0.98236 0.85333  100   75   50    1   75
   54  0.09305 0.88378 0.97979 0.94426 0.93027 0.99482 0.24278 0.91362 0.97979 0.98258 0.68655 0.98214 0.85397  100   75   50    1  100
   55  0.12521 0.98362 0.98232 0.95478 0.94571 0.99947 0.25307 0.92923 0.98232 0.99387 0.73608 0.98522 0.86241  100   75   50   25    1
   56  0.13289 0.99295 0.98235 0.95371 0.93923 0.99803 0.25242 0.92928 0.98235 0.98463 0.79057 0.98516 0.86240  100   75   50   25   25
   57  0.12335 0.98735 0.98243 0.95458 0.94799 1.00000 0.25311 0.92728 0.98243 0.99043 0.72481 0.98525 0.86165  100   75   50   25   50
   58  0.12976 0.99316 0.98199 0.95319 0.94130 0.99803 0.25293 0.92738 0.98199 0.99119 0.76705 0.98483 0.86148  100   75   50   25   75
   59  0.12238 0.99873 0.98218 0.95359 0.94650 0.99590 0.25139 0.92358 0.98218 0.99228 0.72323 0.98497 0.86105  100   75   50   25  100
   60  0.10971 0.83285 0.98055 0.95652 0.95527 0.98684 0.26164 0.91683 0.98055 0.98860 0.74614 0.98498 0.87175  100   75   50   50    1
   61  0.10158 0.83747 0.98106 0.95642 0.95580 0.98684 0.26135 0.91729 0.98106 0.98250 0.69034 0.98536 0.87196  100   75   50   50   25
   62  0.11500 0.83979 0.98051 0.95635 0.95787 0.98684 0.26131 0.92203 0.98051 0.99484 0.76576 0.98486 0.87158  100   75   50   50   50
   63  0.11161 0.83907 0.98112 0.95634 0.95995 0.98684 0.26119 0.91774 0.98112 0.98437 0.75264 0.98538 0.87164  100   75   50   50   75
   64  0.11389 0.84027 0.98081 0.95597 0.95098 0.98684 0.26130 0.92435 0.98081 0.99485 0.76142 0.98508 0.87139  100   75   50   50  100
   65  0.09326 0.70893 0.97869 0.95720 0.96521 0.92308 0.26941 0.91244 0.97869 0.99883 0.75804 0.98467 0.87870  100   75   50   75    1
   66  0.09678 0.71393 0.97912 0.95775 0.96378 0.92308 0.26891 0.91580 0.97912 0.99801 0.77995 0.98492 0.87895  100   75   50   75   25
   67  0.09079 0.71396 0.97885 0.95677 0.95779 0.93232 0.26851 0.91522 0.97885 0.98221 0.74444 0.98474 0.87789  100   75   50   75   50
   68  0.09388 0.71738 0.97890 0.95697 0.96351 0.92308 0.26874 0.91277 0.97890 0.99322 0.76107 0.98474 0.87881  100   75   50   75   75
   69  0.09427 0.71447 0.97835 0.95609 0.96411 0.92308 0.26850 0.90831 0.97835 0.98375 0.78075 0.98430 0.87874  100   75   50   75  100
   70  0.08847 0.61371 0.97709 0.95878 0.97172 1.00000 0.27483 0.90006 0.97709 0.99875 0.75330 0.98459 0.88449  100   75   50  100    1
   71  0.08557 0.61634 0.97689 0.95738 0.97146 1.00000 0.27459 0.90404 0.97689 0.99641 0.72610 0.98438 0.88476  100   75   50  100   25
   72  0.08252 0.61716 0.97667 0.95784 0.97171 1.00000 0.27475 0.90686 0.97667 0.99065 0.70092 0.98417 0.88445  100   75   50  100   50
   73  0.09210 0.61743 0.97670 0.95768 0.96746 1.00000 0.27439 0.90844 0.97670 0.99336 0.78342 0.98417 0.88399  100   75   50  100   75
   74  0.08183 0.61577 0.97665 0.95780 0.96955 1.00000 0.27469 0.90279 0.97665 0.98795 0.70319 0.98416 0.88479  100   75   50  100  100
   75  0.02072 0.55581 0.98003 0.92224 0.77766 0.98188 0.21442 0.92749 0.98003 0.94663 0.36800 0.97897 0.81267  100   75   75    1    1
   76  0.01857 0.55337 0.97948 0.91992 0.78574 0.98973 0.21419 0.93377 0.97948 0.91178 0.33703 0.97841 0.81329  100   75   75    1   25
   77  0.01522 0.55399 0.97976 0.92002 0.77999 0.98973 0.21447 0.93088 0.97976 0.96972 0.26141 0.97870 0.81356  100   75   75    1   50
   78  0.01673 0.55189 0.97974 0.92145 0.77577 0.98607 0.21398 0.93063 0.97974 0.94290 0.30024 0.97864 0.81221  100   75   75    1   75
   79  0.01233 0.54988 0.97957 0.92019 0.74940 0.98607 0.21375 0.92996 0.97957 0.99207 0.21915 0.97847 0.81251  100   75   75    1  100
   80  0.04704 0.62532 0.98413 0.93648 0.86551 0.98855 0.22514 0.95675 0.98413 0.97480 0.56789 0.98341 0.82666  100   75   75   25    1
   81  0.04650 0.62581 0.98424 0.93614 0.84916 0.98855 0.22622 0.95588 0.98424 0.97566 0.57056 0.98346 0.82446  100   75   75   25   25
   82  0.04094 0.62431 0.98392 0.93618 0.85519 0.98684 0.22546 0.95660 0.98392 0.98281 0.49896 0.98320 0.82453  100   75   75   25   50
   83  0.03852 0.62357 0.98394 0.93596 0.85876 0.98684 0.22564 0.95563 0.98394 0.97163 0.47323 0.98320 0.82518  100   75   75   25   75
   84  0.04123 0.61931 0.98400 0.93573 0.85176 0.98684 0.22499 0.95583 0.98400 0.99082 0.50595 0.98322 0.82480  100   75   75   25  100
   85  0.06999 0.75557 0.98393 0.94538 0.90924 0.98047 0.23802 0.94920 0.98393 0.98809 0.61370 0.98447 0.84169  100   75   75   50    1
   86  0.06695 0.75511 0.98380 0.94427 0.91512 0.97581 0.23804 0.95098 0.98380 0.97017 0.59719 0.98432 0.84148  100   75   75   50   25
   87  0.06523 0.75297 0.98403 0.94567 0.91892 0.97581 0.23810 0.94782 0.98403 0.93754 0.60149 0.98457 0.84203  100   75   75   50   50
   88  0.07412 0.75077 0.98368 0.94393 0.90901 0.97581 0.23787 0.95151 0.98368 0.97570 0.66503 0.98418 0.84311  100   75   75   50   75
   89  0.06566 0.74956 0.98364 0.94293 0.89466 0.97581 0.23807 0.94596 0.98364 0.97864 0.60309 0.98412 0.84082  100   75   75   50  100
   90  0.08737 0.90107 0.98328 0.95109 0.95095 0.99590 0.24866 0.94145 0.98328 0.96992 0.58144 0.98512 0.85612  100   75   75   75    1
   91  0.08955 0.90556 0.98321 0.95114 0.94114 0.99590 0.24969 0.93933 0.98321 0.98629 0.58846 0.98507 0.85573  100   75   75   75   25
   92  0.09790 0.89624 0.98328 0.95028 0.93194 0.99590 0.24920 0.93919 0.98328 0.95272 0.68223 0.98502 0.85494  100   75   75   75   50
   93  0.09310 0.89838 0.98295 0.94980 0.94509 0.99590 0.24864 0.94107 0.98295 0.96599 0.63086 0.98475 0.85445  100   75   75   75   75
   94  0.08812 0.89898 0.98326 0.95044 0.93806 0.99590 0.24896 0.94087 0.98326 0.98612 0.58695 0.98508 0.85496  100   75   75   75  100
   95  0.09529 0.92875 0.98210 0.95377 0.96004 0.99324 0.25921 0.92987 0.98210 0.97452 0.58383 0.98536 0.86560  100   75   75  100    1
   96  0.10312 0.93331 0.98214 0.95398 0.95071 0.99324 0.25919 0.93371 0.98214 0.97476 0.63105 0.98532 0.86687  100   75   75  100   25
   97  0.08423 0.93776 0.98196 0.95314 0.95730 0.99324 0.25859 0.93179 0.98196 0.94360 0.53025 0.98514 0.86540  100   75   75  100   50
   98  0.09319 0.93865 0.98188 0.95343 0.95563 0.99324 0.25863 0.92995 0.98188 0.95550 0.58015 0.98504 0.86646  100   75   75  100   75
   99  0.10892 0.94230 0.98221 0.95405 0.95404 0.99324 0.25807 0.93054 0.98221 0.99570 0.65045 0.98535 0.86478  100   75   75  100  100
  100  0.00344 0.40058 0.97581 0.87893 0.17728 0.97895 0.18989 0.93918 0.97581 0.90445 0.48892 0.97293 0.77138  100   75  100    1    1
  101  0.00465 0.40004 0.97543 0.87526 0.17871 0.97630 0.19020 0.94305 0.97543 0.85653 0.69479 0.97252 0.77122  100   75  100    1   25
  102  0.00434 0.39908 0.97534 0.87513 0.16300 0.97702 0.18964 0.94504 0.97534 0.95388 0.63971 0.97245 0.77149  100   75  100    1   50
  103  0.00481 0.39720 0.97540 0.87420 0.18032 0.97453 0.18942 0.94865 0.97540 0.92762 0.66307 0.97252 0.77004  100   75  100    1   75
  104  0.00223 0.39859 0.97489 0.87409 0.16246 0.97630 0.18882 0.94686 0.97489 0.95386 0.33264 0.97212 0.77061  100   75  100    1  100
  105  0.00094 0.44355 0.98177 0.90114 0.44739 0.97492 0.20097 0.96722 0.98177 0.96209 0.03890 0.97896 0.78609  100   75  100   25    1
  106  0.00069 0.44214 0.98170 0.90330 0.51697 0.97610 0.20098 0.96590 0.98170 0.88737 0.02681 0.97884 0.78645  100   75  100   25   25
  107  0.00582 0.43885 0.98180 0.90225 0.46742 0.97157 0.19975 0.96809 0.98180 0.94527 0.23924 0.97889 0.78442  100   75  100   25   50
  108  0.00397 0.44225 0.98171 0.90224 0.49586 0.97922 0.20033 0.96927 0.98171 0.97833 0.14573 0.97889 0.78484  100   75  100   25   75
  109  0.00082 0.43959 0.98135 0.90154 0.47369 0.97922 0.19958 0.96888 0.98135 0.97563 0.03197 0.97853 0.78435  100   75  100   25  100
  110  0.00976 0.53689 0.98381 0.92591 0.76456 0.97383 0.21546 0.96970 0.98381 0.98271 0.16699 0.98212 0.80899  100   75  100   50    1
  111  0.01294 0.53174 0.98360 0.92339 0.75225 0.98199 0.21468 0.97158 0.98360 0.93972 0.23692 0.98183 0.80872  100   75  100   50   25
  112  0.01727 0.52762 0.98348 0.92364 0.73585 0.97911 0.21417 0.97506 0.98348 0.95979 0.32018 0.98168 0.80705  100   75  100   50   50
  113  0.00020 0.52558 0.98320 0.92219 0.72043 0.98283 0.21372 0.97203 0.98320 0.96265 0.00374 0.98138 0.80741  100   75  100   50   75
  114  0.01051 0.52720 0.98346 0.92275 0.73198 0.98283 0.21334 0.97051 0.98346 0.99369 0.19035 0.98167 0.80739  100   75  100   50  100
  115  0.01182 0.64504 0.98359 0.93608 0.88056 0.98601 0.22836 0.96475 0.98359 0.96512 0.13466 0.98305 0.82784  100   75  100   75    1
  116  0.01574 0.63951 0.98377 0.93713 0.87585 0.97959 0.22785 0.96277 0.98377 0.92997 0.19070 0.98314 0.82688  100   75  100   75   25
  117  0.02448 0.63597 0.98374 0.93468 0.86858 0.97959 0.22737 0.96525 0.98374 0.79460 0.35267 0.98307 0.82709  100   75  100   75   50
  118  0.01738 0.63705 0.98387 0.93605 0.88523 0.97959 0.22766 0.96531 0.98387 0.97504 0.19936 0.98323 0.82667  100   75  100   75   75
  119  0.01627 0.63182 0.98352 0.93440 0.86108 0.98842 0.22679 0.96500 0.98352 0.98052 0.19215 0.98289 0.82613  100   75  100   75  100
  120  0.03697 0.76852 0.98374 0.94416 0.92127 0.98782 0.23981 0.95533 0.98374 0.94089 0.32320 0.98435 0.84371  100   75  100  100    1
  121  0.02703 0.76304 0.98349 0.94375 0.92469 0.99558 0.23956 0.95691 0.98349 0.90657 0.24436 0.98410 0.84332  100   75  100  100   25
  122  0.04109 0.76113 0.98346 0.94357 0.91814 0.99558 0.23937 0.95505 0.98346 0.94853 0.36003 0.98404 0.84232  100   75  100  100   50
  123  0.04390 0.76016 0.98333 0.94310 0.92279 0.99376 0.23896 0.95538 0.98333 0.93851 0.38941 0.98392 0.84114  100   75  100  100   75
  124  0.03998 0.75996 0.98361 0.94285 0.91811 0.99217 0.23912 0.95234 0.98361 0.81267 0.41275 0.98418 0.84222  100   75  100  100  100
