  run year index     sng      sdg      sdc       og       rt      pop     area    edges clusters    xmean    ymean      rad    slope  cl_size   diffus   spread    breed  slp_res  rd_grav   %urban    %road grw_rate leesalee  grw_pix 
    0 2011  0     184.22   312.55     0.00 32575.51    38.10 403249.38 403249.38 300764.21 72527.60   760.15  1392.21   358.27    77.81     5.00    95.00    95.00    95.00     1.00    19.00    32.58     0.00     8.21     0.00 33110.38 
    0 2012  0     178.61   303.16     0.00 35619.55    35.53 439386.23 439386.23 316578.48 70061.52   757.95  1376.23   373.98    78.14     6.00    95.95    95.95    95.95     1.00    19.33    35.20     0.00     8.22     0.00 36136.85 
    0 2013  0     174.64   295.95     0.00 38179.50    34.45 478070.77 478070.77 329922.44 67367.43   756.14  1361.25   390.10    78.47     7.00    96.91    96.91    96.91     1.00    19.68    38.01     0.00     8.09     0.00 38684.54 
    0 2014  0     168.36   286.32     0.00 40224.44    30.04 518779.93 518779.93 340428.10 64631.38   754.77  1347.34   406.37    78.78     7.93    97.88    97.88    97.88     1.00    20.06    40.97     0.00     7.85     0.00 40709.16 
    0 2015  0     161.16   274.24     0.00 41679.64    29.15 560924.12 560924.12 347973.27 62007.03   753.81  1334.43   422.55    79.07     8.97    98.86    98.86    98.86     1.00    20.47    44.03     0.00     7.51     0.00 42144.19 
    0 2016  0     157.12   269.84     0.00 42627.86    25.28 604004.22 604004.22 352780.25 59520.61   753.26  1322.40   438.48    79.34    10.00    99.85    99.85    99.85     1.00    20.91    47.17     0.00     7.13     0.00 43080.10 
    0 2017  0     146.32   250.55     0.00 42730.66    25.34 647157.09 647157.09 355217.93 57191.66   753.08  1311.36   453.87    79.59    11.00   100.00   100.00   100.00     1.00    21.38    50.30     0.00     6.67     0.00 43152.87 
    0 2018  0     140.80   241.09     0.00 42356.82    21.87 689917.67 689917.67 355613.62 55058.50   753.18  1301.17   468.62    79.81    12.00   100.00   100.00   100.00     1.00    21.88    53.41     0.00     6.20     0.00 42760.58 
    0 2019  0     132.05   225.46     0.00 41743.18    19.34 732037.70 732037.70 354406.43 53103.35   753.51  1291.72   482.72    80.02    13.00   100.00   100.00   100.00     1.00    22.42    56.47     0.00     5.75     0.00 42120.03 
    0 2020  0     121.65   205.38     0.00 40817.19    17.45 773199.37 773199.37 351848.61 51297.38   754.01  1282.97   496.10    80.21    14.96   100.00   100.00   100.00     1.00    22.98    59.46     0.00     5.32     0.00 41161.67 
    0 2021  0     117.46   196.11     0.00 39663.59    15.17 813191.70 813191.70 348273.21 49628.65   754.65  1274.80   508.77    80.38    16.00   100.00   100.00   100.00     1.00    23.58    62.37     0.00     4.92     0.00 39992.33 
    0 2022  0     107.72   179.37     0.00 38369.12    12.29 851860.20 851860.20 343866.24 48133.91   755.39  1267.20   520.73    80.54    17.00   100.00   100.00   100.00     1.00    24.20    65.18     0.00     4.54     0.00 38668.50 
    0 2023  0     100.96   165.13     0.00 36977.13    10.45 889113.87 889113.87 338812.41 46754.15   756.20  1260.08   531.99    80.69    18.56   100.00   100.00   100.00     1.00    24.85    67.88     0.00     4.19     0.00 37253.67 
    0 2024  0      93.76   153.01     0.00 35499.40     9.41 924869.45 924869.45 333243.94 45480.99   757.05  1253.40   542.58    80.82    20.00   100.00   100.00   100.00     1.00    25.53    70.48     0.00     3.87     0.00 35755.58 
    0 2025  0      86.63   140.05     0.00 33973.16     8.16 959077.45 959077.45 327255.26 44294.05   757.93  1247.14   552.52    80.94    21.00   100.00   100.00   100.00     1.00    26.24    72.97     0.00     3.57     0.00 34208.00 
    0 2026  0      81.81   131.53     0.00 32396.97     8.31 991696.07 991696.07 321043.37 43204.35   758.81  1241.28   561.84    81.06    22.28   100.00   100.00   100.00     1.00    26.96    75.34     0.00     3.29     0.00 32618.62 
    0 2027  0      76.95   122.82     0.00 30789.09     7.38 1022692.31 1022692.31 314625.21 42197.58   759.69  1235.81   570.55    81.16    24.00   100.00   100.00   100.00     1.00    27.72    77.59     0.00     3.03     0.00 30996.24 
    0 2028  0      70.46   111.68     0.00 29197.75     8.45 1052080.65 1052080.65 308124.55 41267.45   760.56  1230.69   578.69    81.26    25.00   100.00   100.00   100.00     1.00    28.49    79.73     0.00     2.79     0.00 29388.34 
    0 2029  0      64.18   100.76     0.00 27658.54     8.03 1079912.16 1079912.16 301539.25 40384.16   761.41  1225.94   586.30    81.34    26.00   100.00   100.00   100.00     1.00    29.29    81.75     0.00     2.58     0.00 27831.51 
    0 2030  0      59.03    91.08     0.00 26055.39     7.77 1106125.43 1106125.43 294969.54 39580.58   762.22  1221.52   593.37    81.42    27.28   100.00   100.00   100.00     1.00    30.11    83.65     0.00     2.37     0.00 26213.27 
