  run year index     sng      sdg      sdc       og       rt      pop     area    edges clusters    xmean    ymean      rad    slope  cl_size   diffus   spread    breed  slp_res  rd_grav   %urban    %road grw_rate leesalee  grw_pix 
    0 2011  0     112.48   189.26     0.00 23543.68    32.94 394017.36 394017.36 294724.59 72781.61   760.26  1403.84   354.15    77.56     5.00    95.00    95.00    95.00     1.00    19.00    31.91     0.00     6.06     0.00 23878.36 
    0 2012  0     107.06   179.44     0.00 25473.19    30.38 419807.43 419807.43 304802.26 70782.99   758.00  1398.69   365.55    77.66     5.00    95.95    95.95    95.95     1.00    19.32    33.78     0.00     6.14     0.00 25790.07 
    0 2013  0     105.05   176.17     0.00 27041.64    25.85 447156.14 447156.14 312916.63 68626.61   755.97  1393.70   377.27    77.77     6.00    96.91    96.91    96.91     1.00    19.66    35.77     0.00     6.12     0.00 27348.71 
    0 2014  0     101.04   169.26     0.00 28148.32    25.43 475600.19 475600.19 318830.85 66502.10   754.28  1388.87   389.09    77.88     7.00    97.88    97.88    97.88     1.00    20.01    37.83     0.00     5.98     0.00 28444.05 
    0 2015  0      95.35   161.33     0.00 28834.14    23.42 504714.43 504714.43 322631.66 64483.18   752.98  1384.12   400.82    78.00     7.00    98.86    98.86    98.86     1.00    20.39    39.95     0.00     5.77     0.00 29114.24 
    0 2016  0      91.87   155.48     0.00 29163.14    22.71 534147.63 534147.63 324395.58 62608.87   752.05  1379.46   412.34    78.12     8.00    99.85    99.85    99.85     1.00    20.79    42.09     0.00     5.51     0.00 29433.20 
    0 2017  0      87.92   148.56     0.00 28855.60    21.29 563261.00 563261.00 324529.55 60872.92   751.46  1374.92   423.43    78.24     9.00   100.00   100.00   100.00     1.00    21.21    44.20     0.00     5.17     0.00 29113.37 
    0 2018  0      81.30   135.99     0.00 28316.25    18.70 591813.24 591813.24 323230.48 59294.11   751.22  1370.46   434.03    78.35     9.18   100.00   100.00   100.00     1.00    21.66    46.28     0.00     4.82     0.00 28552.24 
    0 2019  0      74.30   123.43     0.00 27521.18    16.65 619548.80 619548.80 320957.00 57844.92   751.27  1366.08   444.08    78.45    10.00   100.00   100.00   100.00     1.00    22.12    48.29     0.00     4.48     0.00 27735.56 
    0 2020  0      71.34   118.25     0.00 26637.91    13.59 646389.89 646389.89 317864.29 56539.63   751.53  1361.81   453.60    78.55    11.00   100.00   100.00   100.00     1.00    22.60    50.25     0.00     4.15     0.00 26841.09 
    0 2021  0      64.44   105.59     0.00 25596.34    12.30 672168.56 672168.56 314174.00 55356.97   751.97  1357.65   462.56    78.64    12.00   100.00   100.00   100.00     1.00    23.10    52.12     0.00     3.84     0.00 25778.67 
    0 2022  0      60.03    97.54     0.00 24483.96     9.88 696819.97 696819.97 310036.36 54268.45   752.57  1353.60   470.96    78.72    12.00   100.00   100.00   100.00     1.00    23.62    53.91     0.00     3.54     0.00 24651.41 
    0 2023  0      55.93    90.18     0.00 23323.44     9.79 720299.31 720299.31 305543.74 53286.37   753.28  1349.64   478.83    78.80    13.00   100.00   100.00   100.00     1.00    24.16    55.62     0.00     3.26     0.00 23479.34 
    0 2024  0      51.99    82.55     0.00 22164.32    11.90 742610.07 742610.07 300806.76 52396.84   754.08  1345.78   486.19    78.88    14.00   100.00   100.00   100.00     1.00    24.72    57.24     0.00     3.00     0.00 22310.76 
    0 2025  0      47.98    76.62     0.00 20909.40    10.26 763654.33 763654.33 295977.79 51572.89   754.95  1342.03   493.03    78.94    14.00   100.00   100.00   100.00     1.00    25.29    58.77     0.00     2.76     0.00 21044.26 
    0 2026  0      44.51    69.87     0.00 19739.61    10.97 783519.29 783519.29 291108.77 50832.50   755.86  1338.43   499.40    79.00    15.00   100.00   100.00   100.00     1.00    25.88    60.21     0.00     2.54     0.00 19864.96 
    0 2027  0      39.99    62.59     0.00 18569.12    10.03 802201.02 802201.02 286248.37 50151.89   756.79  1334.97   505.32    79.06    15.41   100.00   100.00   100.00     1.00    26.48    61.57     0.00     2.33     0.00 18681.73 
    0 2028  0      37.69    58.07     0.00 17438.43     9.66 819744.87 819744.87 281441.52 49534.07   757.73  1331.66   510.82    79.12    16.00   100.00   100.00   100.00     1.00    27.10    62.84     0.00     2.14     0.00 17543.85 
    0 2029  0      33.98    51.90     0.00 16357.87     9.29 836197.91 836197.91 276715.95 48955.58   758.66  1328.49   515.92    79.16    16.98   100.00   100.00   100.00     1.00    27.73    64.04     0.00     1.97     0.00 16453.04 
    0 2030  0      31.55    48.13     0.00 15285.18     7.15 851569.92 851569.92 272129.89 48418.08   759.58  1325.50   520.64    79.21    17.00   100.00   100.00   100.00     1.00    28.37    65.15     0.00     1.81     0.00 15372.01 
