                                               Cluster
  Run  Product Compare     Pop   Edges Clusters   Size Leesalee  Slope  %Urban   Xmean   Ymean     Rad  Fmatch Diff  Brd Sprd  Slp   RG
    0  0.02218 0.18762 0.93813 0.92630 0.97960 0.75000 0.28749 0.85904 0.93813 0.99875 0.91330 0.96831 0.90488   25  100    1    1    1
    1  0.02181 0.19196 0.93583 0.92245 0.97823 0.75000 0.28644 0.88271 0.93583 0.99856 0.86816 0.96642 0.90471   25  100    1    1   25
    2  0.02171 0.19306 0.93549 0.92264 0.97714 0.75000 0.28610 0.87766 0.93549 0.98444 0.87981 0.96612 0.90461   25  100    1    1   50
    3  0.02235 0.19281 0.93672 0.92413 0.97919 0.75000 0.28627 0.87612 0.93672 0.99816 0.88865 0.96702 0.90463   25  100    1    1   75
    4  0.02235 0.19281 0.93672 0.92413 0.97919 0.75000 0.28627 0.87612 0.93672 0.99816 0.88865 0.96702 0.90463   25  100    1    1  100
    5  0.02170 0.18226 0.93909 0.92519 0.98091 0.75000 0.28851 0.86858 0.93909 0.98837 0.91291 0.96932 0.90510   25  100    1   25    1
    6  0.02271 0.18582 0.93657 0.92321 0.97856 0.75000 0.28740 0.87283 0.93657 0.98427 0.95164 0.96730 0.90484   25  100    1   25   25
    7  0.02228 0.18675 0.93819 0.92426 0.97864 0.75000 0.28723 0.86701 0.93819 0.99299 0.92222 0.96841 0.90480   25  100    1   25   50
    8  0.01983 0.18697 0.93688 0.92563 0.97910 0.75000 0.28722 0.86505 0.93688 0.99940 0.81772 0.96745 0.90487   25  100    1   25   75
    9  0.01983 0.18697 0.93688 0.92563 0.97910 0.75000 0.28722 0.86505 0.93688 0.99940 0.81772 0.96745 0.90487   25  100    1   25  100
   10  0.00000 0.17604 0.94080 0.92786 0.98331 0.00000 0.28976 0.85471 0.94080 0.95159 0.81279 0.97092 0.90549   25  100    1   50    1
   11  0.00000 0.17912 0.93903 0.92705 0.98180 0.00000 0.28892 0.86397 0.93903 0.94004 0.89620 0.96947 0.90514   25  100    1   50   25
   12  0.02290 0.18012 0.94022 0.92815 0.98101 0.75000 0.28861 0.87341 0.94022 0.99648 0.95457 0.97031 0.90524   25  100    1   50   50
   13  0.01992 0.18019 0.93602 0.92480 0.98191 0.75000 0.28854 0.85220 0.93602 0.97238 0.88513 0.96729 0.90521   25  100    1   50   75
   14  0.01992 0.18019 0.93602 0.92480 0.98191 0.75000 0.28854 0.85220 0.93602 0.97238 0.88513 0.96729 0.90521   25  100    1   50  100
   15  0.00000 0.16378 0.88788 0.86551 0.93724 0.00000 0.29008 0.91612 0.88788 0.99971 0.90207 0.93157 0.90642   25  100    1   75    1
   16  0.00000 0.17334 0.94007 0.92953 0.98050 0.00000 0.28997 0.86299 0.94007 0.99849 0.95397 0.97063 0.90554   25  100    1   75   25
   17  0.00000 0.17411 0.93402 0.91927 0.97970 0.00000 0.28972 0.87492 0.93402 0.98233 0.96258 0.96630 0.90549   25  100    1   75   50
   18  0.00000 0.17452 0.93745 0.92337 0.98276 0.00000 0.28944 0.85600 0.93745 0.95152 0.92968 0.96875 0.90550   25  100    1   75   75
   19  0.00000 0.17485 0.93460 0.92287 0.97799 0.00000 0.28951 0.86582 0.93460 0.90932 0.82129 0.96664 0.90546   25  100    1   75  100
   20  0.00000 0.14068 0.93226 0.90764 0.98704 0.00000 0.29474 0.85987 0.93226 0.99300 0.93971 0.96861 0.90736   25  100    1  100    1
   21  0.00000 0.15140 0.74633 0.69125 0.77873 0.00000 0.29127 0.98083 0.74633 0.90973 0.77552 0.81528 0.90619   25  100    1  100   25
   22  0.00000 0.15567 0.79524 0.75333 0.85456 0.00000 0.29020 0.97172 0.79524 0.57360 0.93351 0.85609 0.90666   25  100    1  100   50
   23  0.00000 0.15965 0.87058 0.84402 0.91959 0.00000 0.29028 0.91345 0.87058 0.98136 0.96183 0.91844 0.90593   25  100    1  100   75
   24  0.00000 0.15965 0.87058 0.84402 0.91959 0.00000 0.29028 0.91345 0.87058 0.98136 0.96183 0.91844 0.90593   25  100    1  100  100
   25  0.06883 0.41425 0.97161 0.96148 0.97957 0.96429 0.29940 0.85875 0.97161 0.99973 0.85293 0.98369 0.89862   25  100   25    1    1
   26  0.06794 0.41936 0.97177 0.96089 0.97828 0.96429 0.29911 0.83412 0.97177 0.99999 0.85832 0.98369 0.89841   25  100   25    1   25
   27  0.07184 0.42176 0.97161 0.96063 0.98340 0.96429 0.29916 0.85936 0.97161 0.99920 0.87285 0.98354 0.89812   25  100   25    1   50
   28  0.06981 0.42118 0.97213 0.96113 0.98500 0.96429 0.29918 0.85416 0.97213 0.99833 0.85199 0.98393 0.89833   25  100   25    1   75
   29  0.07332 0.42198 0.97243 0.96302 0.98286 0.96429 0.29870 0.85254 0.97243 0.99989 0.89430 0.98412 0.89834   25  100   25    1  100
   30  0.06809 0.37933 0.97118 0.96204 0.98267 1.00000 0.30233 0.86204 0.97118 0.99940 0.87201 0.98404 0.90069   25  100   25   25    1
   31  0.06843 0.38405 0.97133 0.96213 0.98504 1.00000 0.30123 0.86514 0.97133 0.99746 0.86555 0.98405 0.90007   25  100   25   25   25
   32  0.06791 0.38662 0.97261 0.96129 0.98135 1.00000 0.30116 0.86344 0.97261 0.99526 0.85783 0.98495 0.90015   25  100   25   25   50
   33  0.06801 0.38873 0.97172 0.96173 0.98351 1.00000 0.30088 0.85608 0.97172 0.99925 0.85937 0.98425 0.89982   25  100   25   25   75
   34  0.06894 0.38663 0.97229 0.96248 0.97940 1.00000 0.30092 0.85625 0.97229 1.00000 0.87620 0.98476 0.89998   25  100   25   25  100
   35  0.06091 0.34315 0.96900 0.95979 0.98104 1.00000 0.30306 0.86754 0.96900 0.99585 0.86437 0.98341 0.90204   25  100   25   50    1
   36  0.06159 0.34853 0.96965 0.95900 0.98182 1.00000 0.30297 0.86207 0.96965 0.99683 0.86420 0.98374 0.90183   25  100   25   50   25
   37  0.06140 0.34763 0.96931 0.95999 0.97746 1.00000 0.30265 0.85520 0.96931 0.99953 0.87344 0.98351 0.90151   25  100   25   50   50
   38  0.06253 0.34765 0.96962 0.95968 0.97677 1.00000 0.30259 0.86387 0.96962 0.99209 0.88721 0.98373 0.90166   25  100   25   50   75
   39  0.06254 0.34765 0.96961 0.95968 0.97679 1.00000 0.30259 0.86389 0.96961 0.99210 0.88736 0.98373 0.90166   25  100   25   50  100
   40  0.04233 0.31217 0.96728 0.96000 0.98210 0.75000 0.30417 0.85582 0.96728 0.99997 0.88676 0.98310 0.90324   25  100   25   75    1
   41  0.04264 0.31522 0.96745 0.95962 0.98326 0.75000 0.30411 0.86595 0.96745 0.99884 0.87467 0.98309 0.90298   25  100   25   75   25
   42  0.05087 0.31661 0.96585 0.95717 0.98067 0.89286 0.30330 0.87654 0.96585 0.99253 0.87851 0.98190 0.90279   25  100   25   75   50
   43  0.04173 0.31555 0.96677 0.95906 0.98127 0.75000 0.30383 0.86225 0.96677 0.99198 0.86910 0.98258 0.90324   25  100   25   75   75
   44  0.04173 0.31555 0.96677 0.95906 0.98127 0.75000 0.30383 0.86225 0.96677 0.99198 0.86910 0.98258 0.90324   25  100   25   75  100
   45  0.04967 0.28737 0.96413 0.95900 0.98369 1.00000 0.30469 0.85502 0.96413 0.99066 0.86071 0.98164 0.90400   25  100   25  100    1
   46  0.04933 0.28950 0.96332 0.95470 0.97244 1.00000 0.30453 0.85974 0.96332 0.99838 0.85322 0.98099 0.90402   25  100   25  100   25
   47  0.05092 0.28958 0.96328 0.95554 0.97511 1.00000 0.30438 0.86536 0.96328 0.99276 0.87705 0.98097 0.90393   25  100   25  100   50
   48  0.05069 0.29059 0.96395 0.95495 0.97346 1.00000 0.30452 0.85964 0.96395 0.99995 0.86957 0.98140 0.90405   25  100   25  100   75
   49  0.05069 0.29059 0.96395 0.95495 0.97346 1.00000 0.30452 0.85964 0.96395 0.99995 0.86957 0.98140 0.90405   25  100   25  100  100
   50  0.11282 0.76650 0.98161 0.95960 0.98011 0.99541 0.28279 0.86802 0.98161 0.99024 0.77334 0.98641 0.87996   25  100   50    1    1
   51  0.11639 0.77244 0.98178 0.95932 0.98113 0.99969 0.28298 0.87197 0.98178 0.98842 0.78537 0.98648 0.87926   25  100   50    1   25
   52  0.10945 0.77970 0.98113 0.95729 0.97154 0.99885 0.28170 0.86763 0.98113 0.98033 0.75649 0.98585 0.87840   25  100   50    1   50
   53  0.11333 0.78142 0.98153 0.95791 0.97759 0.99541 0.28181 0.86675 0.98153 0.98939 0.77107 0.98616 0.87889   25  100   50    1   75
   54  0.11438 0.78264 0.98154 0.95855 0.97650 0.99590 0.28132 0.87326 0.98154 0.99299 0.76969 0.98618 0.87882   25  100   50    1  100
   55  0.11049 0.68565 0.98230 0.96244 0.97625 1.00000 0.28973 0.87632 0.98230 0.99673 0.80389 0.98767 0.88463   25  100   50   25    1
   56  0.11218 0.69460 0.98264 0.96228 0.98429 1.00000 0.28859 0.87578 0.98264 0.99618 0.80332 0.98786 0.88380   25  100   50   25   25
   57  0.10913 0.69548 0.98266 0.96137 0.97556 1.00000 0.28884 0.87677 0.98266 0.99652 0.78604 0.98786 0.88413   25  100   50   25   50
   58  0.11281 0.69469 0.98282 0.96300 0.97414 0.99870 0.28932 0.87693 0.98282 0.99834 0.81070 0.98797 0.88453   25  100   50   25   75
   59  0.11259 0.69467 0.98232 0.96252 0.97831 1.00000 0.28883 0.88179 0.98232 0.99663 0.80511 0.98757 0.88381   25  100   50   25  100
   60  0.10096 0.58923 0.98060 0.96408 0.98496 1.00000 0.29611 0.87741 0.98060 0.99805 0.82409 0.98745 0.88929   25  100   50   50    1
   61  0.09756 0.59720 0.98116 0.96511 0.98716 1.00000 0.29566 0.87153 0.98116 0.99892 0.78727 0.98782 0.88985   25  100   50   50   25
   62  0.10087 0.59779 0.98072 0.96559 0.98906 1.00000 0.29558 0.87349 0.98072 0.99627 0.81298 0.98745 0.88967   25  100   50   50   50
   63  0.09698 0.59668 0.98100 0.96508 0.97892 0.99769 0.29561 0.86874 0.98100 0.99408 0.79870 0.98766 0.88979   25  100   50   50   75
   64  0.10043 0.60103 0.98062 0.96339 0.98367 1.00000 0.29506 0.87662 0.98062 0.99832 0.80943 0.98730 0.88855   25  100   50   50  100
   65  0.09410 0.51858 0.97876 0.96582 0.98124 0.99937 0.30020 0.87936 0.97876 0.99646 0.86123 0.98708 0.89435   25  100   50   75    1
   66  0.08859 0.51886 0.97852 0.96572 0.98659 1.00000 0.30032 0.87735 0.97852 0.99935 0.80518 0.98687 0.89448   25  100   50   75   25
   67  0.09008 0.52478 0.97874 0.96420 0.98735 1.00000 0.30018 0.87786 0.97874 0.99902 0.81037 0.98691 0.89397   25  100   50   75   50
   68  0.09122 0.52522 0.97917 0.96486 0.98048 1.00000 0.29954 0.87038 0.97917 0.98988 0.84143 0.98725 0.89318   25  100   50   75   75
   69  0.08714 0.52753 0.97884 0.96428 0.98547 1.00000 0.29953 0.87211 0.97884 0.99587 0.79078 0.98696 0.89361   25  100   50   75  100
   70  0.07709 0.45885 0.97630 0.96350 0.98002 0.98684 0.30363 0.86749 0.97630 0.99976 0.81215 0.98622 0.89688   25  100   50  100    1
   71  0.07991 0.46233 0.97584 0.96242 0.98581 0.98684 0.30404 0.86795 0.97584 0.99872 0.83157 0.98578 0.89730   25  100   50  100   25
   72  0.08021 0.46223 0.97632 0.96316 0.98297 0.98684 0.30348 0.87807 0.97632 0.99559 0.83025 0.98617 0.89708   25  100   50  100   50
   73  0.08081 0.46334 0.97644 0.96459 0.98877 0.98684 0.30368 0.86882 0.97644 0.99447 0.83733 0.98622 0.89701   25  100   50  100   75
   74  0.08249 0.46441 0.97684 0.96383 0.98836 0.98684 0.30344 0.86978 0.97684 0.99231 0.85445 0.98651 0.89702   25  100   50  100  100
   75  0.08766 0.83852 0.98298 0.94812 0.96520 0.99436 0.25549 0.89815 0.98298 0.96131 0.64115 0.98455 0.85386   25  100   75    1    1
   76  0.08887 0.82848 0.98282 0.94654 0.94685 0.98973 0.25514 0.90147 0.98282 0.94902 0.68301 0.98433 0.85313   25  100   75    1   25
   77  0.08309 0.82578 0.98292 0.94680 0.94442 0.99467 0.25456 0.90036 0.98292 0.92582 0.65673 0.98436 0.85359   25  100   75    1   50
   78  0.09120 0.81841 0.98270 0.94586 0.95421 0.99324 0.25378 0.89840 0.98270 0.97954 0.68728 0.98410 0.85218   25  100   75    1   75
   79  0.08375 0.81933 0.98261 0.94575 0.93225 0.99206 0.25316 0.90249 0.98261 0.98311 0.64272 0.98406 0.85200   25  100   75    1  100
   80  0.12293 0.93828 0.98514 0.95620 0.96635 0.99083 0.26599 0.90832 0.98514 0.97518 0.73522 0.98710 0.86233   25  100   75   25    1
   81  0.11341 0.92614 0.98537 0.95425 0.96524 0.99083 0.26517 0.90347 0.98537 0.96193 0.70577 0.98718 0.86067   25  100   75   25   25
   82  0.11859 0.92216 0.98522 0.95537 0.96768 0.99083 0.26448 0.91081 0.98522 0.97743 0.72288 0.98702 0.86095   25  100   75   25   50
   83  0.11639 0.91686 0.98524 0.95489 0.96473 0.99140 0.26402 0.91570 0.98524 0.97813 0.71301 0.98700 0.86042   25  100   75   25   75
   84  0.11729 0.91702 0.98502 0.95289 0.96500 0.99280 0.26391 0.90910 0.98502 0.96843 0.73187 0.98680 0.86057   25  100   75   25  100
   85  0.12883 0.90158 0.98410 0.95833 0.98686 0.99875 0.27704 0.89508 0.98410 0.97876 0.74753 0.98733 0.87203   25  100   75   50    1
   86  0.12969 0.91169 0.98401 0.95778 0.97698 0.99947 0.27646 0.89703 0.98401 0.96643 0.76213 0.98714 0.87120   25  100   75   50   25
   87  0.12575 0.91927 0.98422 0.95710 0.96860 0.99217 0.27564 0.89767 0.98422 0.96737 0.74562 0.98724 0.87140   25  100   75   50   50
   88  0.12034 0.91924 0.98415 0.95635 0.96971 0.99803 0.27533 0.90111 0.98415 0.94950 0.72151 0.98719 0.87037   25  100   75   50   75
   89  0.12375 0.92058 0.98409 0.95631 0.96980 0.99681 0.27527 0.89855 0.98409 0.96190 0.73371 0.98713 0.87137   25  100   75   50  100
   90  0.11504 0.78272 0.98295 0.96000 0.98388 0.99725 0.28438 0.88726 0.98295 0.98424 0.74931 0.98730 0.87899   25  100   75   75    1
   91  0.11254 0.78434 0.98285 0.96029 0.98412 0.99725 0.28433 0.89828 0.98285 0.93754 0.75829 0.98722 0.87926   25  100   75   75   25
   92  0.11182 0.78812 0.98286 0.95807 0.97756 0.99725 0.28430 0.89470 0.98286 0.97660 0.72944 0.98716 0.87915   25  100   75   75   50
   93  0.11272 0.78526 0.98302 0.95877 0.97029 0.99551 0.28383 0.89001 0.98302 0.98166 0.74541 0.98739 0.87886   25  100   75   75   75
   94  0.11722 0.79326 0.98265 0.95856 0.97966 0.99725 0.28374 0.89379 0.98265 0.97313 0.76386 0.98694 0.87829   25  100   75   75  100
   95  0.10434 0.66909 0.98100 0.96072 0.98343 0.99590 0.29244 0.88418 0.98100 0.99553 0.76551 0.98688 0.88559   25  100   75  100    1
   96  0.10622 0.67618 0.98140 0.96118 0.99353 0.99590 0.29193 0.88733 0.98140 0.98684 0.76840 0.98714 0.88449   25  100   75  100   25
   97  0.10485 0.67701 0.98138 0.96020 0.98478 0.99590 0.29226 0.88921 0.98138 0.98692 0.76135 0.98709 0.88593   25  100   75  100   50
   98  0.11216 0.67479 0.98135 0.96095 0.98733 0.99756 0.29264 0.89002 0.98135 0.97694 0.81969 0.98708 0.88573   25  100   75  100   75
   99  0.11036 0.68185 0.98146 0.96079 0.98534 0.99590 0.29198 0.89068 0.98146 0.98405 0.79671 0.98711 0.88553   25  100   75  100  100
  100  0.04891 0.68542 0.97793 0.93384 0.92831 0.99660 0.23689 0.91633 0.97793 0.91161 0.53196 0.97925 0.83792   25  100  100    1    1
  101  0.04474 0.68238 0.97762 0.93244 0.88985 0.99515 0.23588 0.91699 0.97762 0.90993 0.51535 0.97890 0.83675   25  100  100    1   25
  102  0.04478 0.67928 0.97764 0.93215 0.92383 0.99660 0.23526 0.92255 0.97764 0.93622 0.48335 0.97891 0.83599   25  100  100    1   50
  103  0.04770 0.68455 0.97703 0.93112 0.93142 0.99515 0.23596 0.91565 0.97703 0.94734 0.50452 0.97849 0.83698   25  100  100    1   75
  104  0.04809 0.67547 0.97696 0.93121 0.91636 0.99436 0.23478 0.91319 0.97696 0.96334 0.51976 0.97832 0.83707   25  100  100    1  100
  105  0.07495 0.77324 0.98116 0.94355 0.94465 0.99217 0.24796 0.91837 0.98116 0.94313 0.63628 0.98280 0.84777   25  100  100   25    1
  106  0.07017 0.76171 0.98103 0.94272 0.93476 0.99256 0.24722 0.92457 0.98103 0.92696 0.62114 0.98253 0.84635   25  100  100   25   25
  107  0.07640 0.76040 0.98087 0.94149 0.93319 0.99389 0.24691 0.92520 0.98087 0.96116 0.65478 0.98238 0.84673   25  100  100   25   50
  108  0.07629 0.75638 0.98111 0.94156 0.93155 0.99482 0.24607 0.92956 0.98111 0.97218 0.64967 0.98256 0.84596   25  100  100   25   75
  109  0.07798 0.75260 0.98100 0.94091 0.94176 0.99507 0.24562 0.92695 0.98100 0.98408 0.65711 0.98246 0.84415   25  100  100   25  100
  110  0.10454 0.90946 0.98062 0.94828 0.96911 0.99482 0.26008 0.91542 0.98062 0.93796 0.69259 0.98343 0.85960   25  100  100   50    1
  111  0.09756 0.90271 0.98030 0.94841 0.96586 0.99482 0.26002 0.91992 0.98030 0.90160 0.67753 0.98305 0.85918   25  100  100   50   25
  112  0.10113 0.90742 0.98050 0.94853 0.96470 0.99482 0.26016 0.91691 0.98050 0.92213 0.68532 0.98326 0.85916   25  100  100   50   50
  113  0.10441 0.89758 0.98010 0.94693 0.96316 0.99365 0.25938 0.92194 0.98010 0.92208 0.71661 0.98283 0.86044   25  100  100   50   75
  114  0.10061 0.89577 0.98023 0.94777 0.96713 0.99241 0.25868 0.91773 0.98023 0.97939 0.65458 0.98298 0.85896   25  100  100   50  100
  115  0.12256 0.93346 0.97917 0.95223 0.97280 0.99590 0.27105 0.91131 0.97917 0.98159 0.71556 0.98338 0.87001   25  100  100   75    1
  116  0.12229 0.93755 0.97932 0.95214 0.98346 0.99704 0.27123 0.91118 0.97932 0.94765 0.72724 0.98347 0.86968   25  100  100   75   25
  117  0.12477 0.94233 0.97916 0.95140 0.97769 0.99590 0.27075 0.91382 0.97916 0.96633 0.72864 0.98327 0.87034   25  100  100   75   50
  118  0.11925 0.94091 0.97929 0.95011 0.97266 0.99590 0.27124 0.90893 0.97929 0.93006 0.73186 0.98337 0.87021   25  100  100   75   75
  119  0.11788 0.94536 0.97919 0.94914 0.97419 0.99463 0.27033 0.91004 0.97919 0.93381 0.72026 0.98327 0.86915   25  100  100   75  100
  120  0.11053 0.80151 0.97813 0.95326 0.97933 0.99864 0.28039 0.90088 0.97813 0.97670 0.72524 0.98362 0.87844   25  100  100  100    1
  121  0.10812 0.80863 0.97803 0.95459 0.98226 1.00000 0.27995 0.90076 0.97803 0.91652 0.74742 0.98351 0.87751   25  100  100  100   25
  122  0.10470 0.81284 0.97803 0.95221 0.97943 0.99624 0.27949 0.90567 0.97803 0.89849 0.73852 0.98340 0.87747   25  100  100  100   50
  123  0.11299 0.80972 0.97801 0.95371 0.97949 1.00000 0.27999 0.90675 0.97801 0.93593 0.76114 0.98340 0.87810   25  100  100  100   75
  124  0.10840 0.81709 0.97807 0.95172 0.97944 0.99985 0.27930 0.90304 0.97807 0.91889 0.74426 0.98339 0.87720   25  100  100  100  100
