                                               Cluster
  Run  Product Compare     Pop   Edges Clusters   Size Leesalee  Slope  %Urban   Xmean   Ymean     Rad  Fmatch Diff  Brd Sprd  Slp   RG
    0  0.02342 0.83612 0.97928 0.99937 0.66010 0.29313 0.26775 0.97583 0.96634 0.86602 0.98591 0.98751 0.69465   25    1    1    1    1
    1  0.02303 0.83928 0.97884 0.99929 0.66558 0.29313 0.26645 0.96904 0.96585 0.85849 0.99630 0.98731 0.68275   25    1    1    1   25
    2  0.01760 0.86305 0.97844 0.99912 0.66558 0.29313 0.26257 0.96180 0.96587 0.65508 0.98532 0.98685 0.68825   25    1    1    1   50
    3  0.02083 0.87362 0.97760 0.99884 0.66587 0.29313 0.26475 0.93025 0.96521 0.80945 0.96507 0.98607 0.68308   25    1    1    1   75
    4  0.01486 0.89043 0.97476 0.99832 0.67304 0.29313 0.26223 0.94213 0.96264 0.54329 0.99721 0.98374 0.68560   25    1    1    1  100
    5  0.02198 0.80314 0.98198 0.99976 0.64782 0.29313 0.27773 0.98914 0.96876 0.80841 0.99807 0.98943 0.69080   25    1    1   25    1
    6  0.02198 0.80314 0.98198 0.99976 0.64782 0.29313 0.27773 0.98914 0.96876 0.80841 0.99807 0.98943 0.69080   25    1    1   25   25
    7  0.02050 0.81667 0.98295 0.99985 0.63999 0.29313 0.27672 0.99677 0.97009 0.74993 0.98792 0.99005 0.69355   25    1    1   25   50
    8  0.01997 0.82640 0.98369 0.99995 0.65237 0.29313 0.27579 0.99439 0.97103 0.74546 0.94376 0.99057 0.69238   25    1    1   25   75
    9  0.02191 0.83864 0.98262 0.99977 0.66314 0.29313 0.27366 0.98948 0.97000 0.78690 0.97098 0.98984 0.68880   25    1    1   25  100
   10  0.02302 0.72359 0.98280 0.99990 0.63245 0.29313 0.28805 0.99742 0.96781 0.91048 0.98625 0.99071 0.70597   25    1    1   50    1
   11  0.02302 0.72359 0.98280 0.99990 0.63245 0.29313 0.28805 0.99742 0.96781 0.91048 0.98625 0.99071 0.70597   25    1    1   50   25
   12  0.02120 0.74014 0.98379 0.99990 0.63319 0.29313 0.28432 0.99865 0.96926 0.84490 0.97371 0.99137 0.69898   25    1    1   50   50
   13  0.01896 0.75135 0.98111 0.99961 0.64668 0.29313 0.28218 0.99934 0.96668 0.73166 0.97654 0.98927 0.70438   25    1    1   50   75
   14  0.02123 0.76552 0.98093 0.99965 0.64469 0.29313 0.28187 1.00000 0.96679 0.80037 0.99309 0.98906 0.69855   25    1    1   50  100
   15  0.02189 0.66297 0.98144 0.99979 0.63802 0.29313 0.29624 0.99371 0.96474 0.92465 0.98976 0.99018 0.69923   25    1    1   75    1
   16  0.02134 0.66529 0.98309 0.99991 0.63330 0.29313 0.29680 0.99813 0.96660 0.88693 0.98913 0.99131 0.70595   25    1    1   75   25
   17  0.02223 0.67399 0.98006 0.99951 0.64742 0.29313 0.29126 0.98664 0.96359 0.92715 0.99559 0.98916 0.70187   25    1    1   75   50
   18  0.01666 0.67644 0.98075 0.99961 0.64024 0.29313 0.29408 0.99824 0.96434 0.70813 0.95652 0.98963 0.70535   25    1    1   75   75
   19  0.01759 0.69525 0.98118 0.99975 0.63936 0.29313 0.29074 0.99838 0.96519 0.76629 0.91430 0.98995 0.70810   25    1    1   75  100
   20  0.03761 0.61737 0.98067 0.99984 0.62766 0.52927 0.30276 0.99964 0.96247 0.91641 0.99793 0.99001 0.70915   25    1    1  100    1
   21  0.03904 0.61679 0.97916 0.99943 0.63886 0.52927 0.30180 0.99987 0.96076 0.94025 0.99998 0.98908 0.70947   25    1    1  100   25
   22  0.01390 0.62497 0.97998 0.99973 0.63436 0.29313 0.30509 0.99886 0.96201 0.69378 0.85302 0.98947 0.71097   25    1    1  100   50
   23  0.02134 0.62645 0.97985 0.99955 0.64213 0.29313 0.30008 0.98794 0.96177 0.94214 0.98364 0.98953 0.70653   25    1    1  100   75
   24  0.03939 0.65254 0.98335 0.99988 0.63396 0.52927 0.29555 0.99999 0.96616 0.92179 0.98304 0.99194 0.71288   25    1    1  100  100
   25  0.02946 0.27744 1.00000 1.00000 0.98123 0.97092 0.26790 0.99691 0.99985 0.85522 0.90623 0.99975 0.53863   25    1   25    1    1
   26  0.02923 0.26525 1.00000 0.99977 0.98193 0.98165 0.26285 0.99994 0.99981 0.90835 0.90240 0.99958 0.53102   25    1   25    1   25
   27  0.02678 0.25703 1.00000 0.99914 0.99231 0.96523 0.25836 0.99975 0.99986 0.84325 0.92659 0.99961 0.53970   25    1   25    1   50
   28  0.02540 0.25048 0.99994 0.99876 0.99999 0.98927 0.25229 0.99886 0.99967 0.78571 0.95298 0.99922 0.54448   25    1   25    1   75
   29  0.02512 0.24316 0.99992 0.99590 0.99995 0.97875 0.24889 1.00000 0.99962 0.85241 0.96918 0.99904 0.51610   25    1   25    1  100
   30  0.03299 0.28304 0.99999 0.99922 0.94247 0.98846 0.27524 0.99820 0.99977 0.85411 0.95756 0.99953 0.55762   25    1   25   25    1
   31  0.03266 0.28186 0.99998 0.99984 0.95798 0.98846 0.27432 0.99908 0.99994 0.81662 0.97228 0.99982 0.56260   25    1   25   25   25
   32  0.03308 0.27776 0.99997 0.99958 0.96723 0.99147 0.27464 0.99619 0.99995 0.83603 0.97229 0.99983 0.55878   25    1   25   25   50
   33  0.02932 0.26510 1.00000 0.99777 0.97504 0.98846 0.26876 0.99920 0.99990 0.87102 0.94585 0.99961 0.52010   25    1   25   25   75
   34  0.02962 0.25756 0.99994 0.99443 0.98368 0.98008 0.25904 0.99953 0.99966 0.87844 0.99908 0.99914 0.52858   25    1   25   25  100
   35  0.03682 0.32069 0.99991 0.99992 0.84439 0.98984 0.29970 0.96557 0.99997 0.93331 0.88189 0.99998 0.57680   25    1   25   50    1
   36  0.03165 0.31587 0.99997 0.99998 0.83965 0.98223 0.29655 0.98528 0.99992 0.82979 0.85763 0.99992 0.58442   25    1   25   50   25
   37  0.03667 0.30650 0.99961 0.99998 0.87596 0.98719 0.29371 0.96729 0.99997 0.96554 0.89556 0.99998 0.56340   25    1   25   50   50
   38  0.02936 0.29716 0.99978 1.00000 0.91607 0.99058 0.28928 0.96217 1.00000 0.89225 0.77179 0.99999 0.56825   25    1   25   50   75
   39  0.03079 0.28821 1.00000 0.99910 0.89601 0.96850 0.27894 0.97277 0.99989 0.97413 0.83553 0.99973 0.55820   25    1   25   50  100
   40  0.04002 0.33704 0.99999 0.99983 0.84409 0.95898 0.29857 0.94789 0.99986 0.91798 0.93107 0.99990 0.60675   25    1   25   75    1
   41  0.04079 0.33643 0.99992 0.99998 0.85031 0.98411 0.29923 0.94528 0.99996 0.98467 0.90715 0.99998 0.57353   25    1   25   75   25
   42  0.04136 0.36466 1.00000 0.99995 0.79023 0.97138 0.30908 0.92088 0.99967 0.97837 0.86094 0.99987 0.61665   25    1   25   75   50
   43  0.03786 0.34434 0.99998 0.99998 0.79718 0.98008 0.30231 0.90907 0.99986 0.94556 0.92854 0.99994 0.58337   25    1   25   75   75
   44  0.03930 0.33623 1.00000 0.99962 0.83008 0.97312 0.29571 0.92818 0.99982 0.96198 0.92619 0.99988 0.59202   25    1   25   75  100
   45  0.04625 0.38199 1.00000 0.99990 0.80079 0.97760 0.31494 0.88781 0.99964 0.99949 0.89990 0.99987 0.61535   25    1   25  100    1
   46  0.03362 0.41379 0.99981 0.99998 0.78353 0.96745 0.32410 0.89054 0.99895 0.65598 0.89984 0.99953 0.63017   25    1   25  100   25
   47  0.05005 0.39602 0.99984 0.99986 0.81585 0.97473 0.31558 0.93548 0.99908 0.95831 0.91195 0.99954 0.61708   25    1   25  100   50
   48  0.03787 0.37152 0.99997 0.99948 0.83343 0.93561 0.30413 0.91169 0.99952 0.91420 0.83321 0.99972 0.61983   25    1   25  100   75
   49  0.01228 0.37316 0.99931 0.99661 0.80704 0.93561 0.30751 0.87475 0.99823 0.96986 0.27622 0.99856 0.60925   25    1   25  100  100
   50  0.00059 0.15447 0.99200 0.94585 0.10704 0.98609 0.16219 0.99999 0.99122 0.70817 1.00000 0.98716 0.34515   25    1   50    1    1
   51  0.00056 0.15412 0.99127 0.92122 0.10950 0.98662 0.16330 0.99915 0.99049 0.70701 0.99968 0.98599 0.32482   25    1   50    1   25
   52  0.00033 0.15278 0.99110 0.90860 0.05172 0.98385 0.15978 0.99988 0.99032 0.80889 0.99349 0.98610 0.37905   25    1   50    1   50
   53  0.00042 0.15541 0.98578 0.89417 0.11207 0.97683 0.16076 0.98521 0.98494 0.51853 0.99955 0.98000 0.35095   25    1   50    1   75
   54  0.00053 0.15404 0.98668 0.92609 0.09982 0.98519 0.15823 0.98874 0.98584 0.74936 0.98394 0.98126 0.34012   25    1   50    1  100
   55  0.00268 0.15964 0.99344 0.92151 0.31656 0.98580 0.17214 0.99895 0.99268 0.97629 0.99939 0.98825 0.35673   25    1   50   25    1
   56  0.00131 0.15720 0.99327 0.90766 0.23743 0.98641 0.17060 0.99995 0.99253 0.64973 0.99892 0.98796 0.36338   25    1   50   25   25
   57  0.00128 0.16092 0.99009 0.90362 0.34382 0.98155 0.16981 0.99984 0.98925 0.41272 0.99973 0.98441 0.38758   25    1   50   25   50
   58  0.00114 0.15605 0.99052 0.91992 0.18187 0.98744 0.16747 0.99995 0.98973 0.78301 0.98401 0.98448 0.35607   25    1   50   25   75
   59  0.00149 0.15996 0.98753 0.89912 0.27374 0.97818 0.16850 0.99945 0.98667 0.63757 0.97918 0.98142 0.38475   25    1   50   25  100
   60  0.00758 0.17728 0.99345 0.97068 0.82692 0.97039 0.18609 0.98809 0.99257 0.80366 0.92935 0.98891 0.40982   25    1   50   50    1
   61  0.00863 0.17715 0.99681 0.97671 0.87842 0.97486 0.18898 0.99101 0.99610 0.81185 0.94222 0.99332 0.41245   25    1   50   50   25
   62  0.00701 0.17244 0.99611 0.95850 0.63121 0.97821 0.18415 0.99244 0.99538 0.90539 0.96290 0.99220 0.43825   25    1   50   50   50
   63  0.00498 0.17306 0.99555 0.95756 0.68667 0.97771 0.18379 0.99235 0.99478 0.63943 0.95970 0.99148 0.40718   25    1   50   50   75
   64  0.00359 0.16548 0.99365 0.93196 0.57579 0.97071 0.17750 0.99068 0.99286 0.63375 0.98438 0.98871 0.38882   25    1   50   50  100
   65  0.01321 0.19524 0.99826 0.97622 0.99450 0.96170 0.20275 0.96065 0.99761 0.93635 0.87408 0.99577 0.45860   25    1   50   75    1
   66  0.01272 0.19450 0.99778 0.97907 0.99396 0.95949 0.20224 0.96027 0.99708 0.90066 0.94088 0.99499 0.43000   25    1   50   75   25
   67  0.00942 0.18877 0.99756 0.97002 0.93367 0.96745 0.19996 0.94842 0.99686 0.77705 0.91160 0.99445 0.42862   25    1   50   75   50
   68  0.00991 0.18501 0.99836 0.97246 0.91466 0.97065 0.19882 0.94725 0.99778 0.88244 0.83238 0.99552 0.45243   25    1   50   75   75
   69  0.00555 0.19492 0.99341 0.95985 0.99964 0.94372 0.19474 0.95971 0.99239 0.38186 0.97592 0.98963 0.46312   25    1   50   75  100
   70  0.01281 0.21320 0.99835 0.96334 0.99651 0.96032 0.21690 0.91778 0.99764 0.92780 0.73326 0.99600 0.48507   25    1   50  100    1
   71  0.01114 0.21149 0.99727 0.94746 0.98743 0.94776 0.21448 0.90457 0.99643 0.98888 0.65343 0.99425 0.47978   25    1   50  100   25
   72  0.01240 0.20797 0.99727 0.95974 0.99578 0.95304 0.20779 0.90721 0.99644 0.99823 0.71697 0.99458 0.49103   25    1   50  100   50
   73  0.00710 0.20532 0.99679 0.93794 0.99172 0.94444 0.20407 0.91419 0.99592 0.58287 0.80347 0.99387 0.45650   25    1   50  100   75
   74  0.01218 0.20679 0.99712 0.95478 0.99333 0.95160 0.20763 0.91251 0.99628 0.99657 0.77641 0.99428 0.45090   25    1   50  100  100
   75  0.00013 0.13598 0.95084 0.89475 0.04369 0.98661 0.12420 0.99913 0.95062 0.73371 0.99174 0.94899 0.31087   25    1   75    1    1
   76  0.00007 0.13487 0.96353 0.89243 0.02466 0.99172 0.12629 0.99995 0.96304 0.67884 0.99948 0.96052 0.29175   25    1   75    1   25
   77  0.00019 0.13429 0.95192 0.86898 0.07500 0.98705 0.12444 0.99999 0.95170 0.66475 0.99689 0.94940 0.31302   25    1   75    1   50
   78  0.00012 0.13502 0.95251 0.87564 0.05054 0.98333 0.12403 0.99672 0.95225 0.70078 0.95554 0.95052 0.27810   25    1   75    1   75
   79  0.00011 0.13499 0.94690 0.93349 0.07746 0.98461 0.12062 0.99983 0.94676 0.45293 0.91168 0.94668 0.28058   25    1   75    1  100
   80  0.00000 0.13972 0.96531 0.89546 0.00053 0.98721 0.13471 0.99756 0.96478 0.72263 0.99997 0.96065 0.31087   25    1   75   25    1
   81  0.00001 0.14196 0.96350 0.96264 0.00274 0.97521 0.13399 0.99711 0.96297 0.79862 0.99432 0.95974 0.32800   25    1   75   25   25
   82  0.00000 0.14081 0.95698 0.92383 0.00079 0.97582 0.13275 0.99705 0.95660 0.89391 0.98762 0.95358 0.29045   25    1   75   25   50
   83  0.00000 0.13862 0.95840 0.93613 0.00066 0.98376 0.13040 0.99806 0.95800 0.71733 0.99711 0.95497 0.31762   25    1   75   25   75
   84  0.00001 0.13653 0.95177 0.90688 0.00154 0.98272 0.12742 0.99812 0.95154 0.89726 0.99986 0.94907 0.29930   25    1   75   25  100
   85  0.00075 0.15154 0.96693 0.97469 0.16444 0.95577 0.14474 0.99861 0.96626 0.70827 0.99622 0.96243 0.35372   25    1   75   50    1
   86  0.00020 0.14609 0.96970 0.94724 0.05340 0.96768 0.14255 0.99999 0.96905 0.66128 0.96573 0.96430 0.33470   25    1   75   50   25
   87  0.00082 0.14960 0.96548 0.96783 0.17646 0.96282 0.14260 0.99982 0.96485 0.71481 0.99956 0.96095 0.36593   25    1   75   50   50
   88  0.00024 0.14760 0.96482 0.97250 0.05391 0.96407 0.14192 0.99995 0.96424 0.75462 0.98695 0.95997 0.34060   25    1   75   50   75
   89  0.00030 0.14561 0.96775 0.97568 0.11472 0.97361 0.13924 0.99913 0.96711 0.47433 0.99864 0.96330 0.32298   25    1   75   50  100
   90  0.00334 0.15685 0.97396 0.98735 0.46461 0.94256 0.15154 0.99414 0.97314 0.88398 0.98860 0.96912 0.40692   25    1   75   75    1
   91  0.00103 0.15587 0.97743 0.99169 0.45522 0.95545 0.15085 0.99186 0.97657 0.28948 0.96554 0.97290 0.39270   25    1   75   75   25
   92  0.00038 0.15348 0.97949 0.96689 0.26766 0.96523 0.14917 0.99568 0.97863 0.20688 0.97801 0.97481 0.34868   25    1   75   75   50
   93  0.00158 0.15563 0.97553 0.97744 0.49704 0.94986 0.14997 0.99363 0.97470 0.44775 0.97140 0.97083 0.36835   25    1   75   75   75
   94  0.00149 0.15211 0.97677 0.98044 0.25642 0.97174 0.14924 0.99736 0.97597 0.81194 0.95337 0.97135 0.37565   25    1   75   75  100
   95  0.00570 0.16976 0.98518 0.98561 0.84700 0.93933 0.16170 0.95007 0.98415 0.87603 0.83415 0.98152 0.40075   25    1   75  100    1
   96  0.00569 0.17664 0.98120 0.98986 0.99966 0.91746 0.16452 0.95495 0.98010 0.59985 0.96729 0.97767 0.41403   25    1   75  100   25
   97  0.00296 0.16343 0.98715 0.97777 0.59378 0.95917 0.16002 0.95341 0.98621 0.66266 0.90344 0.98291 0.37250   25    1   75  100   50
   98  0.00402 0.16504 0.97651 0.97654 0.79947 0.92581 0.15815 0.94834 0.97558 0.81244 0.78454 0.97191 0.38070   25    1   75  100   75
   99  0.00367 0.15957 0.97812 0.96429 0.61711 0.93260 0.15222 0.96513 0.97722 0.89510 0.92141 0.97352 0.36768   25    1   75  100  100
  100  0.00007 0.13497 0.94627 0.93422 0.04795 0.98074 0.11529 0.99752 0.94606 0.39884 0.95843 0.94901 0.32450   25    1  100    1    1
  101  0.00012 0.13533 0.94662 0.94170 0.05302 0.98103 0.11643 0.99765 0.94641 0.60065 0.92462 0.94896 0.33428   25    1  100    1   25
  102  0.00018 0.13374 0.94834 0.89145 0.06216 0.98747 0.11570 0.99838 0.94810 0.91974 0.87802 0.95053 0.30847   25    1  100    1   50
  103  0.00023 0.13256 0.94037 0.89537 0.08960 0.98323 0.11264 0.99827 0.94034 0.81509 0.97125 0.94407 0.29185   25    1  100    1   75
  104  0.00022 0.13301 0.93463 0.92373 0.11315 0.97858 0.11163 0.99950 0.93475 0.59795 0.97134 0.93955 0.30255   25    1  100    1  100
  105  0.00005 0.13526 0.95453 0.90373 0.01680 0.98908 0.11908 0.99309 0.95415 0.68769 0.99958 0.95521 0.32237   25    1  100   25    1
  106  0.00004 0.13651 0.95362 0.92136 0.01644 0.98650 0.12133 0.99446 0.95327 0.69293 0.99956 0.95376 0.29685   25    1  100   25   25
  107  0.00001 0.13498 0.95697 0.92940 0.00721 0.98826 0.12087 0.99639 0.95656 0.27163 0.91914 0.95664 0.29640   25    1  100   25   50
  108  0.00002 0.13675 0.95248 0.95599 0.00797 0.98292 0.11973 0.98903 0.95213 0.50703 0.98044 0.95354 0.31015   25    1  100   25   75
  109  0.00002 0.13699 0.95001 0.93051 0.01194 0.98195 0.11954 0.99038 0.94971 0.50477 0.97100 0.95129 0.29975   25    1  100   25  100
  110  0.00019 0.14443 0.95978 0.93678 0.06586 0.97456 0.13024 0.99439 0.95924 0.66227 0.97467 0.95850 0.30108   25    1  100   50    1
  111  0.00019 0.14541 0.95625 0.95553 0.06782 0.96369 0.13117 0.98856 0.95578 0.55496 0.99723 0.95514 0.32745   25    1  100   50   25
  112  0.00026 0.14297 0.95857 0.95612 0.07109 0.97089 0.13071 0.99473 0.95809 0.79316 0.99500 0.95673 0.30200   25    1  100   50   50
  113  0.00036 0.14647 0.95815 0.99385 0.09356 0.96141 0.12958 0.99677 0.95759 0.72800 0.99489 0.95828 0.33055   25    1  100   50   75
  114  0.00004 0.13935 0.95199 0.95833 0.01086 0.97208 0.12548 0.99876 0.95168 0.75150 0.99994 0.95110 0.31090   25    1  100   50  100
  115  0.00173 0.15566 0.97693 0.99242 0.54298 0.96339 0.14238 0.99959 0.97599 0.43084 0.96431 0.97475 0.39055   25    1  100   75    1
  116  0.00106 0.15432 0.97421 0.99498 0.43461 0.96445 0.14237 0.99835 0.97332 0.35376 0.97756 0.97182 0.36428   25    1  100   75   25
  117  0.00004 0.15483 0.97363 0.97336 0.45221 0.95941 0.14152 0.99993 0.97274 0.01502 0.97654 0.97139 0.34525   25    1  100   75   50
  118  0.00112 0.15012 0.96765 0.97688 0.23615 0.95847 0.13607 0.99973 0.96690 0.82365 0.98493 0.96599 0.33753   25    1  100   75   75
  119  0.00118 0.15232 0.97190 0.99077 0.44269 0.96175 0.13823 0.99991 0.97105 0.40387 0.98976 0.96999 0.36362   25    1  100   75  100
  120  0.00207 0.16912 0.98341 0.98357 0.88429 0.94691 0.15387 0.97373 0.98231 0.28090 0.91699 0.98160 0.40555   25    1  100  100    1
  121  0.00009 0.16495 0.98238 0.96559 0.86571 0.94496 0.15108 0.97377 0.98133 0.01619 0.78947 0.98014 0.39375   25    1  100  100   25
  122  0.00381 0.16548 0.98133 0.98273 0.87524 0.94212 0.14927 0.97174 0.98026 0.60005 0.88320 0.97967 0.39248   25    1  100  100   50
  123  0.00314 0.16458 0.97694 0.99351 0.90184 0.93016 0.14845 0.98015 0.97592 0.46491 0.95566 0.97511 0.38032   25    1  100  100   75
  124  0.00074 0.16787 0.97839 0.99925 0.98376 0.92098 0.14798 0.97703 0.97727 0.10568 0.95097 0.97771 0.35752   25    1  100  100  100
  125  0.01974 0.59648 0.98232 0.99903 0.74818 0.99765 0.21960 0.93649 0.97680 0.35574 0.99419 0.98585 0.64505   25   25    1    1    1
  126  0.02923 0.59483 0.98361 0.99932 0.73668 0.99765 0.22016 0.97090 0.97816 0.51172 0.99466 0.98701 0.64760   25   25    1    1   25
  127  0.03352 0.56404 0.98133 0.99873 0.74956 0.99765 0.21953 0.91443 0.97607 0.65469 0.99076 0.98510 0.64772   25   25    1    1   50
  128  0.00757 0.54722 0.97945 0.99810 0.74690 0.29313 0.21622 0.87971 0.97420 0.55736 0.99004 0.98412 0.64195   25   25    1    1   75
  129  0.00094 0.53948 0.97532 0.99694 0.74067 0.29313 0.21303 0.90809 0.97009 0.06873 0.99773 0.98062 0.65317   25   25    1    1  100
  130  0.04499 0.61952 0.98692 0.99990 0.74738 0.99765 0.23281 0.98717 0.98158 0.68860 0.99637 0.98914 0.64473   25   25    1   25    1
  131  0.04781 0.61844 0.98947 0.99999 0.73422 0.99765 0.23231 0.96694 0.98436 0.74730 0.99586 0.99150 0.65373   25   25    1   25   25
  132  0.03276 0.58258 0.98282 0.99909 0.75123 0.99765 0.22468 0.95970 0.97754 0.58886 0.97221 0.98579 0.64240   25   25    1   25   50
  133  0.00925 0.56885 0.98016 0.99852 0.75556 0.29313 0.22546 0.95455 0.97490 0.57774 0.96925 0.98361 0.64920   25   25    1   25   75
  134  0.00873 0.55598 0.98106 0.99838 0.74076 0.29313 0.22098 0.94103 0.97586 0.57713 0.99733 0.98492 0.64195   25   25    1   25  100
  135  0.05536 0.67945 0.99156 0.99982 0.69656 0.99765 0.24391 0.99403 0.98615 0.80222 0.94882 0.99359 0.65400   25   25    1   50    1
  136  0.05476 0.68142 0.99155 0.99992 0.71058 0.99765 0.24571 0.98956 0.98613 0.72482 0.99261 0.99353 0.66712   25   25    1   50   25
  137  0.04454 0.63412 0.99205 0.99973 0.72030 0.99765 0.23698 0.99427 0.98705 0.74305 0.86561 0.99412 0.66277   25   25    1   50   50
  138  0.03463 0.61082 0.98878 1.00000 0.70756 0.61904 0.23431 0.99736 0.98353 0.89111 0.99031 0.99156 0.65083   25   25    1   50   75
  139  0.00000 0.60912 0.98939 1.00000 0.69455 0.00000 0.23317 0.99958 0.98418 0.86496 0.98897 0.99221 0.65325   25   25    1   50  100
  140  0.05631 0.75275 0.99049 0.99996 0.68502 0.96282 0.25120 0.99691 0.98410 0.72366 0.96262 0.99338 0.67145   25   25    1   75    1
  141  0.07005 0.75272 0.99063 0.99992 0.69106 0.99765 0.25327 0.99989 0.98428 0.82399 0.99689 0.99341 0.66995   25   25    1   75   25
  142  0.03983 0.71651 0.98792 0.99999 0.68781 0.70687 0.24813 0.99453 0.98151 0.76311 0.94296 0.99134 0.66978   25   25    1   75   50
  143  0.01532 0.69596 0.98758 0.99994 0.70810 0.29313 0.24388 0.99831 0.98123 0.67375 0.99605 0.99136 0.67593   25   25    1   75   75
  144  0.00000 0.68228 0.98826 1.00000 0.69632 0.00000 0.24370 0.99953 0.98210 0.77935 0.91673 0.99192 0.67065   25   25    1   75  100
  145  0.04909 0.82509 0.98393 0.99965 0.67958 0.70687 0.25798 0.97827 0.97603 0.77435 0.98507 0.98848 0.67800   25   25    1  100    1
  146  0.05779 0.82684 0.98656 0.99991 0.68364 0.70687 0.25777 0.99873 0.97889 0.85537 0.99847 0.99053 0.68778   25   25    1  100   25
  147  0.01294 0.79019 0.98631 0.99999 0.68363 0.20922 0.24762 0.99187 0.97878 0.72760 0.99081 0.99090 0.67593   25   25    1  100   50
  148  0.00000 0.75583 0.98747 1.00000 0.67811 0.00000 0.25394 0.99887 0.98043 0.78359 0.98243 0.99166 0.67645   25   25    1  100   75
  149  0.00000 0.74789 0.98758 1.00000 0.67709 0.00000 0.24741 0.99278 0.98059 0.60204 0.99905 0.99186 0.68040   25   25    1  100  100
  150  0.00024 0.13070 0.97507 0.30747 0.18490 0.99802 0.13757 0.99613 0.97456 0.95256 0.95327 0.96543 0.27875   25   25   25    1    1
  151  0.00018 0.13078 0.97438 0.31052 0.13922 0.99840 0.13544 0.98970 0.97387 0.91473 0.99156 0.96544 0.28555   25   25   25    1   25
  152  0.00013 0.13013 0.97333 0.24779 0.18965 0.99725 0.13349 0.99049 0.97283 0.68214 0.91085 0.96485 0.28605   25   25   25    1   50
  153  0.00011 0.12861 0.96958 0.20444 0.23642 0.99816 0.12931 0.98570 0.96914 0.54681 0.97622 0.96179 0.28422   25   25   25    1   75
  154  0.00013 0.12790 0.96894 0.19708 0.21168 0.99907 0.12801 0.99342 0.96851 0.72250 0.99985 0.96112 0.28320   25   25   25    1  100
  155  0.00008 0.13299 0.98397 0.42069 0.04142 0.99827 0.14834 0.98660 0.98339 0.89387 0.96196 0.97384 0.29478   25   25   25   25    1
  156  0.00013 0.13352 0.98385 0.41203 0.07217 0.99780 0.14789 0.99334 0.98327 0.86683 0.90665 0.97367 0.29475   25   25   25   25   25
  157  0.00016 0.13168 0.98053 0.40276 0.10338 0.99794 0.14034 0.99137 0.97996 0.82997 0.95772 0.97128 0.27855   25   25   25   25   50
  158  0.00012 0.13309 0.98298 0.43605 0.08789 0.99858 0.14411 0.98283 0.98239 0.62972 0.95553 0.97371 0.28528   25   25   25   25   75
  159  0.00013 0.13091 0.97875 0.35599 0.09966 0.99868 0.13662 0.97977 0.97819 0.80917 0.98554 0.96988 0.28703   25   25   25   25  100
  160  0.00001 0.14186 0.99348 0.64677 0.00185 0.99564 0.15916 0.99696 0.99288 0.97841 0.89455 0.98611 0.33193   25   25   25   50    1
  161  0.00000 0.14174 0.99344 0.61582 0.00088 0.99688 0.15952 0.99695 0.99284 0.86910 0.90765 0.98586 0.32388   25   25   25   50   25
  162  0.00001 0.14003 0.99343 0.64597 0.00325 0.99779 0.15648 0.99864 0.99283 0.79953 0.93379 0.98631 0.31877   25   25   25   50   50
  163  0.00004 0.13877 0.99280 0.61265 0.01315 0.99762 0.15345 0.99840 0.99220 0.90483 0.89741 0.98567 0.32000   25   25   25   50   75
  164  0.00003 0.13865 0.99046 0.61224 0.01026 0.99559 0.14879 1.00000 0.98981 0.77420 0.95217 0.98321 0.32345   25   25   25   50  100
  165  0.00004 0.15314 0.99839 0.82106 0.00647 0.99153 0.17174 0.91837 0.99796 0.99995 0.78869 0.99408 0.35865   25   25   25   75    1
  166  0.00006 0.15158 0.99934 0.85336 0.00965 0.99243 0.17222 0.91614 0.99904 0.97740 0.86865 0.99595 0.34975   25   25   25   75   25
  167  0.00018 0.15398 0.99947 0.86579 0.02804 0.99464 0.17255 0.92988 0.99918 0.99963 0.86667 0.99652 0.35340   25   25   25   75   50
  168  0.00006 0.14971 0.99938 0.84925 0.01236 0.99632 0.16811 0.94620 0.99908 0.91716 0.81468 0.99646 0.34962   25   25   25   75   75
  169  0.00000 0.14784 0.99680 0.76122 0.00012 0.99435 0.16069 0.94603 0.99627 0.84775 0.82821 0.99198 0.34130   25   25   25   75  100
  170  0.00107 0.16718 0.99975 0.92058 0.13484 0.98689 0.18026 0.88037 0.99951 0.93779 0.86969 0.99763 0.40483   25   25   25  100    1
  171  0.00134 0.17050 0.99969 0.93359 0.17894 0.98679 0.18369 0.88641 0.99942 0.97615 0.76673 0.99749 0.39360   25   25   25  100   25
  172  0.00092 0.16664 0.99957 0.93536 0.14062 0.98770 0.17983 0.89068 0.99927 0.99396 0.65837 0.99709 0.40788   25   25   25  100   50
  173  0.00068 0.16311 0.99968 0.91851 0.10159 0.99152 0.17637 0.89035 0.99942 0.96624 0.76859 0.99751 0.38590   25   25   25  100   75
  174  0.00026 0.16020 0.99890 0.89860 0.03923 0.99030 0.16819 0.89808 0.99848 0.99187 0.79322 0.99612 0.39913   25   25   25  100  100
  175  0.00000 0.11996 0.75210 0.00126 0.81028 0.98611 0.09674 0.91027 0.75814 0.67849 0.94388 0.79295 0.24553   25   25   50    1    1
  176  0.00001 0.12080 0.74682 0.01149 0.81521 0.97643 0.09546 0.89060 0.75310 0.89915 0.80188 0.78981 0.24205   25   25   50    1   25
  177  0.00001 0.12029 0.73393 0.01569 0.84694 0.97433 0.09434 0.90011 0.74063 0.86983 0.90359 0.78068 0.23953   25   25   50    1   50
  178  0.00004 0.12082 0.73465 0.04431 0.87502 0.96229 0.09381 0.89922 0.74139 0.90442 0.94901 0.78171 0.25653   25   25   50    1   75
  179  0.00005 0.12054 0.71306 0.07914 0.88818 0.94143 0.09187 0.88745 0.72054 0.77183 0.93180 0.76652 0.25427   25   25   50    1  100
  180  0.00002 0.12153 0.79851 0.03794 0.73151 0.97672 0.10400 0.92983 0.80301 0.57141 0.98261 0.82451 0.24825   25   25   50   25    1
  181  0.00002 0.12125 0.78191 0.02627 0.77006 0.97903 0.10379 0.91660 0.78690 0.69518 0.98834 0.81171 0.25392   25   25   50   25   25
  182  0.00001 0.12103 0.77818 0.00804 0.75078 0.98104 0.09950 0.91090 0.78339 0.75135 0.96910 0.81137 0.25548   25   25   50   25   50
  183  0.00001 0.12102 0.77936 0.01422 0.73232 0.98631 0.10019 0.90785 0.78452 0.54694 0.98841 0.81200 0.24258   25   25   50   25   75
  184  0.00002 0.12065 0.78650 0.02737 0.75569 0.98316 0.09980 0.90528 0.79144 0.74185 0.99862 0.81752 0.24975   25   25   50   25  100
  185  0.00008 0.12135 0.84153 0.08593 0.58823 0.99212 0.10991 0.95483 0.84466 0.84063 1.00000 0.85442 0.24778   25   25   50   50    1
  186  0.00006 0.12105 0.84135 0.06662 0.52170 0.99573 0.10925 0.95576 0.84449 0.83724 0.98688 0.85460 0.25433   25   25   50   50   25
  187  0.00007 0.12148 0.83478 0.07061 0.59708 0.99068 0.10847 0.93445 0.83812 0.86514 0.99597 0.84989 0.25567   25   25   50   50   50
  188  0.00005 0.12083 0.84037 0.07116 0.56043 0.99409 0.10553 0.93485 0.84355 0.70582 0.99999 0.85588 0.24640   25   25   50   50   75
  189  0.00007 0.12148 0.84243 0.08427 0.55964 0.99002 0.10763 0.93529 0.84554 0.81322 0.99302 0.85647 0.25868   25   25   50   50  100
  190  0.00012 0.12072 0.92976 0.17763 0.27084 0.99959 0.11712 0.99774 0.93030 0.90547 0.94523 0.92469 0.25712   25   25   50   75    1
  191  0.00010 0.12094 0.93337 0.17173 0.24052 0.99956 0.11758 0.99891 0.93381 0.88297 0.98109 0.92771 0.25332   25   25   50   75   25
  192  0.00009 0.12059 0.92623 0.15453 0.25814 0.99963 0.11523 0.99381 0.92685 0.85572 0.99229 0.92251 0.25052   25   25   50   75   50
  193  0.00009 0.12037 0.92100 0.14770 0.27151 0.99973 0.11473 0.99138 0.92176 0.82989 0.99283 0.91802 0.24630   25   25   50   75   75
  194  0.00009 0.12103 0.90896 0.13403 0.30871 0.99835 0.11306 0.98666 0.91006 0.84662 0.97877 0.90840 0.24913   25   25   50   75  100
  195  0.00018 0.12269 0.97037 0.29766 0.18720 0.99913 0.12403 0.97665 0.96998 0.94452 0.98153 0.96226 0.26305   25   25   50  100    1
  196  0.00017 0.12188 0.96929 0.28305 0.19681 0.99956 0.12198 0.97482 0.96891 0.93865 0.95329 0.96171 0.25860   25   25   50  100   25
  197  0.00016 0.12241 0.96859 0.33940 0.17170 0.99967 0.12331 0.97714 0.96822 0.90532 0.89415 0.96089 0.25543   25   25   50  100   50
  198  0.00018 0.12163 0.96599 0.27217 0.21934 0.99995 0.12059 0.98551 0.96565 0.95945 0.93871 0.95916 0.25535   25   25   50  100   75
  199  0.00013 0.12166 0.96803 0.27076 0.16816 0.99997 0.12066 0.98776 0.96766 0.94566 0.92232 0.96125 0.25905   25   25   50  100  100
  200  0.00020 0.12035 0.61170 0.97519 0.96713 0.76035 0.08278 0.80298 0.62319 0.54315 0.95830 0.69377 0.25128   25   25   75    1    1
  201  0.00018 0.12054 0.61050 0.99132 0.96438 0.74986 0.08312 0.82896 0.62200 0.47918 0.97127 0.69285 0.25290   25   25   75    1   25
  202  0.00013 0.12080 0.58820 0.89406 0.98199 0.61479 0.08216 0.78310 0.60052 0.54572 0.92051 0.67584 0.25122   25   25   75    1   50
  203  0.00009 0.12015 0.58108 0.83668 0.98572 0.51170 0.08017 0.78804 0.59411 0.54660 0.89603 0.67059 0.25133   25   25   75    1   75
  204  0.00013 0.12007 0.59927 0.93874 0.97895 0.61472 0.08091 0.80292 0.61162 0.50578 0.94502 0.68473 0.24300   25   25   75    1  100
  205  0.00018 0.12059 0.61605 0.88495 0.96272 0.76643 0.08586 0.81379 0.62683 0.52077 0.94382 0.69619 0.24522   25   25   75   25    1
  206  0.00006 0.11984 0.62188 0.22691 0.96188 0.80370 0.08592 0.81147 0.63236 0.58681 0.94931 0.70037 0.24560   25   25   75   25   25
  207  0.00011 0.11990 0.62474 0.47526 0.95346 0.83281 0.08488 0.82071 0.63541 0.52954 0.95861 0.70301 0.24688   25   25   75   25   50
  208  0.00023 0.12075 0.60745 0.99265 0.97328 0.68136 0.08349 0.79762 0.61894 0.69754 0.93944 0.69036 0.25160   25   25   75   25   75
  209  0.00018 0.12127 0.60986 0.98142 0.97259 0.69506 0.08423 0.79983 0.62127 0.53123 0.92990 0.69212 0.25350   25   25   75   25  100
  210  0.00004 0.12100 0.68879 0.09813 0.87797 0.90861 0.09151 0.86292 0.69701 0.53162 0.96102 0.74855 0.26085   25   25   75   50    1
  211  0.00006 0.12048 0.68491 0.12116 0.88472 0.92030 0.09223 0.85786 0.69311 0.70291 0.96438 0.74503 0.24820   25   25   75   50   25
  212  0.00001 0.12146 0.67446 0.02804 0.90177 0.88432 0.09155 0.83673 0.68316 0.53547 0.97826 0.73830 0.25400   25   25   75   50   50
  213  0.00002 0.11989 0.67055 0.04804 0.90140 0.92929 0.08898 0.83415 0.67942 0.61514 0.96074 0.73586 0.25642   25   25   75   50   75
  214  0.00002 0.12038 0.65273 0.05844 0.92637 0.87311 0.08797 0.83264 0.66225 0.55265 0.95454 0.72309 0.24920   25   25   75   50  100
  215  0.00012 0.12131 0.75531 0.19445 0.73195 0.96461 0.09585 0.91263 0.76134 0.72591 0.98747 0.79623 0.25565   25   25   75   75    1
  216  0.00018 0.12095 0.77640 0.25432 0.66822 0.97471 0.09828 0.92237 0.78170 0.83316 0.96784 0.81077 0.25322   25   25   75   75   25
  217  0.00008 0.12128 0.74830 0.14004 0.76313 0.96090 0.09595 0.90181 0.75455 0.64526 0.99148 0.79101 0.25738   25   25   75   75   50
  218  0.00010 0.12121 0.73455 0.17234 0.79857 0.96182 0.09458 0.88366 0.74128 0.71020 0.98071 0.78155 0.26318   25   25   75   75   75
  219  0.00008 0.12138 0.71206 0.12793 0.85059 0.94063 0.09390 0.87099 0.71948 0.75599 0.97460 0.76480 0.26678   25   25   75   75  100
  220  0.00033 0.12162 0.84863 0.39065 0.45636 0.98734 0.10205 0.97972 0.85158 0.91773 0.99981 0.86549 0.26653   25   25   75  100    1
  221  0.00029 0.12127 0.85232 0.33233 0.47800 0.99104 0.10271 0.98456 0.85515 0.93898 0.99995 0.86755 0.25372   25   25   75  100   25
  222  0.00025 0.12113 0.84858 0.32259 0.50467 0.99052 0.10096 0.98079 0.85154 0.79118 0.98988 0.86551 0.26265   25   25   75  100   50
  223  0.00023 0.12098 0.85273 0.27987 0.49210 0.99141 0.10078 0.97583 0.85555 0.89831 0.99458 0.86885 0.24845   25   25   75  100   75
  224  0.00019 0.12190 0.82416 0.24408 0.57195 0.98819 0.10002 0.95166 0.82793 0.81770 0.99631 0.84728 0.25175   25   25   75  100  100
  225  0.00004 0.12075 0.56760 0.74017 0.98875 0.40081 0.07841 0.76611 0.58182 0.40999 0.91843 0.66021 0.25493   25   25  100    1    1
  226  0.00008 0.12043 0.57759 0.82976 0.98354 0.54715 0.07934 0.78223 0.59114 0.45911 0.92262 0.66803 0.24260   25   25  100    1   25
  227  0.00007 0.12065 0.57665 0.78191 0.98503 0.47948 0.07840 0.77974 0.59079 0.47487 0.92812 0.66747 0.24772   25   25  100    1   50
  228  0.00005 0.12023 0.56433 0.71618 0.98882 0.43657 0.07768 0.75998 0.57898 0.46210 0.89875 0.65763 0.24450   25   25  100    1   75
  229  0.00005 0.12047 0.56822 0.73101 0.98569 0.44793 0.07704 0.76363 0.58328 0.46452 0.93295 0.66084 0.24650   25   25  100    1  100
  230  0.00014 0.12021 0.60724 0.88353 0.96768 0.73059 0.08150 0.80016 0.61918 0.47702 0.95594 0.69072 0.24933   25   25  100   25    1
  231  0.00011 0.12007 0.60112 0.75505 0.97452 0.65098 0.08173 0.79772 0.61308 0.48395 0.95447 0.68586 0.24682   25   25  100   25   25
  232  0.00014 0.12189 0.60227 0.94396 0.97440 0.63158 0.08185 0.80039 0.61469 0.49552 0.93273 0.68712 0.25578   25   25  100   25   50
  233  0.00010 0.12051 0.58286 0.85669 0.98447 0.59788 0.07971 0.78045 0.59620 0.45863 0.93329 0.67217 0.25683   25   25  100   25   75
  234  0.00011 0.12118 0.59510 0.92857 0.97997 0.57112 0.08051 0.79185 0.60802 0.48850 0.93876 0.68176 0.24717   25   25  100   25  100
  235  0.00002 0.12108 0.65507 0.08495 0.92062 0.84258 0.08659 0.83330 0.66483 0.60385 0.87482 0.72577 0.25980   25   25  100   50    1
  236  0.00002 0.12137 0.66233 0.06363 0.91625 0.86241 0.08687 0.83269 0.67190 0.71627 0.87566 0.73131 0.25267   25   25  100   50   25
  237  0.00000 0.12225 0.63723 0.01618 0.92570 0.83879 0.08658 0.81860 0.64767 0.63621 0.96360 0.71250 0.25322   25   25  100   50   50
  238  0.00000 0.12109 0.64518 0.00827 0.94236 0.82804 0.08575 0.82760 0.65536 0.54005 0.97139 0.71862 0.26513   25   25  100   50   75
  239  0.00001 0.12115 0.64675 0.01867 0.92340 0.83892 0.08590 0.82361 0.65689 0.61630 0.95452 0.71982 0.26472   25   25  100   50  100
  240  0.00019 0.12149 0.74696 0.26717 0.77822 0.94567 0.09306 0.90554 0.75341 0.81979 0.98202 0.79190 0.25752   25   25  100   75    1
  241  0.00012 0.12183 0.73996 0.22447 0.75426 0.96258 0.09272 0.89698 0.74667 0.67702 0.97404 0.78700 0.25210   25   25  100   75   25
  242  0.00006 0.12108 0.70518 0.11441 0.83917 0.93282 0.08991 0.87571 0.71308 0.70622 0.97552 0.76177 0.25280   25   25  100   75   50
  243  0.00010 0.12136 0.72059 0.21707 0.83151 0.92867 0.09064 0.87787 0.72802 0.60354 0.98342 0.77337 0.24993   25   25  100   75   75
  244  0.00008 0.12135 0.72018 0.17430 0.82341 0.93892 0.09047 0.87769 0.72764 0.64136 0.98017 0.77327 0.25602   25   25  100   75  100
  245  0.00021 0.12151 0.82323 0.26300 0.56672 0.98725 0.09581 0.95816 0.82710 0.85237 0.99568 0.84940 0.26425   25   25  100  100    1
  246  0.00033 0.12062 0.82778 0.39039 0.57779 0.97921 0.09614 0.97020 0.83147 0.90408 0.99736 0.85222 0.25450   25   25  100  100   25
  247  0.00023 0.12210 0.82408 0.33641 0.49048 0.98213 0.09677 0.95655 0.82792 0.85227 0.98764 0.85006 0.25935   25   25  100  100   50
  248  0.00025 0.12161 0.81227 0.35256 0.56365 0.98023 0.09455 0.95125 0.81654 0.84960 0.99967 0.84190 0.24595   25   25  100  100   75
  249  0.00019 0.12092 0.81983 0.29434 0.58472 0.98644 0.09466 0.94602 0.82383 0.70564 0.99459 0.84752 0.25895   25   25  100  100  100
  250  0.01379 0.43815 0.98208 0.99829 0.80933 0.85349 0.19115 0.91497 0.97814 0.45842 0.99269 0.98512 0.60590   25   50    1    1    1
  251  0.01862 0.43123 0.97991 0.99697 0.85186 0.87583 0.19163 0.92608 0.97605 0.58079 0.99886 0.98276 0.59970   25   50    1    1   25
  252  0.00821 0.42404 0.97777 0.99695 0.84504 0.97312 0.19049 0.91815 0.97386 0.23905 0.99508 0.98166 0.60700   25   50    1    1   50
  253  0.00596 0.41526 0.97743 0.99695 0.81786 0.89393 0.18536 0.89749 0.97351 0.21405 0.99557 0.98206 0.59473   25   50    1    1   75
  254  0.00389 0.41490 0.97933 0.99825 0.83147 0.96282 0.18801 0.91943 0.97536 0.11945 0.99495 0.98415 0.60763   25   50    1    1  100
  255  0.02637 0.45068 0.98404 0.99876 0.80746 0.85349 0.20128 0.96384 0.98019 0.75683 0.99977 0.98568 0.60915   25   50    1   25    1
  256  0.02656 0.44849 0.98237 0.99842 0.81810 0.98846 0.20135 0.92297 0.97851 0.68552 0.98481 0.98410 0.61815   25   50    1   25   25
  257  0.02406 0.43880 0.98124 0.99780 0.81839 0.99765 0.19672 0.91998 0.97737 0.64751 0.99214 0.98364 0.61378   25   50    1   25   50
  258  0.01680 0.42773 0.97677 0.99693 0.80532 0.96282 0.19551 0.93495 0.97290 0.48948 0.99984 0.98019 0.60970   25   50    1   25   75
  259  0.01507 0.42739 0.97983 0.99847 0.79589 0.85349 0.19706 0.92673 0.97590 0.51593 0.96770 0.98353 0.60615   25   50    1   25  100
  260  0.02994 0.48689 0.99207 0.99985 0.76346 0.99765 0.21071 0.99476 0.98845 0.63075 1.00000 0.99328 0.62710   25   50    1   50    1
  261  0.03682 0.48976 0.99277 0.99974 0.77074 0.99765 0.21609 0.99434 0.98921 0.75908 0.99118 0.99386 0.61977   25   50    1   50   25
  262  0.03438 0.46589 0.99044 1.00000 0.77969 0.99765 0.20998 0.99986 0.98676 0.75639 0.98715 0.99211 0.62410   25   50    1   50   50
  263  0.02575 0.45549 0.98810 0.99993 0.74848 0.99765 0.20813 0.99909 0.98429 0.60862 0.99988 0.99027 0.62128   25   50    1   50   75
  264  0.02839 0.45394 0.98713 0.99984 0.76992 0.89393 0.20652 0.99579 0.98322 0.79143 0.94062 0.98976 0.61808   25   50    1   50  100
  265  0.04008 0.54706 0.99024 0.99994 0.73952 0.99765 0.22517 0.99378 0.98582 0.73285 0.98148 0.99215 0.63713   25   50    1   75    1
  266  0.03392 0.54384 0.99264 0.99967 0.72338 0.99765 0.22154 0.98908 0.98852 0.65706 0.94654 0.99440 0.65020   25   50    1   75   25
  267  0.03489 0.51649 0.99041 0.99989 0.74984 0.99765 0.22292 0.98829 0.98625 0.67161 0.99041 0.99245 0.63565   25   50    1   75   50
  268  0.03356 0.50977 0.99163 0.99990 0.74738 0.99765 0.22088 0.99903 0.98758 0.65378 0.99044 0.99387 0.63493   25   50    1   75   75
  269  0.03315 0.49747 0.98939 0.99999 0.75301 0.99765 0.21650 0.99516 0.98521 0.67926 0.98324 0.99199 0.63753   25   50    1   75  100
  270  0.03973 0.61215 0.98771 0.99997 0.72969 0.99765 0.23061 0.99003 0.98234 0.62317 0.99817 0.99062 0.65317   25   50    1  100    1
  271  0.04469 0.61287 0.98939 1.00000 0.71815 0.99765 0.23229 0.98242 0.98422 0.77098 0.91967 0.99192 0.65120   25   50    1  100   25
  272  0.03709 0.58077 0.99003 0.99988 0.69684 0.99765 0.22454 0.97077 0.98507 0.67341 0.97890 0.99302 0.66020   25   50    1  100   50
  273  0.03146 0.56273 0.98858 1.00000 0.73328 0.99765 0.22454 0.99878 0.98363 0.55669 0.96897 0.99189 0.65487   25   50    1  100   75
  274  0.03318 0.55868 0.99040 0.99957 0.70130 0.99765 0.22257 0.98066 0.98557 0.71420 0.86576 0.99377 0.64870   25   50    1  100  100
  275  0.00000 0.12273 0.90023 0.00231 0.60527 0.99787 0.10993 0.97358 0.90156 0.86823 0.99294 0.90245 0.25130   25   50   25    1    1
  276  0.00000 0.12295 0.89529 0.00314 0.64973 0.99716 0.11012 0.98081 0.89677 0.98161 0.99990 0.89797 0.25822   25   50   25    1   25
  277  0.00000 0.12257 0.89530 0.00040 0.64725 0.99813 0.10786 0.97859 0.89678 0.93749 0.99190 0.89959 0.26350   25   50   25    1   50
  278  0.00000 0.12301 0.89605 0.00130 0.57459 0.99761 0.10699 0.98253 0.89749 0.91224 0.99798 0.90094 0.25470   25   50   25    1   75
  279  0.00000 0.12189 0.90270 0.00082 0.56102 0.99891 0.10635 0.98510 0.90395 0.83019 0.99961 0.90658 0.26320   25   50   25    1  100
  280  0.00002 0.12193 0.92695 0.02246 0.46607 0.99922 0.11648 0.96900 0.92756 0.80662 0.99999 0.92156 0.25660   25   50   25   25    1
  281  0.00001 0.12272 0.92731 0.01356 0.48890 0.99877 0.11677 0.96294 0.92791 0.70884 0.99259 0.92219 0.25348   25   50   25   25   25
  282  0.00002 0.12259 0.92548 0.02510 0.41817 0.99956 0.11636 0.96324 0.92612 0.84917 0.99996 0.92113 0.25752   25   50   25   25   50
  283  0.00001 0.12249 0.92259 0.01545 0.50269 0.99955 0.11448 0.96316 0.92330 0.66965 0.98509 0.91963 0.25712   25   50   25   25   75
  284  0.00001 0.12205 0.91727 0.00653 0.46220 0.99909 0.11137 0.97542 0.91811 0.71662 0.98704 0.91627 0.25502   25   50   25   25  100
  285  0.00005 0.12407 0.96356 0.07739 0.20847 0.99980 0.12565 0.99231 0.96330 0.78224 0.99702 0.95386 0.26717   25   50   25   50    1
  286  0.00007 0.12481 0.96598 0.09503 0.21630 0.99963 0.12802 0.99746 0.96568 0.86617 0.99884 0.95606 0.26697   25   50   25   50   25
  287  0.00004 0.12387 0.96308 0.07088 0.19884 0.99965 0.12754 0.99366 0.96284 0.70556 0.99417 0.95319 0.26818   25   50   25   50   50
  288  0.00003 0.12353 0.95365 0.04684 0.31836 0.99926 0.12257 0.98728 0.95359 0.69399 0.98695 0.94523 0.26357   25   50   25   50   75
  289  0.00003 0.12344 0.96013 0.06630 0.22379 0.99997 0.12304 0.99186 0.95993 0.67219 0.98410 0.95184 0.26638   25   50   25   50  100
  290  0.00011 0.12992 0.98939 0.35106 0.08128 0.99944 0.13669 0.97693 0.98879 0.89693 0.91886 0.98211 0.28627   25   50   25   75    1
  291  0.00011 0.12990 0.98708 0.31519 0.09008 0.99913 0.13557 0.97904 0.98647 0.89527 0.89374 0.97948 0.28953   25   50   25   75   25
  292  0.00012 0.12839 0.98474 0.25275 0.12335 0.99939 0.13299 0.98595 0.98415 0.90109 0.90060 0.97681 0.28947   25   50   25   75   50
  293  0.00013 0.12890 0.98355 0.26352 0.14832 0.99925 0.13322 0.98563 0.98297 0.80495 0.89946 0.97554 0.28070   25   50   25   75   75
  294  0.00012 0.12731 0.98168 0.22630 0.16254 0.99945 0.13003 0.99293 0.98111 0.81192 0.92591 0.97390 0.27835   25   50   25   75  100
  295  0.00018 0.13857 0.99481 0.60056 0.06502 0.99563 0.14549 0.90788 0.99424 0.96681 0.82640 0.98935 0.33190   25   50   25  100    1
  296  0.00028 0.13754 0.99404 0.53481 0.12278 0.99661 0.14422 0.91017 0.99345 0.99303 0.77332 0.98810 0.31773   25   50   25  100   25
  297  0.00014 0.13691 0.99401 0.51895 0.06219 0.99759 0.14099 0.92289 0.99342 0.93700 0.87211 0.98833 0.31555   25   50   25  100   50
  298  0.00015 0.13698 0.99514 0.59674 0.05511 0.99752 0.14151 0.92940 0.99457 0.88181 0.91168 0.99028 0.32535   25   50   25  100   75
  299  0.00024 0.13666 0.99292 0.53559 0.10264 0.99672 0.13985 0.93174 0.99229 0.95083 0.86438 0.98751 0.30577   25   50   25  100  100
  300  0.00018 0.12002 0.60545 0.96124 0.97773 0.73530 0.08390 0.81201 0.61671 0.54016 0.93842 0.68852 0.24920   25   50   50    1    1
  301  0.00017 0.12055 0.60182 0.92563 0.97952 0.74222 0.08394 0.80416 0.61324 0.53652 0.93854 0.68579 0.24827   25   50   50    1   25
  302  0.00018 0.11920 0.61125 0.97787 0.98013 0.72095 0.08270 0.81015 0.62252 0.52080 0.95081 0.69318 0.24560   25   50   50    1   50
  303  0.00023 0.12031 0.59860 0.88318 0.98163 0.65745 0.08227 0.81187 0.61053 0.82338 0.94296 0.68382 0.25575   25   50   50    1   75
  304  0.00015 0.12032 0.59824 0.89989 0.98048 0.66557 0.08208 0.80112 0.61023 0.53476 0.94419 0.68354 0.24823   25   50   50    1  100
  305  0.00024 0.12059 0.63489 0.93343 0.95945 0.84248 0.08814 0.81552 0.64479 0.54089 0.95067 0.70949 0.24815   25   50   50   25    1
  306  0.00021 0.11943 0.63340 0.85313 0.97002 0.82550 0.08748 0.82288 0.64329 0.53078 0.93848 0.70836 0.24880   25   50   50   25   25
  307  0.00028 0.11986 0.63484 0.88692 0.95437 0.88323 0.08740 0.83381 0.64477 0.61982 0.95896 0.70957 0.24798   25   50   50   25   50
  308  0.00022 0.11994 0.63177 0.95515 0.96732 0.80967 0.08650 0.83198 0.64192 0.50385 0.96594 0.70766 0.24650   25   50   50   25   75
  309  0.00024 0.12001 0.62042 0.99112 0.97489 0.74725 0.08503 0.82308 0.63111 0.60518 0.95152 0.69956 0.25000   25   50   50   25  100
  310  0.00004 0.12036 0.69711 0.07584 0.89581 0.95470 0.09372 0.87193 0.70484 0.61228 0.97596 0.75314 0.26145   25   50   50   50    1
  311  0.00006 0.12039 0.69595 0.12634 0.91791 0.93553 0.09320 0.86309 0.70374 0.62830 0.97473 0.75247 0.24547   25   50   50   50   25
  312  0.00003 0.11978 0.69418 0.07890 0.90291 0.94996 0.09296 0.86009 0.70200 0.59350 0.97568 0.75116 0.24358   25   50   50   50   50
  313  0.00006 0.11914 0.67767 0.13249 0.93601 0.95052 0.09176 0.84859 0.68595 0.63126 0.97385 0.73929 0.25117   25   50   50   50   75
  314  0.00020 0.12113 0.66272 0.50828 0.94570 0.87901 0.09113 0.84011 0.67166 0.62449 0.96987 0.72929 0.25335   25   50   50   50  100
  315  0.00000 0.11965 0.77410 0.00432 0.78328 0.98877 0.09950 0.93011 0.77935 0.81170 0.97274 0.80697 0.25842   25   50   50   75    1
  316  0.00000 0.12070 0.77927 0.00002 0.71918 0.98798 0.09927 0.92605 0.78441 0.68922 0.99250 0.81159 0.25955   25   50   50   75   25
  317  0.00000 0.12055 0.78102 0.00006 0.71918 0.98703 0.09934 0.92263 0.78611 0.78385 0.97962 0.81298 0.24577   25   50   50   75   50
  318  0.00001 0.12034 0.75735 0.00860 0.80129 0.98267 0.09696 0.91492 0.76320 0.71963 0.99617 0.79624 0.25502   25   50   50   75   75
  319  0.00000 0.12012 0.77619 0.00001 0.75170 0.98344 0.09849 0.92418 0.78143 0.73840 0.97278 0.80932 0.25220   25   50   50   75  100
  320  0.00001 0.12049 0.87714 0.01171 0.57980 0.99526 0.10595 0.99738 0.87918 0.85745 0.99198 0.88428 0.24810   25   50   50  100    1
  321  0.00001 0.11960 0.88234 0.01150 0.51065 0.99795 0.10403 0.99583 0.88422 0.83458 0.99961 0.88958 0.24710   25   50   50  100   25
  322  0.00001 0.12105 0.86310 0.00605 0.53693 0.99675 0.10466 0.99154 0.86558 0.95883 0.98867 0.87422 0.26760   25   50   50  100   50
  323  0.00003 0.11978 0.87783 0.03321 0.45538 0.99847 0.10335 0.99263 0.87985 0.90557 0.99857 0.88670 0.25837   25   50   50  100   75
  324  0.00000 0.12055 0.85730 0.00391 0.56803 0.99528 0.10127 0.98332 0.85996 0.82373 0.99573 0.87135 0.25758   25   50   50  100  100
  325  0.00003 0.11912 0.55601 0.67424 0.99246 0.29964 0.07509 0.75259 0.57208 0.42848 0.92597 0.65095 0.23500   25   50   75    1    1
  326  0.00003 0.11959 0.55620 0.67909 0.99236 0.30329 0.07537 0.75258 0.57245 0.42610 0.92489 0.65111 0.24775   25   50   75    1   25
  327  0.00003 0.11911 0.55613 0.67646 0.99246 0.29815 0.07452 0.75265 0.57284 0.42187 0.92122 0.65106 0.24940   25   50   75    1   50
  328  0.00003 0.11996 0.55616 0.67683 0.99194 0.31330 0.07493 0.75243 0.57312 0.41972 0.92344 0.65109 0.24602   25   50   75    1   75
  329  0.00002 0.11914 0.55609 0.67755 0.99256 0.28868 0.07410 0.75269 0.57333 0.42380 0.92423 0.65103 0.23645   25   50   75    1  100
  330  0.00003 0.11938 0.55600 0.67608 0.99265 0.29037 0.07701 0.75386 0.57082 0.42329 0.92468 0.65092 0.24625   25   50   75   25    1
  331  0.00003 0.11948 0.55592 0.67547 0.99226 0.30705 0.07695 0.75343 0.57085 0.42692 0.92093 0.65085 0.25070   25   50   75   25   25
  332  0.00003 0.11955 0.55581 0.67600 0.99274 0.28273 0.07643 0.75322 0.57105 0.42600 0.92426 0.65077 0.25398   25   50   75   25   50
  333  0.00003 0.11924 0.55589 0.68020 0.99256 0.29009 0.07738 0.75347 0.57046 0.42052 0.92344 0.65082 0.25093   25   50   75   25   75
  334  0.00003 0.11930 0.55607 0.68046 0.99236 0.29833 0.07650 0.75392 0.57119 0.42771 0.92484 0.65098 0.24225   25   50   75   25  100
  335  0.00007 0.11982 0.57233 0.75983 0.98704 0.49698 0.08174 0.76941 0.58486 0.45387 0.93207 0.66351 0.25065   25   50   75   50    1
  336  0.00005 0.11980 0.57028 0.74183 0.98811 0.41330 0.08142 0.76789 0.58293 0.45117 0.93157 0.66195 0.24768   25   50   75   50   25
  337  0.00004 0.11991 0.56333 0.71569 0.98996 0.38224 0.08179 0.76140 0.57603 0.44047 0.92931 0.65654 0.24520   25   50   75   50   50
  338  0.00003 0.12041 0.55956 0.68790 0.99167 0.32680 0.08081 0.75817 0.57286 0.43179 0.92528 0.65366 0.25165   25   50   75   50   75
  339  0.00005 0.11953 0.56963 0.77557 0.98995 0.40998 0.08055 0.76639 0.58256 0.44529 0.93045 0.66153 0.25210   25   50   75   50  100
  340  0.00024 0.11958 0.62350 0.95747 0.94447 0.88047 0.08533 0.81197 0.63392 0.57689 0.93641 0.70156 0.24355   25   50   75   75    1
  341  0.00020 0.12004 0.63890 0.70855 0.94557 0.84207 0.08687 0.82419 0.64883 0.57313 0.96335 0.71287 0.25552   25   50   75   75   25
  342  0.00011 0.12020 0.62827 0.53228 0.96532 0.74402 0.08629 0.81381 0.63855 0.52499 0.94613 0.70510 0.24855   25   50   75   75   50
  343  0.00016 0.12009 0.61123 0.95665 0.97613 0.64915 0.08458 0.80442 0.62219 0.52472 0.95490 0.69268 0.24715   25   50   75   75   75
  344  0.00013 0.12073 0.59926 0.90282 0.97932 0.61453 0.08395 0.79249 0.61081 0.50521 0.92969 0.68390 0.25677   25   50   75   75  100
  345  0.00001 0.12015 0.71252 0.02198 0.86141 0.95247 0.08971 0.89110 0.72010 0.74039 0.98421 0.76678 0.25168   25   50   75  100    1
  346  0.00007 0.12039 0.70747 0.15587 0.84269 0.94833 0.08954 0.88318 0.71525 0.62175 0.97321 0.76329 0.25850   25   50   75  100   25
  347  0.00000 0.11980 0.72299 0.00372 0.80416 0.97389 0.08906 0.89295 0.73031 0.62205 0.97767 0.77536 0.24567   25   50   75  100   50
  348  0.00000 0.11953 0.70054 0.00346 0.85591 0.94906 0.08932 0.87654 0.70847 0.61000 0.96283 0.75788 0.25385   25   50   75  100   75
  349  0.00006 0.12017 0.68309 0.12158 0.89587 0.93877 0.08836 0.86833 0.69168 0.68052 0.96260 0.74555 0.25763   25   50   75  100  100
  350  0.00003 0.12009 0.55642 0.68114 0.99256 0.29277 0.07345 0.75271 0.57547 0.43079 0.92482 0.65134 0.24455   25   50  100    1    1
  351  0.00003 0.11936 0.55612 0.67623 0.99233 0.30050 0.07304 0.75307 0.57493 0.42802 0.92471 0.65108 0.24408   25   50  100    1   25
  352  0.00001 0.11962 0.55632 0.67847 0.99196 0.32442 0.07309 0.75196 0.57550 0.17271 0.92671 0.65126 0.24747   25   50  100    1   50
  353  0.00003 0.11900 0.55657 0.67817 0.99195 0.32453 0.07280 0.75238 0.57560 0.41980 0.92430 0.65147 0.24795   25   50  100    1   75
  354  0.00003 0.11983 0.55653 0.67766 0.99176 0.31233 0.07247 0.75159 0.57718 0.42866 0.92353 0.65146 0.24450   25   50  100    1  100
  355  0.00003 0.11965 0.55600 0.67767 0.99245 0.29758 0.07536 0.75409 0.57224 0.42840 0.92338 0.65095 0.25148   25   50  100   25    1
  356  0.00003 0.11930 0.55556 0.67606 0.99190 0.31527 0.07490 0.75401 0.57197 0.42617 0.92307 0.65059 0.25073   25   50  100   25   25
  357  0.00003 0.11962 0.55611 0.67807 0.99245 0.28894 0.07452 0.75420 0.57323 0.42710 0.92392 0.65105 0.25105   25   50  100   25   50
  358  0.00003 0.11968 0.55630 0.68150 0.99176 0.32969 0.07474 0.75310 0.57320 0.41910 0.92513 0.65120 0.24927   25   50  100   25   75
  359  0.00003 0.11946 0.55586 0.67938 0.99232 0.30585 0.07384 0.75396 0.57370 0.42463 0.92325 0.65085 0.24895   25   50  100   25  100
  360  0.00003 0.11948 0.55667 0.68462 0.99157 0.32779 0.07812 0.75486 0.57083 0.42640 0.92408 0.65144 0.25322   25   50  100   50    1
  361  0.00004 0.11920 0.55902 0.69675 0.99084 0.35007 0.07846 0.75780 0.57289 0.43477 0.92586 0.65330 0.25085   25   50  100   50   25
  362  0.00004 0.11920 0.55967 0.69287 0.99024 0.38073 0.07787 0.75845 0.57385 0.42940 0.92709 0.65383 0.24582   25   50  100   50   50
  363  0.00003 0.11996 0.55646 0.67379 0.99174 0.31947 0.07733 0.75466 0.57137 0.42636 0.92420 0.65129 0.25618   25   50  100   50   75
  364  0.00003 0.12011 0.55565 0.67272 0.99267 0.28623 0.07717 0.75416 0.57073 0.42751 0.92355 0.65064 0.25262   25   50  100   50  100
  365  0.00018 0.12053 0.61237 0.99312 0.96793 0.70077 0.08257 0.80355 0.62393 0.50865 0.94535 0.69439 0.25595   25   50  100   75    1
  366  0.00016 0.12067 0.60577 0.89452 0.97024 0.70400 0.08214 0.79880 0.61762 0.50634 0.94041 0.68938 0.26360   25   50  100   75   25
  367  0.00018 0.12002 0.61397 0.99623 0.96133 0.75740 0.08155 0.80084 0.62566 0.47645 0.95323 0.69587 0.25688   25   50  100   75   50
  368  0.00013 0.11990 0.59392 0.91482 0.97417 0.68325 0.08046 0.78745 0.60643 0.48946 0.93854 0.68057 0.25565   25   50  100   75   75
  369  0.00012 0.12006 0.59720 0.89142 0.97525 0.63362 0.08036 0.78884 0.60975 0.48945 0.93833 0.68319 0.25543   25   50  100   75  100
  370  0.00023 0.12014 0.67128 0.69120 0.92019 0.86971 0.08466 0.85427 0.68068 0.59436 0.96473 0.73853 0.24858   25   50  100  100    1
  371  0.00017 0.12040 0.67121 0.49975 0.89130 0.90490 0.08434 0.85234 0.68074 0.61896 0.95072 0.73889 0.25113   25   50  100  100   25
  372  0.00012 0.12007 0.68507 0.32343 0.87648 0.90040 0.08458 0.86273 0.69409 0.61184 0.96887 0.74929 0.25475   25   50  100  100   50
  373  0.00022 0.12030 0.66987 0.62643 0.91190 0.86440 0.08400 0.85092 0.67950 0.63669 0.95059 0.73827 0.25630   25   50  100  100   75
  374  0.00021 0.11969 0.68685 0.53653 0.88026 0.94432 0.08429 0.86010 0.69583 0.63923 0.96122 0.75078 0.24865   25   50  100  100  100
  375  0.01331 0.37760 0.97232 0.99401 0.90528 0.87583 0.17433 0.92754 0.96890 0.51665 0.99204 0.97677 0.58660   25   75    1    1    1
  376  0.01099 0.37830 0.97339 0.99300 0.89692 0.84037 0.17602 0.90515 0.96997 0.45912 0.98815 0.97758 0.58195   25   75    1    1   25
  377  0.00645 0.36434 0.96912 0.99282 0.90583 0.92098 0.17126 0.90780 0.96584 0.25903 0.99885 0.97440 0.58305   25   75    1    1   50
  378  0.01808 0.35815 0.97020 0.99371 0.92692 0.92098 0.16861 0.86659 0.96689 0.78002 0.98659 0.97595 0.57812   25   75    1    1   75
  379  0.00414 0.35948 0.97074 0.99534 0.87399 0.99719 0.17041 0.86666 0.96734 0.16933 0.99878 0.97700 0.57975   25   75    1    1  100
  380  0.01720 0.38935 0.97583 0.99500 0.86276 0.84037 0.18210 0.94333 0.97239 0.64834 0.99827 0.97883 0.59288   25   75    1   25    1
  381  0.01478 0.38791 0.97274 0.99363 0.86943 0.84037 0.18396 0.93236 0.96938 0.56623 0.99262 0.97555 0.59172   25   75    1   25   25
  382  0.01419 0.37412 0.97168 0.99324 0.87887 0.90171 0.17760 0.92564 0.96832 0.55215 0.98779 0.97605 0.58522   25   75    1   25   50
  383  0.00775 0.36862 0.96941 0.99345 0.86213 0.98008 0.17825 0.90259 0.96609 0.28992 0.99959 0.97451 0.58847   25   75    1   25   75
  384  0.01147 0.36612 0.97240 0.99456 0.88203 0.98008 0.17639 0.91049 0.96903 0.43138 0.98632 0.97742 0.57920   25   75    1   25  100
  385  0.03209 0.42203 0.98629 0.99943 0.81540 0.99559 0.19570 0.99932 0.98276 0.86411 0.95595 0.98813 0.60577   25   75    1   50    1
  386  0.02278 0.41737 0.98594 0.99955 0.81113 0.79078 0.19486 0.99841 0.98242 0.78654 0.96171 0.98786 0.60465   25   75    1   50   25
  387  0.01592 0.39884 0.98205 0.99860 0.82061 0.79078 0.18933 0.99790 0.97854 0.58998 0.98401 0.98464 0.59360   25   75    1   50   50
  388  0.01845 0.39422 0.98233 0.99848 0.83510 0.92098 0.18883 0.99760 0.97883 0.57527 0.99519 0.98525 0.59655   25   75    1   50   75
  389  0.02716 0.38664 0.97834 0.99733 0.83862 0.99719 0.18639 0.99754 0.97480 0.81097 0.99042 0.98215 0.60202   25   75    1   50  100
  390  0.02999 0.46440 0.98880 0.99997 0.76926 0.99765 0.20429 0.98866 0.98496 0.69898 0.98875 0.99085 0.62460   25   75    1   75    1
  391  0.03004 0.46163 0.98908 0.99997 0.78127 0.99559 0.20667 0.98620 0.98531 0.70136 0.98084 0.99102 0.61778   25   75    1   75   25
  392  0.02035 0.44016 0.98581 0.99947 0.79343 0.85349 0.20056 0.99358 0.98200 0.65452 0.88639 0.98833 0.61752   25   75    1   75   50
  393  0.02599 0.42992 0.98666 0.99984 0.79105 0.92098 0.19847 0.99940 0.98293 0.71176 0.97831 0.98945 0.62615   25   75    1   75   75
  394  0.02659 0.42965 0.98597 0.99966 0.79079 0.98008 0.19936 0.99136 0.98219 0.70273 0.98359 0.98896 0.61045   25   75    1   75  100
  395  0.01831 0.52169 0.98424 0.99975 0.74892 0.96282 0.21194 0.97705 0.97952 0.42358 0.91083 0.98741 0.64022   25   75    1  100    1
  396  0.03447 0.51735 0.98290 0.99969 0.77506 0.99765 0.21193 0.98647 0.97820 0.71766 0.95098 0.98614 0.63722   25   75    1  100   25
  397  0.02364 0.49769 0.98518 0.99984 0.74359 0.79078 0.20950 0.99613 0.98067 0.65620 0.98089 0.98859 0.62972   25   75    1  100   50
  398  0.02849 0.48014 0.98323 0.99938 0.77044 0.92098 0.20978 0.99863 0.97879 0.66492 0.99999 0.98699 0.63250   25   75    1  100   75
  399  0.02345 0.47639 0.98319 0.99957 0.79219 0.99765 0.20574 0.99768 0.97874 0.51239 0.97993 0.98722 0.63652   25   75    1  100  100
  400  0.00005 0.12213 0.80634 0.05861 0.85018 0.99000 0.09726 0.94163 0.81069 0.65301 0.99848 0.83344 0.25407   25   75   25    1    1
  401  0.00004 0.12139 0.81418 0.03851 0.84139 0.99392 0.09825 0.94263 0.81826 0.89283 0.98417 0.83892 0.24980   25   75   25    1   25
  402  0.00006 0.12182 0.80749 0.04826 0.85136 0.98927 0.09759 0.95099 0.81182 0.95675 0.99906 0.83487 0.25295   25   75   25    1   50
  403  0.00003 0.12201 0.80674 0.03486 0.82780 0.98857 0.09697 0.95358 0.81111 0.76153 0.96154 0.83462 0.25098   25   75   25    1   75
  404  0.00004 0.12210 0.80163 0.04690 0.84864 0.98659 0.09625 0.93567 0.80619 0.73913 0.98850 0.83123 0.25445   25   75   25    1  100
  405  0.00000 0.12199 0.85351 0.00024 0.71574 0.99520 0.10529 0.93736 0.85628 0.79026 0.99506 0.86544 0.25585   25   75   25   25    1
  406  0.00000 0.12154 0.84875 0.00371 0.75734 0.99454 0.10375 0.94361 0.85167 0.72414 0.99994 0.86227 0.24573   25   75   25   25   25
  407  0.00000 0.12139 0.84839 0.00534 0.72267 0.99662 0.10390 0.92940 0.85132 0.64911 0.99922 0.86207 0.24888   25   75   25   25   50
  408  0.00000 0.12128 0.84161 0.00327 0.74882 0.99731 0.10169 0.93522 0.84478 0.72211 0.99857 0.85823 0.25485   25   75   25   25   75
  409  0.00001 0.12103 0.84285 0.00943 0.73466 0.99699 0.10087 0.93200 0.84598 0.72010 0.99808 0.85966 0.24605   25   75   25   25  100
  410  0.00001 0.12276 0.90664 0.00513 0.58518 0.99737 0.11264 0.97852 0.90780 0.78524 0.99421 0.90571 0.26068   25   75   25   50    1
  411  0.00001 0.12146 0.91261 0.00446 0.55713 0.99911 0.11297 0.98342 0.91361 0.87451 0.98761 0.91030 0.26065   25   75   25   50   25
  412  0.00001 0.12241 0.90212 0.00641 0.53012 0.99896 0.11176 0.96867 0.90341 0.74037 0.99967 0.90231 0.25300   25   75   25   50   50
  413  0.00000 0.12215 0.89564 0.00427 0.57520 0.99862 0.10933 0.95604 0.89712 0.73885 0.99900 0.89787 0.25153   25   75   25   50   75
  414  0.00000 0.12189 0.89914 0.00134 0.57771 0.99914 0.10779 0.96212 0.90051 0.78650 0.99864 0.90149 0.25590   25   75   25   50  100
  415  0.00004 0.12368 0.95869 0.03764 0.39554 0.99886 0.11855 0.99775 0.95850 0.90930 0.92912 0.95122 0.26112   25   75   25   75    1
  416  0.00002 0.12238 0.95819 0.02067 0.33193 0.99996 0.11840 0.99853 0.95802 0.95035 0.96018 0.95028 0.26190   25   75   25   75   25
  417  0.00002 0.12247 0.95801 0.02122 0.31400 0.99999 0.11928 0.99967 0.95785 0.86472 0.97823 0.95011 0.26100   25   75   25   75   50
  418  0.00002 0.12252 0.95601 0.02078 0.40289 0.99939 0.11790 0.99961 0.95588 0.86506 0.93334 0.94895 0.25930   25   75   25   75   75
  419  0.00002 0.12255 0.95420 0.02257 0.34160 0.99978 0.11812 0.99986 0.95411 0.77405 0.98893 0.94711 0.26112   25   75   25   75  100
  420  0.00015 0.12902 0.98540 0.25577 0.16383 0.99901 0.12873 0.94549 0.98478 0.94302 0.90906 0.97858 0.28288   25   75   25  100    1
  421  0.00016 0.12879 0.98398 0.19355 0.23972 0.99840 0.12898 0.94285 0.98338 0.94794 0.87358 0.97677 0.28003   25   75   25  100   25
  422  0.00020 0.12866 0.98567 0.22963 0.25564 0.99862 0.12698 0.95049 0.98504 0.91284 0.87126 0.97933 0.28343   25   75   25  100   50
  423  0.00017 0.12812 0.98314 0.22556 0.22812 0.99888 0.12435 0.95029 0.98252 0.88361 0.90357 0.97698 0.29043   25   75   25  100   75
  424  0.00014 0.12696 0.98281 0.18089 0.24760 0.99913 0.12524 0.95362 0.98221 0.88098 0.86873 0.97626 0.28427   25   75   25  100  100
  425  0.00003 0.11925 0.55724 0.68469 0.99223 0.31781 0.07799 0.75339 0.57130 0.43258 0.92313 0.65189 0.24408   25   75   50    1    1
  426  0.00003 0.11905 0.55709 0.68566 0.99176 0.35206 0.07790 0.75344 0.57109 0.42287 0.92406 0.65177 0.23982   25   75   50    1   25
  427  0.00004 0.11921 0.56019 0.69793 0.99045 0.37494 0.07809 0.75755 0.57414 0.42723 0.92717 0.65423 0.24002   25   75   50    1   50
  428  0.00003 0.11948 0.55702 0.68247 0.99256 0.29683 0.07762 0.75353 0.57145 0.43552 0.92324 0.65172 0.24735   25   75   50    1   75
  429  0.00003 0.11875 0.55690 0.68652 0.99216 0.31966 0.07711 0.75342 0.57131 0.42829 0.92392 0.65163 0.24258   25   75   50    1  100
  430  0.00007 0.11955 0.57348 0.77074 0.98730 0.49445 0.08182 0.77217 0.58581 0.45361 0.93951 0.66433 0.24817   25   75   50   25    1
  431  0.00007 0.11969 0.57609 0.76796 0.98871 0.46955 0.08152 0.78005 0.58856 0.47671 0.93297 0.66643 0.25163   25   75   50   25   25
  432  0.00003 0.11946 0.56282 0.70527 0.99241 0.28499 0.07975 0.76120 0.57611 0.44433 0.92853 0.65623 0.24790   25   75   50   25   50
  433  0.00004 0.11946 0.56733 0.73096 0.99135 0.34562 0.07994 0.76561 0.58046 0.43847 0.93297 0.65976 0.24377   25   75   50   25   75
  434  0.00004 0.11961 0.56349 0.72587 0.99078 0.38661 0.07976 0.76063 0.57677 0.43124 0.92601 0.65675 0.24755   25   75   50   25  100
  435  0.00021 0.11997 0.61562 0.99900 0.96826 0.78599 0.08637 0.80550 0.62613 0.52404 0.93230 0.69544 0.25232   25   75   50   50    1
  436  0.00022 0.11991 0.61591 0.99001 0.96838 0.80443 0.08599 0.80923 0.62643 0.54378 0.94311 0.69567 0.25030   25   75   50   50   25
  437  0.00022 0.11952 0.61992 0.99464 0.97500 0.78236 0.08629 0.80820 0.63026 0.53921 0.95315 0.69851 0.24477   25   75   50   50   50
  438  0.00021 0.11962 0.61210 0.99968 0.97436 0.77126 0.08528 0.80484 0.62278 0.52371 0.94056 0.69296 0.25800   25   75   50   50   75
  439  0.00018 0.11965 0.61286 1.00000 0.97803 0.68173 0.08555 0.80399 0.62353 0.51657 0.95557 0.69354 0.24825   25   75   50   50  100
  440  0.00013 0.11973 0.70291 0.28620 0.88298 0.95856 0.09134 0.88736 0.71057 0.60513 0.97286 0.75821 0.24605   25   75   50   75    1
  441  0.00018 0.11923 0.69314 0.40159 0.90135 0.97721 0.09145 0.87835 0.70100 0.60475 0.98019 0.75057 0.24140   25   75   50   75   25
  442  0.00023 0.11946 0.68806 0.54433 0.91897 0.94133 0.09029 0.87303 0.69620 0.61557 0.96535 0.74767 0.24655   25   75   50   75   50
  443  0.00010 0.11965 0.68025 0.24595 0.94258 0.89928 0.09065 0.86064 0.68860 0.63212 0.96916 0.74183 0.24590   25   75   50   75   75
  444  0.00027 0.12003 0.67289 0.64289 0.92795 0.93235 0.08978 0.85690 0.68154 0.64772 0.94927 0.73686 0.25493   25   75   50   75  100
  445  0.00008 0.12002 0.77720 0.10920 0.78623 0.98239 0.09494 0.95002 0.78249 0.68965 0.99001 0.81191 0.25265   25   75   50  100    1
  446  0.00004 0.11971 0.79198 0.05974 0.71436 0.98509 0.09579 0.95644 0.79679 0.72122 0.98789 0.82298 0.25335   25   75   50  100   25
  447  0.00006 0.11990 0.78225 0.07419 0.76958 0.98802 0.09512 0.94755 0.78738 0.76443 0.98835 0.81586 0.26098   25   75   50  100   50
  448  0.00005 0.11939 0.78608 0.06998 0.76744 0.98981 0.09422 0.94609 0.79110 0.73075 0.99224 0.81917 0.24762   25   75   50  100   75
  449  0.00007 0.11999 0.76366 0.10319 0.78950 0.98011 0.09315 0.93139 0.76944 0.70007 0.98955 0.80304 0.24725   25   75   50  100  100
  450  0.00002 0.11793 0.55566 0.67494 0.99268 0.28738 0.07163 0.75296 0.57549 0.42508 0.92239 0.65070 0.24123   25   75   75    1    1
  451  0.00003 0.11874 0.55636 0.67589 0.99219 0.29777 0.07227 0.75152 0.57585 0.42864 0.92625 0.65130 0.24493   25   75   75    1   25
  452  0.00003 0.11862 0.55612 0.67510 0.99256 0.28767 0.07169 0.75277 0.57673 0.42777 0.92610 0.65110 0.24852   25   75   75    1   50
  453  0.00002 0.11880 0.55616 0.67487 0.99381 0.24138 0.07165 0.75305 0.57708 0.42092 0.92679 0.65114 0.24322   25   75   75    1   75
  454  0.00003 0.11848 0.55633 0.67828 0.99218 0.31410 0.07135 0.75137 0.57752 0.42380 0.92506 0.65129 0.24005   25   75   75    1  100
  455  0.00003 0.11919 0.55623 0.67698 0.99256 0.29081 0.07393 0.75306 0.57356 0.42783 0.92253 0.65115 0.25120   25   75   75   25    1
  456  0.00003 0.11906 0.55604 0.67830 0.99223 0.32033 0.07387 0.75317 0.57336 0.42803 0.92346 0.65099 0.24823   25   75   75   25   25
  457  0.00003 0.11952 0.55625 0.67615 0.99233 0.32385 0.07364 0.75321 0.57437 0.43125 0.92318 0.65119 0.25273   25   75   75   25   50
  458  0.00003 0.11902 0.55603 0.67839 0.99232 0.28719 0.07340 0.75320 0.57412 0.43214 0.92252 0.65100 0.24235   25   75   75   25   75
  459  0.00003 0.11895 0.55600 0.67583 0.99244 0.29749 0.07340 0.75356 0.57407 0.43103 0.92396 0.65097 0.24557   25   75   75   25  100
  460  0.00003 0.11926 0.55581 0.67553 0.99181 0.32947 0.07745 0.75401 0.57034 0.42801 0.92456 0.65076 0.24442   25   75   75   50    1
  461  0.00003 0.11926 0.55550 0.67823 0.99256 0.29372 0.07759 0.75436 0.56989 0.42665 0.92419 0.65051 0.24858   25   75   75   50   25
  462  0.00003 0.11933 0.55577 0.67881 0.99224 0.30846 0.07681 0.75450 0.57074 0.43068 0.92331 0.65074 0.25332   25   75   75   50   50
  463  0.00003 0.11904 0.55572 0.67474 0.99246 0.29105 0.07641 0.75390 0.57079 0.42645 0.92285 0.65069 0.25317   25   75   75   50   75
  464  0.00003 0.11918 0.55595 0.67550 0.99155 0.34028 0.07571 0.75398 0.57164 0.42717 0.92399 0.65090 0.24970   25   75   75   50  100
  465  0.00006 0.11885 0.56854 0.72250 0.98673 0.49210 0.08005 0.76679 0.58138 0.44782 0.92743 0.66064 0.25190   25   75   75   75    1
  466  0.00005 0.11919 0.56666 0.72455 0.98974 0.39910 0.08028 0.76481 0.57953 0.44467 0.92683 0.65920 0.25517   25   75   75   75   25
  467  0.00005 0.11932 0.56539 0.74189 0.99021 0.37785 0.07997 0.76388 0.57843 0.44357 0.92900 0.65821 0.25107   25   75   75   75   50
  468  0.00004 0.11943 0.55967 0.68594 0.99066 0.34209 0.07948 0.75771 0.57308 0.43621 0.92499 0.65378 0.25110   25   75   75   75   75
  469  0.00005 0.11937 0.56295 0.71244 0.98950 0.42090 0.07961 0.76113 0.57627 0.45848 0.92656 0.65635 0.25153   25   75   75   75  100
  470  0.00024 0.11951 0.63077 0.98546 0.95001 0.83383 0.08361 0.82237 0.64137 0.55344 0.94556 0.70782 0.24882   25   75   75  100    1
  471  0.00026 0.11887 0.63350 0.98971 0.94152 0.90617 0.08355 0.82586 0.64390 0.57931 0.94321 0.70967 0.23968   25   75   75  100   25
  472  0.00015 0.11992 0.61081 0.94438 0.97420 0.65591 0.08317 0.80845 0.62205 0.50521 0.94069 0.69274 0.25407   25   75   75  100   50
  473  0.00018 0.11953 0.61000 0.95409 0.96744 0.75647 0.08282 0.80338 0.62124 0.51750 0.94201 0.69213 0.24893   25   75   75  100   75
  474  0.00016 0.11970 0.60622 0.90436 0.97104 0.75933 0.08156 0.79962 0.61795 0.50813 0.93180 0.68969 0.24968   25   75   75  100  100
  475  0.00003 0.11880 0.55644 0.67499 0.99225 0.30120 0.07043 0.75274 0.58121 0.42660 0.92583 0.65142 0.24570   25   75  100    1    1
  476  0.00003 0.11912 0.55694 0.67413 0.99318 0.29046 0.07068 0.75267 0.58151 0.43034 0.92395 0.65185 0.24543   25   75  100    1   25
  477  0.00003 0.11895 0.55713 0.67499 0.99160 0.33431 0.07034 0.75220 0.58284 0.44458 0.92200 0.65203 0.24412   25   75  100    1   50
  478  0.00003 0.11938 0.55710 0.67812 0.99238 0.30207 0.07012 0.75221 0.58464 0.42452 0.92356 0.65202 0.24373   25   75  100    1   75
  479  0.00002 0.11878 0.55754 0.67544 0.99200 0.30896 0.06973 0.75055 0.58535 0.38414 0.92460 0.65241 0.23982   25   75  100    1  100
  480  0.00002 0.11900 0.55617 0.67917 0.99282 0.28083 0.07180 0.75349 0.57714 0.42858 0.92346 0.65115 0.24467   25   75  100   25    1
  481  0.00002 0.11913 0.55650 0.67587 0.99317 0.27465 0.07218 0.75371 0.57696 0.42838 0.92486 0.65143 0.24845   25   75  100   25   25
  482  0.00003 0.11886 0.55648 0.67642 0.99242 0.30410 0.07122 0.75360 0.57860 0.43240 0.92371 0.65143 0.23978   25   75  100   25   50
  483  0.00003 0.11870 0.55633 0.67833 0.99136 0.34263 0.07187 0.75339 0.57680 0.42691 0.92400 0.65128 0.23947   25   75  100   25   75
  484  0.00003 0.11931 0.55634 0.67802 0.99145 0.34741 0.07184 0.75243 0.57782 0.42631 0.92438 0.65130 0.24390   25   75  100   25  100
  485  0.00003 0.11903 0.55574 0.67545 0.99244 0.29417 0.07469 0.75416 0.57212 0.42837 0.92300 0.65073 0.25032   25   75  100   50    1
  486  0.00003 0.11944 0.55574 0.67707 0.99206 0.31483 0.07487 0.75405 0.57223 0.42457 0.92428 0.65073 0.24422   25   75  100   50   25
  487  0.00003 0.11886 0.55557 0.67888 0.99256 0.29522 0.07397 0.75413 0.57270 0.42742 0.92359 0.65060 0.25078   25   75  100   50   50
  488  0.00003 0.11919 0.55573 0.67468 0.99093 0.35371 0.07399 0.75383 0.57314 0.42536 0.92306 0.65073 0.24297   25   75  100   50   75
  489  0.00003 0.11898 0.55578 0.67797 0.99195 0.32663 0.07386 0.75407 0.57318 0.42295 0.92391 0.65078 0.24047   25   75  100   50  100
  490  0.00004 0.11933 0.55967 0.69738 0.99095 0.35597 0.07678 0.75744 0.57442 0.43733 0.92274 0.65387 0.24633   25   75  100   75    1
  491  0.00003 0.11946 0.55619 0.68040 0.99124 0.32909 0.07724 0.75492 0.57080 0.42940 0.92353 0.65106 0.24590   25   75  100   75   25
  492  0.00003 0.11946 0.55652 0.67299 0.99256 0.29106 0.07725 0.75532 0.57117 0.42802 0.92435 0.65133 0.24890   25   75  100   75   50
  493  0.00002 0.11925 0.55537 0.67641 0.99314 0.26747 0.07669 0.75413 0.57026 0.42728 0.92360 0.65041 0.24605   25   75  100   75   75
  494  0.00003 0.11938 0.55629 0.67798 0.99256 0.29281 0.07714 0.75488 0.57094 0.42880 0.92367 0.65115 0.25140   25   75  100   75  100
  495  0.00015 0.12023 0.61739 0.85279 0.96678 0.68166 0.08076 0.81085 0.62919 0.55893 0.92630 0.69881 0.24917   25   75  100  100    1
  496  0.00016 0.12005 0.61185 0.92015 0.96782 0.70115 0.08036 0.80444 0.62389 0.51632 0.93345 0.69460 0.25558   25   75  100  100   25
  497  0.00012 0.12006 0.59480 0.87654 0.97505 0.66026 0.08052 0.78981 0.60727 0.46280 0.94367 0.68122 0.24960   25   75  100  100   50
  498  0.00012 0.11924 0.59808 0.84144 0.97607 0.66609 0.07932 0.79479 0.61064 0.49547 0.93073 0.68399 0.24515   25   75  100  100   75
  499  0.00008 0.11982 0.58541 0.83216 0.98719 0.48286 0.07942 0.78037 0.59840 0.47506 0.93168 0.67405 0.25117   25   75  100  100  100
  500  0.00828 0.36603 0.96787 0.99053 0.90911 0.90171 0.16765 0.95386 0.96451 0.33127 0.99806 0.97400 0.57970   25  100    1    1    1
  501  0.00306 0.36301 0.97019 0.99164 0.93874 0.92098 0.16649 0.95580 0.96682 0.11541 0.99529 0.97601 0.58695   25  100    1    1   25
  502  0.01130 0.35303 0.96922 0.99267 0.93642 0.93561 0.16535 0.88417 0.96588 0.48023 0.99971 0.97597 0.57402   25  100    1    1   50
  503  0.00493 0.35065 0.96803 0.99222 0.92966 0.99719 0.16523 0.86768 0.96465 0.20632 0.99551 0.97560 0.57020   25  100    1    1   75
  504  0.01298 0.35072 0.96647 0.99197 0.91685 0.99559 0.16448 0.88807 0.96309 0.53604 0.99876 0.97460 0.57608   25  100    1    1  100
  505  0.01641 0.37644 0.97208 0.99281 0.89285 0.84037 0.17852 0.96330 0.96871 0.65178 0.97772 0.97627 0.58097   25  100    1   25    1
  506  0.01472 0.37874 0.97431 0.99389 0.89569 0.92098 0.17748 0.95092 0.97090 0.52048 0.99587 0.97809 0.58552   25  100    1   25   25
  507  0.00678 0.36973 0.97098 0.99397 0.88815 0.92098 0.17448 0.93511 0.96759 0.26370 0.98834 0.97616 0.57863   25  100    1   25   50
  508  0.01128 0.36471 0.97079 0.99383 0.89306 0.98008 0.17263 0.91038 0.96737 0.42219 0.99998 0.97671 0.58435   25  100    1   25   75
  509  0.00907 0.35953 0.96826 0.99293 0.89101 0.99765 0.17000 0.92903 0.96489 0.34465 0.99717 0.97490 0.57837   25  100    1   25  100
  510  0.02126 0.41054 0.98602 0.99962 0.82338 0.79078 0.18819 0.99994 0.98246 0.75752 0.97088 0.98873 0.60025   25  100    1   50    1
  511  0.01846 0.40521 0.98437 0.99917 0.83149 0.79078 0.18820 0.99998 0.98082 0.67441 0.97191 0.98709 0.59000   25  100    1   50   25
  512  0.01961 0.39261 0.98326 0.99848 0.81732 0.92098 0.18689 0.99453 0.97973 0.62883 0.99474 0.98653 0.60148   25  100    1   50   50
  513  0.01449 0.38684 0.97917 0.99790 0.82303 0.95304 0.18297 0.99733 0.97558 0.48015 0.97093 0.98332 0.59895   25  100    1   50   75
  514  0.01513 0.37716 0.98057 0.99759 0.85724 0.99765 0.17993 0.99193 0.97706 0.47532 0.99198 0.98482 0.59237   25  100    1   50  100
  515  0.02267 0.44450 0.98797 0.99990 0.79926 0.89393 0.19739 0.98730 0.98419 0.62741 0.97032 0.99057 0.62472   25  100    1   75    1
  516  0.02463 0.44141 0.98590 0.99967 0.80501 0.79078 0.19526 0.98339 0.98200 0.80410 0.95713 0.98891 0.61977   25  100    1   75   25
  517  0.02129 0.42759 0.98513 0.99941 0.82664 0.85349 0.19211 0.99719 0.98130 0.63554 0.99718 0.98840 0.60868   25  100    1   75   50
  518  0.02684 0.41800 0.98618 0.99979 0.79607 0.99765 0.19403 0.98959 0.98242 0.75024 0.98270 0.98977 0.59580   25  100    1   75   75
  519  0.02298 0.41567 0.98614 0.99985 0.80109 0.99765 0.19059 0.99267 0.98240 0.62998 0.98386 0.98969 0.61523   25  100    1   75  100
  520  0.02525 0.50316 0.98282 0.99937 0.77548 0.79078 0.20561 0.97673 0.97808 0.72481 0.93190 0.98701 0.63617   25  100    1  100    1
  521  0.02254 0.49953 0.98535 0.99971 0.75122 0.79078 0.20271 0.97237 0.98073 0.64696 0.99585 0.98927 0.62580   25  100    1  100   25
  522  0.02487 0.47782 0.98533 0.99979 0.75848 0.98008 0.20299 0.99303 0.98084 0.65115 0.88981 0.98963 0.62700   25  100    1  100   50
  523  0.02885 0.46735 0.98151 0.99877 0.79753 0.99765 0.20002 0.99904 0.97696 0.65920 0.99971 0.98658 0.62348   25  100    1  100   75
  524  0.02725 0.45807 0.98331 0.99928 0.80758 0.98008 0.19648 0.99422 0.97891 0.65199 0.99556 0.98805 0.62367   25  100    1  100  100
  525  0.00013 0.12181 0.76762 0.15576 0.90655 0.97735 0.09392 0.90831 0.77334 0.74520 0.96682 0.80642 0.25558   25  100   25    1    1
  526  0.00007 0.12168 0.77919 0.11247 0.88802 0.98686 0.09480 0.93976 0.78450 0.55739 0.98924 0.81463 0.24905   25  100   25    1   25
  527  0.00010 0.12137 0.76595 0.14207 0.90598 0.98244 0.09193 0.92459 0.77176 0.66521 0.97488 0.80582 0.24615   25  100   25    1   50
  528  0.00015 0.12185 0.77295 0.15245 0.89385 0.97960 0.09264 0.93462 0.77854 0.90411 0.96950 0.81126 0.25627   25  100   25    1   75
  529  0.00017 0.12202 0.76556 0.17192 0.90354 0.96823 0.09147 0.92381 0.77143 0.92297 0.98798 0.80611 0.25100   25  100   25    1  100
  530  0.00003 0.12167 0.81100 0.04144 0.84411 0.98684 0.09767 0.93331 0.81518 0.64413 0.99039 0.83632 0.25558   25  100   25   25    1
  531  0.00003 0.12242 0.80875 0.02972 0.84438 0.98641 0.09870 0.93011 0.81302 0.71720 0.98845 0.83464 0.25027   25  100   25   25   25
  532  0.00004 0.12225 0.79369 0.04553 0.85307 0.98415 0.09769 0.91828 0.79845 0.78266 0.99220 0.82367 0.25943   25  100   25   25   50
  533  0.00005 0.12183 0.80267 0.05417 0.85974 0.99104 0.09738 0.90499 0.80714 0.79479 0.99326 0.83054 0.24813   25  100   25   25   75
  534  0.00005 0.12204 0.80344 0.05611 0.84599 0.98873 0.09661 0.91091 0.80792 0.67198 0.98635 0.83215 0.25348   25  100   25   25  100
  535  0.00000 0.12178 0.87731 0.00221 0.62946 0.99747 0.10551 0.96359 0.87934 0.70397 0.99990 0.88425 0.25420   25  100   25   50    1
  536  0.00000 0.12258 0.87556 0.00006 0.66981 0.99648 0.10642 0.96119 0.87764 0.79320 0.99926 0.88273 0.25660   25  100   25   50   25
  537  0.00000 0.12263 0.87030 0.00002 0.67658 0.99503 0.10580 0.95104 0.87255 0.74634 0.99993 0.87895 0.25993   25  100   25   50   50
  538  0.00000 0.12230 0.86306 0.00011 0.68916 0.99593 0.10423 0.94965 0.86554 0.72902 0.99576 0.87368 0.25520   25  100   25   50   75
  539  0.00001 0.12182 0.86345 0.00910 0.72913 0.99573 0.10339 0.95162 0.86591 0.80807 0.99653 0.87464 0.25940   25  100   25   50  100
  540  0.00001 0.12205 0.94670 0.00746 0.36713 0.99992 0.11559 0.99996 0.94678 0.94361 0.97078 0.94068 0.26010   25  100   25   75    1
  541  0.00001 0.12230 0.94445 0.00595 0.42776 0.99964 0.11419 1.00000 0.94458 0.82777 0.95747 0.93895 0.25392   25  100   25   75   25
  542  0.00000 0.12188 0.94153 0.00461 0.42831 0.99955 0.11319 0.99995 0.94173 0.75159 0.98910 0.93651 0.25625   25  100   25   75   50
  543  0.00000 0.12244 0.93362 0.00142 0.49898 0.99898 0.11151 0.99884 0.93401 0.79736 0.99195 0.93040 0.26752   25  100   25   75   75
  544  0.00000 0.12279 0.92463 0.00220 0.52278 0.99861 0.11076 0.99732 0.92526 0.78938 0.98451 0.92280 0.26240   25  100   25   75  100
  545  0.00006 0.12623 0.97194 0.05064 0.35954 0.99816 0.11814 0.95639 0.97145 0.96666 0.90598 0.96576 0.28242   25  100   25  100    1
  546  0.00007 0.12647 0.97495 0.07827 0.29000 0.99930 0.12049 0.95541 0.97442 0.92882 0.88002 0.96833 0.27942   25  100   25  100   25
  547  0.00007 0.12576 0.97302 0.06014 0.38193 0.99840 0.11916 0.96502 0.97251 0.92847 0.93381 0.96697 0.28500   25  100   25  100   50
  548  0.00006 0.12548 0.97338 0.06537 0.30303 0.99905 0.11899 0.95924 0.97288 0.93035 0.90397 0.96700 0.28080   25  100   25  100   75
  549  0.00003 0.12514 0.97145 0.03430 0.32965 0.99929 0.11795 0.96974 0.97096 0.90006 0.90520 0.96569 0.27475   25  100   25  100  100
  550  0.00003 0.11947 0.55681 0.68238 0.99238 0.30496 0.07605 0.75133 0.57220 0.42507 0.92218 0.65159 0.25012   25  100   50    1    1
  551  0.00003 0.11954 0.55661 0.67820 0.99206 0.31550 0.07616 0.75212 0.57202 0.43116 0.92209 0.65143 0.24430   25  100   50    1   25
  552  0.00002 0.11934 0.55632 0.67747 0.99280 0.26804 0.07564 0.75267 0.57203 0.42644 0.92332 0.65120 0.24520   25  100   50    1   50
  553  0.00003 0.11956 0.55655 0.68130 0.99265 0.28906 0.07580 0.75299 0.57219 0.42476 0.92329 0.65139 0.24635   25  100   50    1   75
  554  0.00003 0.11948 0.55655 0.67869 0.99192 0.33063 0.07546 0.75221 0.57249 0.43826 0.92250 0.65139 0.24665   25  100   50    1  100
  555  0.00003 0.11973 0.56007 0.69178 0.99230 0.31344 0.07893 0.75963 0.57383 0.43899 0.92308 0.65411 0.25245   25  100   50   25    1
  556  0.00003 0.11963 0.55702 0.68172 0.99256 0.29596 0.07867 0.75489 0.57091 0.42797 0.92391 0.65171 0.25523   25  100   50   25   25
  557  0.00003 0.11935 0.55677 0.68136 0.99215 0.32140 0.07842 0.75390 0.57073 0.42719 0.92393 0.65151 0.24440   25  100   50   25   50
  558  0.00003 0.11970 0.55710 0.68048 0.99187 0.32524 0.07802 0.75474 0.57136 0.43087 0.92400 0.65178 0.24900   25  100   50   25   75
  559  0.00004 0.11928 0.56026 0.69448 0.99005 0.43931 0.07757 0.75773 0.57457 0.41609 0.92680 0.65431 0.24702   25  100   50   25  100
  560  0.00014 0.11944 0.59425 0.83650 0.97837 0.75887 0.08281 0.78899 0.60586 0.47888 0.93240 0.68009 0.25880   25  100   50   50    1
  561  0.00010 0.11993 0.59018 0.85061 0.98490 0.54681 0.08315 0.78937 0.60187 0.50213 0.93321 0.67694 0.24640   25  100   50   50   25
  562  0.00011 0.11982 0.58754 0.84082 0.98202 0.67227 0.08265 0.78339 0.59937 0.47792 0.93275 0.67499 0.24765   25  100   50   50   50
  563  0.00009 0.11971 0.58067 0.81430 0.98422 0.60086 0.08174 0.77720 0.59284 0.45877 0.93750 0.66984 0.25047   25  100   50   50   75
  564  0.00010 0.12034 0.58623 0.83819 0.98409 0.57283 0.08264 0.78062 0.59826 0.46349 0.93759 0.67411 0.25455   25  100   50   50  100
  565  0.00029 0.11983 0.65402 0.92555 0.94472 0.88811 0.08786 0.84386 0.66333 0.54581 0.96037 0.72351 0.25660   25  100   50   75    1
  566  0.00028 0.11984 0.65086 0.96687 0.95347 0.83583 0.08741 0.84165 0.66028 0.55860 0.96231 0.72124 0.25100   25  100   50   75   25
  567  0.00029 0.12005 0.64938 0.93772 0.95596 0.85871 0.08719 0.83664 0.65890 0.56185 0.96231 0.72030 0.25782   25  100   50   75   50
  568  0.00030 0.11944 0.64342 0.99941 0.95151 0.89530 0.08626 0.83784 0.65317 0.55371 0.95925 0.71613 0.25390   25  100   50   75   75
  569  0.00028 0.11975 0.64128 0.98387 0.95506 0.87369 0.08603 0.83776 0.65114 0.56380 0.95678 0.71467 0.24663   25  100   50   75  100
  570  0.00024 0.12006 0.75649 0.34767 0.84652 0.96076 0.09230 0.93666 0.76253 0.70348 0.98646 0.79818 0.25293   25  100   50  100    1
  571  0.00025 0.12034 0.76180 0.35791 0.81079 0.97140 0.09286 0.94170 0.76768 0.72227 0.98192 0.80207 0.25500   25  100   50  100   25
  572  0.00023 0.11995 0.74601 0.42124 0.80268 0.98376 0.09081 0.92389 0.75244 0.62139 0.98278 0.79102 0.25398   25  100   50  100   50
  573  0.00029 0.12024 0.74071 0.47057 0.85673 0.97315 0.09093 0.91679 0.74734 0.68348 0.98759 0.78724 0.25180   25  100   50  100   75
  574  0.00038 0.12033 0.72455 0.65640 0.86663 0.96384 0.08998 0.90710 0.73176 0.70188 0.97682 0.77578 0.25278   25  100   50  100  100
  575  0.00003 0.11791 0.55636 0.67746 0.99213 0.31857 0.07033 0.75027 0.57953 0.42309 0.91071 0.65133 0.24110   25  100   75    1    1
  576  0.00003 0.11796 0.55612 0.67787 0.99184 0.32179 0.07033 0.75161 0.57927 0.42202 0.92430 0.65113 0.24250   25  100   75    1   25
  577  0.00002 0.11818 0.55640 0.67479 0.99327 0.26643 0.07039 0.75223 0.58000 0.42479 0.92092 0.65137 0.24172   25  100   75    1   50
  578  0.00003 0.11831 0.55647 0.67586 0.99193 0.32659 0.07030 0.75150 0.58060 0.42548 0.92101 0.65144 0.23972   25  100   75    1   75
  579  0.00003 0.11898 0.55690 0.67739 0.99193 0.32847 0.07053 0.75083 0.58149 0.42593 0.92356 0.65182 0.25140   25  100   75    1  100
  580  0.00003 0.11856 0.55612 0.67567 0.99118 0.35499 0.07189 0.75327 0.57616 0.42574 0.92470 0.65109 0.24313   25  100   75   25    1
  581  0.00002 0.11899 0.55611 0.67686 0.99315 0.27066 0.07224 0.75309 0.57603 0.42958 0.92339 0.65109 0.24200   25  100   75   25   25
  582  0.00003 0.11850 0.55619 0.67721 0.99214 0.30918 0.07180 0.75342 0.57634 0.42719 0.92510 0.65116 0.24845   25  100   75   25   50
  583  0.00003 0.11853 0.55631 0.67654 0.99192 0.32997 0.07184 0.75275 0.57660 0.42473 0.92227 0.65126 0.24145   25  100   75   25   75
  584  0.00003 0.11886 0.55603 0.67564 0.99131 0.34693 0.07199 0.75326 0.57642 0.42380 0.92413 0.65102 0.24792   25  100   75   25  100
  585  0.00003 0.11929 0.55571 0.67574 0.99303 0.27414 0.07553 0.75422 0.57155 0.42784 0.92329 0.65070 0.24875   25  100   75   50    1
  586  0.00003 0.11861 0.55576 0.67742 0.99278 0.28347 0.07498 0.75407 0.57163 0.42522 0.92333 0.65074 0.24215   25  100   75   50   25
  587  0.00003 0.11920 0.55589 0.67504 0.99170 0.34129 0.07467 0.75418 0.57253 0.42818 0.92429 0.65086 0.24833   25  100   75   50   50
  588  0.00003 0.11883 0.55604 0.67817 0.99207 0.31440 0.07455 0.75404 0.57258 0.42635 0.92441 0.65098 0.25293   25  100   75   50   75
  589  0.00003 0.11895 0.55593 0.67701 0.99210 0.32358 0.07411 0.75431 0.57293 0.42925 0.92380 0.65090 0.24313   25  100   75   50  100
  590  0.00003 0.12002 0.55681 0.67187 0.99220 0.28367 0.07815 0.75501 0.57106 0.42980 0.92322 0.65155 0.25660   25  100   75   75    1
  591  0.00003 0.11959 0.55610 0.67886 0.99218 0.30869 0.07820 0.75493 0.57017 0.42997 0.92351 0.65098 0.25073   25  100   75   75   25
  592  0.00003 0.11896 0.55582 0.67439 0.99189 0.32654 0.07736 0.75463 0.57011 0.42680 0.92385 0.65076 0.24948   25  100   75   75   50
  593  0.00002 0.11972 0.55585 0.67359 0.99373 0.24614 0.07774 0.75462 0.57030 0.42693 0.92357 0.65079 0.25188   25  100   75   75   75
  594  0.00003 0.11958 0.55586 0.67388 0.99209 0.31814 0.07690 0.75448 0.57073 0.42878 0.92353 0.65081 0.25708   25  100   75   75  100
  595  0.00015 0.11948 0.61344 0.76866 0.96403 0.76645 0.08116 0.80768 0.62504 0.53842 0.93704 0.69536 0.24590   25  100   75  100    1
  596  0.00012 0.11960 0.59246 0.83775 0.97659 0.68321 0.08068 0.78895 0.60476 0.49331 0.93077 0.67924 0.25380   25  100   75  100   25
  597  0.00015 0.11965 0.61246 0.85690 0.97308 0.68695 0.08092 0.80439 0.62419 0.51303 0.94328 0.69471 0.25468   25  100   75  100   50
  598  0.00013 0.11943 0.59905 0.81590 0.97018 0.70460 0.08019 0.79415 0.61129 0.50666 0.93424 0.68447 0.25410   25  100   75  100   75
  599  0.00011 0.11972 0.59026 0.78178 0.97500 0.67809 0.07950 0.78550 0.60299 0.48605 0.93323 0.67779 0.25133   25  100   75  100  100
  600  0.00003 0.11836 0.55711 0.67726 0.99217 0.31093 0.06930 0.75030 0.58654 0.43469 0.92232 0.65205 0.24185   25  100  100    1    1
  601  0.00003 0.11880 0.55724 0.67660 0.99136 0.34434 0.06964 0.75128 0.58613 0.42910 0.91876 0.65216 0.25227   25  100  100    1   25
  602  0.00003 0.11884 0.55733 0.67489 0.99009 0.34767 0.06941 0.75084 0.58828 0.42481 0.91946 0.65225 0.24868   25  100  100    1   50
  603  0.00003 0.11871 0.55733 0.67510 0.99171 0.31386 0.06918 0.75233 0.58880 0.43279 0.92344 0.65226 0.24348   25  100  100    1   75
  604  0.00002 0.11864 0.55768 0.68108 0.99276 0.28397 0.06906 0.75099 0.59008 0.43070 0.92345 0.65258 0.24508   25  100  100    1  100
  605  0.00003 0.11908 0.55651 0.67426 0.99206 0.30801 0.07051 0.75403 0.58193 0.42764 0.92396 0.65148 0.24285   25  100  100   25    1
  606  0.00003 0.11918 0.55664 0.67526 0.99189 0.29938 0.07060 0.75317 0.58161 0.43090 0.92670 0.65159 0.24655   25  100  100   25   25
  607  0.00003 0.11870 0.55651 0.67640 0.99204 0.31466 0.07014 0.75313 0.58198 0.42687 0.92420 0.65148 0.24422   25  100  100   25   50
  608  0.00002 0.11891 0.55680 0.67631 0.99321 0.27468 0.07014 0.75233 0.58327 0.42891 0.92223 0.65175 0.24962   25  100  100   25   75
  609  0.00003 0.11870 0.55647 0.67299 0.99178 0.31528 0.07008 0.75358 0.58278 0.42687 0.92462 0.65145 0.24448   25  100  100   25  100
  610  0.00003 0.11924 0.55614 0.67384 0.99204 0.31349 0.07306 0.75389 0.57479 0.42926 0.92281 0.65110 0.25185   25  100  100   50    1
  611  0.00003 0.11871 0.55556 0.66989 0.99269 0.29426 0.07301 0.75440 0.57379 0.42663 0.92381 0.65060 0.24355   25  100  100   50   25
  612  0.00003 0.11897 0.55570 0.67564 0.99165 0.31200 0.07236 0.75398 0.57537 0.42584 0.92432 0.65074 0.24418   25  100  100   50   50
  613  0.00003 0.11854 0.55584 0.67189 0.99269 0.28550 0.07232 0.75410 0.57500 0.42833 0.92410 0.65085 0.24852   25  100  100   50   75
  614  0.00003 0.11894 0.55603 0.67653 0.99211 0.31015 0.07221 0.75401 0.57601 0.42641 0.92378 0.65102 0.24463   25  100  100   50  100
  615  0.00003 0.11952 0.55560 0.67188 0.99179 0.32025 0.07565 0.75428 0.57141 0.42690 0.92409 0.65061 0.24582   25  100  100   75    1
  616  0.00003 0.11943 0.55572 0.67330 0.99187 0.31447 0.07553 0.75429 0.57154 0.42708 0.92384 0.65071 0.25290   25  100  100   75   25
  617  0.00003 0.11974 0.55558 0.67523 0.99256 0.29346 0.07541 0.75428 0.57187 0.42618 0.92373 0.65060 0.25360   25  100  100   75   50
  618  0.00003 0.11930 0.55561 0.67902 0.99229 0.30433 0.07515 0.75452 0.57184 0.42735 0.92322 0.65062 0.24268   25  100  100   75   75
  619  0.00003 0.11945 0.55565 0.67424 0.99200 0.32185 0.07502 0.75447 0.57208 0.42677 0.92396 0.65066 0.24952   25  100  100   75  100
  620  0.00008 0.12012 0.58293 0.74514 0.97706 0.57203 0.07797 0.77933 0.59677 0.47408 0.93124 0.67246 0.25760   25  100  100  100    1
  621  0.00010 0.12000 0.58665 0.74609 0.97627 0.64759 0.07789 0.78047 0.60040 0.48671 0.93176 0.67543 0.25595   25  100  100  100   25
  622  0.00004 0.11972 0.57135 0.71891 0.98878 0.37202 0.07707 0.76757 0.58577 0.45291 0.92922 0.66327 0.24512   25  100  100  100   50
  623  0.00006 0.11984 0.57176 0.70728 0.98206 0.52658 0.07726 0.76968 0.58621 0.45052 0.92882 0.66359 0.25815   25  100  100  100   75
  624  0.00003 0.11944 0.55982 0.68162 0.99128 0.32883 0.07621 0.75829 0.57498 0.42987 0.92611 0.65404 0.24788   25  100  100  100  100
