                                               Cluster
  Run  Product Compare     Pop   Edges Clusters   Size Leesalee  Slope  %Urban   Xmean   Ymean     Rad  Fmatch Diff  Brd Sprd  Slp   RG
    0  0.00000 0.13473 0.92967 0.92560 0.93952 0.00000 0.30042 0.86574 0.92967 0.99939 0.92783 0.96664 0.90780    1  100    1    1    1
    1  0.00000 0.13488 0.93067 0.91594 0.99739 0.00000 0.30038 0.78904 0.93067 0.97112 0.91012 0.96733 0.90777    1  100    1    1   25
    2  0.00000 0.13483 0.93567 0.91261 0.98704 0.00000 0.30027 0.81464 0.93567 0.98364 0.94781 0.97080 0.90778    1  100    1    1   50
    3  0.00000 0.13483 0.93567 0.91261 0.98704 0.00000 0.30027 0.81464 0.93567 0.98364 0.94781 0.97080 0.90778    1  100    1    1   75
    4  0.00000 0.13483 0.93567 0.91261 0.98704 0.00000 0.30027 0.81464 0.93567 0.98364 0.94781 0.97080 0.90778    1  100    1    1  100
    5  0.00000 0.13436 0.92216 0.91671 0.97660 0.00000 0.30032 0.84615 0.92216 0.99747 0.92526 0.96135 0.90775    1  100    1   25    1
    6  0.00000 0.13433 0.92660 0.90749 0.88771 0.00000 0.30021 0.89314 0.92660 0.93870 0.93182 0.96452 0.90778    1  100    1   25   25
    7  0.00000 0.13434 0.92715 0.90225 0.89737 0.00000 0.30019 0.88399 0.92715 0.99287 0.94717 0.96491 0.90776    1  100    1   25   50
    8  0.00000 0.13434 0.92715 0.90225 0.89737 0.00000 0.30019 0.88399 0.92715 0.99287 0.94717 0.96491 0.90776    1  100    1   25   75
    9  0.00000 0.13434 0.92715 0.90225 0.89737 0.00000 0.30019 0.88399 0.92715 0.99287 0.94717 0.96491 0.90776    1  100    1   25  100
   10  0.00000 0.13370 0.92643 0.95210 0.96015 0.00000 0.30014 0.83741 0.92643 0.98407 0.92753 0.96445 0.90776    1  100    1   50    1
   11  0.00000 0.13387 0.93003 0.92663 0.98508 0.00000 0.30009 0.84641 0.93003 0.99372 0.94313 0.96697 0.90776    1  100    1   50   25
   12  0.00000 0.13375 0.92289 0.90055 0.94479 0.00000 0.30007 0.79890 0.92289 0.94043 0.88356 0.96192 0.90774    1  100    1   50   50
   13  0.00000 0.13375 0.92289 0.90055 0.94479 0.00000 0.30007 0.79890 0.92289 0.94043 0.88356 0.96192 0.90774    1  100    1   50   75
   14  0.00000 0.13375 0.92289 0.90055 0.94479 0.00000 0.30007 0.79890 0.92289 0.94043 0.88356 0.96192 0.90774    1  100    1   50  100
   15  0.00000 0.13321 0.92467 0.86661 0.92072 0.00000 0.30004 0.83398 0.92467 0.86046 0.80337 0.96324 0.90773    1  100    1   75    1
   16  0.00000 0.13326 0.92946 0.92580 0.96868 0.00000 0.30002 0.87382 0.92946 0.99132 0.87653 0.96663 0.90779    1  100    1   75   25
   17  0.00000 0.13323 0.92827 0.92643 0.99789 0.00000 0.30001 0.81715 0.92827 0.96644 0.88766 0.96579 0.90775    1  100    1   75   50
   18  0.00000 0.13323 0.92827 0.92643 0.99789 0.00000 0.30001 0.81715 0.92827 0.96644 0.88766 0.96579 0.90775    1  100    1   75   75
   19  0.00000 0.13323 0.92827 0.92643 0.99789 0.00000 0.30001 0.81715 0.92827 0.96644 0.88766 0.96579 0.90775    1  100    1   75  100
   20  0.00000 0.13299 0.93159 0.90829 0.94857 0.00000 0.30003 0.87856 0.93159 0.93496 0.90244 0.96813 0.90776    1  100    1  100    1
   21  0.00000 0.13297 0.92842 0.88947 0.96431 0.00000 0.30002 0.85894 0.92842 0.99696 0.85489 0.96592 0.90781    1  100    1  100   25
   22  0.00000 0.13298 0.92876 0.90877 0.98419 0.00000 0.29997 0.86083 0.92876 0.97876 0.89008 0.96616 0.90774    1  100    1  100   50
   23  0.00000 0.13298 0.92876 0.90877 0.98419 0.00000 0.29997 0.86083 0.92876 0.97876 0.89008 0.96616 0.90774    1  100    1  100   75
   24  0.00000 0.13298 0.92876 0.90877 0.98419 0.00000 0.29997 0.86083 0.92876 0.97876 0.89008 0.96616 0.90774    1  100    1  100  100
   25  0.04966 0.29278 0.95053 0.93365 0.96669 0.98684 0.32113 0.82914 0.95053 0.99628 0.90073 0.97216 0.90747    1  100   25    1    1
   26  0.05339 0.29670 0.95205 0.92977 0.99593 0.98684 0.32078 0.84705 0.95205 0.99747 0.90793 0.97313 0.90726    1  100   25    1   25
   27  0.05382 0.29718 0.95201 0.93616 0.98489 0.99668 0.32076 0.85792 0.95201 0.99322 0.90109 0.97307 0.90739    1  100   25    1   50
   28  0.04913 0.29630 0.95168 0.93442 0.91566 0.98684 0.32070 0.85541 0.95168 0.99838 0.89678 0.97285 0.90740    1  100   25    1   75
   29  0.04913 0.29630 0.95168 0.93442 0.91566 0.98684 0.32070 0.85541 0.95168 0.99838 0.89678 0.97285 0.90740    1  100   25    1  100
   30  0.05209 0.27661 0.95233 0.93537 0.98420 1.00000 0.32083 0.87758 0.95233 0.99580 0.90980 0.97397 0.90786    1  100   25   25    1
   31  0.05167 0.27976 0.95227 0.93176 0.99981 1.00000 0.32069 0.85908 0.95227 0.99189 0.90513 0.97377 0.90773    1  100   25   25   25
   32  0.05233 0.28059 0.95305 0.94033 0.94409 1.00000 0.32078 0.90263 0.95305 0.99377 0.90880 0.97435 0.90775    1  100   25   25   50
   33  0.05456 0.28020 0.95272 0.93587 0.99837 1.00000 0.32076 0.88600 0.95272 0.99615 0.91731 0.97411 0.90765    1  100   25   25   75
   34  0.05456 0.28020 0.95272 0.93587 0.99837 1.00000 0.32076 0.88600 0.95272 0.99615 0.91731 0.97411 0.90765    1  100   25   25  100
   35  0.04863 0.25701 0.95178 0.93891 0.99865 0.96429 0.31986 0.88332 0.95178 0.99695 0.92670 0.97438 0.90827    1  100   25   50    1
   36  0.04776 0.25914 0.95264 0.93543 0.98843 0.96429 0.32009 0.87457 0.95264 0.99495 0.92376 0.97487 0.90803    1  100   25   50   25
   37  0.04769 0.26021 0.95175 0.93770 0.99903 0.96429 0.31962 0.86916 0.95175 0.99227 0.91842 0.97420 0.90809    1  100   25   50   50
   38  0.04548 0.26024 0.95129 0.94338 0.92369 0.96429 0.31983 0.88893 0.95129 0.99027 0.92299 0.97385 0.90812    1  100   25   50   75
   39  0.04548 0.26024 0.95129 0.94338 0.92369 0.96429 0.31983 0.88893 0.95129 0.99027 0.92299 0.97385 0.90812    1  100   25   50  100
   40  0.04533 0.24114 0.94890 0.93414 0.97769 0.99590 0.31881 0.89198 0.94890 0.98810 0.92416 0.97299 0.90855    1  100   25   75    1
   41  0.04642 0.24309 0.94769 0.93606 0.99991 1.00000 0.31853 0.88137 0.94769 0.99403 0.92201 0.97199 0.90833    1  100   25   75   25
   42  0.04170 0.24309 0.95106 0.93853 0.89138 0.99590 0.31874 0.87604 0.95106 0.99834 0.92250 0.97449 0.90839    1  100   25   75   50
   43  0.04666 0.24357 0.94983 0.93151 0.99969 1.00000 0.31884 0.88147 0.94983 0.99516 0.92188 0.97353 0.90844    1  100   25   75   75
   44  0.04666 0.24357 0.94983 0.93151 0.99969 1.00000 0.31884 0.88147 0.94983 0.99516 0.92188 0.97353 0.90844    1  100   25   75  100
   45  0.04120 0.22766 0.94911 0.93618 0.96963 0.96429 0.31770 0.88174 0.94911 0.99583 0.92987 0.97386 0.90851    1  100   25  100    1
   46  0.04265 0.22920 0.94916 0.93779 0.99014 0.96429 0.31764 0.88182 0.94916 0.99749 0.93323 0.97374 0.90849    1  100   25  100   25
   47  0.03760 0.22922 0.94844 0.94605 0.87768 0.96429 0.31752 0.88361 0.94844 0.99139 0.92611 0.97325 0.90854    1  100   25  100   50
   48  0.04102 0.22944 0.94706 0.93958 0.97129 0.96429 0.31766 0.88718 0.94706 0.99093 0.91814 0.97222 0.90857    1  100   25  100   75
   49  0.04102 0.22944 0.94706 0.93958 0.97129 0.96429 0.31766 0.88718 0.94706 0.99093 0.91814 0.97222 0.90857    1  100   25  100  100
   50  0.07141 0.46880 0.95781 0.92607 0.86786 0.99838 0.31687 0.83524 0.95781 0.99981 0.89158 0.97314 0.90130    1  100   50    1    1
   51  0.07323 0.47232 0.95800 0.92820 0.87939 0.99980 0.31635 0.84420 0.95800 0.99996 0.88378 0.97317 0.90120    1  100   50    1   25
   52  0.07186 0.47408 0.95836 0.93032 0.85383 0.99822 0.31646 0.84627 0.95836 0.99976 0.88608 0.97343 0.90120    1  100   50    1   50
   53  0.07782 0.47573 0.95939 0.93373 0.91439 0.99980 0.31656 0.84400 0.95939 0.99617 0.89119 0.97420 0.90100    1  100   50    1   75
   54  0.07707 0.47684 0.95939 0.93050 0.91010 0.99699 0.31630 0.84094 0.95939 0.99599 0.89436 0.97414 0.90104    1  100   50    1  100
   55  0.07936 0.43567 0.95949 0.92993 0.96573 0.99590 0.32005 0.87479 0.95949 0.99981 0.89800 0.97493 0.90269    1  100   50   25    1
   56  0.06668 0.43782 0.95965 0.93386 0.83038 0.99897 0.31968 0.85168 0.95965 0.99989 0.89114 0.97503 0.90246    1  100   50   25   25
   57  0.07739 0.44025 0.95944 0.92969 0.96006 0.99395 0.32002 0.85537 0.95944 0.99992 0.89391 0.97480 0.90251    1  100   50   25   50
   58  0.07536 0.44126 0.95954 0.93258 0.91641 0.99897 0.31980 0.85838 0.95954 0.99988 0.89971 0.97483 0.90250    1  100   50   25   75
   59  0.07824 0.44024 0.95989 0.93652 0.95013 0.99897 0.31979 0.85441 0.95989 0.99911 0.90328 0.97511 0.90248    1  100   50   25  100
   60  0.07066 0.39541 0.95780 0.92653 0.93940 1.00000 0.32171 0.87910 0.95780 0.99887 0.89865 0.97457 0.90459    1  100   50   50    1
   61  0.07064 0.39784 0.95931 0.93397 0.94112 0.99969 0.32146 0.86089 0.95931 0.99854 0.90071 0.97565 0.90421    1  100   50   50   25
   62  0.07128 0.40052 0.95849 0.93311 0.92175 1.00000 0.32162 0.87864 0.95849 0.99998 0.90394 0.97496 0.90432    1  100   50   50   50
   63  0.07052 0.39929 0.95793 0.93156 0.93619 1.00000 0.32189 0.86640 0.95793 0.99868 0.89891 0.97452 0.90456    1  100   50   50   75
   64  0.07044 0.40003 0.95893 0.93457 0.92175 1.00000 0.32162 0.86754 0.95893 0.99946 0.90390 0.97526 0.90430    1  100   50   50  100
   65  0.06825 0.36383 0.95664 0.93413 0.96585 0.99324 0.32255 0.88769 0.95664 0.99948 0.90590 0.97448 0.90547    1  100   50   75    1
   66  0.06761 0.36465 0.95728 0.93530 0.96040 0.99590 0.32291 0.87991 0.95728 0.99910 0.90245 0.97493 0.90555    1  100   50   75   25
   67  0.06653 0.36510 0.95724 0.93536 0.93064 0.99590 0.32229 0.89027 0.95724 0.99689 0.90872 0.97489 0.90531    1  100   50   75   50
   68  0.06968 0.36525 0.95780 0.93670 0.97340 0.99947 0.32246 0.88281 0.95780 0.99872 0.90883 0.97530 0.90552    1  100   50   75   75
   69  0.06879 0.36537 0.95751 0.93397 0.96700 0.99324 0.32265 0.89040 0.95751 0.99683 0.90539 0.97511 0.90545    1  100   50   75  100
   70  0.06032 0.33411 0.95599 0.93695 0.92147 1.00000 0.32278 0.88726 0.95599 0.99725 0.90646 0.97484 0.90659    1  100   50  100    1
   71  0.06457 0.33594 0.95578 0.94295 0.98411 1.00000 0.32298 0.87915 0.95578 0.99942 0.90430 0.97460 0.90661    1  100   50  100   25
   72  0.05877 0.33776 0.95585 0.93563 0.89189 1.00000 0.32293 0.88458 0.95585 0.99917 0.90504 0.97461 0.90651    1  100   50  100   50
   73  0.06021 0.33664 0.95615 0.93352 0.90966 1.00000 0.32304 0.89089 0.95615 0.99534 0.91019 0.97487 0.90646    1  100   50  100   75
   74  0.06021 0.33664 0.95615 0.93352 0.90966 1.00000 0.32304 0.89089 0.95615 0.99534 0.91019 0.97487 0.90646    1  100   50  100  100
   75  0.10315 0.66746 0.95925 0.91901 0.92864 0.99937 0.29867 0.86725 0.95925 0.99416 0.88385 0.97133 0.89071    1  100   75    1    1
   76  0.09997 0.67129 0.96011 0.91698 0.89796 0.99885 0.29897 0.87390 0.96011 0.98273 0.88352 0.97191 0.89086    1  100   75    1   25
   77  0.10415 0.67922 0.96060 0.92138 0.92873 0.99885 0.29825 0.87375 0.96060 0.97925 0.88116 0.97214 0.88937    1  100   75    1   50
   78  0.10679 0.68108 0.95995 0.91769 0.98334 0.99835 0.29770 0.87063 0.95995 0.95270 0.88448 0.97157 0.89002    1  100   75    1   75
   79  0.10679 0.68465 0.96025 0.91885 0.95491 0.99825 0.29709 0.87552 0.96025 0.97187 0.88364 0.97179 0.88964    1  100   75    1  100
   80  0.09753 0.61285 0.96090 0.91757 0.92445 0.99689 0.30521 0.86891 0.96090 0.99414 0.88891 0.97313 0.89374    1  100   75   25    1
   81  0.09352 0.61748 0.96222 0.92523 0.86581 0.99777 0.30493 0.86427 0.96222 0.99488 0.89675 0.97410 0.89360    1  100   75   25   25
   82  0.10324 0.62101 0.96308 0.92710 0.96577 0.99689 0.30475 0.85850 0.96308 0.98337 0.89628 0.97472 0.89337    1  100   75   25   50
   83  0.10098 0.62378 0.96324 0.92414 0.95349 0.99689 0.30474 0.86808 0.96324 0.96667 0.89199 0.97474 0.89330    1  100   75   25   75
   84  0.09581 0.62712 0.96225 0.92024 0.91507 0.99790 0.30375 0.86300 0.96225 0.96764 0.89021 0.97390 0.89288    1  100   75   25  100
   85  0.09264 0.54999 0.96018 0.92815 0.93118 0.99803 0.31137 0.86910 0.96018 0.99702 0.89887 0.97345 0.89719    1  100   75   50    1
   86  0.08978 0.55474 0.96137 0.92471 0.90741 0.99704 0.31073 0.86220 0.96137 0.99719 0.89637 0.97431 0.89711    1  100   75   50   25
   87  0.09504 0.55209 0.96132 0.91844 0.96744 0.99803 0.31080 0.87277 0.96132 0.99175 0.89343 0.97428 0.89700    1  100   75   50   50
   88  0.08213 0.55546 0.96158 0.92921 0.83259 0.99803 0.31079 0.86466 0.96158 0.98700 0.89342 0.97442 0.89691    1  100   75   50   75
   89  0.08304 0.55926 0.96261 0.92383 0.83598 0.99803 0.31044 0.87208 0.96261 0.98064 0.89528 0.97512 0.89704    1  100   75   50  100
   90  0.08615 0.49634 0.96007 0.92615 0.92081 0.99937 0.31591 0.89230 0.96007 0.99914 0.89460 0.97427 0.90010    1  100   75   75    1
   91  0.08779 0.50032 0.96036 0.93009 0.94706 0.99942 0.31528 0.88023 0.96036 0.99991 0.88810 0.97440 0.89994    1  100   75   75   25
   92  0.08541 0.50126 0.96126 0.92928 0.90391 0.99985 0.31523 0.88315 0.96126 0.99788 0.90065 0.97509 0.90000    1  100   75   75   50
   93  0.07896 0.50163 0.96128 0.92546 0.84289 1.00000 0.31491 0.88468 0.96128 0.99359 0.89901 0.97509 0.89985    1  100   75   75   75
   94  0.08981 0.50302 0.96113 0.93071 0.96329 0.99864 0.31509 0.87851 0.96113 0.98275 0.90490 0.97491 0.89952    1  100   75   75  100
   95  0.07696 0.45011 0.95892 0.92799 0.89410 1.00000 0.31875 0.89228 0.95892 0.99987 0.89675 0.97426 0.90207    1  100   75  100    1
   96  0.07960 0.45281 0.95922 0.92776 0.90916 0.99980 0.31879 0.89474 0.95922 1.00000 0.90352 0.97444 0.90217    1  100   75  100   25
   97  0.07920 0.45462 0.95913 0.91522 0.93322 0.99980 0.31884 0.88600 0.95913 0.99902 0.89410 0.97427 0.90214    1  100   75  100   50
   98  0.07670 0.45520 0.95928 0.92667 0.87910 1.00000 0.31888 0.88913 0.95928 0.99849 0.90318 0.97440 0.90222    1  100   75  100   75
   99  0.08211 0.45588 0.96014 0.92700 0.95278 0.99980 0.31860 0.88070 0.96014 0.99619 0.90016 0.97504 0.90187    1  100   75  100  100
  100  0.11731 0.78742 0.95328 0.90151 0.98914 1.00000 0.28410 0.88593 0.95328 0.98488 0.86877 0.96592 0.88382    1  100  100    1    1
  101  0.11250 0.79506 0.95422 0.91415 0.96710 0.99996 0.28354 0.88772 0.95422 0.93703 0.87313 0.96654 0.88319    1  100  100    1   25
  102  0.10019 0.80154 0.95421 0.90929 0.90258 0.99996 0.28288 0.88804 0.95421 0.89600 0.87133 0.96635 0.88264    1  100  100    1   50
  103  0.10874 0.80688 0.95379 0.90556 0.98476 0.99983 0.28164 0.88885 0.95379 0.89840 0.86657 0.96601 0.88250    1  100  100    1   75
  104  0.10308 0.81454 0.95332 0.90270 0.88293 1.00000 0.28057 0.89161 0.95332 0.95040 0.86282 0.96554 0.88207    1  100  100    1  100
  105  0.11237 0.72501 0.95622 0.91154 0.96728 0.99978 0.29172 0.88656 0.95622 0.98267 0.88004 0.96867 0.88758    1  100  100   25    1
  106  0.11250 0.73152 0.95725 0.91616 0.96694 0.99994 0.29121 0.88392 0.95725 0.96868 0.88328 0.96943 0.88737    1  100  100   25   25
  107  0.11181 0.73984 0.95741 0.91517 0.98551 0.99978 0.29085 0.88754 0.95741 0.93037 0.88594 0.96938 0.88646    1  100  100   25   50
  108  0.11280 0.74450 0.95761 0.90839 0.98574 0.99952 0.28974 0.89082 0.95761 0.94600 0.87994 0.96943 0.88628    1  100  100   25   75
  109  0.11360 0.74845 0.95732 0.91211 0.97472 1.00000 0.28891 0.89043 0.95732 0.95981 0.87857 0.96918 0.88604    1  100  100   25  100
  110  0.10106 0.64882 0.95631 0.91075 0.92204 0.99969 0.29911 0.89402 0.95631 0.99365 0.88282 0.96961 0.89197    1  100  100   50    1
  111  0.10458 0.65068 0.95596 0.91810 0.93384 0.99969 0.29918 0.89957 0.95596 0.99317 0.88844 0.96929 0.89146    1  100  100   50   25
  112  0.10488 0.65662 0.95737 0.92227 0.92870 0.99992 0.29867 0.90009 0.95737 0.98376 0.88988 0.97032 0.89112    1  100  100   50   50
  113  0.09973 0.65746 0.95657 0.92215 0.91490 0.99969 0.29867 0.89004 0.95657 0.96887 0.88296 0.96956 0.89144    1  100  100   50   75
  114  0.10558 0.66443 0.95632 0.91206 0.96429 0.99885 0.29766 0.89107 0.95632 0.97889 0.88208 0.96929 0.89096    1  100  100   50  100
  115  0.09362 0.57925 0.95507 0.91649 0.92765 1.00000 0.30599 0.89062 0.95507 0.99714 0.88293 0.96957 0.89591    1  100  100   75    1
  116  0.09002 0.58330 0.95584 0.91633 0.87910 1.00000 0.30581 0.89310 0.95584 0.99434 0.88858 0.97013 0.89570    1  100  100   75   25
  117  0.07489 0.58246 0.95558 0.92376 0.73872 1.00000 0.30623 0.88359 0.95558 0.98831 0.88847 0.96991 0.89537    1  100  100   75   50
  118  0.08116 0.58948 0.95537 0.92017 0.80425 1.00000 0.30520 0.88808 0.95537 0.97783 0.88653 0.96954 0.89478    1  100  100   75   75
  119  0.09361 0.59045 0.95619 0.92161 0.92235 1.00000 0.30479 0.88678 0.95619 0.97244 0.89396 0.97020 0.89480    1  100  100   75  100
  120  0.08967 0.52275 0.95418 0.91829 0.95037 1.00000 0.31125 0.89628 0.95418 0.99643 0.89113 0.96977 0.89871    1  100  100  100    1
  121  0.08741 0.52633 0.95441 0.91682 0.92758 1.00000 0.31073 0.89295 0.95441 0.99947 0.88707 0.96986 0.89862    1  100  100  100   25
  122  0.08114 0.52678 0.95429 0.91794 0.85255 1.00000 0.31072 0.89658 0.95429 0.99476 0.89525 0.96975 0.89827    1  100  100  100   50
  123  0.08228 0.52930 0.95625 0.91939 0.85778 1.00000 0.31063 0.89429 0.95625 0.99105 0.89745 0.97126 0.89828    1  100  100  100   75
  124  0.08977 0.53078 0.95539 0.92200 0.95144 0.99942 0.31029 0.89275 0.95539 0.97980 0.89331 0.97048 0.89819    1  100  100  100  100
